#
# A fatal error has been detected by the Java Runtime Environment:
#
#  EXCEPTION_ACCESS_VIOLATION (0xc0000005) at pc=0x00007ffeac536407, pid=9016, tid=6024
#
# JRE version: OpenJDK Runtime Environment Corretto-19.0.2.7.1 (19.0.2+7) (build 19.0.2+7-FR)
# Java VM: OpenJDK 64-Bit Server VM Corretto-19.0.2.7.1 (19.0.2+7-FR, mixed mode, sharing, tiered, compressed oops, compressed class ptrs, g1 gc, windows-amd64)
# Problematic frame:
# C  [glass.dll+0x26407]
#
# No core dump will be written. Minidumps are not enabled by default on client versions of Windows
#
# If you would like to submit a bug report, please visit:
#   https://github.com/corretto/corretto-19/issues/
#

---------------  S U M M A R Y ------------

Command Line: --module-path=C:\Users\Administrator\Desktop\ARCHIVES\openjfx-21.0.4_windows-x64_bin-sdk\javafx-sdk-21.0.4\lib --add-modules=javafx.controls,javafx.fxml,javafx.web,java.sql --module-path=C:\Users\Administrator\Desktop\ARCHIVES\openjfx-21.0.4_windows-x64_bin-sdk\javafx-sdk-21.0.4\lib --add-modules=javafx.controls,javafx.fxml,javafx.web,java.sql -Dfile.encoding=windows-1252 -Duser.country=US -Duser.language=en -Duser.variant --module-path=D:\WORKSPACE\JAVA\smpro\smpro-v2\build\libs\app-1.0-SNAPSHOT.jar;D:\WORKSPACE\JAVA\smpro\smpro-v2\build\classes\java\main;C:\JAVA\GRADLES\gradle-8.2-all\gradle-8.2\caches\modules-2\files-2.1\com.github.Dansoftowner\FXTaskbarProgressBar\v11.4\a38a3b1d1b537858a7f88ef956f9048a3099a45b\FXTaskbarProgressBar-v11.4.jar;C:\JAVA\GRADLES\gradle-8.2-all\gradle-8.2\caches\modules-2\files-2.1\org.openjfx\javafx-web\17.0.6\f4117256e602d41f484f2b9e5a74eeadc0a272eb\javafx-web-17.0.6-win.jar;C:\JAVA\GRADLES\gradle-8.2-all\gradle-8.2\caches\modules-2\files-2.1\org.openjfx\javafx-web\17.0.6\69293d257d088cd7f48a69a87afa59f4eb6461c6\javafx-web-17.0.6-linux.jar;C:\JAVA\GRADLES\gradle-8.2-all\gradle-8.2\caches\modules-2\files-2.1\org.openjfx\javafx-media\17.0.6\cc7e03817252ace41ece37ab29f193ba3fd0153e\javafx-media-17.0.6-win.jar;C:\JAVA\GRADLES\gradle-8.2-all\gradle-8.2\caches\modules-2\files-2.1\org.openjfx\javafx-media\17.0.6\5a496809cfebccf228a9cb1678b8cd51d986704b\javafx-media-17.0.6.jar;C:\JAVA\GRADLES\gradle-8.2-all\gradle-8.2\caches\modules-2\files-2.1\org.openjfx\javafx-media\17.0.6\a76bc115c1e43c4757466a1e128c2602db7e52f8\javafx-media-17.0.6-linux.jar;C:\JAVA\GRADLES\gradle-8.2-all\gradle-8.2\caches\modules-2\files-2.1\org.openjfx\javafx-swing\17.0.6\974e453fb9afac1fb6536a1c6c0edfc203959b8\javafx-swing-17.0.6-win.jar;C:\JAVA\GRADLES\gradle-8.2-all\gradle-8.2\caches\modules-2\files-2.1\org.openjfx\javafx-fxml\17.0.6\5724aedc415683e62eeab3a3875550aa814c84fd\javafx-fxml-17.0.6-win.jar;C:\JAVA\GRADLES\gradle-8.2-all\gradle-8.2\caches\modules-2\files-2.1\org.openjfx\javafx-fxml\17.0.6\c500ec44fd60e74a11021c71c0e6127dc31bc41d\javafx-fxml-17.0.6-linux.jar;C:\JAVA\GRADLES\gradle-8.2-all\gradle-8.2\caches\modules-2\files-2.1\io.github.mkpaz\atlantafx-base\2.0.1\51d2bfa35150921fe5b8b5e3c1a1bf78a6d57684\atlantafx-base-2.0.1.jar;C:\JAVA\GRADLES\gradle-8.2-all\gradle-8.2\caches\modules-2\files-2.1\org.openjfx\javafx-controls\20\f9a84d43adab2745f4999e7ff9a64f12dd563f1f\javafx-co-Djdk.module.main=smpro.app smpro.app/smpro.app.Entry

Host: Intel(R) Core(TM) i5-3230M CPU @ 2.60GHz, 4 cores, 15G,  Windows 10 , 64 bit Build 19041 (10.0.19041.4717)
Time: Mon Aug 26 20:52:11 2024 W. Central Africa Standard Time elapsed time: 14006.759561 seconds (0d 3h 53m 26s)

---------------  T H R E A D  ---------------

Current thread (0x0000017bb2958650):  VMThread "VM Thread" [stack: 0x00000028b6500000,0x00000028b6600000] [id=6024]

Stack: [0x00000028b6500000,0x00000028b6600000],  sp=0x00000028b65ff040,  free space=1020k
Native frames: (J=compiled Java code, j=interpreted, Vv=VM code, C=native code)
C  [glass.dll+0x26407]


siginfo: EXCEPTION_ACCESS_VIOLATION (0xc0000005), reading address 0x0000000000000000


Registers:
RAX=0x0000000000000000, RBX=0x0000017bb296b9e0, RCX=0x0000017bb2958650, RDX=0x00000028b65ff040
RSP=0x00000028b65ff040, RBP=0x0000017bb752c518, RSI=0x0000017bb752c4f0, RDI=0x00002f26d8524221
R8 =0x0000000000010002, R9 =0x00002f26d8524221, R10=0x0000000000008000, R11=0x00000028b65fefd0
R12=0x00007ffeac533d40, R13=0x00007ffe9f57ff20, R14=0x00000028b65ff138, R15=0x0000017bb752c4f0
RIP=0x00007ffeac536407, EFLAGS=0x0000000000010202


Register to memory mapping:

RIP=0x00007ffeac536407 glass.dll
RAX=0x0 is NULL
RBX=0x0000017bb296b9e0 is a global jni handle
RCX=0x0000017bb2958650 points into unknown readable memory: 0x00007ffe9f3b34f8 | f8 34 3b 9f fe 7f 00 00
RDX=0x00000028b65ff040 points into unknown readable memory: 0x0000000000000000 | 00 00 00 00 00 00 00 00
RSP=0x00000028b65ff040 points into unknown readable memory: 0x0000000000000000 | 00 00 00 00 00 00 00 00
RBP=0x0000017bb752c518 points into unknown readable memory: 0x00002f26d8524221 | 21 42 52 d8 26 2f 00 00
RSI=0x0000017bb752c4f0 points into unknown readable memory: 0x58a65f96d852bddc | dc bd 52 d8 96 5f a6 58
RDI=0x00002f26d8524221 is an unknown value
R8 =0x0000000000010002 is an unknown value
R9 =0x00002f26d8524221 is an unknown value
R10=0x0000000000008000 is an unknown value
R11=0x00000028b65fefd0 points into unknown readable memory: 0x0000017bb752c4f0 | f0 c4 52 b7 7b 01 00 00
R12=0x00007ffeac533d40 glass.dll
R13=0x00007ffe9f57ff20 jvm.dll
R14=0x00000028b65ff138 points into unknown readable memory: 0x00000028b65ff120 | 20 f1 5f b6 28 00 00 00
R15=0x0000017bb752c4f0 points into unknown readable memory: 0x58a65f96d852bddc | dc bd 52 d8 96 5f a6 58


Top of Stack: (sp=0x00000028b65ff040)
0x00000028b65ff040:   0000000000000000 0000017bb752c4f0
0x00000028b65ff050:   00007ffe9f57ff20 00007ffeac533d40
0x00000028b65ff060:   0000017bb752c4f8 00007ffec30c42d6
0x00000028b65ff070:   00002f26d8524221 0000017b00000000
0x00000028b65ff080:   0000017bb752c518 0000017bb752c4f0
0x00000028b65ff090:   fffffffffffffffe 0000000000000000
0x00000028b65ff0a0:   0000000000000001 00007ffeac510000
0x00000028b65ff0b0:   00000028b65ff128 00007ffec30c41fb
0x00000028b65ff0c0:   0000000000000000 00000028b65ff138
0x00000028b65ff0d0:   00000028b65ff410 00007ffec31a0e40
0x00000028b65ff0e0:   0000000000000001 00007ffec30c41b4
0x00000028b65ff0f0:   0000000000000000 0000000000000001
0x00000028b65ff100:   0000000000000000 00000028b65ff128
0x00000028b65ff110:   0000000000000001 00007ffeac533bcd
0x00000028b65ff120:   00007ffeac549f88 00007ffe00000002
0x00000028b65ff130:   0000000000000002 00000028b65ff120 

Instructions: (pc=0x00007ffeac536407)
0x00007ffeac536307:   8b 4d 58 e8 7d cf ff ff 48 8b 4d 60 e8 74 cf ff
0x00007ffeac536317:   ff 48 8b 95 80 00 00 00 48 8b 8d 18 01 00 00 e8
0x00007ffeac536327:   66 c4 ff ff 33 d2 33 c9 e8 bc e1 ff ff 90 48 89
0x00007ffeac536337:   54 24 10 55 48 83 ec 20 48 8b ea 48 b8 00 00 00
0x00007ffeac536347:   00 00 00 00 00 48 83 c4 20 5d c3 cc 40 55 48 8b
0x00007ffeac536357:   ea 48 8b 01 33 c9 81 38 05 00 00 c0 0f 94 c1 8b
0x00007ffeac536367:   c1 5d c3 cc 40 55 48 83 ec 20 48 8b ea 8a 4d 40
0x00007ffeac536377:   48 83 c4 20 5d e9 63 d3 ff ff cc 40 55 48 83 ec
0x00007ffeac536387:   20 48 8b ea 8a 4d 20 e8 51 d3 ff ff 90 48 83 c4
0x00007ffeac536397:   20 5d c3 cc 40 55 48 83 ec 20 48 8b ea 48 83 c4
0x00007ffeac5363a7:   20 5d e9 b2 d1 ff ff cc 40 55 48 83 ec 30 48 8b
0x00007ffeac5363b7:   ea 48 8b 01 8b 10 48 89 4c 24 28 89 54 24 20 4c
0x00007ffeac5363c7:   8d 0d 53 d6 ff ff 4c 8b 45 70 8b 55 68 48 8b 4d
0x00007ffeac5363d7:   60 e8 f3 d0 ff ff 90 48 83 c4 30 5d c3 cc cc cc
0x00007ffeac5363e7:   cc cc cc cc cc cc cc cc cc 40 53 48 83 ec 20 48
0x00007ffeac5363f7:   8b 1d 8b 35 01 00 48 85 db 74 16 e8 79 8b ff ff
0x00007ffeac536407:   4c 8b 00 48 8b d3 48 8b c8 41 ff 90 b0 00 00 00
0x00007ffeac536417:   90 48 83 c4 20 5b c3 cc cc 40 53 48 83 ec 20 48
0x00007ffeac536427:   8b 1d fb 36 01 00 48 85 db 74 57 b8 ff ff ff ff
0x00007ffeac536437:   f0 0f c1 43 10 83 f8 01 75 3d 48 85 db 74 38 48
0x00007ffeac536447:   8b 0b 48 85 c9 74 0d ff 15 54 0e 00 00 48 c7 03
0x00007ffeac536457:   00 00 00 00 48 8b 4b 08 48 85 c9 74 0d e8 23 ce
0x00007ffeac536467:   ff ff 48 c7 43 08 00 00 00 00 ba 18 00 00 00 48
0x00007ffeac536477:   8b cb e8 0e ce ff ff 48 c7 05 9f 36 01 00 00 00
0x00007ffeac536487:   00 00 48 83 c4 20 5b c3 cc 40 53 48 83 ec 20 48
0x00007ffeac536497:   8b 1d 6b 36 01 00 48 85 db 74 57 b8 ff ff ff ff
0x00007ffeac5364a7:   f0 0f c1 43 10 83 f8 01 75 3d 48 85 db 74 38 48
0x00007ffeac5364b7:   8b 0b 48 85 c9 74 0d ff 15 e4 0d 00 00 48 c7 03
0x00007ffeac5364c7:   00 00 00 00 48 8b 4b 08 48 85 c9 74 0d e8 b3 cd
0x00007ffeac5364d7:   ff ff 48 c7 43 08 00 00 00 00 ba 18 00 00 00 48
0x00007ffeac5364e7:   8b cb e8 9e cd ff ff 48 c7 05 0f 36 01 00 00 00
0x00007ffeac5364f7:   00 00 48 83 c4 20 5b c3 cc 40 53 48 83 ec 20 48 


Stack slot to memory mapping:
stack at sp + 0 slots: 0x0 is NULL
stack at sp + 1 slots: 0x0000017bb752c4f0 points into unknown readable memory: 0x58a65f96d852bddc | dc bd 52 d8 96 5f a6 58
stack at sp + 2 slots: 0x00007ffe9f57ff20 jvm.dll
stack at sp + 3 slots: 0x00007ffeac533d40 glass.dll
stack at sp + 4 slots: 0x0000017bb752c4f8 points into unknown readable memory: 0x00002f26d8524221 | 21 42 52 d8 26 2f 00 00
stack at sp + 5 slots: 0x00007ffec30c42d6 ucrtbase.dll
stack at sp + 6 slots: 0x00002f26d8524221 is an unknown value
stack at sp + 7 slots: 0x0000017b00000000 is an unknown value

VM_Operation (0x00000028b79fbb80): Exit, mode: safepoint, requested by thread 0x0000017bb763e940


---------------  P R O C E S S  ---------------

Threads class SMR info:
_java_thread_list=0x0000017bbdf92410, length=20, elements={
0x0000017b8fc530a0, 0x0000017bb2975920, 0x0000017bb2976710, 0x0000017bb2981bf0,
0x0000017bb2982730, 0x0000017bb2983060, 0x0000017bb2987fe0, 0x0000017bb298a960,
0x0000017bb298dee0, 0x0000017bb6d059a0, 0x0000017bb7401a90, 0x0000017bb6f717a0,
0x0000017bb75320b0, 0x0000017bb763e940, 0x0000017bbdbfa9a0, 0x0000017bb7633c60,
0x0000017bbdc291e0, 0x0000017bbdc2b1c0, 0x0000017bbdc2bc60, 0x0000017bbe133ae0
}

Java Threads: ( => current thread )
  0x0000017b8fc530a0 JavaThread "main" [_thread_blocked, id=3268, stack(0x00000028b5f00000,0x00000028b6000000)]
  0x0000017bb2975920 JavaThread "Reference Handler" daemon [_thread_blocked, id=6728, stack(0x00000028b6600000,0x00000028b6700000)]
  0x0000017bb2976710 JavaThread "Finalizer" daemon [_thread_blocked, id=4748, stack(0x00000028b6700000,0x00000028b6800000)]
  0x0000017bb2981bf0 JavaThread "Attach Listener" daemon [_thread_blocked, id=4312, stack(0x00000028b6900000,0x00000028b6a00000)]
  0x0000017bb2982730 JavaThread "Service Thread" daemon [_thread_blocked, id=5096, stack(0x00000028b6a00000,0x00000028b6b00000)]
  0x0000017bb2983060 JavaThread "Monitor Deflation Thread" daemon [_thread_blocked, id=4692, stack(0x00000028b6b00000,0x00000028b6c00000)]
  0x0000017bb2987fe0 JavaThread "C2 CompilerThread0" daemon [_thread_blocked, id=1640, stack(0x00000028b6c00000,0x00000028b6d00000)]
  0x0000017bb298a960 JavaThread "C1 CompilerThread0" daemon [_thread_blocked, id=8504, stack(0x00000028b6d00000,0x00000028b6e00000)]
  0x0000017bb298dee0 JavaThread "Sweeper thread" daemon [_thread_blocked, id=6680, stack(0x00000028b6e00000,0x00000028b6f00000)]
  0x0000017bb6d059a0 JavaThread "Common-Cleaner" daemon [_thread_blocked, id=4216, stack(0x00000028b6f00000,0x00000028b7000000)]
  0x0000017bb7401a90 JavaThread "Notification Thread" daemon [_thread_blocked, id=1744, stack(0x00000028b7400000,0x00000028b7500000)]
  0x0000017bb6f717a0 JavaThread "QuantumRenderer-0" daemon [_thread_blocked, id=8784, stack(0x00000028b7600000,0x00000028b7700000)]
  0x0000017bb75320b0 JavaThread "InvokeLaterDispatcher" daemon [_thread_blocked, id=5296, stack(0x00000028b7800000,0x00000028b7900000)]
  0x0000017bb763e940 JavaThread "JavaFX Application Thread" [_thread_blocked, id=8380, stack(0x00000028b7900000,0x00000028b7a00000)]
  0x0000017bbdbfa9a0 JavaThread "Thread-1" daemon [_thread_in_native, id=5896, stack(0x00000028b7000000,0x00000028b7100000)]
  0x0000017bb7633c60 JavaThread "JavaFX-Launcher" [_thread_blocked, id=5912, stack(0x00000028b7b00000,0x00000028b7c00000)]
  0x0000017bbdc291e0 JavaThread "PostgreSQL-JDBC-Cleaner" daemon [_thread_blocked, id=5212, stack(0x00000028b7e00000,0x00000028b7f00000)]
  0x0000017bbdc2b1c0 JavaThread "Prism Font Disposer" daemon [_thread_blocked, id=1224, stack(0x00000028b7f00000,0x00000028b8000000)]
  0x0000017bbdc2bc60 JavaThread "Cleaner-0" daemon [_thread_blocked, id=7464, stack(0x00000028b8600000,0x00000028b8700000)]
  0x0000017bbe133ae0 JavaThread "Thread-3" [_thread_blocked, id=3284, stack(0x00000028b5e00000,0x00000028b5f00000)]

Other Threads:
=>0x0000017bb2958650 VMThread "VM Thread" [stack: 0x00000028b6500000,0x00000028b6600000] [id=6024]
  0x0000017b8fcc4270 WorkerThread "GC Thread#0" [stack: 0x00000028b6000000,0x00000028b6100000] [id=5148]
  0x0000017bb2957de0 WorkerThread "GC Thread#1" [stack: 0x00000028b7100000,0x00000028b7200000] [id=3912]
  0x0000017bb2957b10 WorkerThread "GC Thread#2" [stack: 0x00000028b7200000,0x00000028b7300000] [id=4684]
  0x0000017bb2958bf0 WorkerThread "GC Thread#3" [stack: 0x00000028b7300000,0x00000028b7400000] [id=5504]
  0x0000017b8fcd50d0 ConcurrentGCThread "G1 Main Marker" terminated
  0x0000017b8fcd61b0 WorkerThread "G1 Conc#0" [stack: 0x00000028b6200000,0x00000028b6300000] [id=7960]
  0x0000017b8fd0e070 ConcurrentGCThread "G1 Refine#0" terminated
  0x0000017b8fd0eac0 ConcurrentGCThread "G1 Service" terminated

Threads with active compile tasks:

VM state: at safepoint (shutting down)

VM Mutex/Monitor currently owned by a thread:  ([mutex/lock_event])
[0x0000017b8fc4dca0] Threads_lock - owner thread: 0x0000017bb2958650
[0x0000017b8fc4f170] Heap_lock - owner thread: 0x0000017bb763e940

Heap address: 0x0000000701a00000, size: 4070 MB, Compressed Oops mode: Zero based, Oop shift amount: 3

CDS archive(s) mapped at: [0x0000000800000000-0x0000000800c40000-0x0000000800c40000), size 12845056, SharedBaseAddress: 0x0000000800000000, ArchiveRelocationMode: 0.
Compressed class space mapped at: 0x0000000801000000-0x0000000841000000, reserved size: 1073741824
Narrow klass base: 0x0000000800000000, Narrow klass shift: 0, Narrow klass range: 0x100000000

GC Precious Log:
 CardTable entry size: 512
 Card Set container configuration: InlinePtr #cards 4 size 8 Array Of Cards #cards 16 size 48 Howl #buckets 8 coarsen threshold 3686 Howl Bitmap #cards 512 size 80 coarsen threshold 460 Card regions per heap region 1 cards per card region 4096
 CPUs: 4 total, 4 available
 Memory: 16272M
 Large Page Support: Disabled
 NUMA Support: Disabled
 Compressed Oops: Enabled (Zero based)
 Heap Region Size: 2M
 Heap Min Capacity: 8M
 Heap Initial Capacity: 256M
 Heap Max Capacity: 4070M
 Pre-touch: Disabled
 Parallel Workers: 4
 Concurrent Workers: 1
 Concurrent Refinement Workers: 4
 Periodic GC: Disabled

Heap:
 garbage-first heap   total 75776K, used 27481K [0x0000000701a00000, 0x0000000800000000)
  region size 2048K, 14 young (28672K), 9 survivors (18432K)
 Metaspace       used 22077K, committed 22464K, reserved 1114112K
  class space    used 3149K, committed 3328K, reserved 1048576K

Heap Regions: E=young(eden), S=young(survivor), O=old, HS=humongous(starts), HC=humongous(continues), CS=collection set, F=free, OA=open archive, CA=closed archive, TAMS=top-at-mark-start (previous, next)
|   0|0x0000000701a00000, 0x0000000701c00000, 0x0000000701c00000|100%|HS|  |TAMS 0x0000000701a00000, 0x0000000701a00000| Complete 
|   1|0x0000000701c00000, 0x0000000701c00000, 0x0000000701e00000|  0%| F|  |TAMS 0x0000000701c00000, 0x0000000701c00000| Untracked 
|   2|0x0000000701e00000, 0x0000000701e00000, 0x0000000702000000|  0%| F|  |TAMS 0x0000000701e00000, 0x0000000701e00000| Untracked 
|   3|0x0000000702000000, 0x0000000702000000, 0x0000000702200000|  0%| F|  |TAMS 0x0000000702000000, 0x0000000702000000| Untracked 
|   4|0x0000000702200000, 0x0000000702200000, 0x0000000702400000|  0%| F|  |TAMS 0x0000000702200000, 0x0000000702200000| Untracked 
|   5|0x0000000702400000, 0x0000000702400000, 0x0000000702600000|  0%| F|  |TAMS 0x0000000702400000, 0x0000000702400000| Untracked 
|   6|0x0000000702600000, 0x0000000702600000, 0x0000000702800000|  0%| F|  |TAMS 0x0000000702600000, 0x0000000702600000| Untracked 
|   7|0x0000000702800000, 0x0000000702800000, 0x0000000702a00000|  0%| F|  |TAMS 0x0000000702800000, 0x0000000702800000| Untracked 
|   8|0x0000000702a00000, 0x0000000702a00000, 0x0000000702c00000|  0%| F|  |TAMS 0x0000000702a00000, 0x0000000702a00000| Untracked 
|   9|0x0000000702c00000, 0x0000000702c00000, 0x0000000702e00000|  0%| F|  |TAMS 0x0000000702c00000, 0x0000000702c00000| Untracked 
|  10|0x0000000702e00000, 0x0000000702e00000, 0x0000000703000000|  0%| F|  |TAMS 0x0000000702e00000, 0x0000000702e00000| Untracked 
|  11|0x0000000703000000, 0x0000000703000000, 0x0000000703200000|  0%| F|  |TAMS 0x0000000703000000, 0x0000000703000000| Untracked 
|  12|0x0000000703200000, 0x0000000703200000, 0x0000000703400000|  0%| F|  |TAMS 0x0000000703200000, 0x0000000703200000| Untracked 
|  13|0x0000000703400000, 0x0000000703400000, 0x0000000703600000|  0%| F|  |TAMS 0x0000000703400000, 0x0000000703400000| Untracked 
|  14|0x0000000703600000, 0x0000000703600000, 0x0000000703800000|  0%| F|  |TAMS 0x0000000703600000, 0x0000000703600000| Untracked 
|  15|0x0000000703800000, 0x0000000703800000, 0x0000000703a00000|  0%| F|  |TAMS 0x0000000703800000, 0x0000000703800000| Untracked 
|  16|0x0000000703a00000, 0x0000000703a00000, 0x0000000703c00000|  0%| F|  |TAMS 0x0000000703a00000, 0x0000000703a00000| Untracked 
|  17|0x0000000703c00000, 0x0000000703c00000, 0x0000000703e00000|  0%| F|  |TAMS 0x0000000703c00000, 0x0000000703c00000| Untracked 
|  18|0x0000000703e00000, 0x0000000703e00000, 0x0000000704000000|  0%| F|  |TAMS 0x0000000703e00000, 0x0000000703e00000| Untracked 
|  19|0x0000000704000000, 0x0000000704000000, 0x0000000704200000|  0%| F|  |TAMS 0x0000000704000000, 0x0000000704000000| Untracked 
|  20|0x0000000704200000, 0x0000000704200000, 0x0000000704400000|  0%| F|  |TAMS 0x0000000704200000, 0x0000000704200000| Untracked 
|  21|0x0000000704400000, 0x0000000704400000, 0x0000000704600000|  0%| F|  |TAMS 0x0000000704400000, 0x0000000704400000| Untracked 
|  22|0x0000000704600000, 0x0000000704600000, 0x0000000704800000|  0%| F|  |TAMS 0x0000000704600000, 0x0000000704600000| Untracked 
|  23|0x0000000704800000, 0x0000000704800800, 0x0000000704a00000|  0%| E|  |TAMS 0x0000000704800000, 0x0000000704800000| Complete 
|  24|0x0000000704a00000, 0x0000000704c00000, 0x0000000704c00000|100%| E|CS|TAMS 0x0000000704a00000, 0x0000000704a00000| Complete 
|  25|0x0000000704c00000, 0x0000000704e00000, 0x0000000704e00000|100%| E|CS|TAMS 0x0000000704c00000, 0x0000000704c00000| Complete 
|  71|0x000000070a800000, 0x000000070a8d6420, 0x000000070aa00000| 41%| S|CS|TAMS 0x000000070a800000, 0x000000070a800000| Complete 
|  72|0x000000070aa00000, 0x000000070ac00000, 0x000000070ac00000|100%| S|CS|TAMS 0x000000070aa00000, 0x000000070aa00000| Complete 
|  73|0x000000070ac00000, 0x000000070ae00000, 0x000000070ae00000|100%| S|CS|TAMS 0x000000070ac00000, 0x000000070ac00000| Complete 
|  74|0x000000070ae00000, 0x000000070b000000, 0x000000070b000000|100%| S|CS|TAMS 0x000000070ae00000, 0x000000070ae00000| Complete 
|  75|0x000000070b000000, 0x000000070b200000, 0x000000070b200000|100%| S|CS|TAMS 0x000000070b000000, 0x000000070b000000| Complete 
|  76|0x000000070b200000, 0x000000070b400000, 0x000000070b400000|100%| S|CS|TAMS 0x000000070b200000, 0x000000070b200000| Complete 
|  77|0x000000070b400000, 0x000000070b600000, 0x000000070b600000|100%| S|CS|TAMS 0x000000070b400000, 0x000000070b400000| Complete 
|  78|0x000000070b600000, 0x000000070b800000, 0x000000070b800000|100%| S|CS|TAMS 0x000000070b600000, 0x000000070b600000| Complete 
|  79|0x000000070b800000, 0x000000070ba00000, 0x000000070ba00000|100%| S|CS|TAMS 0x000000070b800000, 0x000000070b800000| Complete 
| 126|0x0000000711600000, 0x0000000711800000, 0x0000000711800000|100%| E|CS|TAMS 0x0000000711600000, 0x0000000711600000| Complete 
| 127|0x0000000711800000, 0x0000000711a00000, 0x0000000711a00000|100%| E|CS|TAMS 0x0000000711800000, 0x0000000711800000| Complete 

Card table byte_map: [0x0000017ba7630000,0x0000017ba7e30000] _byte_map_base: 0x0000017ba3e23000

Marking Bits (Prev, Next): (CMBitMap*) 0x0000017b8fcc47f0, (CMBitMap*) 0x0000017b8fcc47b0
 Prev Bits: [0x0000017bac5d0000, 0x0000017bb0568000)
 Next Bits: [0x0000017ba8630000, 0x0000017bac5c8000)

Polling page: 0x0000017b8da30000

Metaspace:

Usage:
  Non-class:     18.48 MB used.
      Class:      3.08 MB used.
       Both:     21.56 MB used.

Virtual space:
  Non-class space:       64.00 MB reserved,      18.69 MB ( 29%) committed,  1 nodes.
      Class space:        1.00 GB reserved,       3.25 MB ( <1%) committed,  1 nodes.
             Both:        1.06 GB reserved,      21.94 MB (  2%) committed. 

Chunk freelists:
   Non-Class:  1.33 MB
       Class:  608.00 KB
        Both:  1.92 MB

MaxMetaspaceSize: unlimited
CompressedClassSpaceSize: 1.00 GB
Initial GC threshold: 21.00 MB
Current GC threshold: 35.13 MB
CDS: on
MetaspaceReclaimPolicy: balanced
 - commit_granule_bytes: 65536.
 - commit_granule_words: 8192.
 - virtual_space_node_default_size: 8388608.
 - enlarge_chunks_in_place: 1.
 - new_chunks_are_fully_committed: 0.
 - uncommit_free_chunks: 1.
 - use_allocation_guard: 0.


Internal statistics:

num_allocs_failed_limit: 3.
num_arena_births: 416.
num_arena_deaths: 0.
num_vsnodes_births: 2.
num_vsnodes_deaths: 0.
num_space_committed: 351.
num_space_uncommitted: 0.
num_chunks_returned_to_freelist: 3.
num_chunks_taken_from_freelist: 1094.
num_chunk_merges: 3.
num_chunk_splits: 785.
num_chunks_enlarged: 609.
num_inconsistent_stats: 0.

CodeHeap 'non-profiled nmethods': size=120000Kb used=1743Kb max_used=1743Kb free=118256Kb
 bounds [0x0000017b9f900000, 0x0000017b9fb70000, 0x0000017ba6e30000]
CodeHeap 'profiled nmethods': size=120000Kb used=7806Kb max_used=7806Kb free=112193Kb
 bounds [0x0000017b97e30000, 0x0000017b985d0000, 0x0000017b9f360000]
CodeHeap 'non-nmethods': size=5760Kb used=1558Kb max_used=1582Kb free=4201Kb
 bounds [0x0000017b9f360000, 0x0000017b9f5d0000, 0x0000017b9f900000]
 total_blobs=4819 nmethods=3969 adapters=759
 compilation: enabled
              stopped_count=0, restarted_count=0
 full_count=0

Compilation events (20 events):
Event: 14006.183 Thread 0x0000017bb298a960 3965       3       com.sun.javafx.sg.prism.NGNode::isClean (23 bytes)
Event: 14006.183 Thread 0x0000017bb298a960 nmethod 3965 0x0000017b985c5810 code [0x0000017b985c59c0, 0x0000017b985c5b78]
Event: 14006.183 Thread 0x0000017bb298a960 3963       3       com.sun.javafx.sg.prism.NGRegion::computeRenderRoot (37 bytes)
Event: 14006.184 Thread 0x0000017bb298a960 nmethod 3963 0x0000017b985c5c10 code [0x0000017b985c5dc0, 0x0000017b985c5fd8]
Event: 14006.184 Thread 0x0000017bb298a960 3961       3       com.sun.javafx.sg.prism.NGNode::setContentBounds (13 bytes)
Event: 14006.184 Thread 0x0000017bb298a960 nmethod 3961 0x0000017b985c6110 code [0x0000017b985c62c0, 0x0000017b985c6508]
Event: 14006.184 Thread 0x0000017bb298a960 3962       3       javafx.scene.Scene$MouseHandler::process (793 bytes)
Event: 14006.189 Thread 0x0000017bb298a960 nmethod 3962 0x0000017b985c6610 code [0x0000017b985c6c20, 0x0000017b985ca4d8]
Event: 14006.214 Thread 0x0000017bb298a960 3966       3       com.sun.javafx.scene.input.PickResultChooser::processOffer (146 bytes)
Event: 14006.215 Thread 0x0000017bb298a960 nmethod 3966 0x0000017b985cb410 code [0x0000017b985cb660, 0x0000017b985cc388]
Event: 14006.215 Thread 0x0000017bb298a960 3968       3       com.sun.javafx.event.EventRedirector::redirectEvent (97 bytes)
Event: 14006.216 Thread 0x0000017bb298a960 nmethod 3968 0x0000017b985cc790 code [0x0000017b985cca00, 0x0000017b985cd558]
Event: 14006.216 Thread 0x0000017bb298a960 3969       3       java.util.concurrent.CopyOnWriteArrayList::isEmpty (13 bytes)
Event: 14006.216 Thread 0x0000017bb298a960 nmethod 3969 0x0000017b985cd890 code [0x0000017b985cda40, 0x0000017b985cdc38]
Event: 14006.216 Thread 0x0000017bb298a960 3970       3       com.sun.javafx.event.BasicEventDispatcher::dispatchCapturingEvent (2 bytes)
Event: 14006.216 Thread 0x0000017bb298a960 nmethod 3970 0x0000017b985cdd10 code [0x0000017b985cdea0, 0x0000017b985cdfb8]
Event: 14006.216 Thread 0x0000017bb298a960 3967       3       javafx.scene.input.PickResult::<init> (50 bytes)
Event: 14006.216 Thread 0x0000017bb298a960 nmethod 3967 0x0000017b985ce090 code [0x0000017b985ce240, 0x0000017b985ce558]
Event: 14006.223 Thread 0x0000017bb298a960 3971       3       sun.invoke.util.VerifyAccess::isModuleAccessible (97 bytes)
Event: 14006.225 Thread 0x0000017bb298a960 nmethod 3971 0x0000017b985ce610 code [0x0000017b985ce8e0, 0x0000017b985cf5e8]

GC Heap History (6 events):
Event: 0.256 GC heap before
{Heap before GC invocations=0 (full 0):
 garbage-first heap   total 262144K, used 10240K [0x0000000701a00000, 0x0000000800000000)
  region size 2048K, 6 young (12288K), 0 survivors (0K)
 Metaspace       used 816K, committed 960K, reserved 1114112K
  class space    used 60K, committed 128K, reserved 1048576K
}
Event: 0.258 GC heap after
{Heap after GC invocations=1 (full 0):
 garbage-first heap   total 262144K, used 831K [0x0000000701a00000, 0x0000000800000000)
  region size 2048K, 1 young (2048K), 1 survivors (2048K)
 Metaspace       used 816K, committed 960K, reserved 1114112K
  class space    used 60K, committed 128K, reserved 1048576K
}
Event: 0.456 GC heap before
{Heap before GC invocations=1 (full 0):
 garbage-first heap   total 262144K, used 19263K [0x0000000701a00000, 0x0000000800000000)
  region size 2048K, 11 young (22528K), 1 survivors (2048K)
 Metaspace       used 1026K, committed 1216K, reserved 1114112K
  class space    used 76K, committed 192K, reserved 1048576K
}
Event: 0.458 GC heap after
{Heap after GC invocations=2 (full 0):
 garbage-first heap   total 262144K, used 1006K [0x0000000701a00000, 0x0000000800000000)
  region size 2048K, 1 young (2048K), 1 survivors (2048K)
 Metaspace       used 1026K, committed 1216K, reserved 1114112K
  class space    used 76K, committed 192K, reserved 1048576K
}
Event: 3.991 GC heap before
{Heap before GC invocations=2 (full 0):
 garbage-first heap   total 262144K, used 107502K [0x0000000701a00000, 0x0000000800000000)
  region size 2048K, 48 young (98304K), 1 survivors (2048K)
 Metaspace       used 21182K, committed 21504K, reserved 1114112K
  class space    used 3093K, committed 3264K, reserved 1048576K
}
Event: 4.013 GC heap after
{Heap after GC invocations=3 (full 0):
 garbage-first heap   total 262144K, used 17241K [0x0000000701a00000, 0x0000000800000000)
  region size 2048K, 9 young (18432K), 9 survivors (18432K)
 Metaspace       used 21182K, committed 21504K, reserved 1114112K
  class space    used 3093K, committed 3264K, reserved 1048576K
}

Dll operation events (20 events):
Event: 0.714 Loaded shared library C:\Users\Administrator\.openjfx\cache\20+19\amd64\api-ms-win-crt-private-l1-1-0.dll
Event: 0.718 Loaded shared library C:\Users\Administrator\.openjfx\cache\20+19\amd64\api-ms-win-crt-process-l1-1-0.dll
Event: 0.722 Loaded shared library C:\Users\Administrator\.openjfx\cache\20+19\amd64\api-ms-win-crt-runtime-l1-1-0.dll
Event: 0.726 Loaded shared library C:\Users\Administrator\.openjfx\cache\20+19\amd64\api-ms-win-crt-stdio-l1-1-0.dll
Event: 0.729 Loaded shared library C:\Users\Administrator\.openjfx\cache\20+19\amd64\api-ms-win-crt-string-l1-1-0.dll
Event: 0.733 Loaded shared library C:\Users\Administrator\.openjfx\cache\20+19\amd64\api-ms-win-crt-time-l1-1-0.dll
Event: 0.736 Loaded shared library C:\Users\Administrator\.openjfx\cache\20+19\amd64\api-ms-win-crt-utility-l1-1-0.dll
Event: 0.754 Loaded shared library C:\Users\Administrator\.openjfx\cache\20+19\amd64\ucrtbase.dll
Event: 0.759 Loaded shared library C:\Users\Administrator\.openjfx\cache\20+19\amd64\vcruntime140.dll
Event: 0.762 Loaded shared library C:\Users\Administrator\.openjfx\cache\20+19\amd64\vcruntime140_1.dll
Event: 0.772 Loaded shared library C:\Users\Administrator\.openjfx\cache\20+19\amd64\msvcp140.dll
Event: 0.775 Loaded shared library C:\Users\Administrator\.openjfx\cache\20+19\amd64\msvcp140_1.dll
Event: 0.780 Loaded shared library C:\Users\Administrator\.openjfx\cache\20+19\amd64\msvcp140_2.dll
Event: 0.826 Loaded shared library C:\Users\Administrator\.openjfx\cache\20+19\amd64\prism_d3d.dll
Event: 0.907 Loaded shared library C:\Users\Administrator\.openjfx\cache\20+19\amd64\glass.dll
Event: 1.063 Loaded shared library C:\JAVA\amazon-corretto-19.0.2.7.1-windows-x64-jdk\jdk19.0.2_7\bin\jimage.dll
Event: 1.259 Loaded shared library C:\JAVA\amazon-corretto-19.0.2.7.1-windows-x64-jdk\jdk19.0.2_7\bin\management.dll
Event: 1.263 Loaded shared library C:\JAVA\amazon-corretto-19.0.2.7.1-windows-x64-jdk\jdk19.0.2_7\bin\management_ext.dll
Event: 1.552 Loaded shared library C:\Users\Administrator\.openjfx\cache\20+19\amd64\javafx_font.dll
Event: 2.245 Loaded shared library C:\Users\Administrator\.openjfx\cache\20+19\amd64\javafx_iio.dll

Deoptimization events (20 events):
Event: 4.020 Thread 0x0000017bb6f717a0 Uncommon trap: trap_request=0xffffff45 fr.pc=0x0000017b9fa33d3c relative=0x000000000000009c
Event: 4.020 Thread 0x0000017bb6f717a0 Uncommon trap: reason=unstable_if action=reinterpret pc=0x0000017b9fa33d3c method=java.lang.ref.ReferenceQueue.poll()Ljava/lang/ref/Reference; @ 4 c2
Event: 4.020 Thread 0x0000017bb6f717a0 DEOPT PACKING pc=0x0000017b9fa33d3c sp=0x00000028b76f8d10
Event: 4.020 Thread 0x0000017bb6f717a0 DEOPT UNPACKING pc=0x0000017b9f3c6da3 sp=0x00000028b76f8bf8 mode 2
Event: 4.020 Thread 0x0000017bb6f717a0 Uncommon trap: trap_request=0xffffff45 fr.pc=0x0000017b9f9a390c relative=0x000000000000006c
Event: 4.020 Thread 0x0000017bb6f717a0 Uncommon trap: reason=unstable_if action=reinterpret pc=0x0000017b9f9a390c method=java.lang.ref.ReferenceQueue.poll()Ljava/lang/ref/Reference; @ 4 c2
Event: 4.020 Thread 0x0000017bb6f717a0 DEOPT PACKING pc=0x0000017b9f9a390c sp=0x00000028b76f8c50
Event: 4.020 Thread 0x0000017bb6f717a0 DEOPT UNPACKING pc=0x0000017b9f3c6da3 sp=0x00000028b76f8be0 mode 2
Event: 14005.816 Thread 0x0000017bb763e940 Uncommon trap: trap_request=0xffffff45 fr.pc=0x0000017b9fa90184 relative=0x0000000000000984
Event: 14005.816 Thread 0x0000017bb763e940 Uncommon trap: reason=unstable_if action=reinterpret pc=0x0000017b9fa90184 method=javafx.scene.CssStyleHelper.lookup(Ljavafx/css/Styleable;Ljavafx/css/CssMetaData;Lcom/sun/javafx/css/StyleMap;Ljava/util/Set;Ljavafx/css/Styleable;Lcom/sun/javafx/css/Calcul
Event: 14005.816 Thread 0x0000017bb763e940 DEOPT PACKING pc=0x0000017b9fa90184 sp=0x00000028b79fbe80
Event: 14005.816 Thread 0x0000017bb763e940 DEOPT UNPACKING pc=0x0000017b9f3c6da3 sp=0x00000028b79fbe10 mode 2
Event: 14005.823 Thread 0x0000017bb763e940 Uncommon trap: trap_request=0xffffffde fr.pc=0x0000017b9fa9fe14 relative=0x0000000000000414
Event: 14005.823 Thread 0x0000017bb763e940 Uncommon trap: reason=class_check action=maybe_recompile pc=0x0000017b9fa9fe14 method=javafx.scene.Node.updateLocalToParentTransform()V @ 11 c2
Event: 14005.823 Thread 0x0000017bb763e940 DEOPT PACKING pc=0x0000017b9fa9fe14 sp=0x00000028b79f90f0
Event: 14005.823 Thread 0x0000017bb763e940 DEOPT UNPACKING pc=0x0000017b9f3c6da3 sp=0x00000028b79f9080 mode 2
Event: 14005.826 Thread 0x0000017bbdbfa9a0 Uncommon trap: trap_request=0xffffff45 fr.pc=0x0000017b9faa47a0 relative=0x0000000000000520
Event: 14005.826 Thread 0x0000017bbdbfa9a0 Uncommon trap: reason=unstable_if action=reinterpret pc=0x0000017b9faa47a0 method=com.sun.javafx.tk.quantum.QuantumToolkit.postPulse()V @ 34 c2
Event: 14005.826 Thread 0x0000017bbdbfa9a0 DEOPT PACKING pc=0x0000017b9faa47a0 sp=0x00000028b70ff6f0
Event: 14005.826 Thread 0x0000017bbdbfa9a0 DEOPT UNPACKING pc=0x0000017b9f3c6da3 sp=0x00000028b70ff610 mode 2

Classes loaded (20 events):
Event: 3.873 Loading class java/util/EnumMap$Values
Event: 3.873 Loading class java/util/EnumMap$Values done
Event: 3.873 Loading class java/util/EnumMap$ValueIterator
Event: 3.873 Loading class java/util/EnumMap$EnumMapIterator
Event: 3.873 Loading class java/util/EnumMap$EnumMapIterator done
Event: 3.873 Loading class java/util/EnumMap$ValueIterator done
Event: 3.943 Loading class java/nio/ShortBuffer
Event: 3.943 Loading class java/nio/ShortBuffer done
Event: 3.943 Loading class java/nio/DoubleBuffer
Event: 3.944 Loading class java/nio/DoubleBuffer done
Event: 3.955 Loading class java/nio/DirectFloatBufferU
Event: 3.956 Loading class java/nio/DirectFloatBufferU done
Event: 3.989 Loading class java/util/concurrent/ConcurrentLinkedQueue
Event: 3.989 Loading class java/util/concurrent/ConcurrentLinkedQueue done
Event: 3.989 Loading class java/util/concurrent/ConcurrentLinkedQueue$Node
Event: 3.989 Loading class java/util/concurrent/ConcurrentLinkedQueue$Node done
Event: 4.021 Loading class jdk/internal/ref/CleanerImpl$InnocuousThreadFactory
Event: 4.022 Loading class jdk/internal/ref/CleanerImpl$InnocuousThreadFactory done
Event: 4.033 Loading class sun/misc/Unsafe
Event: 4.034 Loading class sun/misc/Unsafe done

Classes unloaded (0 events):
No events

Classes redefined (0 events):
No events

Internal exceptions (20 events):
Event: 3.028 Thread 0x0000017bb763e940 Exception <a 'java/lang/NoSuchMethodError'{0x000000070d346950}: 'java.lang.Object java.lang.invoke.DirectMethodHandle$Holder.invokeInterface(java.lang.Object, java.lang.Object, java.lang.Object)'> (0x000000070d346950) 
thrown [s\src\hotspot\share\interpreter\linkResolver.cpp, line 774]
Event: 3.028 Thread 0x0000017bb763e940 Exception <a 'java/lang/IncompatibleClassChangeError'{0x000000070d34a020}: Found class java.lang.Object, but interface was expected> (0x000000070d34a020) 
thrown [s\src\hotspot\share\interpreter\linkResolver.cpp, line 841]
Event: 3.109 Thread 0x0000017bb763e940 Exception <a 'java/lang/NoSuchMethodError'{0x000000070d1354c0}: 'void java.lang.invoke.DirectMethodHandle$Holder.invokeSpecial(java.lang.Object, java.lang.Object, java.lang.Object, java.lang.Object, java.lang.Object, java.lang.Object)'> (0x000000070d1354c0) 
thrown [s\src\hotspot\share\interpreter\linkResolver.cpp, line 774]
Event: 3.129 Thread 0x0000017bb763e940 Exception <a 'java/lang/ClassNotFoundException'{0x000000070d1ca140}: com/sun/javafx/scene/control/skin/resources/controls> (0x000000070d1ca140) 
thrown [s\src\hotspot\share\prims\jni.cpp, line 536]
Event: 3.131 Thread 0x0000017bb763e940 Exception <a 'java/lang/ClassNotFoundException'{0x000000070d1d81c0}: com/sun/javafx/scene/control/skin/resources/controls_en> (0x000000070d1d81c0) 
thrown [s\src\hotspot\share\prims\jni.cpp, line 536]
Event: 3.131 Thread 0x0000017bb763e940 Exception <a 'java/lang/ClassNotFoundException'{0x000000070d1d9740}: com/sun/javafx/scene/control/skin/resources/controls_en_US> (0x000000070d1d9740) 
thrown [s\src\hotspot\share\prims\jni.cpp, line 536]
Event: 3.191 Thread 0x0000017bb763e940 Exception <a 'java/lang/NoSuchMethodError'{0x000000070cf84d58}: 'int java.lang.invoke.DirectMethodHandle$Holder.invokeSpecial(java.lang.Object, java.lang.Object, int)'> (0x000000070cf84d58) 
thrown [s\src\hotspot\share\interpreter\linkResolver.cpp, line 774]
Event: 3.241 Thread 0x0000017bb763e940 Exception <a 'java/io/FileNotFoundException'{0x000000070cce3ea0}> (0x000000070cce3ea0) 
thrown [s\src\hotspot\share\prims\jni.cpp, line 517]
Event: 3.241 Thread 0x0000017bb763e940 Exception <a 'java/io/FileNotFoundException'{0x000000070cce5fc0}> (0x000000070cce5fc0) 
thrown [s\src\hotspot\share\prims\jni.cpp, line 517]
Event: 3.242 Thread 0x0000017bb763e940 Exception <a 'java/io/FileNotFoundException'{0x000000070cceae68}> (0x000000070cceae68) 
thrown [s\src\hotspot\share\prims\jni.cpp, line 517]
Event: 3.242 Thread 0x0000017bb763e940 Exception <a 'java/io/FileNotFoundException'{0x000000070ccec9f8}> (0x000000070ccec9f8) 
thrown [s\src\hotspot\share\prims\jni.cpp, line 517]
Event: 3.250 Thread 0x0000017bb763e940 Exception <a 'java/io/FileNotFoundException'{0x000000070cde3778}> (0x000000070cde3778) 
thrown [s\src\hotspot\share\prims\jni.cpp, line 517]
Event: 3.250 Thread 0x0000017bb763e940 Exception <a 'java/io/FileNotFoundException'{0x000000070cde57b0}> (0x000000070cde57b0) 
thrown [s\src\hotspot\share\prims\jni.cpp, line 517]
Event: 3.250 Thread 0x0000017bb763e940 Exception <a 'java/io/FileNotFoundException'{0x000000070cde7508}> (0x000000070cde7508) 
thrown [s\src\hotspot\share\prims\jni.cpp, line 517]
Event: 3.581 Thread 0x0000017bb763e940 Implicit null exception at 0x0000017b9fa27c6f to 0x0000017b9fa28464
Event: 3.911 Thread 0x0000017bb6f717a0 Exception <a 'java/lang/NoSuchMethodError'{0x000000070bfd2fc0}: 'java.lang.Object java.lang.invoke.DirectMethodHandle$Holder.invokeStaticInit(java.lang.Object, int)'> (0x000000070bfd2fc0) 
thrown [s\src\hotspot\share\interpreter\linkResolver.cpp, line 774]
Event: 9.108 Thread 0x0000017bb763e940 Exception <a 'java/lang/NoSuchMethodError'{0x0000000704d4bb30}: 'long java.lang.invoke.DirectMethodHandle$Holder.invokeStatic(java.lang.Object, java.lang.Object, java.lang.Object)'> (0x0000000704d4bb30) 
thrown [s\src\hotspot\share\interpreter\linkResolver.cpp, line 774]
Event: 9.108 Thread 0x0000017bb763e940 Exception <a 'java/lang/NoSuchMethodError'{0x0000000704d4f458}: 'long java.lang.invoke.DirectMethodHandle$Holder.invokeStaticInit(java.lang.Object, java.lang.Object, java.lang.Object)'> (0x0000000704d4f458) 
thrown [s\src\hotspot\share\interpreter\linkResolver.cpp, line 774]
Event: 9.110 Thread 0x0000017bb763e940 Exception <a 'java/lang/NoSuchMethodError'{0x0000000704d67ba8}: 'java.lang.Object java.lang.invoke.DirectMethodHandle$Holder.newInvokeSpecial(java.lang.Object, java.lang.Object, long)'> (0x0000000704d67ba8) 
thrown [s\src\hotspot\share\interpreter\linkResolver.cpp, line 774]
Event: 9.110 Thread 0x0000017bb763e940 Exception <a 'java/lang/NoSuchMethodError'{0x0000000704d6b730}: 'java.lang.Object java.lang.invoke.Invokers$Holder.linkToTargetMethod(java.lang.Object, long, java.lang.Object)'> (0x0000000704d6b730) 
thrown [s\src\hotspot\share\interpreter\linkResolver.cpp, line 774]

VM Operations (20 events):
Event: 4.035 Executing VM operation: G1PauseCleanup done
Event: 6.035 Executing VM operation: Cleanup
Event: 6.035 Executing VM operation: Cleanup done
Event: 6.765 Executing VM operation: HandshakeAllThreads
Event: 6.765 Executing VM operation: HandshakeAllThreads done
Event: 7.765 Executing VM operation: Cleanup
Event: 7.766 Executing VM operation: Cleanup done
Event: 8.766 Executing VM operation: Cleanup
Event: 8.766 Executing VM operation: Cleanup done
Event: 9.767 Executing VM operation: Cleanup
Event: 9.767 Executing VM operation: Cleanup done
Event: 11.768 Executing VM operation: Cleanup
Event: 11.768 Executing VM operation: Cleanup done
Event: 3784.687 Executing VM operation: Cleanup
Event: 3784.687 Executing VM operation: Cleanup done
Event: 14004.769 Executing VM operation: Cleanup
Event: 14004.769 Executing VM operation: Cleanup done
Event: 14005.769 Executing VM operation: Cleanup
Event: 14005.769 Executing VM operation: Cleanup done
Event: 14006.247 Executing VM operation: Exit

Events (20 events):
Event: 0.909 Thread 0x0000017bb75320b0 Thread added: 0x0000017bb75320b0
Event: 0.913 Thread 0x0000017bb763e940 Thread added: 0x0000017bb763e940
Event: 1.015 Thread 0x0000017bb6d2d490 Thread exited: 0x0000017bb6d2d490
Event: 1.058 Thread 0x0000017bbdbfa9a0 Thread added: 0x0000017bbdbfa9a0
Event: 1.071 Thread 0x0000017bb7633c60 Thread added: 0x0000017bb7633c60
Event: 1.076 Thread 0x0000017bbdc79480 Thread added: 0x0000017bbdc79480
Event: 1.421 Thread 0x0000017bbdc291e0 Thread added: 0x0000017bbdc291e0
Event: 2.083 Thread 0x0000017bbdc2b1c0 Thread added: 0x0000017bbdc2b1c0
Event: 2.392 Thread 0x0000017bbdc79480 Thread exited: 0x0000017bbdc79480
Event: 2.482 Thread 0x0000017bbe443180 Thread added: 0x0000017bbe443180
Event: 4.022 Thread 0x0000017bbdc2bc60 Thread added: 0x0000017bbdc2bc60
Event: 5.121 Thread 0x0000017bbe443180 Thread exited: 0x0000017bbe443180
Event: 6.706 Thread 0x0000017bbe443180 Thread added: 0x0000017bbe443180
Event: 6.891 Thread 0x0000017bbe443180 Thread exited: 0x0000017bbe443180
Event: 14006.222 Thread 0x0000017bbdc2ac70 Thread added: 0x0000017bbdc2ac70
Event: 14006.222 Thread 0x0000017bbe133ae0 Thread added: 0x0000017bbe133ae0
Event: 14006.222 Thread 0x0000017bbe133040 Thread added: 0x0000017bbe133040
Event: 14006.225 Thread 0x0000017bbdc2ac70 Thread exited: 0x0000017bbdc2ac70
Event: 14006.226 Thread 0x0000017bbe133040 Thread exited: 0x0000017bbe133040
Event: 14006.247 Thread 0x0000017bb297dc90 Thread exited: 0x0000017bb297dc90


Dynamic libraries:
0x00007ff74b4f0000 - 0x00007ff74b4fd000 	C:\JAVA\amazon-corretto-19.0.2.7.1-windows-x64-jdk\jdk19.0.2_7\bin\java.exe
0x00007ffec58d0000 - 0x00007ffec5ac8000 	C:\Windows\SYSTEM32\ntdll.dll
0x00007ffec3f20000 - 0x00007ffec3fe1000 	C:\Windows\System32\KERNEL32.DLL
0x00007ffec3400000 - 0x00007ffec36fd000 	C:\Windows\System32\KERNELBASE.dll
0x00007ffec30b0000 - 0x00007ffec31b0000 	C:\Windows\System32\ucrtbase.dll
0x00007ffeb9a40000 - 0x00007ffeb9a57000 	C:\JAVA\amazon-corretto-19.0.2.7.1-windows-x64-jdk\jdk19.0.2_7\bin\jli.dll
0x00007ffeb9a60000 - 0x00007ffeb9a75000 	C:\JAVA\amazon-corretto-19.0.2.7.1-windows-x64-jdk\jdk19.0.2_7\bin\VCRUNTIME140.dll
0x00007ffec4a30000 - 0x00007ffec4bcd000 	C:\Windows\System32\USER32.dll
0x00007ffec3320000 - 0x00007ffec3342000 	C:\Windows\System32\win32u.dll
0x00007ffeb2ea0000 - 0x00007ffeb313a000 	C:\Windows\WinSxS\amd64_microsoft.windows.common-controls_6595b64144ccf1df_6.0.19041.4355_none_60b8b9eb71f62e16\COMCTL32.dll
0x00007ffec4560000 - 0x00007ffec458b000 	C:\Windows\System32\GDI32.dll
0x00007ffec4d00000 - 0x00007ffec4d9e000 	C:\Windows\System32\msvcrt.dll
0x00007ffec3200000 - 0x00007ffec3317000 	C:\Windows\System32\gdi32full.dll
0x00007ffec3860000 - 0x00007ffec38fd000 	C:\Windows\System32\msvcp_win.dll
0x00007ffec4900000 - 0x00007ffec492f000 	C:\Windows\System32\IMM32.DLL
0x00007ffeb5b70000 - 0x00007ffeb5c0b000 	C:\JAVA\amazon-corretto-19.0.2.7.1-windows-x64-jdk\jdk19.0.2_7\bin\msvcp140.dll
0x00007ffe9e950000 - 0x00007ffe9f629000 	C:\JAVA\amazon-corretto-19.0.2.7.1-windows-x64-jdk\jdk19.0.2_7\bin\server\jvm.dll
0x00007ffec4350000 - 0x00007ffec4400000 	C:\Windows\System32\ADVAPI32.dll
0x00007ffec4400000 - 0x00007ffec44a0000 	C:\Windows\System32\sechost.dll
0x00007ffec4bd0000 - 0x00007ffec4cf3000 	C:\Windows\System32\RPCRT4.dll
0x00007ffec2f80000 - 0x00007ffec2fa7000 	C:\Windows\System32\bcrypt.dll
0x00007ffebdb00000 - 0x00007ffebdb09000 	C:\Windows\SYSTEM32\WSOCK32.dll
0x00007ffeb6520000 - 0x00007ffeb6547000 	C:\Windows\SYSTEM32\WINMM.dll
0x00007ffec5790000 - 0x00007ffec57fb000 	C:\Windows\System32\WS2_32.dll
0x00007ffeba240000 - 0x00007ffeba24a000 	C:\Windows\SYSTEM32\VERSION.dll
0x00007ffec0e00000 - 0x00007ffec0e12000 	C:\Windows\SYSTEM32\kernel.appcore.dll
0x00007ffeb9ae0000 - 0x00007ffeb9aea000 	C:\JAVA\amazon-corretto-19.0.2.7.1-windows-x64-jdk\jdk19.0.2_7\bin\jimage.dll
0x00007ffebc810000 - 0x00007ffebc9f4000 	C:\Windows\SYSTEM32\DBGHELP.DLL
0x00007ffebc7d0000 - 0x00007ffebc804000 	C:\Windows\SYSTEM32\dbgcore.DLL
0x00007ffec3020000 - 0x00007ffec30a2000 	C:\Windows\System32\bcryptPrimitives.dll
0x00007ffeb5b40000 - 0x00007ffeb5b66000 	C:\JAVA\amazon-corretto-19.0.2.7.1-windows-x64-jdk\jdk19.0.2_7\bin\java.dll
0x00007ffeab9e0000 - 0x00007ffeabab6000 	C:\JAVA\amazon-corretto-19.0.2.7.1-windows-x64-jdk\jdk19.0.2_7\bin\jsvml.dll
0x00007ffec4ef0000 - 0x00007ffec565f000 	C:\Windows\System32\SHELL32.dll
0x00007ffec1000000 - 0x00007ffec179f000 	C:\Windows\SYSTEM32\windows.storage.dll
0x00007ffec3ff0000 - 0x00007ffec4343000 	C:\Windows\System32\combase.dll
0x00007ffec28d0000 - 0x00007ffec28fe000 	C:\Windows\SYSTEM32\Wldp.dll
0x00007ffec5660000 - 0x00007ffec572d000 	C:\Windows\System32\OLEAUT32.dll
0x00007ffec4850000 - 0x00007ffec48fd000 	C:\Windows\System32\SHCORE.dll
0x00007ffec4930000 - 0x00007ffec4985000 	C:\Windows\System32\shlwapi.dll
0x00007ffec2eb0000 - 0x00007ffec2ed4000 	C:\Windows\SYSTEM32\profapi.dll
0x00007ffeb5b20000 - 0x00007ffeb5b33000 	C:\JAVA\amazon-corretto-19.0.2.7.1-windows-x64-jdk\jdk19.0.2_7\bin\net.dll
0x00007ffebd1f0000 - 0x00007ffebd2fd000 	C:\Windows\SYSTEM32\WINHTTP.dll
0x00007ffec2630000 - 0x00007ffec269a000 	C:\Windows\system32\mswsock.dll
0x00007ffeb5b00000 - 0x00007ffeb5b15000 	C:\JAVA\amazon-corretto-19.0.2.7.1-windows-x64-jdk\jdk19.0.2_7\bin\nio.dll
0x00007ffeb64e0000 - 0x00007ffeb64f8000 	C:\JAVA\amazon-corretto-19.0.2.7.1-windows-x64-jdk\jdk19.0.2_7\bin\zip.dll
0x0000017b8ddd0000 - 0x0000017b8ddd3000 	C:\Users\Administrator\.openjfx\cache\20+19\amd64\api-ms-win-core-console-l1-1-0.dll
0x0000017b8dde0000 - 0x0000017b8dde3000 	C:\Users\Administrator\.openjfx\cache\20+19\amd64\api-ms-win-core-console-l1-2-0.dll
0x0000017b8fb90000 - 0x0000017b8fb93000 	C:\Users\Administrator\.openjfx\cache\20+19\amd64\api-ms-win-core-datetime-l1-1-0.dll
0x0000017b8fba0000 - 0x0000017b8fba3000 	C:\Users\Administrator\.openjfx\cache\20+19\amd64\api-ms-win-core-debug-l1-1-0.dll
0x0000017b8fbb0000 - 0x0000017b8fbb3000 	C:\Users\Administrator\.openjfx\cache\20+19\amd64\api-ms-win-core-errorhandling-l1-1-0.dll
0x0000017b8fbc0000 - 0x0000017b8fbc4000 	C:\Users\Administrator\.openjfx\cache\20+19\amd64\api-ms-win-core-file-l1-1-0.dll
0x0000017b8fbd0000 - 0x0000017b8fbd3000 	C:\Users\Administrator\.openjfx\cache\20+19\amd64\api-ms-win-core-file-l1-2-0.dll
0x0000017b8fbe0000 - 0x0000017b8fbe3000 	C:\Users\Administrator\.openjfx\cache\20+19\amd64\api-ms-win-core-file-l2-1-0.dll
0x0000017b8fbf0000 - 0x0000017b8fbf3000 	C:\Users\Administrator\.openjfx\cache\20+19\amd64\api-ms-win-core-handle-l1-1-0.dll
0x0000017b8fc00000 - 0x0000017b8fc03000 	C:\Users\Administrator\.openjfx\cache\20+19\amd64\api-ms-win-core-heap-l1-1-0.dll
0x0000017bb2ba0000 - 0x0000017bb2ba3000 	C:\Users\Administrator\.openjfx\cache\20+19\amd64\api-ms-win-core-interlocked-l1-1-0.dll
0x0000017bb2bb0000 - 0x0000017bb2bb3000 	C:\Users\Administrator\.openjfx\cache\20+19\amd64\api-ms-win-core-libraryloader-l1-1-0.dll
0x0000017bb2bc0000 - 0x0000017bb2bc3000 	C:\Users\Administrator\.openjfx\cache\20+19\amd64\api-ms-win-core-localization-l1-2-0.dll
0x0000017bb2bd0000 - 0x0000017bb2bd3000 	C:\Users\Administrator\.openjfx\cache\20+19\amd64\api-ms-win-core-memory-l1-1-0.dll
0x0000017bb2be0000 - 0x0000017bb2be3000 	C:\Users\Administrator\.openjfx\cache\20+19\amd64\api-ms-win-core-namedpipe-l1-1-0.dll
0x0000017bb2bf0000 - 0x0000017bb2bf3000 	C:\Users\Administrator\.openjfx\cache\20+19\amd64\api-ms-win-core-processenvironment-l1-1-0.dll
0x0000017bb7800000 - 0x0000017bb7803000 	C:\Users\Administrator\.openjfx\cache\20+19\amd64\api-ms-win-core-processthreads-l1-1-0.dll
0x0000017bb7810000 - 0x0000017bb7813000 	C:\Users\Administrator\.openjfx\cache\20+19\amd64\api-ms-win-core-processthreads-l1-1-1.dll
0x0000017bb7820000 - 0x0000017bb7823000 	C:\Users\Administrator\.openjfx\cache\20+19\amd64\api-ms-win-core-profile-l1-1-0.dll
0x0000017bb7830000 - 0x0000017bb7833000 	C:\Users\Administrator\.openjfx\cache\20+19\amd64\api-ms-win-core-rtlsupport-l1-1-0.dll
0x0000017bb7840000 - 0x0000017bb7843000 	C:\Users\Administrator\.openjfx\cache\20+19\amd64\api-ms-win-core-string-l1-1-0.dll
0x0000017bb7850000 - 0x0000017bb7853000 	C:\Users\Administrator\.openjfx\cache\20+19\amd64\api-ms-win-core-synch-l1-1-0.dll
0x0000017bb7860000 - 0x0000017bb7863000 	C:\Users\Administrator\.openjfx\cache\20+19\amd64\api-ms-win-core-synch-l1-2-0.dll
0x0000017bb7870000 - 0x0000017bb7873000 	C:\Users\Administrator\.openjfx\cache\20+19\amd64\api-ms-win-core-sysinfo-l1-1-0.dll
0x0000017bb7880000 - 0x0000017bb7883000 	C:\Users\Administrator\.openjfx\cache\20+19\amd64\api-ms-win-core-timezone-l1-1-0.dll
0x0000017bb7890000 - 0x0000017bb7893000 	C:\Users\Administrator\.openjfx\cache\20+19\amd64\api-ms-win-core-util-l1-1-0.dll
0x0000017bb78a0000 - 0x0000017bb78a3000 	C:\Users\Administrator\.openjfx\cache\20+19\amd64\api-ms-win-crt-conio-l1-1-0.dll
0x0000017bb78b0000 - 0x0000017bb78b4000 	C:\Users\Administrator\.openjfx\cache\20+19\amd64\api-ms-win-crt-convert-l1-1-0.dll
0x0000017bb78c0000 - 0x0000017bb78c3000 	C:\Users\Administrator\.openjfx\cache\20+19\amd64\api-ms-win-crt-environment-l1-1-0.dll
0x0000017bb78d0000 - 0x0000017bb78d3000 	C:\Users\Administrator\.openjfx\cache\20+19\amd64\api-ms-win-crt-filesystem-l1-1-0.dll
0x0000017bb78e0000 - 0x0000017bb78e3000 	C:\Users\Administrator\.openjfx\cache\20+19\amd64\api-ms-win-crt-heap-l1-1-0.dll
0x0000017bb78f0000 - 0x0000017bb78f3000 	C:\Users\Administrator\.openjfx\cache\20+19\amd64\api-ms-win-crt-locale-l1-1-0.dll
0x0000017bb7900000 - 0x0000017bb7905000 	C:\Users\Administrator\.openjfx\cache\20+19\amd64\api-ms-win-crt-math-l1-1-0.dll
0x0000017bb7910000 - 0x0000017bb7915000 	C:\Users\Administrator\.openjfx\cache\20+19\amd64\api-ms-win-crt-multibyte-l1-1-0.dll
0x0000017bb7920000 - 0x0000017bb7930000 	C:\Users\Administrator\.openjfx\cache\20+19\amd64\api-ms-win-crt-private-l1-1-0.dll
0x0000017bb7930000 - 0x0000017bb7933000 	C:\Users\Administrator\.openjfx\cache\20+19\amd64\api-ms-win-crt-process-l1-1-0.dll
0x0000017bb7940000 - 0x0000017bb7944000 	C:\Users\Administrator\.openjfx\cache\20+19\amd64\api-ms-win-crt-runtime-l1-1-0.dll
0x0000017bb7950000 - 0x0000017bb7954000 	C:\Users\Administrator\.openjfx\cache\20+19\amd64\api-ms-win-crt-stdio-l1-1-0.dll
0x0000017bb7960000 - 0x0000017bb7964000 	C:\Users\Administrator\.openjfx\cache\20+19\amd64\api-ms-win-crt-string-l1-1-0.dll
0x0000017bb7970000 - 0x0000017bb7973000 	C:\Users\Administrator\.openjfx\cache\20+19\amd64\api-ms-win-crt-time-l1-1-0.dll
0x0000017bb7980000 - 0x0000017bb7983000 	C:\Users\Administrator\.openjfx\cache\20+19\amd64\api-ms-win-crt-utility-l1-1-0.dll
0x00007ffeab8e0000 - 0x00007ffeab9dc000 	C:\Users\Administrator\.openjfx\cache\20+19\amd64\ucrtbase.dll
0x00007ffebcde0000 - 0x00007ffebcdfb000 	C:\Users\Administrator\.openjfx\cache\20+19\amd64\vcruntime140.dll
0x00007ffebbf90000 - 0x00007ffebbf9c000 	C:\Users\Administrator\.openjfx\cache\20+19\amd64\vcruntime140_1.dll
0x00007ffeaf6f0000 - 0x00007ffeaf77e000 	C:\Users\Administrator\.openjfx\cache\20+19\amd64\msvcp140.dll
0x00007ffebbf80000 - 0x00007ffebbf89000 	C:\Users\Administrator\.openjfx\cache\20+19\amd64\msvcp140_1.dll
0x00007ffeb5ab0000 - 0x00007ffeb5ae0000 	C:\Users\Administrator\.openjfx\cache\20+19\amd64\msvcp140_2.dll
0x00007ffeb5a80000 - 0x00007ffeb5aaf000 	C:\Users\Administrator\.openjfx\cache\20+19\amd64\prism_d3d.dll
0x00007ffe94290000 - 0x00007ffe94460000 	C:\Windows\system32\d3d9.dll
0x00007ffec0cf0000 - 0x00007ffec0d1f000 	C:\Windows\SYSTEM32\dwmapi.dll
0x00007ffec0c00000 - 0x00007ffec0c9e000 	C:\Windows\system32\uxtheme.dll
0x00007ffec2820000 - 0x00007ffec2838000 	C:\Windows\SYSTEM32\CRYPTSP.dll
0x00007ffec1f50000 - 0x00007ffec1f84000 	C:\Windows\system32\rsaenh.dll
0x00007ffec2840000 - 0x00007ffec284c000 	C:\Windows\SYSTEM32\CRYPTBASE.dll
0x00007ffeac510000 - 0x00007ffeac552000 	C:\Users\Administrator\.openjfx\cache\20+19\amd64\glass.dll
0x00007ffec4590000 - 0x00007ffec466a000 	C:\Windows\System32\COMDLG32.dll
0x00007ffec4da0000 - 0x00007ffec4ecb000 	C:\Windows\System32\ole32.dll
0x00007ffec4730000 - 0x00007ffec4844000 	C:\Windows\System32\MSCTF.dll
0x00007ffeb11e0000 - 0x00007ffeb121b000 	C:\Windows\SYSTEM32\dxcore.dll
0x00007ffec31b0000 - 0x00007ffec31fe000 	C:\Windows\System32\cfgmgr32.dll
0x00007ffec2350000 - 0x00007ffec241a000 	C:\Windows\SYSTEM32\DNSAPI.dll
0x00007ffec2310000 - 0x00007ffec234b000 	C:\Windows\SYSTEM32\IPHLPAPI.DLL
0x00007ffec5800000 - 0x00007ffec5808000 	C:\Windows\System32\NSI.dll
0x00007ffebbcd0000 - 0x00007ffebbcda000 	C:\Windows\System32\rasadhlp.dll
0x00007ffebc2e0000 - 0x00007ffebc360000 	C:\Windows\System32\fwpuclnt.dll
0x00007ffeb6550000 - 0x00007ffeb6559000 	C:\JAVA\amazon-corretto-19.0.2.7.1-windows-x64-jdk\jdk19.0.2_7\bin\management.dll
0x00007ffeb5d10000 - 0x00007ffeb5d1b000 	C:\JAVA\amazon-corretto-19.0.2.7.1-windows-x64-jdk\jdk19.0.2_7\bin\management_ext.dll
0x00007ffec4670000 - 0x00007ffec4678000 	C:\Windows\System32\PSAPI.DLL
0x00007ffeb9af0000 - 0x00007ffeb9b04000 	C:\Users\Administrator\.openjfx\cache\20+19\amd64\javafx_font.dll
0x00007ffeafc50000 - 0x00007ffeafecf000 	C:\Windows\SYSTEM32\dwrite.dll
0x00007ffec2e60000 - 0x00007ffec2e8e000 	C:\Windows\SYSTEM32\USERENV.dll
0x00007ffebd460000 - 0x00007ffebd477000 	C:\Windows\SYSTEM32\dhcpcsvc6.DLL
0x00007ffebd530000 - 0x00007ffebd54d000 	C:\Windows\SYSTEM32\dhcpcsvc.DLL
0x00007ffeb5920000 - 0x00007ffeb594d000 	C:\Users\Administrator\.openjfx\cache\20+19\amd64\javafx_iio.dll
0x00007ffec4680000 - 0x00007ffec4729000 	C:\Windows\System32\clbcatq.dll
0x00007ffec0970000 - 0x00007ffec0b26000 	C:\Windows\SYSTEM32\WindowsCodecs.dll
0x00007ffebbe10000 - 0x00007ffebbe4e000 	C:\Windows\system32\dataexchange.dll
0x00007ffebf1f0000 - 0x00007ffebf453000 	C:\Windows\system32\d3d11.dll
0x00007ffec0040000 - 0x00007ffec0224000 	C:\Windows\system32\dcomp.dll
0x00007ffec1800000 - 0x00007ffec18f6000 	C:\Windows\system32\dxgi.dll
0x00007ffeb5d70000 - 0x00007ffeb5f73000 	C:\Windows\system32\twinapi.appcore.dll
0x00007ffebe080000 - 0x00007ffebe0b4000 	C:\Program Files\Common Files\Microsoft Shared\Ink\rtscom.dll
0x00007ffeb3cc0000 - 0x00007ffeb3db9000 	C:\Windows\SYSTEM32\textinputframework.dll

dbghelp: loaded successfully - version: 4.0.5 - missing functions: none
symbol engine: initialized successfully - sym options: 0x614 - pdb path: .;C:\JAVA\amazon-corretto-19.0.2.7.1-windows-x64-jdk\jdk19.0.2_7\bin;C:\Windows\SYSTEM32;C:\Windows\WinSxS\amd64_microsoft.windows.common-controls_6595b64144ccf1df_6.0.19041.4355_none_60b8b9eb71f62e16;C:\JAVA\amazon-corretto-19.0.2.7.1-windows-x64-jdk\jdk19.0.2_7\bin\server;C:\Users\Administrator\.openjfx\cache\20+19\amd64;C:\Windows\System32\DriverStore\FileRepository\nvmiwu.inf_amd64_7b11efeca48cd7d3;C:\Program Files\Common Files\Microsoft Shared\Ink

VM Arguments:
jvm_args: --module-path=C:\Users\Administrator\Desktop\ARCHIVES\openjfx-21.0.4_windows-x64_bin-sdk\javafx-sdk-21.0.4\lib --add-modules=javafx.controls,javafx.fxml,javafx.web,java.sql --module-path=C:\Users\Administrator\Desktop\ARCHIVES\openjfx-21.0.4_windows-x64_bin-sdk\javafx-sdk-21.0.4\lib --add-modules=javafx.controls,javafx.fxml,javafx.web,java.sql -Dfile.encoding=windows-1252 -Duser.country=US -Duser.language=en -Duser.variant --module-path=D:\WORKSPACE\JAVA\smpro\smpro-v2\build\libs\app-1.0-SNAPSHOT.jar;D:\WORKSPACE\JAVA\smpro\smpro-v2\build\classes\java\main;C:\JAVA\GRADLES\gradle-8.2-all\gradle-8.2\caches\modules-2\files-2.1\com.github.Dansoftowner\FXTaskbarProgressBar\v11.4\a38a3b1d1b537858a7f88ef956f9048a3099a45b\FXTaskbarProgressBar-v11.4.jar;C:\JAVA\GRADLES\gradle-8.2-all\gradle-8.2\caches\modules-2\files-2.1\org.openjfx\javafx-web\17.0.6\f4117256e602d41f484f2b9e5a74eeadc0a272eb\javafx-web-17.0.6-win.jar;C:\JAVA\GRADLES\gradle-8.2-all\gradle-8.2\caches\modules-2\files-2.1\org.openjfx\javafx-web\17.0.6\69293d257d088cd7f48a69a87afa59f4eb6461c6\javafx-web-17.0.6-linux.jar;C:\JAVA\GRADLES\gradle-8.2-all\gradle-8.2\caches\modules-2\files-2.1\org.openjfx\javafx-media\17.0.6\cc7e03817252ace41ece37ab29f193ba3fd0153e\javafx-media-17.0.6-win.jar;C:\JAVA\GRADLES\gradle-8.2-all\gradle-8.2\caches\modules-2\files-2.1\org.openjfx\javafx-media\17.0.6\5a496809cfebccf228a9cb1678b8cd51d986704b\javafx-media-17.0.6.jar;C:\JAVA\GRADLES\gradle-8.2-all\gradle-8.2\caches\modules-2\files-2.1\org.openjfx\javafx-media\17.0.6\a76bc115c1e43c4757466a1e128c2602db7e52f8\javafx-media-17.0.6-linux.jar;C:\JAVA\GRADLES\gradle-8.2-all\gradle-8.2\caches\modules-2\files-2.1\org.openjfx\javafx-swing\17.0.6\974e453fb9afac1fb6536a1c6c0edfc203959b8\javafx-swing-17.0.6-win.jar;C:\JAVA\GRADLES\gradle-8.2-all\gradle-8.2\caches\modules-2\files-2.1\org.openjfx\javafx-fxml\17.0.6\5724aedc415683e62eeab3a3875550aa814c84fd\javafx-fxml-17.0.6-win.jar;C:\JAVA\GRADLES\gradle-8.2-all\gradle-8.2\caches\modules-2\files-2.1\org.openjfx\javafx-fxml\17.0.6\c500ec44fd60e74a11021c71c0e6127dc31bc41d\javafx-fxml-17.0.6-linux.jar;C:\JAVA\GRADLES\gradle-8.2-all\gradle-8.2\caches\modules-2\files-2.1\io.github.mkpaz\atlantafx-base\2.0.1\51d2bfa35150921fe5b8b5e3c1a1bf78a6d57684\atlantafx-base-2.0.1.jar;C:\JAVA\GRADLES\gradle-8.2-all\gradle-8.2\caches\modules-2\files-2.1\org.openjfx\javafx-controls\20\f9a84d43adab2745f4999e7ff9a64f12dd563f1f\javafx-co-Djdk.module.main=smpro.app 
java_command: smpro.app/smpro.app.Entry
java_class_path (initial): D:\WORKSPACE\JAVA\smpro\smpro-v2\build\resources\main
Launcher Type: SUN_STANDARD

[Global flags]
     intx CICompilerCount                          = 3                                         {product} {ergonomic}
     uint ConcGCThreads                            = 1                                         {product} {ergonomic}
     uint G1ConcRefinementThreads                  = 4                                         {product} {ergonomic}
   size_t G1HeapRegionSize                         = 2097152                                   {product} {ergonomic}
    uintx GCDrainStackTargetSize                   = 64                                        {product} {ergonomic}
   size_t InitialHeapSize                          = 268435456                                 {product} {ergonomic}
   size_t MarkStackSize                            = 4194304                                   {product} {ergonomic}
   size_t MaxHeapSize                              = 4267704320                                {product} {ergonomic}
   size_t MaxNewSize                               = 2560622592                                {product} {ergonomic}
   size_t MinHeapDeltaBytes                        = 2097152                                   {product} {ergonomic}
   size_t MinHeapSize                              = 8388608                                   {product} {ergonomic}
    uintx NonNMethodCodeHeapSize                   = 5832780                                {pd product} {ergonomic}
    uintx NonProfiledCodeHeapSize                  = 122912730                              {pd product} {ergonomic}
    uintx ProfiledCodeHeapSize                     = 122912730                              {pd product} {ergonomic}
    uintx ReservedCodeCacheSize                    = 251658240                              {pd product} {ergonomic}
     bool SegmentedCodeCache                       = true                                      {product} {ergonomic}
   size_t SoftMaxHeapSize                          = 4267704320                             {manageable} {ergonomic}
     bool UseCompressedClassPointers               = true                           {product lp64_product} {ergonomic}
     bool UseCompressedOops                        = true                           {product lp64_product} {ergonomic}
     bool UseG1GC                                  = true                                      {product} {ergonomic}
     bool UseLargePagesIndividualAllocation        = false                                  {pd product} {ergonomic}

Logging:
Log output configuration:
 #0: stdout all=off uptime,level,tags foldmultilines=false
 #1: stderr all=off uptime,level,tags foldmultilines=false

Environment Variables:
JAVA_HOME=C:\JAVA\amazon-corretto-19.0.2.7.1-windows-x64-jdk\jdk19.0.2_7
PATH=C:\Windows\system32;C:\Windows;C:\Windows\System32\Wbem;C:\Windows\System32\WindowsPowerShell\v1.0\;C:\Windows\System32\OpenSSH\;C:\Program Files\Git\cmd;C:\Users\Administrator\AppData\Local\Programs\Python\Python39\Scripts\;C:\Users\Administrator\AppData\Local\Programs\Python\Python39\;C:\Users\Administrator\AppData\Local\Microsoft\WindowsApps;C:\Users\Administrator\AppData\Local\Programs\Microsoft VS Code\bin;C:\Program Files\JetBrains\PyCharm Community Edition 2024.1.4\bin;;C:\JAVA\GRADLES\gradle-8.2-all\gradle-8.2\bin;C:\JAVA\amazon-corretto-19.0.2.7.1-windows-x64-jdk\jdk19.0.2_7\bin;C:\Users\Administrator\AppData\Local\Programs\Python\Python39\Scripts;
USERNAME=Administrator
OS=Windows_NT
PROCESSOR_IDENTIFIER=Intel64 Family 6 Model 58 Stepping 9, GenuineIntel
TMP=C:\Users\ADMINI~1\AppData\Local\Temp
TEMP=C:\Users\ADMINI~1\AppData\Local\Temp



---------------  S Y S T E M  ---------------

OS:
 Windows 10 , 64 bit Build 19041 (10.0.19041.4717)
OS uptime: 1 days 23:05 hours

CPU: total 4 (initial active 4) (2 cores per cpu, 2 threads per core) family 6 model 58 stepping 9 microcode 0x21, cx8, cmov, fxsr, ht, mmx, sse, sse2, sse3, ssse3, sse4.1, sse4.2, popcnt, tsc, tscinvbit, avx, aes, erms, clmul, vzeroupper, clflush, rdtscp

Memory: 4k page, system-wide physical 16272M (8618M free)
TotalPageFile size 18704M (AvailPageFile size 10341M)
current process WorkingSet (physical memory assigned to process): 153M, peak: 249M
current process commit charge ("private bytes"): 232M, peak: 447M

vm_info: OpenJDK 64-Bit Server VM (19.0.2+7-FR) for windows-amd64 JRE (19.0.2+7-FR), built on Jan 13 2023 22:53:32 by "Administrator" with MS VC++ 15.9 (VS2017)

END.
