#
# A fatal error has been detected by the Java Runtime Environment:
#
#  EXCEPTION_ACCESS_VIOLATION (0xc0000005) at pc=0x00007ffeab316407, pid=7628, tid=1292
#
# JRE version: OpenJDK Runtime Environment Corretto-19.0.2.7.1 (19.0.2+7) (build 19.0.2+7-FR)
# Java VM: OpenJDK 64-Bit Server VM Corretto-19.0.2.7.1 (19.0.2+7-FR, mixed mode, sharing, tiered, compressed oops, compressed class ptrs, g1 gc, windows-amd64)
# Problematic frame:
# C  [glass.dll+0x26407]
#
# No core dump will be written. Minidumps are not enabled by default on client versions of Windows
#
# If you would like to submit a bug report, please visit:
#   https://github.com/corretto/corretto-19/issues/
#

---------------  S U M M A R Y ------------

Command Line: --module-path=C:\Users\Administrator\Desktop\ARCHIVES\openjfx-21.0.4_windows-x64_bin-sdk\javafx-sdk-21.0.4\lib --add-modules=javafx.controls,javafx.fxml,javafx.web,java.sql --module-path=C:\Users\Administrator\Desktop\ARCHIVES\openjfx-21.0.4_windows-x64_bin-sdk\javafx-sdk-21.0.4\lib --add-modules=javafx.controls,javafx.fxml,javafx.web,java.sql -Dfile.encoding=windows-1252 -Duser.country=US -Duser.language=en -Duser.variant --module-path=D:\WORKSPACE\JAVA\smpro\smpro-v2\build\libs\app-1.0-SNAPSHOT.jar;D:\WORKSPACE\JAVA\smpro\smpro-v2\build\classes\java\main;C:\JAVA\GRADLES\gradle-8.2-all\gradle-8.2\caches\modules-2\files-2.1\com.github.Dansoftowner\FXTaskbarProgressBar\v11.4\a38a3b1d1b537858a7f88ef956f9048a3099a45b\FXTaskbarProgressBar-v11.4.jar;C:\JAVA\GRADLES\gradle-8.2-all\gradle-8.2\caches\modules-2\files-2.1\org.openjfx\javafx-web\17.0.6\f4117256e602d41f484f2b9e5a74eeadc0a272eb\javafx-web-17.0.6-win.jar;C:\JAVA\GRADLES\gradle-8.2-all\gradle-8.2\caches\modules-2\files-2.1\org.openjfx\javafx-web\17.0.6\69293d257d088cd7f48a69a87afa59f4eb6461c6\javafx-web-17.0.6-linux.jar;C:\JAVA\GRADLES\gradle-8.2-all\gradle-8.2\caches\modules-2\files-2.1\org.openjfx\javafx-media\17.0.6\cc7e03817252ace41ece37ab29f193ba3fd0153e\javafx-media-17.0.6-win.jar;C:\JAVA\GRADLES\gradle-8.2-all\gradle-8.2\caches\modules-2\files-2.1\org.openjfx\javafx-media\17.0.6\5a496809cfebccf228a9cb1678b8cd51d986704b\javafx-media-17.0.6.jar;C:\JAVA\GRADLES\gradle-8.2-all\gradle-8.2\caches\modules-2\files-2.1\org.openjfx\javafx-media\17.0.6\a76bc115c1e43c4757466a1e128c2602db7e52f8\javafx-media-17.0.6-linux.jar;C:\JAVA\GRADLES\gradle-8.2-all\gradle-8.2\caches\modules-2\files-2.1\org.openjfx\javafx-swing\17.0.6\974e453fb9afac1fb6536a1c6c0edfc203959b8\javafx-swing-17.0.6-win.jar;C:\JAVA\GRADLES\gradle-8.2-all\gradle-8.2\caches\modules-2\files-2.1\org.openjfx\javafx-fxml\17.0.6\5724aedc415683e62eeab3a3875550aa814c84fd\javafx-fxml-17.0.6-win.jar;C:\JAVA\GRADLES\gradle-8.2-all\gradle-8.2\caches\modules-2\files-2.1\org.openjfx\javafx-fxml\17.0.6\c500ec44fd60e74a11021c71c0e6127dc31bc41d\javafx-fxml-17.0.6-linux.jar;C:\JAVA\GRADLES\gradle-8.2-all\gradle-8.2\caches\modules-2\files-2.1\io.github.mkpaz\atlantafx-base\2.0.1\51d2bfa35150921fe5b8b5e3c1a1bf78a6d57684\atlantafx-base-2.0.1.jar;C:\JAVA\GRADLES\gradle-8.2-all\gradle-8.2\caches\modules-2\files-2.1\org.openjfx\javafx-controls\20\f9a84d43adab2745f4999e7ff9a64f12dd563f1f\javafx-co-Djdk.module.main=smpro.app smpro.app/smpro.app.Entry

Host: Intel(R) Core(TM) i5-3230M CPU @ 2.60GHz, 4 cores, 15G,  Windows 10 , 64 bit Build 19041 (10.0.19041.4717)
Time: Mon Aug 26 21:11:55 2024 W. Central Africa Standard Time elapsed time: 19.359092 seconds (0d 0h 0m 19s)

---------------  T H R E A D  ---------------

Current thread (0x000001daa5a1cd50):  VMThread "VM Thread" [stack: 0x000000cc85900000,0x000000cc85a00000] [id=1292]

Stack: [0x000000cc85900000,0x000000cc85a00000],  sp=0x000000cc859ff2f0,  free space=1020k
Native frames: (J=compiled Java code, j=interpreted, Vv=VM code, C=native code)
C  [glass.dll+0x26407]


siginfo: EXCEPTION_ACCESS_VIOLATION (0xc0000005), reading address 0x0000000000000000


Registers:
RAX=0x0000000000000000, RBX=0x000001daa5a28ba0, RCX=0x000001daa5a1cd50, RDX=0x000000cc859ff2f0
RSP=0x000000cc859ff2f0, RBP=0x000001daaa4efd18, RSI=0x000001daaa4efcf0, RDI=0x0000f813f8ea2ba6
R8 =0x0000000000010002, R9 =0x0000f813f8ea2ba6, R10=0x0000000000008000, R11=0x000000cc859ff280
R12=0x00007ffeab313d40, R13=0x00007ffe9f57ff20, R14=0x000000cc859ff3e8, R15=0x000001daaa4efcf0
RIP=0x00007ffeab316407, EFLAGS=0x0000000000010206


Register to memory mapping:

RIP=0x00007ffeab316407 glass.dll
RAX=0x0 is NULL
RBX=0x000001daa5a28ba0 is a global jni handle
RCX=0x000001daa5a1cd50 points into unknown readable memory: 0x00007ffe9f3b34f8 | f8 34 3b 9f fe 7f 00 00
RDX=0x000000cc859ff2f0 points into unknown readable memory: 0x0000000000000000 | 00 00 00 00 00 00 00 00
RSP=0x000000cc859ff2f0 points into unknown readable memory: 0x0000000000000000 | 00 00 00 00 00 00 00 00
RBP=0x000001daaa4efd18 points into unknown readable memory: 0x0000f813f8ea2ba6 | a6 2b ea f8 13 f8 00 00
RSI=0x000001daaa4efcf0 points into unknown readable memory: 0xcc4eee13f8f5d40c | 0c d4 f5 f8 13 ee 4e cc
RDI=0x0000f813f8ea2ba6 is an unknown value
R8 =0x0000000000010002 is an unknown value
R9 =0x0000f813f8ea2ba6 is an unknown value
R10=0x0000000000008000 is an unknown value
R11=0x000000cc859ff280 points into unknown readable memory: 0x000001daaa4efcf0 | f0 fc 4e aa da 01 00 00
R12=0x00007ffeab313d40 glass.dll
R13=0x00007ffe9f57ff20 jvm.dll
R14=0x000000cc859ff3e8 points into unknown readable memory: 0x000000cc859ff3d0 | d0 f3 9f 85 cc 00 00 00
R15=0x000001daaa4efcf0 points into unknown readable memory: 0xcc4eee13f8f5d40c | 0c d4 f5 f8 13 ee 4e cc


Top of Stack: (sp=0x000000cc859ff2f0)
0x000000cc859ff2f0:   0000000000000000 000001daaa4efcf0
0x000000cc859ff300:   00007ffe9f57ff20 00007ffeab313d40
0x000000cc859ff310:   000001daaa4efcf8 00007ffec30c42d6
0x000000cc859ff320:   0000f813f8ea2ba6 000001da00000000
0x000000cc859ff330:   000001daaa4efd18 000001daaa4efcf0
0x000000cc859ff340:   fffffffffffffffe 0000000000000000
0x000000cc859ff350:   0000000000000001 00007ffeab2f0000
0x000000cc859ff360:   000000cc859ff3d8 00007ffec30c41fb
0x000000cc859ff370:   0000000000000000 000000cc859ff3e8
0x000000cc859ff380:   000000cc859ff6c0 00007ffec31a0e40
0x000000cc859ff390:   0000000000000001 00007ffec30c41b4
0x000000cc859ff3a0:   0000000000000000 0000000000000001
0x000000cc859ff3b0:   0000000000000000 000000cc859ff3d8
0x000000cc859ff3c0:   0000000000000001 00007ffeab313bcd
0x000000cc859ff3d0:   00007ffeab329f88 00007ffe00000002
0x000000cc859ff3e0:   0000000000000002 000000cc859ff3d0 

Instructions: (pc=0x00007ffeab316407)
0x00007ffeab316307:   8b 4d 58 e8 7d cf ff ff 48 8b 4d 60 e8 74 cf ff
0x00007ffeab316317:   ff 48 8b 95 80 00 00 00 48 8b 8d 18 01 00 00 e8
0x00007ffeab316327:   66 c4 ff ff 33 d2 33 c9 e8 bc e1 ff ff 90 48 89
0x00007ffeab316337:   54 24 10 55 48 83 ec 20 48 8b ea 48 b8 00 00 00
0x00007ffeab316347:   00 00 00 00 00 48 83 c4 20 5d c3 cc 40 55 48 8b
0x00007ffeab316357:   ea 48 8b 01 33 c9 81 38 05 00 00 c0 0f 94 c1 8b
0x00007ffeab316367:   c1 5d c3 cc 40 55 48 83 ec 20 48 8b ea 8a 4d 40
0x00007ffeab316377:   48 83 c4 20 5d e9 63 d3 ff ff cc 40 55 48 83 ec
0x00007ffeab316387:   20 48 8b ea 8a 4d 20 e8 51 d3 ff ff 90 48 83 c4
0x00007ffeab316397:   20 5d c3 cc 40 55 48 83 ec 20 48 8b ea 48 83 c4
0x00007ffeab3163a7:   20 5d e9 b2 d1 ff ff cc 40 55 48 83 ec 30 48 8b
0x00007ffeab3163b7:   ea 48 8b 01 8b 10 48 89 4c 24 28 89 54 24 20 4c
0x00007ffeab3163c7:   8d 0d 53 d6 ff ff 4c 8b 45 70 8b 55 68 48 8b 4d
0x00007ffeab3163d7:   60 e8 f3 d0 ff ff 90 48 83 c4 30 5d c3 cc cc cc
0x00007ffeab3163e7:   cc cc cc cc cc cc cc cc cc 40 53 48 83 ec 20 48
0x00007ffeab3163f7:   8b 1d 8b 35 01 00 48 85 db 74 16 e8 79 8b ff ff
0x00007ffeab316407:   4c 8b 00 48 8b d3 48 8b c8 41 ff 90 b0 00 00 00
0x00007ffeab316417:   90 48 83 c4 20 5b c3 cc cc 40 53 48 83 ec 20 48
0x00007ffeab316427:   8b 1d fb 36 01 00 48 85 db 74 57 b8 ff ff ff ff
0x00007ffeab316437:   f0 0f c1 43 10 83 f8 01 75 3d 48 85 db 74 38 48
0x00007ffeab316447:   8b 0b 48 85 c9 74 0d ff 15 54 0e 00 00 48 c7 03
0x00007ffeab316457:   00 00 00 00 48 8b 4b 08 48 85 c9 74 0d e8 23 ce
0x00007ffeab316467:   ff ff 48 c7 43 08 00 00 00 00 ba 18 00 00 00 48
0x00007ffeab316477:   8b cb e8 0e ce ff ff 48 c7 05 9f 36 01 00 00 00
0x00007ffeab316487:   00 00 48 83 c4 20 5b c3 cc 40 53 48 83 ec 20 48
0x00007ffeab316497:   8b 1d 6b 36 01 00 48 85 db 74 57 b8 ff ff ff ff
0x00007ffeab3164a7:   f0 0f c1 43 10 83 f8 01 75 3d 48 85 db 74 38 48
0x00007ffeab3164b7:   8b 0b 48 85 c9 74 0d ff 15 e4 0d 00 00 48 c7 03
0x00007ffeab3164c7:   00 00 00 00 48 8b 4b 08 48 85 c9 74 0d e8 b3 cd
0x00007ffeab3164d7:   ff ff 48 c7 43 08 00 00 00 00 ba 18 00 00 00 48
0x00007ffeab3164e7:   8b cb e8 9e cd ff ff 48 c7 05 0f 36 01 00 00 00
0x00007ffeab3164f7:   00 00 48 83 c4 20 5b c3 cc 40 53 48 83 ec 20 48 


Stack slot to memory mapping:
stack at sp + 0 slots: 0x0 is NULL
stack at sp + 1 slots: 0x000001daaa4efcf0 points into unknown readable memory: 0xcc4eee13f8f5d40c | 0c d4 f5 f8 13 ee 4e cc
stack at sp + 2 slots: 0x00007ffe9f57ff20 jvm.dll
stack at sp + 3 slots: 0x00007ffeab313d40 glass.dll
stack at sp + 4 slots: 0x000001daaa4efcf8 points into unknown readable memory: 0x0000f813f8ea2ba6 | a6 2b ea f8 13 f8 00 00
stack at sp + 5 slots: 0x00007ffec30c42d6 ucrtbase.dll
stack at sp + 6 slots: 0x0000f813f8ea2ba6 is an unknown value
stack at sp + 7 slots: 0x000001da00000000 is an unknown value

VM_Operation (0x000000cc86dfbeb0): Exit, mode: safepoint, requested by thread 0x000001daa5a486b0


---------------  P R O C E S S  ---------------

Threads class SMR info:
_java_thread_list=0x000001dab1909450, length=20, elements={
0x000001da82c3f8c0, 0x000001daa5a38910, 0x000001daa5a3b710, 0x000001daa5a41790,
0x000001daa5a42860, 0x000001daa5a466d0, 0x000001daa5a4fcf0, 0x000001daa5a50e00,
0x000001daa5a48160, 0x000001daa5a456e0, 0x000001daa5a45c30, 0x000001daa5a47c10,
0x000001daa5a476c0, 0x000001daa5a486b0, 0x000001daa5a47170, 0x000001daa5a46180,
0x000001daa5a46c20, 0x000001dab1080670, 0x000001dab107ac20, 0x000001dab107dbf0
}

Java Threads: ( => current thread )
  0x000001da82c3f8c0 JavaThread "main" [_thread_blocked, id=1792, stack(0x000000cc85300000,0x000000cc85400000)]
  0x000001daa5a38910 JavaThread "Reference Handler" daemon [_thread_blocked, id=408, stack(0x000000cc85a00000,0x000000cc85b00000)]
  0x000001daa5a3b710 JavaThread "Finalizer" daemon [_thread_blocked, id=8304, stack(0x000000cc85b00000,0x000000cc85c00000)]
  0x000001daa5a41790 JavaThread "Attach Listener" daemon [_thread_blocked, id=4808, stack(0x000000cc85d00000,0x000000cc85e00000)]
  0x000001daa5a42860 JavaThread "Service Thread" daemon [_thread_blocked, id=8244, stack(0x000000cc85e00000,0x000000cc85f00000)]
  0x000001daa5a466d0 JavaThread "Monitor Deflation Thread" daemon [_thread_blocked, id=5744, stack(0x000000cc85f00000,0x000000cc86000000)]
  0x000001daa5a4fcf0 JavaThread "C2 CompilerThread0" daemon [_thread_blocked, id=7960, stack(0x000000cc86000000,0x000000cc86100000)]
  0x000001daa5a50e00 JavaThread "C1 CompilerThread0" daemon [_thread_blocked, id=5212, stack(0x000000cc86100000,0x000000cc86200000)]
  0x000001daa5a48160 JavaThread "Sweeper thread" daemon [_thread_blocked, id=8956, stack(0x000000cc86200000,0x000000cc86300000)]
  0x000001daa5a456e0 JavaThread "Common-Cleaner" daemon [_thread_blocked, id=3632, stack(0x000000cc86300000,0x000000cc86400000)]
  0x000001daa5a45c30 JavaThread "Notification Thread" daemon [_thread_blocked, id=7492, stack(0x000000cc86800000,0x000000cc86900000)]
  0x000001daa5a47c10 JavaThread "QuantumRenderer-0" daemon [_thread_blocked, id=7740, stack(0x000000cc86a00000,0x000000cc86b00000)]
  0x000001daa5a476c0 JavaThread "InvokeLaterDispatcher" daemon [_thread_blocked, id=7120, stack(0x000000cc86c00000,0x000000cc86d00000)]
  0x000001daa5a486b0 JavaThread "JavaFX Application Thread" [_thread_blocked, id=940, stack(0x000000cc86d00000,0x000000cc86e00000)]
  0x000001daa5a47170 JavaThread "Thread-1" daemon [_thread_in_native, id=6720, stack(0x000000cc86400000,0x000000cc86500000)]
  0x000001daa5a46180 JavaThread "JavaFX-Launcher" [_thread_blocked, id=6996, stack(0x000000cc86f00000,0x000000cc87000000)]
  0x000001daa5a46c20 JavaThread "PostgreSQL-JDBC-Cleaner" daemon [_thread_blocked, id=7848, stack(0x000000cc87200000,0x000000cc87300000)]
  0x000001dab1080670 JavaThread "Prism Font Disposer" daemon [_thread_blocked, id=9072, stack(0x000000cc87300000,0x000000cc87400000)]
  0x000001dab107ac20 JavaThread "Cleaner-0" daemon [_thread_blocked, id=2832, stack(0x000000cc87900000,0x000000cc87a00000)]
  0x000001dab107dbf0 JavaThread "Thread-3" [_thread_blocked, id=5724, stack(0x000000cc87b10000,0x000000cc87c10000)]

Other Threads:
=>0x000001daa5a1cd50 VMThread "VM Thread" [stack: 0x000000cc85900000,0x000000cc85a00000] [id=1292]
  0x000001da82cb48c0 WorkerThread "GC Thread#0" [stack: 0x000000cc85400000,0x000000cc85500000] [id=1636]
  0x000001daa5a1b9a0 WorkerThread "GC Thread#1" [stack: 0x000000cc86500000,0x000000cc86600000] [id=4884]
  0x000001daa5a1ca80 WorkerThread "GC Thread#2" [stack: 0x000000cc86600000,0x000000cc86700000] [id=4208]
  0x000001daa5a1d020 WorkerThread "GC Thread#3" [stack: 0x000000cc86700000,0x000000cc86800000] [id=1460]
  0x000001da82cc5720 ConcurrentGCThread "G1 Main Marker" terminated
  0x000001da82cc69a0 WorkerThread "G1 Conc#0" [stack: 0x000000cc85600000,0x000000cc85700000] [id=2796]
  0x000001da82cfeb90 ConcurrentGCThread "G1 Refine#0" terminated
  0x000001daa58da760 ConcurrentGCThread "G1 Service" terminated

Threads with active compile tasks:

VM state: at safepoint (shutting down)

VM Mutex/Monitor currently owned by a thread:  ([mutex/lock_event])
[0x000001da82c3bdd0] Threads_lock - owner thread: 0x000001daa5a1cd50
[0x000001da82c3c2e0] Heap_lock - owner thread: 0x000001daa5a486b0

Heap address: 0x0000000701a00000, size: 4070 MB, Compressed Oops mode: Zero based, Oop shift amount: 3

CDS archive(s) mapped at: [0x0000000800000000-0x0000000800c40000-0x0000000800c40000), size 12845056, SharedBaseAddress: 0x0000000800000000, ArchiveRelocationMode: 0.
Compressed class space mapped at: 0x0000000801000000-0x0000000841000000, reserved size: 1073741824
Narrow klass base: 0x0000000800000000, Narrow klass shift: 0, Narrow klass range: 0x100000000

GC Precious Log:
 CardTable entry size: 512
 Card Set container configuration: InlinePtr #cards 4 size 8 Array Of Cards #cards 16 size 48 Howl #buckets 8 coarsen threshold 3686 Howl Bitmap #cards 512 size 80 coarsen threshold 460 Card regions per heap region 1 cards per card region 4096
 CPUs: 4 total, 4 available
 Memory: 16272M
 Large Page Support: Disabled
 NUMA Support: Disabled
 Compressed Oops: Enabled (Zero based)
 Heap Region Size: 2M
 Heap Min Capacity: 8M
 Heap Initial Capacity: 256M
 Heap Max Capacity: 4070M
 Pre-touch: Disabled
 Parallel Workers: 4
 Concurrent Workers: 1
 Concurrent Refinement Workers: 4
 Periodic GC: Disabled

Heap:
 garbage-first heap   total 75776K, used 28064K [0x0000000701a00000, 0x0000000800000000)
  region size 2048K, 14 young (28672K), 9 survivors (18432K)
 Metaspace       used 22308K, committed 22656K, reserved 1114112K
  class space    used 3160K, committed 3328K, reserved 1048576K

Heap Regions: E=young(eden), S=young(survivor), O=old, HS=humongous(starts), HC=humongous(continues), CS=collection set, F=free, OA=open archive, CA=closed archive, TAMS=top-at-mark-start (previous, next)
|   0|0x0000000701a00000, 0x0000000701c00000, 0x0000000701c00000|100%|HS|  |TAMS 0x0000000701a00000, 0x0000000701a00000| Complete 
|   1|0x0000000701c00000, 0x0000000701c00000, 0x0000000701e00000|  0%| F|  |TAMS 0x0000000701c00000, 0x0000000701c00000| Untracked 
|   2|0x0000000701e00000, 0x0000000701e00000, 0x0000000702000000|  0%| F|  |TAMS 0x0000000701e00000, 0x0000000701e00000| Untracked 
|   3|0x0000000702000000, 0x0000000702000000, 0x0000000702200000|  0%| F|  |TAMS 0x0000000702000000, 0x0000000702000000| Untracked 
|   4|0x0000000702200000, 0x0000000702200000, 0x0000000702400000|  0%| F|  |TAMS 0x0000000702200000, 0x0000000702200000| Untracked 
|   5|0x0000000702400000, 0x0000000702400000, 0x0000000702600000|  0%| F|  |TAMS 0x0000000702400000, 0x0000000702400000| Untracked 
|   6|0x0000000702600000, 0x0000000702600000, 0x0000000702800000|  0%| F|  |TAMS 0x0000000702600000, 0x0000000702600000| Untracked 
|   7|0x0000000702800000, 0x0000000702800000, 0x0000000702a00000|  0%| F|  |TAMS 0x0000000702800000, 0x0000000702800000| Untracked 
|   8|0x0000000702a00000, 0x0000000702a00000, 0x0000000702c00000|  0%| F|  |TAMS 0x0000000702a00000, 0x0000000702a00000| Untracked 
|   9|0x0000000702c00000, 0x0000000702c00000, 0x0000000702e00000|  0%| F|  |TAMS 0x0000000702c00000, 0x0000000702c00000| Untracked 
|  10|0x0000000702e00000, 0x0000000702e00000, 0x0000000703000000|  0%| F|  |TAMS 0x0000000702e00000, 0x0000000702e00000| Untracked 
|  11|0x0000000703000000, 0x0000000703000000, 0x0000000703200000|  0%| F|  |TAMS 0x0000000703000000, 0x0000000703000000| Untracked 
|  12|0x0000000703200000, 0x0000000703200000, 0x0000000703400000|  0%| F|  |TAMS 0x0000000703200000, 0x0000000703200000| Untracked 
|  13|0x0000000703400000, 0x0000000703400000, 0x0000000703600000|  0%| F|  |TAMS 0x0000000703400000, 0x0000000703400000| Untracked 
|  14|0x0000000703600000, 0x0000000703600000, 0x0000000703800000|  0%| F|  |TAMS 0x0000000703600000, 0x0000000703600000| Untracked 
|  15|0x0000000703800000, 0x0000000703800000, 0x0000000703a00000|  0%| F|  |TAMS 0x0000000703800000, 0x0000000703800000| Untracked 
|  16|0x0000000703a00000, 0x0000000703a00000, 0x0000000703c00000|  0%| F|  |TAMS 0x0000000703a00000, 0x0000000703a00000| Untracked 
|  17|0x0000000703c00000, 0x0000000703c00000, 0x0000000703e00000|  0%| F|  |TAMS 0x0000000703c00000, 0x0000000703c00000| Untracked 
|  18|0x0000000703e00000, 0x0000000703e00000, 0x0000000704000000|  0%| F|  |TAMS 0x0000000703e00000, 0x0000000703e00000| Untracked 
|  19|0x0000000704000000, 0x0000000704000000, 0x0000000704200000|  0%| F|  |TAMS 0x0000000704000000, 0x0000000704000000| Untracked 
|  20|0x0000000704200000, 0x0000000704200000, 0x0000000704400000|  0%| F|  |TAMS 0x0000000704200000, 0x0000000704200000| Untracked 
|  21|0x0000000704400000, 0x0000000704400000, 0x0000000704600000|  0%| F|  |TAMS 0x0000000704400000, 0x0000000704400000| Untracked 
|  22|0x0000000704600000, 0x0000000704600000, 0x0000000704800000|  0%| F|  |TAMS 0x0000000704600000, 0x0000000704600000| Untracked 
|  23|0x0000000704800000, 0x00000007048555b8, 0x0000000704a00000| 16%| E|  |TAMS 0x0000000704800000, 0x0000000704800000| Complete 
|  24|0x0000000704a00000, 0x0000000704c00000, 0x0000000704c00000|100%| E|CS|TAMS 0x0000000704a00000, 0x0000000704a00000| Complete 
|  25|0x0000000704c00000, 0x0000000704e00000, 0x0000000704e00000|100%| E|CS|TAMS 0x0000000704c00000, 0x0000000704c00000| Complete 
|  70|0x000000070a600000, 0x000000070a7681f0, 0x000000070a800000| 70%| S|CS|TAMS 0x000000070a600000, 0x000000070a600000| Complete 
|  71|0x000000070a800000, 0x000000070aa00000, 0x000000070aa00000|100%| S|CS|TAMS 0x000000070a800000, 0x000000070a800000| Complete 
|  72|0x000000070aa00000, 0x000000070ac00000, 0x000000070ac00000|100%| S|CS|TAMS 0x000000070aa00000, 0x000000070aa00000| Complete 
|  73|0x000000070ac00000, 0x000000070ae00000, 0x000000070ae00000|100%| S|CS|TAMS 0x000000070ac00000, 0x000000070ac00000| Complete 
|  74|0x000000070ae00000, 0x000000070b000000, 0x000000070b000000|100%| S|CS|TAMS 0x000000070ae00000, 0x000000070ae00000| Complete 
|  75|0x000000070b000000, 0x000000070b200000, 0x000000070b200000|100%| S|CS|TAMS 0x000000070b000000, 0x000000070b000000| Complete 
|  76|0x000000070b200000, 0x000000070b400000, 0x000000070b400000|100%| S|CS|TAMS 0x000000070b200000, 0x000000070b200000| Complete 
|  77|0x000000070b400000, 0x000000070b600000, 0x000000070b600000|100%| S|CS|TAMS 0x000000070b400000, 0x000000070b400000| Complete 
|  78|0x000000070b600000, 0x000000070b800000, 0x000000070b800000|100%| S|CS|TAMS 0x000000070b600000, 0x000000070b600000| Complete 
| 126|0x0000000711600000, 0x0000000711800000, 0x0000000711800000|100%| E|CS|TAMS 0x0000000711600000, 0x0000000711600000| Complete 
| 127|0x0000000711800000, 0x0000000711a00000, 0x0000000711a00000|100%| E|CS|TAMS 0x0000000711800000, 0x0000000711800000| Complete 

Card table byte_map: [0x000001da9a620000,0x000001da9ae20000] _byte_map_base: 0x000001da96e13000

Marking Bits (Prev, Next): (CMBitMap*) 0x000001da82cb4e40, (CMBitMap*) 0x000001da82cb4e00
 Prev Bits: [0x000001da9f5c0000, 0x000001daa3558000)
 Next Bits: [0x000001da9b620000, 0x000001da9f5b8000)

Polling page: 0x000001da82400000

Metaspace:

Usage:
  Non-class:     18.70 MB used.
      Class:      3.09 MB used.
       Both:     21.79 MB used.

Virtual space:
  Non-class space:       64.00 MB reserved,      18.88 MB ( 29%) committed,  1 nodes.
      Class space:        1.00 GB reserved,       3.25 MB ( <1%) committed,  1 nodes.
             Both:        1.06 GB reserved,      22.13 MB (  2%) committed. 

Chunk freelists:
   Non-Class:  1.13 MB
       Class:  584.00 KB
        Both:  1.70 MB

MaxMetaspaceSize: unlimited
CompressedClassSpaceSize: 1.00 GB
Initial GC threshold: 21.00 MB
Current GC threshold: 35.25 MB
CDS: on
MetaspaceReclaimPolicy: balanced
 - commit_granule_bytes: 65536.
 - commit_granule_words: 8192.
 - virtual_space_node_default_size: 8388608.
 - enlarge_chunks_in_place: 1.
 - new_chunks_are_fully_committed: 0.
 - uncommit_free_chunks: 1.
 - use_allocation_guard: 0.


Internal statistics:

num_allocs_failed_limit: 3.
num_arena_births: 432.
num_arena_deaths: 0.
num_vsnodes_births: 2.
num_vsnodes_deaths: 0.
num_space_committed: 354.
num_space_uncommitted: 0.
num_chunks_returned_to_freelist: 3.
num_chunks_taken_from_freelist: 1106.
num_chunk_merges: 3.
num_chunk_splits: 803.
num_chunks_enlarged: 629.
num_inconsistent_stats: 0.

CodeHeap 'non-profiled nmethods': size=120000Kb used=1798Kb max_used=1798Kb free=118202Kb
 bounds [0x000001da928f0000, 0x000001da92b60000, 0x000001da99e20000]
CodeHeap 'profiled nmethods': size=120000Kb used=8291Kb max_used=8291Kb free=111709Kb
 bounds [0x000001da8ae20000, 0x000001da8b640000, 0x000001da92350000]
CodeHeap 'non-nmethods': size=5760Kb used=1559Kb max_used=1578Kb free=4200Kb
 bounds [0x000001da92350000, 0x000001da925c0000, 0x000001da928f0000]
 total_blobs=4944 nmethods=4089 adapters=763
 compilation: enabled
              stopped_count=0, restarted_count=0
 full_count=0

Compilation events (20 events):
Event: 18.747 Thread 0x000001daa5a50e00 4082       1       com.sun.javafx.sg.prism.RegionImageCache::getBackingStore (5 bytes)
Event: 18.747 Thread 0x000001daa5a50e00 nmethod 4082 0x000001da92ab0d90 code [0x000001da92ab0f20, 0x000001da92ab0ff8]
Event: 18.774 Thread 0x000001daa5a4fcf0 4083   !   4       java.lang.ref.ReferenceQueue::poll (40 bytes)
Event: 18.776 Thread 0x000001daa5a4fcf0 nmethod 4083 0x000001da92ab1090 code [0x000001da92ab1240, 0x000001da92ab1390]
Event: 18.794 Thread 0x000001daa5a50e00 4084       3       com.sun.glass.ui.Window$UndecoratedMoveResizeHelper::handleMouseEvent (157 bytes)
Event: 18.795 Thread 0x000001daa5a50e00 nmethod 4084 0x000001da8b635010 code [0x000001da8b635260, 0x000001da8b635af8]
Event: 18.795 Thread 0x000001daa5a50e00 4090       3       javafx.collections.ListChangeBuilder$SubChange::<init> (32 bytes)
Event: 18.795 Thread 0x000001daa5a50e00 nmethod 4090 0x000001da8b635d10 code [0x000001da8b635ec0, 0x000001da8b6360f8]
Event: 18.795 Thread 0x000001daa5a50e00 4085       3       com.sun.glass.ui.View::handleMouseEvent (34 bytes)
Event: 18.795 Thread 0x000001daa5a50e00 nmethod 4085 0x000001da8b636210 code [0x000001da8b6363c0, 0x000001da8b636668]
Event: 18.795 Thread 0x000001daa5a50e00 4086       3       com.sun.javafx.tk.quantum.GlassViewEventHandler::handleMouseEvent (108 bytes)
Event: 18.796 Thread 0x000001daa5a50e00 nmethod 4086 0x000001da8b636790 code [0x000001da8b6369a0, 0x000001da8b637018]
Event: 18.796 Thread 0x000001daa5a50e00 4087       3       com.sun.javafx.tk.quantum.GlassViewEventHandler$$Lambda$711/0x0000000801341280::get (8 bytes)
Event: 18.797 Thread 0x000001daa5a50e00 nmethod 4087 0x000001da8b637290 code [0x000001da8b6374c0, 0x000001da8b637ae8]
Event: 18.797 Thread 0x000001daa5a50e00 4088       3       com.sun.javafx.tk.quantum.GlassViewEventHandler::lambda$handleMouseEvent$2 (18 bytes)
Event: 18.797 Thread 0x000001daa5a50e00 nmethod 4088 0x000001da8b637e10 code [0x000001da8b638040, 0x000001da8b6385e8]
Event: 18.797 Thread 0x000001daa5a50e00 4089       3       com.sun.javafx.tk.quantum.GlassViewEventHandler$MouseEventNotification::run (5 bytes)
Event: 18.798 Thread 0x000001daa5a50e00 nmethod 4089 0x000001da8b638890 code [0x000001da8b638a40, 0x000001da8b638b88]
Event: 18.801 Thread 0x000001daa5a4fcf0 4091       4       java.util.ArrayList$Itr::checkForComodification (23 bytes)
Event: 18.802 Thread 0x000001daa5a4fcf0 nmethod 4091 0x000001da92ab1510 code [0x000001da92ab16a0, 0x000001da92ab1758]

GC Heap History (6 events):
Event: 0.324 GC heap before
{Heap before GC invocations=0 (full 0):
 garbage-first heap   total 262144K, used 10240K [0x0000000701a00000, 0x0000000800000000)
  region size 2048K, 6 young (12288K), 0 survivors (0K)
 Metaspace       used 823K, committed 960K, reserved 1114112K
  class space    used 60K, committed 128K, reserved 1048576K
}
Event: 0.327 GC heap after
{Heap after GC invocations=1 (full 0):
 garbage-first heap   total 262144K, used 823K [0x0000000701a00000, 0x0000000800000000)
  region size 2048K, 1 young (2048K), 1 survivors (2048K)
 Metaspace       used 823K, committed 960K, reserved 1114112K
  class space    used 60K, committed 128K, reserved 1048576K
}
Event: 0.559 GC heap before
{Heap before GC invocations=1 (full 0):
 garbage-first heap   total 262144K, used 19255K [0x0000000701a00000, 0x0000000800000000)
  region size 2048K, 11 young (22528K), 1 survivors (2048K)
 Metaspace       used 1031K, committed 1216K, reserved 1114112K
  class space    used 76K, committed 192K, reserved 1048576K
}
Event: 0.561 GC heap after
{Heap after GC invocations=2 (full 0):
 garbage-first heap   total 262144K, used 982K [0x0000000701a00000, 0x0000000800000000)
  region size 2048K, 1 young (2048K), 1 survivors (2048K)
 Metaspace       used 1031K, committed 1216K, reserved 1114112K
  class space    used 76K, committed 192K, reserved 1048576K
}
Event: 4.620 GC heap before
{Heap before GC invocations=2 (full 0):
 garbage-first heap   total 262144K, used 111574K [0x0000000701a00000, 0x0000000800000000)
  region size 2048K, 49 young (100352K), 1 survivors (2048K)
 Metaspace       used 21192K, committed 21504K, reserved 1114112K
  class space    used 3096K, committed 3264K, reserved 1048576K
}
Event: 4.643 GC heap after
{Heap after GC invocations=3 (full 0):
 garbage-first heap   total 262144K, used 17824K [0x0000000701a00000, 0x0000000800000000)
  region size 2048K, 9 young (18432K), 9 survivors (18432K)
 Metaspace       used 21192K, committed 21504K, reserved 1114112K
  class space    used 3096K, committed 3264K, reserved 1048576K
}

Dll operation events (20 events):
Event: 0.839 Loaded shared library C:\Users\Administrator\.openjfx\cache\20+19\amd64\api-ms-win-crt-private-l1-1-0.dll
Event: 0.842 Loaded shared library C:\Users\Administrator\.openjfx\cache\20+19\amd64\api-ms-win-crt-process-l1-1-0.dll
Event: 0.845 Loaded shared library C:\Users\Administrator\.openjfx\cache\20+19\amd64\api-ms-win-crt-runtime-l1-1-0.dll
Event: 0.848 Loaded shared library C:\Users\Administrator\.openjfx\cache\20+19\amd64\api-ms-win-crt-stdio-l1-1-0.dll
Event: 0.852 Loaded shared library C:\Users\Administrator\.openjfx\cache\20+19\amd64\api-ms-win-crt-string-l1-1-0.dll
Event: 0.855 Loaded shared library C:\Users\Administrator\.openjfx\cache\20+19\amd64\api-ms-win-crt-time-l1-1-0.dll
Event: 0.858 Loaded shared library C:\Users\Administrator\.openjfx\cache\20+19\amd64\api-ms-win-crt-utility-l1-1-0.dll
Event: 0.875 Loaded shared library C:\Users\Administrator\.openjfx\cache\20+19\amd64\ucrtbase.dll
Event: 0.880 Loaded shared library C:\Users\Administrator\.openjfx\cache\20+19\amd64\vcruntime140.dll
Event: 0.885 Loaded shared library C:\Users\Administrator\.openjfx\cache\20+19\amd64\vcruntime140_1.dll
Event: 0.894 Loaded shared library C:\Users\Administrator\.openjfx\cache\20+19\amd64\msvcp140.dll
Event: 0.897 Loaded shared library C:\Users\Administrator\.openjfx\cache\20+19\amd64\msvcp140_1.dll
Event: 0.902 Loaded shared library C:\Users\Administrator\.openjfx\cache\20+19\amd64\msvcp140_2.dll
Event: 0.947 Loaded shared library C:\Users\Administrator\.openjfx\cache\20+19\amd64\prism_d3d.dll
Event: 1.023 Loaded shared library C:\Users\Administrator\.openjfx\cache\20+19\amd64\glass.dll
Event: 1.177 Loaded shared library C:\JAVA\amazon-corretto-19.0.2.7.1-windows-x64-jdk\jdk19.0.2_7\bin\jimage.dll
Event: 1.357 Loaded shared library C:\JAVA\amazon-corretto-19.0.2.7.1-windows-x64-jdk\jdk19.0.2_7\bin\management.dll
Event: 1.361 Loaded shared library C:\JAVA\amazon-corretto-19.0.2.7.1-windows-x64-jdk\jdk19.0.2_7\bin\management_ext.dll
Event: 1.633 Loaded shared library C:\Users\Administrator\.openjfx\cache\20+19\amd64\javafx_font.dll
Event: 2.454 Loaded shared library C:\Users\Administrator\.openjfx\cache\20+19\amd64\javafx_iio.dll

Deoptimization events (20 events):
Event: 4.480 Thread 0x000001daa5a486b0 Uncommon trap: trap_request=0xffffffc6 fr.pc=0x000001da92a6c74c relative=0x000000000000008c
Event: 4.480 Thread 0x000001daa5a486b0 Uncommon trap: reason=bimorphic_or_optimized_type_check action=maybe_recompile pc=0x000001da92a6c74c method=javafx.beans.property.DoublePropertyBase.get()D @ 23 c2
Event: 4.480 Thread 0x000001daa5a486b0 DEOPT PACKING pc=0x000001da92a6c74c sp=0x000000cc86dfcc80
Event: 4.480 Thread 0x000001daa5a486b0 DEOPT UNPACKING pc=0x000001da923b6da3 sp=0x000000cc86dfcc10 mode 2
Event: 4.525 Thread 0x000001daa5a47c10 Uncommon trap: trap_request=0xffffff45 fr.pc=0x000001da92a5fac0 relative=0x00000000000006c0
Event: 4.525 Thread 0x000001daa5a47c10 Uncommon trap: reason=unstable_if action=reinterpret pc=0x000001da92a5fac0 method=java.io.BufferedInputStream.read1([BII)I @ 22 c2
Event: 4.525 Thread 0x000001daa5a47c10 DEOPT PACKING pc=0x000001da92a5fac0 sp=0x000000cc86afda90
Event: 4.525 Thread 0x000001daa5a47c10 DEOPT UNPACKING pc=0x000001da923b6da3 sp=0x000000cc86afd958 mode 2
Event: 4.658 Thread 0x000001daa5a47c10 Uncommon trap: trap_request=0xffffff45 fr.pc=0x000001da92a44d3c relative=0x000000000000009c
Event: 4.658 Thread 0x000001daa5a47c10 Uncommon trap: reason=unstable_if action=reinterpret pc=0x000001da92a44d3c method=java.lang.ref.ReferenceQueue.poll()Ljava/lang/ref/Reference; @ 4 c2
Event: 4.658 Thread 0x000001daa5a47c10 DEOPT PACKING pc=0x000001da92a44d3c sp=0x000000cc86afa270
Event: 4.658 Thread 0x000001daa5a47c10 DEOPT UNPACKING pc=0x000001da923b6da3 sp=0x000000cc86afa158 mode 2
Event: 4.658 Thread 0x000001daa5a47c10 Uncommon trap: trap_request=0xffffff45 fr.pc=0x000001da9299248c relative=0x000000000000006c
Event: 4.658 Thread 0x000001daa5a47c10 Uncommon trap: reason=unstable_if action=reinterpret pc=0x000001da9299248c method=java.lang.ref.ReferenceQueue.poll()Ljava/lang/ref/Reference; @ 4 c2
Event: 4.658 Thread 0x000001daa5a47c10 DEOPT PACKING pc=0x000001da9299248c sp=0x000000cc86afa1b0
Event: 4.658 Thread 0x000001daa5a47c10 DEOPT UNPACKING pc=0x000001da923b6da3 sp=0x000000cc86afa140 mode 2
Event: 5.297 Thread 0x000001daa5a486b0 Uncommon trap: trap_request=0xffffff45 fr.pc=0x000001da92a6f5ec relative=0x000000000000096c
Event: 5.297 Thread 0x000001daa5a486b0 Uncommon trap: reason=unstable_if action=reinterpret pc=0x000001da92a6f5ec method=javafx.scene.CssStyleHelper.lookup(Ljavafx/css/Styleable;Ljavafx/css/CssMetaData;Lcom/sun/javafx/css/StyleMap;Ljava/util/Set;Ljavafx/css/Styleable;Lcom/sun/javafx/css/Calcul
Event: 5.297 Thread 0x000001daa5a486b0 DEOPT PACKING pc=0x000001da92a6f5ec sp=0x000000cc86dfbe50
Event: 5.297 Thread 0x000001daa5a486b0 DEOPT UNPACKING pc=0x000001da923b6da3 sp=0x000000cc86dfbde0 mode 2

Classes loaded (20 events):
Event: 4.509 Loading class java/util/EnumMap$Values
Event: 4.509 Loading class java/util/EnumMap$Values done
Event: 4.509 Loading class java/util/EnumMap$ValueIterator
Event: 4.509 Loading class java/util/EnumMap$EnumMapIterator
Event: 4.509 Loading class java/util/EnumMap$EnumMapIterator done
Event: 4.509 Loading class java/util/EnumMap$ValueIterator done
Event: 4.564 Loading class java/nio/ShortBuffer
Event: 4.564 Loading class java/nio/ShortBuffer done
Event: 4.564 Loading class java/nio/DoubleBuffer
Event: 4.564 Loading class java/nio/DoubleBuffer done
Event: 4.574 Loading class java/nio/DirectFloatBufferU
Event: 4.574 Loading class java/nio/DirectFloatBufferU done
Event: 4.612 Loading class java/util/concurrent/ConcurrentLinkedQueue
Event: 4.612 Loading class java/util/concurrent/ConcurrentLinkedQueue done
Event: 4.612 Loading class java/util/concurrent/ConcurrentLinkedQueue$Node
Event: 4.612 Loading class java/util/concurrent/ConcurrentLinkedQueue$Node done
Event: 4.614 Loading class jdk/internal/ref/CleanerImpl$InnocuousThreadFactory
Event: 4.614 Loading class jdk/internal/ref/CleanerImpl$InnocuousThreadFactory done
Event: 4.662 Loading class sun/misc/Unsafe
Event: 4.662 Loading class sun/misc/Unsafe done

Classes unloaded (0 events):
No events

Classes redefined (0 events):
No events

Internal exceptions (20 events):
Event: 3.665 Thread 0x000001daa5a486b0 Exception <a 'java/lang/ClassNotFoundException'{0x000000070d1d8470}: com/sun/javafx/scene/control/skin/resources/controls_en> (0x000000070d1d8470) 
thrown [s\src\hotspot\share\prims\jni.cpp, line 536]
Event: 3.666 Thread 0x000001daa5a486b0 Exception <a 'java/lang/ClassNotFoundException'{0x000000070d1d99f0}: com/sun/javafx/scene/control/skin/resources/controls_en_US> (0x000000070d1d99f0) 
thrown [s\src\hotspot\share\prims\jni.cpp, line 536]
Event: 3.727 Thread 0x000001daa5a486b0 Exception <a 'java/lang/NoSuchMethodError'{0x000000070cfed200}: 'int java.lang.invoke.DirectMethodHandle$Holder.invokeSpecial(java.lang.Object, java.lang.Object, int)'> (0x000000070cfed200) 
thrown [s\src\hotspot\share\interpreter\linkResolver.cpp, line 774]
Event: 3.742 Thread 0x000001daa5a486b0 Implicit null exception at 0x000001da929fe128 to 0x000001da929fe968
Event: 3.793 Thread 0x000001daa5a486b0 Exception <a 'java/io/FileNotFoundException'{0x000000070cd4d260}> (0x000000070cd4d260) 
thrown [s\src\hotspot\share\prims\jni.cpp, line 517]
Event: 3.794 Thread 0x000001daa5a486b0 Exception <a 'java/io/FileNotFoundException'{0x000000070cd4f380}> (0x000000070cd4f380) 
thrown [s\src\hotspot\share\prims\jni.cpp, line 517]
Event: 3.796 Thread 0x000001daa5a486b0 Exception <a 'java/io/FileNotFoundException'{0x000000070cd54228}> (0x000000070cd54228) 
thrown [s\src\hotspot\share\prims\jni.cpp, line 517]
Event: 3.796 Thread 0x000001daa5a486b0 Exception <a 'java/io/FileNotFoundException'{0x000000070cd55db8}> (0x000000070cd55db8) 
thrown [s\src\hotspot\share\prims\jni.cpp, line 517]
Event: 3.806 Thread 0x000001daa5a486b0 Exception <a 'java/io/FileNotFoundException'{0x000000070ca4d3f8}> (0x000000070ca4d3f8) 
thrown [s\src\hotspot\share\prims\jni.cpp, line 517]
Event: 3.807 Thread 0x000001daa5a486b0 Exception <a 'java/io/FileNotFoundException'{0x000000070ca4f430}> (0x000000070ca4f430) 
thrown [s\src\hotspot\share\prims\jni.cpp, line 517]
Event: 3.807 Thread 0x000001daa5a486b0 Exception <a 'java/io/FileNotFoundException'{0x000000070ca51188}> (0x000000070ca51188) 
thrown [s\src\hotspot\share\prims\jni.cpp, line 517]
Event: 4.286 Thread 0x000001daa5a486b0 Implicit null exception at 0x000001da92a27e6f to 0x000001da92a28664
Event: 4.536 Thread 0x000001daa5a47c10 Exception <a 'java/lang/NoSuchMethodError'{0x000000070bcd0fb0}: 'java.lang.Object java.lang.invoke.DirectMethodHandle$Holder.invokeStaticInit(java.lang.Object, int)'> (0x000000070bcd0fb0) 
thrown [s\src\hotspot\share\interpreter\linkResolver.cpp, line 774]
Event: 5.315 Thread 0x000001daa5a486b0 Exception <a 'java/lang/NoSuchMethodError'{0x000000071185e920}: 'long java.lang.invoke.DirectMethodHandle$Holder.invokeStatic(java.lang.Object, java.lang.Object, java.lang.Object)'> (0x000000071185e920) 
thrown [s\src\hotspot\share\interpreter\linkResolver.cpp, line 774]
Event: 5.315 Thread 0x000001daa5a486b0 Exception <a 'java/lang/NoSuchMethodError'{0x0000000711862248}: 'long java.lang.invoke.DirectMethodHandle$Holder.invokeStaticInit(java.lang.Object, java.lang.Object, java.lang.Object)'> (0x0000000711862248) 
thrown [s\src\hotspot\share\interpreter\linkResolver.cpp, line 774]
Event: 5.319 Thread 0x000001daa5a486b0 Exception <a 'java/lang/NoSuchMethodError'{0x000000071187a998}: 'java.lang.Object java.lang.invoke.DirectMethodHandle$Holder.newInvokeSpecial(java.lang.Object, java.lang.Object, long)'> (0x000000071187a998) 
thrown [s\src\hotspot\share\interpreter\linkResolver.cpp, line 774]
Event: 5.319 Thread 0x000001daa5a486b0 Exception <a 'java/lang/NoSuchMethodError'{0x000000071187e520}: 'java.lang.Object java.lang.invoke.Invokers$Holder.linkToTargetMethod(java.lang.Object, long, java.lang.Object)'> (0x000000071187e520) 
thrown [s\src\hotspot\share\interpreter\linkResolver.cpp, line 774]
Event: 11.155 Thread 0x000001daa5a486b0 Exception <a 'java/lang/NoSuchMethodError'{0x0000000704a8c250}: 'java.lang.Object java.lang.invoke.DirectMethodHandle$Holder.newInvokeSpecial(java.lang.Object, java.lang.Object, int, int, int, int, int, java.lang.Object)'> (0x0000000704a8c250) 
thrown [s\src\hotspot\share\interpreter\linkResolver.cpp, line 774]
Event: 11.157 Thread 0x000001daa5a486b0 Exception <a 'java/lang/NoSuchMethodError'{0x0000000704a9f4e8}: 'java.lang.Object java.lang.invoke.DirectMethodHandle$Holder.newInvokeSpecial(java.lang.Object, java.lang.Object, java.lang.Object, int, int, int, int, int)'> (0x0000000704a9f4e8) 
thrown [s\src\hotspot\share\interpreter\linkResolver.cpp, line 774]
Event: 11.158 Thread 0x000001daa5a486b0 Exception <a 'java/lang/NoSuchMethodError'{0x0000000704aa7008}: 'java.lang.Object java.lang.invoke.Invokers$Holder.linkToTargetMethod(java.lang.Object, java.lang.Object, int, int, int, int, int, java.lang.Object)'> (0x0000000704aa7008) 
thrown [s\src\hotspot\share\interpreter\linkResolver.cpp, line 774]

VM Operations (20 events):
Event: 5.666 Executing VM operation: Cleanup done
Event: 6.666 Executing VM operation: Cleanup
Event: 6.666 Executing VM operation: Cleanup done
Event: 7.666 Executing VM operation: Cleanup
Event: 7.667 Executing VM operation: Cleanup done
Event: 8.667 Executing VM operation: Cleanup
Event: 8.667 Executing VM operation: Cleanup done
Event: 9.667 Executing VM operation: Cleanup
Event: 9.667 Executing VM operation: Cleanup done
Event: 11.667 Executing VM operation: Cleanup
Event: 11.667 Executing VM operation: Cleanup done
Event: 13.668 Executing VM operation: Cleanup
Event: 13.668 Executing VM operation: Cleanup done
Event: 16.670 Executing VM operation: Cleanup
Event: 16.670 Executing VM operation: Cleanup done
Event: 17.670 Executing VM operation: Cleanup
Event: 17.671 Executing VM operation: Cleanup done
Event: 18.671 Executing VM operation: Cleanup
Event: 18.671 Executing VM operation: Cleanup done
Event: 18.833 Executing VM operation: Exit

Events (20 events):
Event: 0.597 Thread 0x000001daa5a45c30 Thread added: 0x000001daa5a45c30
Event: 0.936 Thread 0x000001daa5a47c10 Thread added: 0x000001daa5a47c10
Event: 1.025 Thread 0x000001daa5a476c0 Thread added: 0x000001daa5a476c0
Event: 1.029 Thread 0x000001daa5a486b0 Thread added: 0x000001daa5a486b0
Event: 1.134 Thread 0x000001daa9cfb390 Thread exited: 0x000001daa9cfb390
Event: 1.174 Thread 0x000001daa5a47170 Thread added: 0x000001daa5a47170
Event: 1.185 Thread 0x000001daa5a46180 Thread added: 0x000001daa5a46180
Event: 1.390 Thread 0x000001dab0e4cd30 Thread added: 0x000001dab0e4cd30
Event: 1.495 Thread 0x000001daa5a46c20 Thread added: 0x000001daa5a46c20
Event: 2.302 Thread 0x000001dab1080670 Thread added: 0x000001dab1080670
Event: 2.410 Thread 0x000001dab0e4cd30 Thread exited: 0x000001dab0e4cd30
Event: 2.718 Thread 0x000001dab175c460 Thread added: 0x000001dab175c460
Event: 4.615 Thread 0x000001dab107ac20 Thread added: 0x000001dab107ac20
Event: 4.930 Thread 0x000001dab175c460 Thread exited: 0x000001dab175c460
Event: 18.803 Thread 0x000001dab107b6c0 Thread added: 0x000001dab107b6c0
Event: 18.804 Thread 0x000001dab107dbf0 Thread added: 0x000001dab107dbf0
Event: 18.804 Thread 0x000001dab1080120 Thread added: 0x000001dab1080120
Event: 18.814 Thread 0x000001dab107b6c0 Thread exited: 0x000001dab107b6c0
Event: 18.820 Thread 0x000001dab1080120 Thread exited: 0x000001dab1080120
Event: 18.833 Thread 0x000001daa5a3de40 Thread exited: 0x000001daa5a3de40


Dynamic libraries:
0x00007ff74b4f0000 - 0x00007ff74b4fd000 	C:\JAVA\amazon-corretto-19.0.2.7.1-windows-x64-jdk\jdk19.0.2_7\bin\java.exe
0x00007ffec58d0000 - 0x00007ffec5ac8000 	C:\Windows\SYSTEM32\ntdll.dll
0x00007ffec3f20000 - 0x00007ffec3fe1000 	C:\Windows\System32\KERNEL32.DLL
0x00007ffec3400000 - 0x00007ffec36fd000 	C:\Windows\System32\KERNELBASE.dll
0x00007ffec30b0000 - 0x00007ffec31b0000 	C:\Windows\System32\ucrtbase.dll
0x00007ffeb9a40000 - 0x00007ffeb9a57000 	C:\JAVA\amazon-corretto-19.0.2.7.1-windows-x64-jdk\jdk19.0.2_7\bin\jli.dll
0x00007ffeb9a60000 - 0x00007ffeb9a75000 	C:\JAVA\amazon-corretto-19.0.2.7.1-windows-x64-jdk\jdk19.0.2_7\bin\VCRUNTIME140.dll
0x00007ffec4a30000 - 0x00007ffec4bcd000 	C:\Windows\System32\USER32.dll
0x00007ffec3320000 - 0x00007ffec3342000 	C:\Windows\System32\win32u.dll
0x00007ffeb2ea0000 - 0x00007ffeb313a000 	C:\Windows\WinSxS\amd64_microsoft.windows.common-controls_6595b64144ccf1df_6.0.19041.4355_none_60b8b9eb71f62e16\COMCTL32.dll
0x00007ffec4560000 - 0x00007ffec458b000 	C:\Windows\System32\GDI32.dll
0x00007ffec4d00000 - 0x00007ffec4d9e000 	C:\Windows\System32\msvcrt.dll
0x00007ffec3200000 - 0x00007ffec3317000 	C:\Windows\System32\gdi32full.dll
0x00007ffec3860000 - 0x00007ffec38fd000 	C:\Windows\System32\msvcp_win.dll
0x00007ffec4900000 - 0x00007ffec492f000 	C:\Windows\System32\IMM32.DLL
0x00007ffeb5b70000 - 0x00007ffeb5c0b000 	C:\JAVA\amazon-corretto-19.0.2.7.1-windows-x64-jdk\jdk19.0.2_7\bin\msvcp140.dll
0x00007ffe9e950000 - 0x00007ffe9f629000 	C:\JAVA\amazon-corretto-19.0.2.7.1-windows-x64-jdk\jdk19.0.2_7\bin\server\jvm.dll
0x00007ffec4350000 - 0x00007ffec4400000 	C:\Windows\System32\ADVAPI32.dll
0x00007ffec4400000 - 0x00007ffec44a0000 	C:\Windows\System32\sechost.dll
0x00007ffec4bd0000 - 0x00007ffec4cf3000 	C:\Windows\System32\RPCRT4.dll
0x00007ffec2f80000 - 0x00007ffec2fa7000 	C:\Windows\System32\bcrypt.dll
0x00007ffebdb00000 - 0x00007ffebdb09000 	C:\Windows\SYSTEM32\WSOCK32.dll
0x00007ffeb6520000 - 0x00007ffeb6547000 	C:\Windows\SYSTEM32\WINMM.dll
0x00007ffeba240000 - 0x00007ffeba24a000 	C:\Windows\SYSTEM32\VERSION.dll
0x00007ffec5790000 - 0x00007ffec57fb000 	C:\Windows\System32\WS2_32.dll
0x00007ffec0e00000 - 0x00007ffec0e12000 	C:\Windows\SYSTEM32\kernel.appcore.dll
0x00007ffeb9ae0000 - 0x00007ffeb9aea000 	C:\JAVA\amazon-corretto-19.0.2.7.1-windows-x64-jdk\jdk19.0.2_7\bin\jimage.dll
0x00007ffebc810000 - 0x00007ffebc9f4000 	C:\Windows\SYSTEM32\DBGHELP.DLL
0x00007ffebc7d0000 - 0x00007ffebc804000 	C:\Windows\SYSTEM32\dbgcore.DLL
0x00007ffec3020000 - 0x00007ffec30a2000 	C:\Windows\System32\bcryptPrimitives.dll
0x00007ffeb5b40000 - 0x00007ffeb5b66000 	C:\JAVA\amazon-corretto-19.0.2.7.1-windows-x64-jdk\jdk19.0.2_7\bin\java.dll
0x00007ffeab9e0000 - 0x00007ffeabab6000 	C:\JAVA\amazon-corretto-19.0.2.7.1-windows-x64-jdk\jdk19.0.2_7\bin\jsvml.dll
0x00007ffec4ef0000 - 0x00007ffec565f000 	C:\Windows\System32\SHELL32.dll
0x00007ffec1000000 - 0x00007ffec179f000 	C:\Windows\SYSTEM32\windows.storage.dll
0x00007ffec3ff0000 - 0x00007ffec4343000 	C:\Windows\System32\combase.dll
0x00007ffec28d0000 - 0x00007ffec28fe000 	C:\Windows\SYSTEM32\Wldp.dll
0x00007ffec5660000 - 0x00007ffec572d000 	C:\Windows\System32\OLEAUT32.dll
0x00007ffec4850000 - 0x00007ffec48fd000 	C:\Windows\System32\SHCORE.dll
0x00007ffec4930000 - 0x00007ffec4985000 	C:\Windows\System32\shlwapi.dll
0x00007ffec2eb0000 - 0x00007ffec2ed4000 	C:\Windows\SYSTEM32\profapi.dll
0x00007ffeb5b20000 - 0x00007ffeb5b33000 	C:\JAVA\amazon-corretto-19.0.2.7.1-windows-x64-jdk\jdk19.0.2_7\bin\net.dll
0x00007ffebd1f0000 - 0x00007ffebd2fd000 	C:\Windows\SYSTEM32\WINHTTP.dll
0x00007ffec2630000 - 0x00007ffec269a000 	C:\Windows\system32\mswsock.dll
0x00007ffeb5b00000 - 0x00007ffeb5b15000 	C:\JAVA\amazon-corretto-19.0.2.7.1-windows-x64-jdk\jdk19.0.2_7\bin\nio.dll
0x00007ffeb64e0000 - 0x00007ffeb64f8000 	C:\JAVA\amazon-corretto-19.0.2.7.1-windows-x64-jdk\jdk19.0.2_7\bin\zip.dll
0x000001da82bd0000 - 0x000001da82bd3000 	C:\Users\Administrator\.openjfx\cache\20+19\amd64\api-ms-win-core-console-l1-1-0.dll
0x000001da82be0000 - 0x000001da82be3000 	C:\Users\Administrator\.openjfx\cache\20+19\amd64\api-ms-win-core-console-l1-2-0.dll
0x000001da82bf0000 - 0x000001da82bf3000 	C:\Users\Administrator\.openjfx\cache\20+19\amd64\api-ms-win-core-datetime-l1-1-0.dll
0x000001daa5b90000 - 0x000001daa5b93000 	C:\Users\Administrator\.openjfx\cache\20+19\amd64\api-ms-win-core-debug-l1-1-0.dll
0x000001daa5ba0000 - 0x000001daa5ba3000 	C:\Users\Administrator\.openjfx\cache\20+19\amd64\api-ms-win-core-errorhandling-l1-1-0.dll
0x000001daa5bb0000 - 0x000001daa5bb4000 	C:\Users\Administrator\.openjfx\cache\20+19\amd64\api-ms-win-core-file-l1-1-0.dll
0x000001daa5bc0000 - 0x000001daa5bc3000 	C:\Users\Administrator\.openjfx\cache\20+19\amd64\api-ms-win-core-file-l1-2-0.dll
0x000001daa5bd0000 - 0x000001daa5bd3000 	C:\Users\Administrator\.openjfx\cache\20+19\amd64\api-ms-win-core-file-l2-1-0.dll
0x000001daa5be0000 - 0x000001daa5be3000 	C:\Users\Administrator\.openjfx\cache\20+19\amd64\api-ms-win-core-handle-l1-1-0.dll
0x000001daa5bf0000 - 0x000001daa5bf3000 	C:\Users\Administrator\.openjfx\cache\20+19\amd64\api-ms-win-core-heap-l1-1-0.dll
0x000001daaa800000 - 0x000001daaa803000 	C:\Users\Administrator\.openjfx\cache\20+19\amd64\api-ms-win-core-interlocked-l1-1-0.dll
0x000001daaa810000 - 0x000001daaa813000 	C:\Users\Administrator\.openjfx\cache\20+19\amd64\api-ms-win-core-libraryloader-l1-1-0.dll
0x000001daaa820000 - 0x000001daaa823000 	C:\Users\Administrator\.openjfx\cache\20+19\amd64\api-ms-win-core-localization-l1-2-0.dll
0x000001daaa830000 - 0x000001daaa833000 	C:\Users\Administrator\.openjfx\cache\20+19\amd64\api-ms-win-core-memory-l1-1-0.dll
0x000001daaa840000 - 0x000001daaa843000 	C:\Users\Administrator\.openjfx\cache\20+19\amd64\api-ms-win-core-namedpipe-l1-1-0.dll
0x000001daaa850000 - 0x000001daaa853000 	C:\Users\Administrator\.openjfx\cache\20+19\amd64\api-ms-win-core-processenvironment-l1-1-0.dll
0x000001daaa860000 - 0x000001daaa863000 	C:\Users\Administrator\.openjfx\cache\20+19\amd64\api-ms-win-core-processthreads-l1-1-0.dll
0x000001daaa870000 - 0x000001daaa873000 	C:\Users\Administrator\.openjfx\cache\20+19\amd64\api-ms-win-core-processthreads-l1-1-1.dll
0x000001daaa880000 - 0x000001daaa883000 	C:\Users\Administrator\.openjfx\cache\20+19\amd64\api-ms-win-core-profile-l1-1-0.dll
0x000001daaa890000 - 0x000001daaa893000 	C:\Users\Administrator\.openjfx\cache\20+19\amd64\api-ms-win-core-rtlsupport-l1-1-0.dll
0x000001daaa8a0000 - 0x000001daaa8a3000 	C:\Users\Administrator\.openjfx\cache\20+19\amd64\api-ms-win-core-string-l1-1-0.dll
0x000001daaa8b0000 - 0x000001daaa8b3000 	C:\Users\Administrator\.openjfx\cache\20+19\amd64\api-ms-win-core-synch-l1-1-0.dll
0x000001daaa8c0000 - 0x000001daaa8c3000 	C:\Users\Administrator\.openjfx\cache\20+19\amd64\api-ms-win-core-synch-l1-2-0.dll
0x000001daaa8d0000 - 0x000001daaa8d3000 	C:\Users\Administrator\.openjfx\cache\20+19\amd64\api-ms-win-core-sysinfo-l1-1-0.dll
0x000001daaa8e0000 - 0x000001daaa8e3000 	C:\Users\Administrator\.openjfx\cache\20+19\amd64\api-ms-win-core-timezone-l1-1-0.dll
0x000001daaa8f0000 - 0x000001daaa8f3000 	C:\Users\Administrator\.openjfx\cache\20+19\amd64\api-ms-win-core-util-l1-1-0.dll
0x000001daaa900000 - 0x000001daaa903000 	C:\Users\Administrator\.openjfx\cache\20+19\amd64\api-ms-win-crt-conio-l1-1-0.dll
0x000001daaa910000 - 0x000001daaa914000 	C:\Users\Administrator\.openjfx\cache\20+19\amd64\api-ms-win-crt-convert-l1-1-0.dll
0x000001daaa920000 - 0x000001daaa923000 	C:\Users\Administrator\.openjfx\cache\20+19\amd64\api-ms-win-crt-environment-l1-1-0.dll
0x000001daaa930000 - 0x000001daaa933000 	C:\Users\Administrator\.openjfx\cache\20+19\amd64\api-ms-win-crt-filesystem-l1-1-0.dll
0x000001daaa940000 - 0x000001daaa943000 	C:\Users\Administrator\.openjfx\cache\20+19\amd64\api-ms-win-crt-heap-l1-1-0.dll
0x000001daaa950000 - 0x000001daaa953000 	C:\Users\Administrator\.openjfx\cache\20+19\amd64\api-ms-win-crt-locale-l1-1-0.dll
0x000001daaa960000 - 0x000001daaa965000 	C:\Users\Administrator\.openjfx\cache\20+19\amd64\api-ms-win-crt-math-l1-1-0.dll
0x000001daaa970000 - 0x000001daaa975000 	C:\Users\Administrator\.openjfx\cache\20+19\amd64\api-ms-win-crt-multibyte-l1-1-0.dll
0x000001daaa980000 - 0x000001daaa990000 	C:\Users\Administrator\.openjfx\cache\20+19\amd64\api-ms-win-crt-private-l1-1-0.dll
0x000001daaa990000 - 0x000001daaa993000 	C:\Users\Administrator\.openjfx\cache\20+19\amd64\api-ms-win-crt-process-l1-1-0.dll
0x000001daaa9a0000 - 0x000001daaa9a4000 	C:\Users\Administrator\.openjfx\cache\20+19\amd64\api-ms-win-crt-runtime-l1-1-0.dll
0x000001daaa9b0000 - 0x000001daaa9b4000 	C:\Users\Administrator\.openjfx\cache\20+19\amd64\api-ms-win-crt-stdio-l1-1-0.dll
0x000001daaa9c0000 - 0x000001daaa9c4000 	C:\Users\Administrator\.openjfx\cache\20+19\amd64\api-ms-win-crt-string-l1-1-0.dll
0x000001daaa9d0000 - 0x000001daaa9d3000 	C:\Users\Administrator\.openjfx\cache\20+19\amd64\api-ms-win-crt-time-l1-1-0.dll
0x000001daaa9e0000 - 0x000001daaa9e3000 	C:\Users\Administrator\.openjfx\cache\20+19\amd64\api-ms-win-crt-utility-l1-1-0.dll
0x00007ffe9d5c0000 - 0x00007ffe9d6bc000 	C:\Users\Administrator\.openjfx\cache\20+19\amd64\ucrtbase.dll
0x00007ffebbf80000 - 0x00007ffebbf9b000 	C:\Users\Administrator\.openjfx\cache\20+19\amd64\vcruntime140.dll
0x00007ffebcde0000 - 0x00007ffebcdec000 	C:\Users\Administrator\.openjfx\cache\20+19\amd64\vcruntime140_1.dll
0x00007ffeaae70000 - 0x00007ffeaaefe000 	C:\Users\Administrator\.openjfx\cache\20+19\amd64\msvcp140.dll
0x00007ffeb9b00000 - 0x00007ffeb9b09000 	C:\Users\Administrator\.openjfx\cache\20+19\amd64\msvcp140_1.dll
0x00007ffeb5ab0000 - 0x00007ffeb5ae0000 	C:\Users\Administrator\.openjfx\cache\20+19\amd64\msvcp140_2.dll
0x00007ffeb5920000 - 0x00007ffeb594f000 	C:\Users\Administrator\.openjfx\cache\20+19\amd64\prism_d3d.dll
0x00007ffe94290000 - 0x00007ffe94460000 	C:\Windows\system32\d3d9.dll
0x00007ffec0cf0000 - 0x00007ffec0d1f000 	C:\Windows\SYSTEM32\dwmapi.dll
0x00007ffec0c00000 - 0x00007ffec0c9e000 	C:\Windows\system32\uxtheme.dll
0x00007ffec3700000 - 0x00007ffec385e000 	C:\Windows\System32\crypt32.dll
0x00007ffec2fb0000 - 0x00007ffec3019000 	C:\Windows\System32\WINTRUST.DLL
0x00007ffec2ac0000 - 0x00007ffec2ad2000 	C:\Windows\SYSTEM32\MSASN1.dll
0x00007ffec4ed0000 - 0x00007ffec4eed000 	C:\Windows\System32\imagehlp.dll
0x00007ffec2820000 - 0x00007ffec2838000 	C:\Windows\SYSTEM32\CRYPTSP.dll
0x00007ffec1f50000 - 0x00007ffec1f84000 	C:\Windows\system32\rsaenh.dll
0x00007ffec2840000 - 0x00007ffec284c000 	C:\Windows\SYSTEM32\CRYPTBASE.dll
0x00007ffeab2f0000 - 0x00007ffeab332000 	C:\Users\Administrator\.openjfx\cache\20+19\amd64\glass.dll
0x00007ffec4590000 - 0x00007ffec466a000 	C:\Windows\System32\COMDLG32.dll
0x00007ffec4da0000 - 0x00007ffec4ecb000 	C:\Windows\System32\ole32.dll
0x00007ffec4730000 - 0x00007ffec4844000 	C:\Windows\System32\MSCTF.dll
0x00007ffeb11e0000 - 0x00007ffeb121b000 	C:\Windows\SYSTEM32\dxcore.dll
0x00007ffec31b0000 - 0x00007ffec31fe000 	C:\Windows\System32\cfgmgr32.dll
0x00007ffec2350000 - 0x00007ffec241a000 	C:\Windows\SYSTEM32\DNSAPI.dll
0x00007ffec2310000 - 0x00007ffec234b000 	C:\Windows\SYSTEM32\IPHLPAPI.DLL
0x00007ffec5800000 - 0x00007ffec5808000 	C:\Windows\System32\NSI.dll
0x00007ffebbcd0000 - 0x00007ffebbcda000 	C:\Windows\System32\rasadhlp.dll
0x00007ffebc2e0000 - 0x00007ffebc360000 	C:\Windows\System32\fwpuclnt.dll
0x00007ffeb6550000 - 0x00007ffeb6559000 	C:\JAVA\amazon-corretto-19.0.2.7.1-windows-x64-jdk\jdk19.0.2_7\bin\management.dll
0x00007ffeb5d10000 - 0x00007ffeb5d1b000 	C:\JAVA\amazon-corretto-19.0.2.7.1-windows-x64-jdk\jdk19.0.2_7\bin\management_ext.dll
0x00007ffec4670000 - 0x00007ffec4678000 	C:\Windows\System32\PSAPI.DLL
0x00007ffeb9aa0000 - 0x00007ffeb9ab4000 	C:\Users\Administrator\.openjfx\cache\20+19\amd64\javafx_font.dll
0x00007ffeafc50000 - 0x00007ffeafecf000 	C:\Windows\SYSTEM32\dwrite.dll
0x00007ffec2e60000 - 0x00007ffec2e8e000 	C:\Windows\SYSTEM32\USERENV.dll
0x00007ffebd460000 - 0x00007ffebd477000 	C:\Windows\SYSTEM32\dhcpcsvc6.DLL
0x00007ffebd530000 - 0x00007ffebd54d000 	C:\Windows\SYSTEM32\dhcpcsvc.DLL
0x00007ffeb58f0000 - 0x00007ffeb591d000 	C:\Users\Administrator\.openjfx\cache\20+19\amd64\javafx_iio.dll
0x00007ffec4680000 - 0x00007ffec4729000 	C:\Windows\System32\clbcatq.dll
0x00007ffec0970000 - 0x00007ffec0b26000 	C:\Windows\SYSTEM32\WindowsCodecs.dll
0x00007ffebbe10000 - 0x00007ffebbe4e000 	C:\Windows\system32\dataexchange.dll
0x00007ffebf1f0000 - 0x00007ffebf453000 	C:\Windows\system32\d3d11.dll
0x00007ffec0040000 - 0x00007ffec0224000 	C:\Windows\system32\dcomp.dll

dbghelp: loaded successfully - version: 4.0.5 - missing functions: none
symbol engine: initialized successfully - sym options: 0x614 - pdb path: .;C:\JAVA\amazon-corretto-19.0.2.7.1-windows-x64-jdk\jdk19.0.2_7\bin;C:\Windows\SYSTEM32;C:\Windows\WinSxS\amd64_microsoft.windows.common-controls_6595b64144ccf1df_6.0.19041.4355_none_60b8b9eb71f62e16;C:\JAVA\amazon-corretto-19.0.2.7.1-windows-x64-jdk\jdk19.0.2_7\bin\server;C:\Users\Administrator\.openjfx\cache\20+19\amd64;C:\Windows\System32\DriverStore\FileRepository\nvmiwu.inf_amd64_7b11efeca48cd7d3;C:\Program Files\Common Files\Microsoft Shared\Ink

VM Arguments:
jvm_args: --module-path=C:\Users\Administrator\Desktop\ARCHIVES\openjfx-21.0.4_windows-x64_bin-sdk\javafx-sdk-21.0.4\lib --add-modules=javafx.controls,javafx.fxml,javafx.web,java.sql --module-path=C:\Users\Administrator\Desktop\ARCHIVES\openjfx-21.0.4_windows-x64_bin-sdk\javafx-sdk-21.0.4\lib --add-modules=javafx.controls,javafx.fxml,javafx.web,java.sql -Dfile.encoding=windows-1252 -Duser.country=US -Duser.language=en -Duser.variant --module-path=D:\WORKSPACE\JAVA\smpro\smpro-v2\build\libs\app-1.0-SNAPSHOT.jar;D:\WORKSPACE\JAVA\smpro\smpro-v2\build\classes\java\main;C:\JAVA\GRADLES\gradle-8.2-all\gradle-8.2\caches\modules-2\files-2.1\com.github.Dansoftowner\FXTaskbarProgressBar\v11.4\a38a3b1d1b537858a7f88ef956f9048a3099a45b\FXTaskbarProgressBar-v11.4.jar;C:\JAVA\GRADLES\gradle-8.2-all\gradle-8.2\caches\modules-2\files-2.1\org.openjfx\javafx-web\17.0.6\f4117256e602d41f484f2b9e5a74eeadc0a272eb\javafx-web-17.0.6-win.jar;C:\JAVA\GRADLES\gradle-8.2-all\gradle-8.2\caches\modules-2\files-2.1\org.openjfx\javafx-web\17.0.6\69293d257d088cd7f48a69a87afa59f4eb6461c6\javafx-web-17.0.6-linux.jar;C:\JAVA\GRADLES\gradle-8.2-all\gradle-8.2\caches\modules-2\files-2.1\org.openjfx\javafx-media\17.0.6\cc7e03817252ace41ece37ab29f193ba3fd0153e\javafx-media-17.0.6-win.jar;C:\JAVA\GRADLES\gradle-8.2-all\gradle-8.2\caches\modules-2\files-2.1\org.openjfx\javafx-media\17.0.6\5a496809cfebccf228a9cb1678b8cd51d986704b\javafx-media-17.0.6.jar;C:\JAVA\GRADLES\gradle-8.2-all\gradle-8.2\caches\modules-2\files-2.1\org.openjfx\javafx-media\17.0.6\a76bc115c1e43c4757466a1e128c2602db7e52f8\javafx-media-17.0.6-linux.jar;C:\JAVA\GRADLES\gradle-8.2-all\gradle-8.2\caches\modules-2\files-2.1\org.openjfx\javafx-swing\17.0.6\974e453fb9afac1fb6536a1c6c0edfc203959b8\javafx-swing-17.0.6-win.jar;C:\JAVA\GRADLES\gradle-8.2-all\gradle-8.2\caches\modules-2\files-2.1\org.openjfx\javafx-fxml\17.0.6\5724aedc415683e62eeab3a3875550aa814c84fd\javafx-fxml-17.0.6-win.jar;C:\JAVA\GRADLES\gradle-8.2-all\gradle-8.2\caches\modules-2\files-2.1\org.openjfx\javafx-fxml\17.0.6\c500ec44fd60e74a11021c71c0e6127dc31bc41d\javafx-fxml-17.0.6-linux.jar;C:\JAVA\GRADLES\gradle-8.2-all\gradle-8.2\caches\modules-2\files-2.1\io.github.mkpaz\atlantafx-base\2.0.1\51d2bfa35150921fe5b8b5e3c1a1bf78a6d57684\atlantafx-base-2.0.1.jar;C:\JAVA\GRADLES\gradle-8.2-all\gradle-8.2\caches\modules-2\files-2.1\org.openjfx\javafx-controls\20\f9a84d43adab2745f4999e7ff9a64f12dd563f1f\javafx-co-Djdk.module.main=smpro.app 
java_command: smpro.app/smpro.app.Entry
java_class_path (initial): D:\WORKSPACE\JAVA\smpro\smpro-v2\build\resources\main
Launcher Type: SUN_STANDARD

[Global flags]
     intx CICompilerCount                          = 3                                         {product} {ergonomic}
     uint ConcGCThreads                            = 1                                         {product} {ergonomic}
     uint G1ConcRefinementThreads                  = 4                                         {product} {ergonomic}
   size_t G1HeapRegionSize                         = 2097152                                   {product} {ergonomic}
    uintx GCDrainStackTargetSize                   = 64                                        {product} {ergonomic}
   size_t InitialHeapSize                          = 268435456                                 {product} {ergonomic}
   size_t MarkStackSize                            = 4194304                                   {product} {ergonomic}
   size_t MaxHeapSize                              = 4267704320                                {product} {ergonomic}
   size_t MaxNewSize                               = 2560622592                                {product} {ergonomic}
   size_t MinHeapDeltaBytes                        = 2097152                                   {product} {ergonomic}
   size_t MinHeapSize                              = 8388608                                   {product} {ergonomic}
    uintx NonNMethodCodeHeapSize                   = 5832780                                {pd product} {ergonomic}
    uintx NonProfiledCodeHeapSize                  = 122912730                              {pd product} {ergonomic}
    uintx ProfiledCodeHeapSize                     = 122912730                              {pd product} {ergonomic}
    uintx ReservedCodeCacheSize                    = 251658240                              {pd product} {ergonomic}
     bool SegmentedCodeCache                       = true                                      {product} {ergonomic}
   size_t SoftMaxHeapSize                          = 4267704320                             {manageable} {ergonomic}
     bool UseCompressedClassPointers               = true                           {product lp64_product} {ergonomic}
     bool UseCompressedOops                        = true                           {product lp64_product} {ergonomic}
     bool UseG1GC                                  = true                                      {product} {ergonomic}
     bool UseLargePagesIndividualAllocation        = false                                  {pd product} {ergonomic}

Logging:
Log output configuration:
 #0: stdout all=off uptime,level,tags foldmultilines=false
 #1: stderr all=off uptime,level,tags foldmultilines=false

Environment Variables:
JAVA_HOME=C:\JAVA\amazon-corretto-19.0.2.7.1-windows-x64-jdk\jdk19.0.2_7
PATH=C:\Windows\system32;C:\Windows;C:\Windows\System32\Wbem;C:\Windows\System32\WindowsPowerShell\v1.0\;C:\Windows\System32\OpenSSH\;C:\Program Files\Git\cmd;C:\Users\Administrator\AppData\Local\Programs\Python\Python39\Scripts\;C:\Users\Administrator\AppData\Local\Programs\Python\Python39\;C:\Users\Administrator\AppData\Local\Microsoft\WindowsApps;C:\Users\Administrator\AppData\Local\Programs\Microsoft VS Code\bin;C:\Program Files\JetBrains\PyCharm Community Edition 2024.1.4\bin;;C:\JAVA\GRADLES\gradle-8.2-all\gradle-8.2\bin;C:\JAVA\amazon-corretto-19.0.2.7.1-windows-x64-jdk\jdk19.0.2_7\bin;C:\Users\Administrator\AppData\Local\Programs\Python\Python39\Scripts;
USERNAME=Administrator
OS=Windows_NT
PROCESSOR_IDENTIFIER=Intel64 Family 6 Model 58 Stepping 9, GenuineIntel
TMP=C:\Users\ADMINI~1\AppData\Local\Temp
TEMP=C:\Users\ADMINI~1\AppData\Local\Temp



---------------  S Y S T E M  ---------------

OS:
 Windows 10 , 64 bit Build 19041 (10.0.19041.4717)
OS uptime: 1 days 23:25 hours

CPU: total 4 (initial active 4) (2 cores per cpu, 2 threads per core) family 6 model 58 stepping 9 microcode 0x21, cx8, cmov, fxsr, ht, mmx, sse, sse2, sse3, ssse3, sse4.1, sse4.2, popcnt, tsc, tscinvbit, avx, aes, erms, clmul, vzeroupper, clflush, rdtscp

Memory: 4k page, system-wide physical 16272M (8445M free)
TotalPageFile size 18704M (AvailPageFile size 10272M)
current process WorkingSet (physical memory assigned to process): 137M, peak: 240M
current process commit charge ("private bytes"): 229M, peak: 439M

vm_info: OpenJDK 64-Bit Server VM (19.0.2+7-FR) for windows-amd64 JRE (19.0.2+7-FR), built on Jan 13 2023 22:53:32 by "Administrator" with MS VC++ 15.9 (VS2017)

END.
