#
# A fatal error has been detected by the Java Runtime Environment:
#
#  EXCEPTION_ACCESS_VIOLATION (0xc0000005) at pc=0x00007ffeae766407, pid=9180, tid=9748
#
# JRE version: OpenJDK Runtime Environment Corretto-19.0.2.7.1 (19.0.2+7) (build 19.0.2+7-FR)
# Java VM: OpenJDK 64-Bit Server VM Corretto-19.0.2.7.1 (19.0.2+7-FR, mixed mode, sharing, tiered, compressed oops, compressed class ptrs, g1 gc, windows-amd64)
# Problematic frame:
# C  [glass.dll+0x26407]
#
# No core dump will be written. Minidumps are not enabled by default on client versions of Windows
#
# If you would like to submit a bug report, please visit:
#   https://github.com/corretto/corretto-19/issues/
#

---------------  S U M M A R Y ------------

Command Line: --module-path=C:\Users\Administrator\Desktop\ARCHIVES\openjfx-21.0.4_windows-x64_bin-sdk\javafx-sdk-21.0.4\lib --add-modules=javafx.controls,javafx.fxml,javafx.web,java.sql --module-path=C:\Users\Administrator\Desktop\ARCHIVES\openjfx-21.0.4_windows-x64_bin-sdk\javafx-sdk-21.0.4\lib --add-modules=javafx.controls,javafx.fxml,javafx.web,java.sql -Dfile.encoding=windows-1252 -Duser.country=US -Duser.language=en -Duser.variant --module-path=D:\WORKSPACE\JAVA\smpro\smpro-v2\build\libs\app-1.0-SNAPSHOT.jar;D:\WORKSPACE\JAVA\smpro\smpro-v2\build\classes\java\main;C:\JAVA\GRADLES\gradle-8.2-all\gradle-8.2\caches\modules-2\files-2.1\com.github.Dansoftowner\FXTaskbarProgressBar\v11.4\a38a3b1d1b537858a7f88ef956f9048a3099a45b\FXTaskbarProgressBar-v11.4.jar;C:\JAVA\GRADLES\gradle-8.2-all\gradle-8.2\caches\modules-2\files-2.1\org.openjfx\javafx-web\17.0.6\f4117256e602d41f484f2b9e5a74eeadc0a272eb\javafx-web-17.0.6-win.jar;C:\JAVA\GRADLES\gradle-8.2-all\gradle-8.2\caches\modules-2\files-2.1\org.openjfx\javafx-web\17.0.6\69293d257d088cd7f48a69a87afa59f4eb6461c6\javafx-web-17.0.6-linux.jar;C:\JAVA\GRADLES\gradle-8.2-all\gradle-8.2\caches\modules-2\files-2.1\org.openjfx\javafx-media\17.0.6\cc7e03817252ace41ece37ab29f193ba3fd0153e\javafx-media-17.0.6-win.jar;C:\JAVA\GRADLES\gradle-8.2-all\gradle-8.2\caches\modules-2\files-2.1\org.openjfx\javafx-media\17.0.6\5a496809cfebccf228a9cb1678b8cd51d986704b\javafx-media-17.0.6.jar;C:\JAVA\GRADLES\gradle-8.2-all\gradle-8.2\caches\modules-2\files-2.1\org.openjfx\javafx-media\17.0.6\a76bc115c1e43c4757466a1e128c2602db7e52f8\javafx-media-17.0.6-linux.jar;C:\JAVA\GRADLES\gradle-8.2-all\gradle-8.2\caches\modules-2\files-2.1\org.openjfx\javafx-swing\17.0.6\974e453fb9afac1fb6536a1c6c0edfc203959b8\javafx-swing-17.0.6-win.jar;C:\JAVA\GRADLES\gradle-8.2-all\gradle-8.2\caches\modules-2\files-2.1\org.openjfx\javafx-fxml\17.0.6\5724aedc415683e62eeab3a3875550aa814c84fd\javafx-fxml-17.0.6-win.jar;C:\JAVA\GRADLES\gradle-8.2-all\gradle-8.2\caches\modules-2\files-2.1\org.openjfx\javafx-fxml\17.0.6\c500ec44fd60e74a11021c71c0e6127dc31bc41d\javafx-fxml-17.0.6-linux.jar;C:\JAVA\GRADLES\gradle-8.2-all\gradle-8.2\caches\modules-2\files-2.1\io.github.mkpaz\atlantafx-base\2.0.1\51d2bfa35150921fe5b8b5e3c1a1bf78a6d57684\atlantafx-base-2.0.1.jar;C:\JAVA\GRADLES\gradle-8.2-all\gradle-8.2\caches\modules-2\files-2.1\org.openjfx\javafx-controls\20\f9a84d43adab2745f4999e7ff9a64f12dd563f1f\javafx-co-Djdk.module.main=smpro.app smpro.app/smpro.app.Entry

Host: Intel(R) Core(TM) i5-3230M CPU @ 2.60GHz, 4 cores, 15G,  Windows 10 , 64 bit Build 19041 (10.0.19041.4717)
Time: Tue Aug 27 05:28:07 2024 W. Central Africa Standard Time elapsed time: 790.496678 seconds (0d 0h 13m 10s)

---------------  T H R E A D  ---------------

Current thread (0x0000022b8b8ce910):  VMThread "VM Thread" [stack: 0x000000dbd7700000,0x000000dbd7800000] [id=9748]

Stack: [0x000000dbd7700000,0x000000dbd7800000],  sp=0x000000dbd77ff060,  free space=1020k
Native frames: (J=compiled Java code, j=interpreted, Vv=VM code, C=native code)
C  [glass.dll+0x26407]


siginfo: EXCEPTION_ACCESS_VIOLATION (0xc0000005), reading address 0x0000000000000000


Registers:
RAX=0x0000000000000000, RBX=0x0000022b8b8d9660, RCX=0x0000022b8b8ce910, RDX=0x000000dbd77ff060
RSP=0x000000dbd77ff060, RBP=0x0000022b904ecd58, RSI=0x0000022b904ecd30, RDI=0x0000d412938e1ad5
R8 =0x0000000000010002, R9 =0x0000d412938e1ad5, R10=0x0000000000008000, R11=0x000000dbd77feff0
R12=0x00007ffeae763d40, R13=0x00007ffe583aff20, R14=0x000000dbd77ff158, R15=0x0000022b904ecd30
RIP=0x00007ffeae766407, EFLAGS=0x0000000000010202


Register to memory mapping:

RIP=0x00007ffeae766407 glass.dll
RAX=0x0 is NULL
RBX=0x0000022b8b8d9660 is a global jni handle
RCX=0x0000022b8b8ce910 points into unknown readable memory: 0x00007ffe581e34f8 | f8 34 1e 58 fe 7f 00 00
RDX=0x000000dbd77ff060 points into unknown readable memory: 0x0000000000000000 | 00 00 00 00 00 00 00 00
RSP=0x000000dbd77ff060 points into unknown readable memory: 0x0000000000000000 | 00 00 00 00 00 00 00 00
RBP=0x0000022b904ecd58 points into unknown readable memory: 0x0000d412938e1ad5 | d5 1a 8e 93 12 d4 00 00
RSI=0x0000022b904ecd30 points into unknown readable memory: 0xffd51ad5988e1ada | da 1a 8e 98 d5 1a d5 ff
RDI=0x0000d412938e1ad5 is an unknown value
R8 =0x0000000000010002 is an unknown value
R9 =0x0000d412938e1ad5 is an unknown value
R10=0x0000000000008000 is an unknown value
R11=0x000000dbd77feff0 points into unknown readable memory: 0x0000022b904ecd30 | 30 cd 4e 90 2b 02 00 00
R12=0x00007ffeae763d40 glass.dll
R13=0x00007ffe583aff20 jvm.dll
R14=0x000000dbd77ff158 points into unknown readable memory: 0x000000dbd77ff140 | 40 f1 7f d7 db 00 00 00
R15=0x0000022b904ecd30 points into unknown readable memory: 0xffd51ad5988e1ada | da 1a 8e 98 d5 1a d5 ff


Top of Stack: (sp=0x000000dbd77ff060)
0x000000dbd77ff060:   0000000000000000 0000022b904ecd30
0x000000dbd77ff070:   00007ffe583aff20 00007ffeae763d40
0x000000dbd77ff080:   0000022b904ecd38 00007ffec30c42d6
0x000000dbd77ff090:   0000d412938e1ad5 0000022b00000000
0x000000dbd77ff0a0:   0000022b904ecd58 0000022b904ecd30
0x000000dbd77ff0b0:   fffffffffffffffe 0000000000000000
0x000000dbd77ff0c0:   0000000000000001 00007ffeae740000
0x000000dbd77ff0d0:   000000dbd77ff148 00007ffec30c41fb
0x000000dbd77ff0e0:   0000000000000000 000000dbd77ff158
0x000000dbd77ff0f0:   000000dbd77ff430 00007ffec31a0e40
0x000000dbd77ff100:   0000000000000001 00007ffec30c41b4
0x000000dbd77ff110:   0000000000000000 0000000000000001
0x000000dbd77ff120:   0000000000000000 000000dbd77ff148
0x000000dbd77ff130:   0000000000000001 00007ffeae763bcd
0x000000dbd77ff140:   00007ffeae779f88 00007ffe00000002
0x000000dbd77ff150:   0000000000000002 000000dbd77ff140 

Instructions: (pc=0x00007ffeae766407)
0x00007ffeae766307:   8b 4d 58 e8 7d cf ff ff 48 8b 4d 60 e8 74 cf ff
0x00007ffeae766317:   ff 48 8b 95 80 00 00 00 48 8b 8d 18 01 00 00 e8
0x00007ffeae766327:   66 c4 ff ff 33 d2 33 c9 e8 bc e1 ff ff 90 48 89
0x00007ffeae766337:   54 24 10 55 48 83 ec 20 48 8b ea 48 b8 00 00 00
0x00007ffeae766347:   00 00 00 00 00 48 83 c4 20 5d c3 cc 40 55 48 8b
0x00007ffeae766357:   ea 48 8b 01 33 c9 81 38 05 00 00 c0 0f 94 c1 8b
0x00007ffeae766367:   c1 5d c3 cc 40 55 48 83 ec 20 48 8b ea 8a 4d 40
0x00007ffeae766377:   48 83 c4 20 5d e9 63 d3 ff ff cc 40 55 48 83 ec
0x00007ffeae766387:   20 48 8b ea 8a 4d 20 e8 51 d3 ff ff 90 48 83 c4
0x00007ffeae766397:   20 5d c3 cc 40 55 48 83 ec 20 48 8b ea 48 83 c4
0x00007ffeae7663a7:   20 5d e9 b2 d1 ff ff cc 40 55 48 83 ec 30 48 8b
0x00007ffeae7663b7:   ea 48 8b 01 8b 10 48 89 4c 24 28 89 54 24 20 4c
0x00007ffeae7663c7:   8d 0d 53 d6 ff ff 4c 8b 45 70 8b 55 68 48 8b 4d
0x00007ffeae7663d7:   60 e8 f3 d0 ff ff 90 48 83 c4 30 5d c3 cc cc cc
0x00007ffeae7663e7:   cc cc cc cc cc cc cc cc cc 40 53 48 83 ec 20 48
0x00007ffeae7663f7:   8b 1d 8b 35 01 00 48 85 db 74 16 e8 79 8b ff ff
0x00007ffeae766407:   4c 8b 00 48 8b d3 48 8b c8 41 ff 90 b0 00 00 00
0x00007ffeae766417:   90 48 83 c4 20 5b c3 cc cc 40 53 48 83 ec 20 48
0x00007ffeae766427:   8b 1d fb 36 01 00 48 85 db 74 57 b8 ff ff ff ff
0x00007ffeae766437:   f0 0f c1 43 10 83 f8 01 75 3d 48 85 db 74 38 48
0x00007ffeae766447:   8b 0b 48 85 c9 74 0d ff 15 54 0e 00 00 48 c7 03
0x00007ffeae766457:   00 00 00 00 48 8b 4b 08 48 85 c9 74 0d e8 23 ce
0x00007ffeae766467:   ff ff 48 c7 43 08 00 00 00 00 ba 18 00 00 00 48
0x00007ffeae766477:   8b cb e8 0e ce ff ff 48 c7 05 9f 36 01 00 00 00
0x00007ffeae766487:   00 00 48 83 c4 20 5b c3 cc 40 53 48 83 ec 20 48
0x00007ffeae766497:   8b 1d 6b 36 01 00 48 85 db 74 57 b8 ff ff ff ff
0x00007ffeae7664a7:   f0 0f c1 43 10 83 f8 01 75 3d 48 85 db 74 38 48
0x00007ffeae7664b7:   8b 0b 48 85 c9 74 0d ff 15 e4 0d 00 00 48 c7 03
0x00007ffeae7664c7:   00 00 00 00 48 8b 4b 08 48 85 c9 74 0d e8 b3 cd
0x00007ffeae7664d7:   ff ff 48 c7 43 08 00 00 00 00 ba 18 00 00 00 48
0x00007ffeae7664e7:   8b cb e8 9e cd ff ff 48 c7 05 0f 36 01 00 00 00
0x00007ffeae7664f7:   00 00 48 83 c4 20 5b c3 cc 40 53 48 83 ec 20 48 


Stack slot to memory mapping:
stack at sp + 0 slots: 0x0 is NULL
stack at sp + 1 slots: 0x0000022b904ecd30 points into unknown readable memory: 0xffd51ad5988e1ada | da 1a 8e 98 d5 1a d5 ff
stack at sp + 2 slots: 0x00007ffe583aff20 jvm.dll
stack at sp + 3 slots: 0x00007ffeae763d40 glass.dll
stack at sp + 4 slots: 0x0000022b904ecd38 points into unknown readable memory: 0x0000d412938e1ad5 | d5 1a 8e 93 12 d4 00 00
stack at sp + 5 slots: 0x00007ffec30c42d6 ucrtbase.dll
stack at sp + 6 slots: 0x0000d412938e1ad5 is an unknown value
stack at sp + 7 slots: 0x0000022b00000000 is an unknown value

VM_Operation (0x000000dbd8afbf00): Exit, mode: safepoint, requested by thread 0x0000022b903f3270


---------------  P R O C E S S  ---------------

Threads class SMR info:
_java_thread_list=0x0000022b9214cbf0, length=19, elements={
0x0000022be8a10390, 0x0000022b8b8e9330, 0x0000022b8b8ec140, 0x0000022b8b8f1280,
0x0000022b8b8f1bb0, 0x0000022b8b8f2760, 0x0000022b8b8f6a00, 0x0000022b8b901390,
0x0000022b8b917530, 0x0000022b8b8bc8b0, 0x0000022b90214810, 0x0000022b906a15f0,
0x0000022b90512e00, 0x0000022b903f3270, 0x0000022b9050c910, 0x0000022b9050d190,
0x0000022b91b139f0, 0x0000022b91b6e070, 0x0000022b91b70050
}

Java Threads: ( => current thread )
  0x0000022be8a10390 JavaThread "main" [_thread_blocked, id=7152, stack(0x000000dbd7100000,0x000000dbd7200000)]
  0x0000022b8b8e9330 JavaThread "Reference Handler" daemon [_thread_blocked, id=10040, stack(0x000000dbd7800000,0x000000dbd7900000)]
  0x0000022b8b8ec140 JavaThread "Finalizer" daemon [_thread_blocked, id=3608, stack(0x000000dbd7900000,0x000000dbd7a00000)]
  0x0000022b8b8f1280 JavaThread "Attach Listener" daemon [_thread_blocked, id=3188, stack(0x000000dbd7b00000,0x000000dbd7c00000)]
  0x0000022b8b8f1bb0 JavaThread "Service Thread" daemon [_thread_blocked, id=9692, stack(0x000000dbd7c00000,0x000000dbd7d00000)]
  0x0000022b8b8f2760 JavaThread "Monitor Deflation Thread" daemon [_thread_blocked, id=10392, stack(0x000000dbd7d00000,0x000000dbd7e00000)]
  0x0000022b8b8f6a00 JavaThread "C2 CompilerThread0" daemon [_thread_blocked, id=10864, stack(0x000000dbd7e00000,0x000000dbd7f00000)]
  0x0000022b8b901390 JavaThread "C1 CompilerThread0" daemon [_thread_blocked, id=3580, stack(0x000000dbd7f00000,0x000000dbd8000000)]
  0x0000022b8b917530 JavaThread "Sweeper thread" daemon [_thread_blocked, id=10896, stack(0x000000dbd8000000,0x000000dbd8100000)]
  0x0000022b8b8bc8b0 JavaThread "Common-Cleaner" daemon [_thread_blocked, id=8444, stack(0x000000dbd8100000,0x000000dbd8200000)]
  0x0000022b90214810 JavaThread "Notification Thread" daemon [_thread_blocked, id=10300, stack(0x000000dbd8600000,0x000000dbd8700000)]
  0x0000022b906a15f0 JavaThread "QuantumRenderer-0" daemon [_thread_blocked, id=9544, stack(0x000000dbd8800000,0x000000dbd8900000)]
  0x0000022b90512e00 JavaThread "InvokeLaterDispatcher" daemon [_thread_blocked, id=7544, stack(0x000000dbd8200000,0x000000dbd8300000)]
  0x0000022b903f3270 JavaThread "JavaFX Application Thread" [_thread_blocked, id=3760, stack(0x000000dbd8a00000,0x000000dbd8b00000)]
  0x0000022b9050c910 JavaThread "Thread-1" daemon [_thread_in_native, id=6900, stack(0x000000dbd8c00000,0x000000dbd8d00000)]
  0x0000022b9050d190 JavaThread "JavaFX-Launcher" [_thread_blocked, id=10936, stack(0x000000dbd8d00000,0x000000dbd8e00000)]
  0x0000022b91b139f0 JavaThread "PostgreSQL-JDBC-Cleaner" daemon [_thread_blocked, id=10448, stack(0x000000dbd9000000,0x000000dbd9100000)]
  0x0000022b91b6e070 JavaThread "Prism Font Disposer" daemon [_thread_blocked, id=5748, stack(0x000000dbd9100000,0x000000dbd9200000)]
  0x0000022b91b70050 JavaThread "Cleaner-0" daemon [_thread_blocked, id=9612, stack(0x000000dbd9720000,0x000000dbd9820000)]

Other Threads:
=>0x0000022b8b8ce910 VMThread "VM Thread" [stack: 0x000000dbd7700000,0x000000dbd7800000] [id=9748]
  0x0000022be8a83630 WorkerThread "GC Thread#0" [stack: 0x000000dbd7200000,0x000000dbd7300000] [id=3868]
  0x0000022b8fffe8a0 WorkerThread "GC Thread#1" [stack: 0x000000dbd8300000,0x000000dbd8400000] [id=8284]
  0x0000022b8fffeb70 WorkerThread "GC Thread#2" [stack: 0x000000dbd8400000,0x000000dbd8500000] [id=32]
  0x0000022b8ff76b50 WorkerThread "GC Thread#3" [stack: 0x000000dbd8500000,0x000000dbd8600000] [id=10516]
  0x0000022be8a94490 ConcurrentGCThread "G1 Main Marker" terminated
  0x0000022be8a95570 WorkerThread "G1 Conc#0" [stack: 0x000000dbd7400000,0x000000dbd7500000] [id=10700]
  0x0000022be8acdce0 ConcurrentGCThread "G1 Refine#0" terminated
  0x0000022be8ace730 ConcurrentGCThread "G1 Service" terminated

Threads with active compile tasks:

VM state: at safepoint (shutting down)

VM Mutex/Monitor currently owned by a thread:  ([mutex/lock_event])
[0x0000022be8a0c1e0] Threads_lock - owner thread: 0x0000022b8b8ce910
[0x0000022be8a0c390] Heap_lock - owner thread: 0x0000022b903f3270

Heap address: 0x0000000701a00000, size: 4070 MB, Compressed Oops mode: Zero based, Oop shift amount: 3

CDS archive(s) mapped at: [0x0000000800000000-0x0000000800c40000-0x0000000800c40000), size 12845056, SharedBaseAddress: 0x0000000800000000, ArchiveRelocationMode: 0.
Compressed class space mapped at: 0x0000000801000000-0x0000000841000000, reserved size: 1073741824
Narrow klass base: 0x0000000800000000, Narrow klass shift: 0, Narrow klass range: 0x100000000

GC Precious Log:
 CardTable entry size: 512
 Card Set container configuration: InlinePtr #cards 4 size 8 Array Of Cards #cards 16 size 48 Howl #buckets 8 coarsen threshold 3686 Howl Bitmap #cards 512 size 80 coarsen threshold 460 Card regions per heap region 1 cards per card region 4096
 CPUs: 4 total, 4 available
 Memory: 16272M
 Large Page Support: Disabled
 NUMA Support: Disabled
 Compressed Oops: Enabled (Zero based)
 Heap Region Size: 2M
 Heap Min Capacity: 8M
 Heap Initial Capacity: 256M
 Heap Max Capacity: 4070M
 Pre-touch: Disabled
 Parallel Workers: 4
 Concurrent Workers: 1
 Concurrent Refinement Workers: 4
 Periodic GC: Disabled

Heap:
 garbage-first heap   total 75776K, used 41756K [0x0000000701a00000, 0x0000000800000000)
  region size 2048K, 21 young (43008K), 9 survivors (18432K)
 Metaspace       used 23792K, committed 24192K, reserved 1114112K
  class space    used 3313K, committed 3520K, reserved 1048576K

Heap Regions: E=young(eden), S=young(survivor), O=old, HS=humongous(starts), HC=humongous(continues), CS=collection set, F=free, OA=open archive, CA=closed archive, TAMS=top-at-mark-start (previous, next)
|   0|0x0000000701a00000, 0x0000000701c00000, 0x0000000701c00000|100%|HS|  |TAMS 0x0000000701a00000, 0x0000000701a00000| Complete 
|   1|0x0000000701c00000, 0x0000000701c00000, 0x0000000701e00000|  0%| F|  |TAMS 0x0000000701c00000, 0x0000000701c00000| Untracked 
|   2|0x0000000701e00000, 0x0000000701e00000, 0x0000000702000000|  0%| F|  |TAMS 0x0000000701e00000, 0x0000000701e00000| Untracked 
|   3|0x0000000702000000, 0x0000000702000000, 0x0000000702200000|  0%| F|  |TAMS 0x0000000702000000, 0x0000000702000000| Untracked 
|   4|0x0000000702200000, 0x0000000702200000, 0x0000000702400000|  0%| F|  |TAMS 0x0000000702200000, 0x0000000702200000| Untracked 
|   5|0x0000000702400000, 0x0000000702400000, 0x0000000702600000|  0%| F|  |TAMS 0x0000000702400000, 0x0000000702400000| Untracked 
|   6|0x0000000702600000, 0x0000000702600000, 0x0000000702800000|  0%| F|  |TAMS 0x0000000702600000, 0x0000000702600000| Untracked 
|   7|0x0000000702800000, 0x0000000702800000, 0x0000000702a00000|  0%| F|  |TAMS 0x0000000702800000, 0x0000000702800000| Untracked 
|   8|0x0000000702a00000, 0x0000000702a00000, 0x0000000702c00000|  0%| F|  |TAMS 0x0000000702a00000, 0x0000000702a00000| Untracked 
|   9|0x0000000702c00000, 0x0000000702c00000, 0x0000000702e00000|  0%| F|  |TAMS 0x0000000702c00000, 0x0000000702c00000| Untracked 
|  10|0x0000000702e00000, 0x0000000702e00000, 0x0000000703000000|  0%| F|  |TAMS 0x0000000702e00000, 0x0000000702e00000| Untracked 
|  11|0x0000000703000000, 0x0000000703000000, 0x0000000703200000|  0%| F|  |TAMS 0x0000000703000000, 0x0000000703000000| Untracked 
|  12|0x0000000703200000, 0x0000000703200000, 0x0000000703400000|  0%| F|  |TAMS 0x0000000703200000, 0x0000000703200000| Untracked 
|  13|0x0000000703400000, 0x0000000703400000, 0x0000000703600000|  0%| F|  |TAMS 0x0000000703400000, 0x0000000703400000| Untracked 
|  14|0x0000000703600000, 0x0000000703600000, 0x0000000703800000|  0%| F|  |TAMS 0x0000000703600000, 0x0000000703600000| Untracked 
|  15|0x0000000703800000, 0x0000000703800000, 0x0000000703a00000|  0%| F|  |TAMS 0x0000000703800000, 0x0000000703800000| Untracked 
|  16|0x0000000703a00000, 0x0000000703c00000, 0x0000000703c00000|100%| E|  |TAMS 0x0000000703a00000, 0x0000000703a00000| Complete 
|  17|0x0000000703c00000, 0x0000000703e00000, 0x0000000703e00000|100%| E|CS|TAMS 0x0000000703c00000, 0x0000000703c00000| Complete 
|  18|0x0000000703e00000, 0x0000000704000000, 0x0000000704000000|100%| E|CS|TAMS 0x0000000703e00000, 0x0000000703e00000| Complete 
|  19|0x0000000704000000, 0x0000000704200000, 0x0000000704200000|100%| E|CS|TAMS 0x0000000704000000, 0x0000000704000000| Complete 
|  20|0x0000000704200000, 0x0000000704400000, 0x0000000704400000|100%| E|CS|TAMS 0x0000000704200000, 0x0000000704200000| Complete 
|  21|0x0000000704400000, 0x0000000704600000, 0x0000000704600000|100%| E|CS|TAMS 0x0000000704400000, 0x0000000704400000| Complete 
|  22|0x0000000704600000, 0x0000000704800000, 0x0000000704800000|100%| E|CS|TAMS 0x0000000704600000, 0x0000000704600000| Complete 
|  23|0x0000000704800000, 0x0000000704a00000, 0x0000000704a00000|100%| E|CS|TAMS 0x0000000704800000, 0x0000000704800000| Complete 
|  24|0x0000000704a00000, 0x0000000704c00000, 0x0000000704c00000|100%| E|CS|TAMS 0x0000000704a00000, 0x0000000704a00000| Complete 
|  25|0x0000000704c00000, 0x0000000704e00000, 0x0000000704e00000|100%| E|CS|TAMS 0x0000000704c00000, 0x0000000704c00000| Complete 
|  71|0x000000070a800000, 0x000000070a8c7178, 0x000000070aa00000| 38%| S|CS|TAMS 0x000000070a800000, 0x000000070a800000| Complete 
|  72|0x000000070aa00000, 0x000000070ac00000, 0x000000070ac00000|100%| S|CS|TAMS 0x000000070aa00000, 0x000000070aa00000| Complete 
|  73|0x000000070ac00000, 0x000000070ae00000, 0x000000070ae00000|100%| S|CS|TAMS 0x000000070ac00000, 0x000000070ac00000| Complete 
|  74|0x000000070ae00000, 0x000000070b000000, 0x000000070b000000|100%| S|CS|TAMS 0x000000070ae00000, 0x000000070ae00000| Complete 
|  75|0x000000070b000000, 0x000000070b200000, 0x000000070b200000|100%| S|CS|TAMS 0x000000070b000000, 0x000000070b000000| Complete 
|  76|0x000000070b200000, 0x000000070b400000, 0x000000070b400000|100%| S|CS|TAMS 0x000000070b200000, 0x000000070b200000| Complete 
|  77|0x000000070b400000, 0x000000070b600000, 0x000000070b600000|100%| S|CS|TAMS 0x000000070b400000, 0x000000070b400000| Complete 
|  78|0x000000070b600000, 0x000000070b800000, 0x000000070b800000|100%| S|CS|TAMS 0x000000070b600000, 0x000000070b600000| Complete 
|  79|0x000000070b800000, 0x000000070ba00000, 0x000000070ba00000|100%| S|CS|TAMS 0x000000070b800000, 0x000000070b800000| Complete 
| 126|0x0000000711600000, 0x0000000711800000, 0x0000000711800000|100%| E|CS|TAMS 0x0000000711600000, 0x0000000711600000| Complete 
| 127|0x0000000711800000, 0x0000000711a00000, 0x0000000711a00000|100%| E|CS|TAMS 0x0000000711800000, 0x0000000711800000| Complete 

Card table byte_map: [0x0000022b80800000,0x0000022b81000000] _byte_map_base: 0x0000022b7cff3000

Marking Bits (Prev, Next): (CMBitMap*) 0x0000022be8a83bb0, (CMBitMap*) 0x0000022be8a83b70
 Prev Bits: [0x0000022b857a0000, 0x0000022b89738000)
 Next Bits: [0x0000022b81800000, 0x0000022b85798000)

Polling page: 0x0000022be68d0000

Metaspace:

Usage:
  Non-class:     20.00 MB used.
      Class:      3.24 MB used.
       Both:     23.23 MB used.

Virtual space:
  Non-class space:       64.00 MB reserved,      20.19 MB ( 32%) committed,  1 nodes.
      Class space:        1.00 GB reserved,       3.44 MB ( <1%) committed,  1 nodes.
             Both:        1.06 GB reserved,      23.63 MB (  2%) committed. 

Chunk freelists:
   Non-Class:  3.45 MB
       Class:  431.00 KB
        Both:  3.87 MB

MaxMetaspaceSize: unlimited
CompressedClassSpaceSize: 1.00 GB
Initial GC threshold: 21.00 MB
Current GC threshold: 35.25 MB
CDS: on
MetaspaceReclaimPolicy: balanced
 - commit_granule_bytes: 65536.
 - commit_granule_words: 8192.
 - virtual_space_node_default_size: 8388608.
 - enlarge_chunks_in_place: 1.
 - new_chunks_are_fully_committed: 0.
 - uncommit_free_chunks: 1.
 - use_allocation_guard: 0.


Internal statistics:

num_allocs_failed_limit: 3.
num_arena_births: 434.
num_arena_deaths: 0.
num_vsnodes_births: 2.
num_vsnodes_deaths: 0.
num_space_committed: 378.
num_space_uncommitted: 0.
num_chunks_returned_to_freelist: 3.
num_chunks_taken_from_freelist: 1184.
num_chunk_merges: 3.
num_chunk_splits: 842.
num_chunks_enlarged: 657.
num_inconsistent_stats: 0.

CodeHeap 'non-profiled nmethods': size=120000Kb used=2411Kb max_used=2411Kb free=117588Kb
 bounds [0x0000022bf86c0000, 0x0000022bf8930000, 0x0000022bffbf0000]
CodeHeap 'profiled nmethods': size=120000Kb used=11501Kb max_used=11501Kb free=108498Kb
 bounds [0x0000022bf0bf0000, 0x0000022bf1730000, 0x0000022bf8120000]
CodeHeap 'non-nmethods': size=5760Kb used=1584Kb max_used=1617Kb free=4175Kb
 bounds [0x0000022bf8120000, 0x0000022bf8390000, 0x0000022bf86c0000]
 total_blobs=6291 nmethods=5413 adapters=785
 compilation: enabled
              stopped_count=0, restarted_count=0
 full_count=0

Compilation events (20 events):
Event: 789.355 Thread 0x0000022b8b901390 5407       3       javafx.util.Duration::lessThan (18 bytes)
Event: 789.356 Thread 0x0000022b8b901390 nmethod 5407 0x0000022bf1726690 code [0x0000022bf1726820, 0x0000022bf17269b8]
Event: 789.664 Thread 0x0000022b8b901390 5408       3       com.sun.scenario.animation.AbstractPrimaryTimer$MainLoop::updateAnimationRunnable (61 bytes)
Event: 789.665 Thread 0x0000022b8b901390 nmethod 5408 0x0000022bf1726a90 code [0x0000022bf1726ca0, 0x0000022bf1727608]
Event: 789.872 Thread 0x0000022b8b8f6a00 5409       4       javafx.scene.Node::transformedBoundsChanged (43 bytes)
Event: 789.873 Thread 0x0000022b8b901390 5410       3       java.util.ImmutableCollections$MapN::get (35 bytes)
Event: 789.873 Thread 0x0000022b8b901390 nmethod 5410 0x0000022bf1727990 code [0x0000022bf1727b80, 0x0000022bf1727f38]
Event: 789.873 Thread 0x0000022b8b901390 5411       3       javafx.scene.control.Labeled$StyleableProperties$1::isSettable (9 bytes)
Event: 789.873 Thread 0x0000022b8b901390 nmethod 5411 0x0000022bf1728090 code [0x0000022bf1728260, 0x0000022bf17286d8]
Event: 789.873 Thread 0x0000022b8b901390 5414       3       com.sun.javafx.sg.prism.NGNode::setEffect (113 bytes)
Event: 789.875 Thread 0x0000022b8b901390 nmethod 5414 0x0000022bf1728810 code [0x0000022bf1728b40, 0x0000022bf172a1c8]
Event: 789.875 Thread 0x0000022b8b901390 5413       3       com.sun.javafx.effect.EffectDirtyBits::isSet (15 bytes)
Event: 789.875 Thread 0x0000022b8b901390 nmethod 5413 0x0000022bf172a790 code [0x0000022bf172a920, 0x0000022bf172aa98]
Event: 789.875 Thread 0x0000022b8b901390 5412       3       javafx.scene.control.Labeled$StyleableProperties$1::isSettable (23 bytes)
Event: 789.875 Thread 0x0000022b8b901390 nmethod 5412 0x0000022bf172ab90 code [0x0000022bf172ad40, 0x0000022bf172b038]
Event: 789.884 Thread 0x0000022b8b8f6a00 nmethod 5409 0x0000022bf8919510 code [0x0000022bf8919740, 0x0000022bf8919f80]
Event: 789.939 Thread 0x0000022b8b901390 5415       3       java.lang.ref.Reference::clear (5 bytes)
Event: 789.939 Thread 0x0000022b8b901390 nmethod 5415 0x0000022bf172b190 code [0x0000022bf172b340, 0x0000022bf172b488]
Event: 789.959 Thread 0x0000022b8b8f6a00 5416       4       java.util.concurrent.ConcurrentHashMap$Traverser::advance (188 bytes)
Event: 789.966 Thread 0x0000022b8b8f6a00 nmethod 5416 0x0000022bf891a810 code [0x0000022bf891a9a0, 0x0000022bf891acb8]

GC Heap History (6 events):
Event: 0.253 GC heap before
{Heap before GC invocations=0 (full 0):
 garbage-first heap   total 262144K, used 10240K [0x0000000701a00000, 0x0000000800000000)
  region size 2048K, 6 young (12288K), 0 survivors (0K)
 Metaspace       used 815K, committed 960K, reserved 1114112K
  class space    used 60K, committed 128K, reserved 1048576K
}
Event: 0.257 GC heap after
{Heap after GC invocations=1 (full 0):
 garbage-first heap   total 262144K, used 835K [0x0000000701a00000, 0x0000000800000000)
  region size 2048K, 1 young (2048K), 1 survivors (2048K)
 Metaspace       used 815K, committed 960K, reserved 1114112K
  class space    used 60K, committed 128K, reserved 1048576K
}
Event: 0.479 GC heap before
{Heap before GC invocations=1 (full 0):
 garbage-first heap   total 262144K, used 19267K [0x0000000701a00000, 0x0000000800000000)
  region size 2048K, 11 young (22528K), 1 survivors (2048K)
 Metaspace       used 1023K, committed 1216K, reserved 1114112K
  class space    used 76K, committed 192K, reserved 1048576K
}
Event: 0.481 GC heap after
{Heap after GC invocations=2 (full 0):
 garbage-first heap   total 262144K, used 989K [0x0000000701a00000, 0x0000000800000000)
  region size 2048K, 1 young (2048K), 1 survivors (2048K)
 Metaspace       used 1023K, committed 1216K, reserved 1114112K
  class space    used 76K, committed 192K, reserved 1048576K
}
Event: 4.091 GC heap before
{Heap before GC invocations=2 (full 0):
 garbage-first heap   total 262144K, used 109533K [0x0000000701a00000, 0x0000000800000000)
  region size 2048K, 48 young (98304K), 1 survivors (2048K)
 Metaspace       used 21180K, committed 21504K, reserved 1114112K
  class space    used 3099K, committed 3264K, reserved 1048576K
}
Event: 4.113 GC heap after
{Heap after GC invocations=3 (full 0):
 garbage-first heap   total 262144K, used 17180K [0x0000000701a00000, 0x0000000800000000)
  region size 2048K, 9 young (18432K), 9 survivors (18432K)
 Metaspace       used 21180K, committed 21504K, reserved 1114112K
  class space    used 3099K, committed 3264K, reserved 1048576K
}

Dll operation events (20 events):
Event: 0.787 Loaded shared library C:\Users\Administrator\.openjfx\cache\20+19\amd64\api-ms-win-crt-private-l1-1-0.dll
Event: 0.791 Loaded shared library C:\Users\Administrator\.openjfx\cache\20+19\amd64\api-ms-win-crt-process-l1-1-0.dll
Event: 0.794 Loaded shared library C:\Users\Administrator\.openjfx\cache\20+19\amd64\api-ms-win-crt-runtime-l1-1-0.dll
Event: 0.798 Loaded shared library C:\Users\Administrator\.openjfx\cache\20+19\amd64\api-ms-win-crt-stdio-l1-1-0.dll
Event: 0.801 Loaded shared library C:\Users\Administrator\.openjfx\cache\20+19\amd64\api-ms-win-crt-string-l1-1-0.dll
Event: 0.803 Loaded shared library C:\Users\Administrator\.openjfx\cache\20+19\amd64\api-ms-win-crt-time-l1-1-0.dll
Event: 0.806 Loaded shared library C:\Users\Administrator\.openjfx\cache\20+19\amd64\api-ms-win-crt-utility-l1-1-0.dll
Event: 0.823 Loaded shared library C:\Users\Administrator\.openjfx\cache\20+19\amd64\ucrtbase.dll
Event: 0.828 Loaded shared library C:\Users\Administrator\.openjfx\cache\20+19\amd64\vcruntime140.dll
Event: 0.832 Loaded shared library C:\Users\Administrator\.openjfx\cache\20+19\amd64\vcruntime140_1.dll
Event: 0.843 Loaded shared library C:\Users\Administrator\.openjfx\cache\20+19\amd64\msvcp140.dll
Event: 0.846 Loaded shared library C:\Users\Administrator\.openjfx\cache\20+19\amd64\msvcp140_1.dll
Event: 0.851 Loaded shared library C:\Users\Administrator\.openjfx\cache\20+19\amd64\msvcp140_2.dll
Event: 0.893 Loaded shared library C:\Users\Administrator\.openjfx\cache\20+19\amd64\prism_d3d.dll
Event: 0.968 Loaded shared library C:\Users\Administrator\.openjfx\cache\20+19\amd64\glass.dll
Event: 1.122 Loaded shared library C:\JAVA\amazon-corretto-19.0.2.7.1-windows-x64-jdk\jdk19.0.2_7\bin\jimage.dll
Event: 1.295 Loaded shared library C:\JAVA\amazon-corretto-19.0.2.7.1-windows-x64-jdk\jdk19.0.2_7\bin\management.dll
Event: 1.299 Loaded shared library C:\JAVA\amazon-corretto-19.0.2.7.1-windows-x64-jdk\jdk19.0.2_7\bin\management_ext.dll
Event: 1.570 Loaded shared library C:\Users\Administrator\.openjfx\cache\20+19\amd64\javafx_font.dll
Event: 2.292 Loaded shared library C:\Users\Administrator\.openjfx\cache\20+19\amd64\javafx_iio.dll

Deoptimization events (20 events):
Event: 788.359 Thread 0x0000022b906a15f0 DEOPT PACKING pc=0x0000022bf1553fba sp=0x000000dbd88fc990
Event: 788.360 Thread 0x0000022b906a15f0 DEOPT UNPACKING pc=0x0000022bf8187543 sp=0x000000dbd88fbde8 mode 0
Event: 788.365 Thread 0x0000022b906a15f0 DEOPT PACKING pc=0x0000022bf1553fba sp=0x000000dbd88fc540
Event: 788.365 Thread 0x0000022b906a15f0 DEOPT UNPACKING pc=0x0000022bf8187543 sp=0x000000dbd88fb998 mode 0
Event: 788.365 Thread 0x0000022b906a15f0 DEOPT PACKING pc=0x0000022bf1553fba sp=0x000000dbd88fc540
Event: 788.365 Thread 0x0000022b906a15f0 DEOPT UNPACKING pc=0x0000022bf8187543 sp=0x000000dbd88fb998 mode 0
Event: 788.370 Thread 0x0000022b906a15f0 DEOPT PACKING pc=0x0000022bf1554077 sp=0x000000dbd88fc990
Event: 788.370 Thread 0x0000022b906a15f0 DEOPT UNPACKING pc=0x0000022bf8187543 sp=0x000000dbd88fbdf8 mode 0
Event: 788.371 Thread 0x0000022b906a15f0 DEOPT PACKING pc=0x0000022bf1553fba sp=0x000000dbd88fc990
Event: 788.371 Thread 0x0000022b906a15f0 DEOPT UNPACKING pc=0x0000022bf8187543 sp=0x000000dbd88fbde8 mode 0
Event: 788.371 Thread 0x0000022b906a15f0 DEOPT PACKING pc=0x0000022bf159571c sp=0x000000dbd88fcac0
Event: 788.372 Thread 0x0000022b906a15f0 DEOPT UNPACKING pc=0x0000022bf8187543 sp=0x000000dbd88fbf10 mode 0
Event: 788.394 Thread 0x0000022b906a15f0 DEOPT PACKING pc=0x0000022bf159571c sp=0x000000dbd88fc480
Event: 788.394 Thread 0x0000022b906a15f0 DEOPT UNPACKING pc=0x0000022bf8187543 sp=0x000000dbd88fb8d0 mode 0
Event: 788.495 Thread 0x0000022b906a15f0 DEOPT PACKING pc=0x0000022bf159571c sp=0x000000dbd88fc5f0
Event: 788.495 Thread 0x0000022b906a15f0 DEOPT UNPACKING pc=0x0000022bf8187543 sp=0x000000dbd88fba40 mode 0
Event: 789.138 Thread 0x0000022b906a15f0 DEOPT PACKING pc=0x0000022bf15a2caa sp=0x000000dbd88fc530
Event: 789.138 Thread 0x0000022b906a15f0 DEOPT UNPACKING pc=0x0000022bf8187543 sp=0x000000dbd88fb998 mode 0
Event: 789.266 Thread 0x0000022b906a15f0 DEOPT PACKING pc=0x0000022bf150c8c2 sp=0x000000dbd88fc500
Event: 789.266 Thread 0x0000022b906a15f0 DEOPT UNPACKING pc=0x0000022bf8187543 sp=0x000000dbd88fb990 mode 0

Classes loaded (20 events):
Event: 4.037 Loading class java/nio/ShortBuffer
Event: 4.037 Loading class java/nio/ShortBuffer done
Event: 4.037 Loading class java/nio/DoubleBuffer
Event: 4.037 Loading class java/nio/DoubleBuffer done
Event: 4.048 Loading class java/nio/DirectFloatBufferU
Event: 4.048 Loading class java/nio/DirectFloatBufferU done
Event: 4.085 Loading class java/util/concurrent/ConcurrentLinkedQueue
Event: 4.085 Loading class java/util/concurrent/ConcurrentLinkedQueue done
Event: 4.085 Loading class java/util/concurrent/ConcurrentLinkedQueue$Node
Event: 4.085 Loading class java/util/concurrent/ConcurrentLinkedQueue$Node done
Event: 4.087 Loading class jdk/internal/ref/CleanerImpl$InnocuousThreadFactory
Event: 4.087 Loading class jdk/internal/ref/CleanerImpl$InnocuousThreadFactory done
Event: 4.125 Loading class sun/misc/Unsafe
Event: 4.125 Loading class sun/misc/Unsafe done
Event: 5.577 Loading class java/util/function/BooleanSupplier
Event: 5.577 Loading class java/util/function/BooleanSupplier done
Event: 21.694 Loading class java/util/ComparableTimSort
Event: 21.694 Loading class java/util/ComparableTimSort done
Event: 374.241 Loading class java/lang/FdLibm$Cbrt
Event: 374.241 Loading class java/lang/FdLibm$Cbrt done

Classes unloaded (0 events):
No events

Classes redefined (0 events):
No events

Internal exceptions (20 events):
Event: 3.215 Thread 0x0000022b903f3270 Exception <a 'java/lang/ClassNotFoundException'{0x000000070d1e6d28}: com/sun/javafx/scene/control/skin/resources/controls_en_US> (0x000000070d1e6d28) 
thrown [s\src\hotspot\share\prims\jni.cpp, line 536]
Event: 3.272 Thread 0x0000022b903f3270 Exception <a 'java/lang/NoSuchMethodError'{0x000000070cf94498}: 'int java.lang.invoke.DirectMethodHandle$Holder.invokeSpecial(java.lang.Object, java.lang.Object, int)'> (0x000000070cf94498) 
thrown [s\src\hotspot\share\interpreter\linkResolver.cpp, line 774]
Event: 3.321 Thread 0x0000022b903f3270 Exception <a 'java/io/FileNotFoundException'{0x000000070ccf2240}> (0x000000070ccf2240) 
thrown [s\src\hotspot\share\prims\jni.cpp, line 517]
Event: 3.321 Thread 0x0000022b903f3270 Exception <a 'java/io/FileNotFoundException'{0x000000070ccf4360}> (0x000000070ccf4360) 
thrown [s\src\hotspot\share\prims\jni.cpp, line 517]
Event: 3.323 Thread 0x0000022b903f3270 Exception <a 'java/io/FileNotFoundException'{0x000000070ccf9208}> (0x000000070ccf9208) 
thrown [s\src\hotspot\share\prims\jni.cpp, line 517]
Event: 3.323 Thread 0x0000022b903f3270 Exception <a 'java/io/FileNotFoundException'{0x000000070ccfad98}> (0x000000070ccfad98) 
thrown [s\src\hotspot\share\prims\jni.cpp, line 517]
Event: 3.334 Thread 0x0000022b903f3270 Exception <a 'java/io/FileNotFoundException'{0x000000070cdf5590}> (0x000000070cdf5590) 
thrown [s\src\hotspot\share\prims\jni.cpp, line 517]
Event: 3.335 Thread 0x0000022b903f3270 Exception <a 'java/io/FileNotFoundException'{0x000000070cdf75c8}> (0x000000070cdf75c8) 
thrown [s\src\hotspot\share\prims\jni.cpp, line 517]
Event: 3.335 Thread 0x0000022b903f3270 Exception <a 'java/io/FileNotFoundException'{0x000000070cdf9320}> (0x000000070cdf9320) 
thrown [s\src\hotspot\share\prims\jni.cpp, line 517]
Event: 3.723 Thread 0x0000022b903f3270 Implicit null exception at 0x0000022bf87dbbef to 0x0000022bf87dc3f4
Event: 4.006 Thread 0x0000022b906a15f0 Exception <a 'java/lang/NoSuchMethodError'{0x000000070bfd2f38}: 'java.lang.Object java.lang.invoke.DirectMethodHandle$Holder.invokeStaticInit(java.lang.Object, int)'> (0x000000070bfd2f38) 
thrown [s\src\hotspot\share\interpreter\linkResolver.cpp, line 774]
Event: 5.151 Thread 0x0000022b903f3270 Exception <a 'java/lang/NoSuchMethodError'{0x0000000704c66678}: 'long java.lang.invoke.DirectMethodHandle$Holder.invokeStatic(java.lang.Object, java.lang.Object, java.lang.Object)'> (0x0000000704c66678) 
thrown [s\src\hotspot\share\interpreter\linkResolver.cpp, line 774]
Event: 5.151 Thread 0x0000022b903f3270 Exception <a 'java/lang/NoSuchMethodError'{0x0000000704c69fa0}: 'long java.lang.invoke.DirectMethodHandle$Holder.invokeStaticInit(java.lang.Object, java.lang.Object, java.lang.Object)'> (0x0000000704c69fa0) 
thrown [s\src\hotspot\share\interpreter\linkResolver.cpp, line 774]
Event: 5.154 Thread 0x0000022b903f3270 Exception <a 'java/lang/NoSuchMethodError'{0x0000000704c826f0}: 'java.lang.Object java.lang.invoke.DirectMethodHandle$Holder.newInvokeSpecial(java.lang.Object, java.lang.Object, long)'> (0x0000000704c826f0) 
thrown [s\src\hotspot\share\interpreter\linkResolver.cpp, line 774]
Event: 5.154 Thread 0x0000022b903f3270 Exception <a 'java/lang/NoSuchMethodError'{0x0000000704c86278}: 'java.lang.Object java.lang.invoke.Invokers$Holder.linkToTargetMethod(java.lang.Object, long, java.lang.Object)'> (0x0000000704c86278) 
thrown [s\src\hotspot\share\interpreter\linkResolver.cpp, line 774]
Event: 5.495 Thread 0x0000022b903f3270 Exception <a 'java/lang/NoSuchMethodError'{0x0000000704cd1200}: 'java.lang.Object java.lang.invoke.DirectMethodHandle$Holder.newInvokeSpecial(java.lang.Object, java.lang.Object, int, int, int, int, int, java.lang.Object)'> (0x0000000704cd1200) 
thrown [s\src\hotspot\share\interpreter\linkResolver.cpp, line 774]
Event: 5.497 Thread 0x0000022b903f3270 Exception <a 'java/lang/NoSuchMethodError'{0x0000000704ce4498}: 'java.lang.Object java.lang.invoke.DirectMethodHandle$Holder.newInvokeSpecial(java.lang.Object, java.lang.Object, java.lang.Object, int, int, int, int, int)'> (0x0000000704ce4498) 
thrown [s\src\hotspot\share\interpreter\linkResolver.cpp, line 774]
Event: 5.498 Thread 0x0000022b903f3270 Exception <a 'java/lang/NoSuchMethodError'{0x0000000704cebfb8}: 'java.lang.Object java.lang.invoke.Invokers$Holder.linkToTargetMethod(java.lang.Object, java.lang.Object, int, int, int, int, int, java.lang.Object)'> (0x0000000704cebfb8) 
thrown [s\src\hotspot\share\interpreter\linkResolver.cpp, line 774]
Event: 21.692 Thread 0x0000022b903f3270 Exception <a 'java/lang/ClassCastException'{0x000000070469c270}: class java.lang.String cannot be cast to class javafx.scene.paint.Paint (java.lang.String is in module java.base of loader 'bootstrap'; javafx.scene.paint.Paint is in module javafx.graphics@20 of loader 'app')> (0x000000070469c270) 
thrown [s\src\hotspot\share\interpreter\interpreterRuntime.cpp, line 448]
Event: 374.118 Thread 0x0000022b903f3270 Implicit null exception at 0x0000022bf8885cd0 to 0x0000022bf8885d58

VM Operations (20 events):
Event: 375.769 Executing VM operation: Cleanup done
Event: 376.769 Executing VM operation: Cleanup
Event: 376.769 Executing VM operation: Cleanup done
Event: 377.769 Executing VM operation: Cleanup
Event: 377.770 Executing VM operation: Cleanup done
Event: 694.930 Executing VM operation: Cleanup
Event: 694.930 Executing VM operation: Cleanup done
Event: 696.930 Executing VM operation: Cleanup
Event: 696.931 Executing VM operation: Cleanup done
Event: 779.974 Executing VM operation: Cleanup
Event: 779.974 Executing VM operation: Cleanup done
Event: 780.974 Executing VM operation: Cleanup
Event: 780.974 Executing VM operation: Cleanup done
Event: 781.975 Executing VM operation: Cleanup
Event: 781.975 Executing VM operation: Cleanup done
Event: 788.979 Executing VM operation: Cleanup
Event: 788.979 Executing VM operation: Cleanup done
Event: 789.979 Executing VM operation: Cleanup
Event: 789.979 Executing VM operation: Cleanup done
Event: 789.983 Executing VM operation: Exit

Events (20 events):
Event: 2.128 Thread 0x0000022b91b6e070 Thread added: 0x0000022b91b6e070
Event: 2.543 Thread 0x0000022b91b2d860 Thread exited: 0x0000022b91b2d860
Event: 2.555 Thread 0x0000022b91b2d860 Thread added: 0x0000022b91b2d860
Event: 4.087 Thread 0x0000022b91b70050 Thread added: 0x0000022b91b70050
Event: 4.677 Thread 0x0000022b91b2d860 Thread exited: 0x0000022b91b2d860
Event: 5.629 Thread 0x0000022b9a198050 Thread added: 0x0000022b9a198050
Event: 5.760 Thread 0x0000022b9a198050 Thread exited: 0x0000022b9a198050
Event: 374.738 Thread 0x0000022b91e9bc70 Thread added: 0x0000022b91e9bc70
Event: 375.664 Thread 0x0000022b91e9bc70 Thread exited: 0x0000022b91e9bc70
Event: 377.108 Thread 0x0000022b91e9bc70 Thread added: 0x0000022b91e9bc70
Event: 382.286 Thread 0x0000022b91e9bc70 Thread exited: 0x0000022b91e9bc70
Event: 788.356 Thread 0x0000022b90174370 Thread added: 0x0000022b90174370
Event: 789.132 Thread 0x0000022b90174370 Thread exited: 0x0000022b90174370
Event: 789.941 Thread 0x0000022b91b6f060 Thread added: 0x0000022b91b6f060
Event: 789.941 Thread 0x0000022b91b71040 Thread added: 0x0000022b91b71040
Event: 789.941 Thread 0x0000022b91b705a0 Thread added: 0x0000022b91b705a0
Event: 789.943 Thread 0x0000022b91b71040 Thread exited: 0x0000022b91b71040
Event: 789.957 Thread 0x0000022b91b705a0 Thread exited: 0x0000022b91b705a0
Event: 789.982 Thread 0x0000022b91b6f060 Thread exited: 0x0000022b91b6f060
Event: 789.983 Thread 0x0000022b8b8ed930 Thread exited: 0x0000022b8b8ed930


Dynamic libraries:
0x00007ff74b4f0000 - 0x00007ff74b4fd000 	C:\JAVA\amazon-corretto-19.0.2.7.1-windows-x64-jdk\jdk19.0.2_7\bin\java.exe
0x00007ffec58d0000 - 0x00007ffec5ac8000 	C:\Windows\SYSTEM32\ntdll.dll
0x00007ffec3f20000 - 0x00007ffec3fe1000 	C:\Windows\System32\KERNEL32.DLL
0x00007ffec3400000 - 0x00007ffec36fd000 	C:\Windows\System32\KERNELBASE.dll
0x00007ffec30b0000 - 0x00007ffec31b0000 	C:\Windows\System32\ucrtbase.dll
0x00007ffebc780000 - 0x00007ffebc795000 	C:\JAVA\amazon-corretto-19.0.2.7.1-windows-x64-jdk\jdk19.0.2_7\bin\VCRUNTIME140.dll
0x00007ffebec30000 - 0x00007ffebec47000 	C:\JAVA\amazon-corretto-19.0.2.7.1-windows-x64-jdk\jdk19.0.2_7\bin\jli.dll
0x00007ffec4a30000 - 0x00007ffec4bcd000 	C:\Windows\System32\USER32.dll
0x00007ffeb2ea0000 - 0x00007ffeb313a000 	C:\Windows\WinSxS\amd64_microsoft.windows.common-controls_6595b64144ccf1df_6.0.19041.4355_none_60b8b9eb71f62e16\COMCTL32.dll
0x00007ffec3320000 - 0x00007ffec3342000 	C:\Windows\System32\win32u.dll
0x00007ffec4d00000 - 0x00007ffec4d9e000 	C:\Windows\System32\msvcrt.dll
0x00007ffec4560000 - 0x00007ffec458b000 	C:\Windows\System32\GDI32.dll
0x00007ffec3200000 - 0x00007ffec3317000 	C:\Windows\System32\gdi32full.dll
0x00007ffec3860000 - 0x00007ffec38fd000 	C:\Windows\System32\msvcp_win.dll
0x00007ffec4900000 - 0x00007ffec492f000 	C:\Windows\System32\IMM32.DLL
0x00007ffeaddb0000 - 0x00007ffeade4b000 	C:\JAVA\amazon-corretto-19.0.2.7.1-windows-x64-jdk\jdk19.0.2_7\bin\msvcp140.dll
0x00007ffe57780000 - 0x00007ffe58459000 	C:\JAVA\amazon-corretto-19.0.2.7.1-windows-x64-jdk\jdk19.0.2_7\bin\server\jvm.dll
0x00007ffec4350000 - 0x00007ffec4400000 	C:\Windows\System32\ADVAPI32.dll
0x00007ffec4400000 - 0x00007ffec44a0000 	C:\Windows\System32\sechost.dll
0x00007ffec4bd0000 - 0x00007ffec4cf3000 	C:\Windows\System32\RPCRT4.dll
0x00007ffec2f80000 - 0x00007ffec2fa7000 	C:\Windows\System32\bcrypt.dll
0x00007ffeb6520000 - 0x00007ffeb6547000 	C:\Windows\SYSTEM32\WINMM.dll
0x00007ffebdb00000 - 0x00007ffebdb09000 	C:\Windows\SYSTEM32\WSOCK32.dll
0x00007ffeba240000 - 0x00007ffeba24a000 	C:\Windows\SYSTEM32\VERSION.dll
0x00007ffec5790000 - 0x00007ffec57fb000 	C:\Windows\System32\WS2_32.dll
0x00007ffec0e00000 - 0x00007ffec0e12000 	C:\Windows\SYSTEM32\kernel.appcore.dll
0x00007ffebc770000 - 0x00007ffebc77a000 	C:\JAVA\amazon-corretto-19.0.2.7.1-windows-x64-jdk\jdk19.0.2_7\bin\jimage.dll
0x00007ffebc810000 - 0x00007ffebc9f4000 	C:\Windows\SYSTEM32\DBGHELP.DLL
0x00007ffebc7d0000 - 0x00007ffebc804000 	C:\Windows\SYSTEM32\dbgcore.DLL
0x00007ffec3020000 - 0x00007ffec30a2000 	C:\Windows\System32\bcryptPrimitives.dll
0x00007ffebc470000 - 0x00007ffebc496000 	C:\JAVA\amazon-corretto-19.0.2.7.1-windows-x64-jdk\jdk19.0.2_7\bin\java.dll
0x00007ffeadcd0000 - 0x00007ffeadda6000 	C:\JAVA\amazon-corretto-19.0.2.7.1-windows-x64-jdk\jdk19.0.2_7\bin\jsvml.dll
0x00007ffec4ef0000 - 0x00007ffec565f000 	C:\Windows\System32\SHELL32.dll
0x00007ffec1000000 - 0x00007ffec179f000 	C:\Windows\SYSTEM32\windows.storage.dll
0x00007ffec3ff0000 - 0x00007ffec4343000 	C:\Windows\System32\combase.dll
0x00007ffec28d0000 - 0x00007ffec28fe000 	C:\Windows\SYSTEM32\Wldp.dll
0x00007ffec5660000 - 0x00007ffec572d000 	C:\Windows\System32\OLEAUT32.dll
0x00007ffec4850000 - 0x00007ffec48fd000 	C:\Windows\System32\SHCORE.dll
0x00007ffec4930000 - 0x00007ffec4985000 	C:\Windows\System32\shlwapi.dll
0x00007ffec2eb0000 - 0x00007ffec2ed4000 	C:\Windows\SYSTEM32\profapi.dll
0x00007ffeb9ac0000 - 0x00007ffeb9ad3000 	C:\JAVA\amazon-corretto-19.0.2.7.1-windows-x64-jdk\jdk19.0.2_7\bin\net.dll
0x00007ffebd1f0000 - 0x00007ffebd2fd000 	C:\Windows\SYSTEM32\WINHTTP.dll
0x00007ffec2630000 - 0x00007ffec269a000 	C:\Windows\system32\mswsock.dll
0x00007ffeb5b10000 - 0x00007ffeb5b25000 	C:\JAVA\amazon-corretto-19.0.2.7.1-windows-x64-jdk\jdk19.0.2_7\bin\nio.dll
0x00007ffebc610000 - 0x00007ffebc628000 	C:\JAVA\amazon-corretto-19.0.2.7.1-windows-x64-jdk\jdk19.0.2_7\bin\zip.dll
0x0000022b8ba50000 - 0x0000022b8ba53000 	C:\Users\Administrator\.openjfx\cache\20+19\amd64\api-ms-win-core-console-l1-1-0.dll
0x0000022b8ba60000 - 0x0000022b8ba63000 	C:\Users\Administrator\.openjfx\cache\20+19\amd64\api-ms-win-core-console-l1-2-0.dll
0x0000022b8ba70000 - 0x0000022b8ba73000 	C:\Users\Administrator\.openjfx\cache\20+19\amd64\api-ms-win-core-datetime-l1-1-0.dll
0x0000022b8ba80000 - 0x0000022b8ba83000 	C:\Users\Administrator\.openjfx\cache\20+19\amd64\api-ms-win-core-debug-l1-1-0.dll
0x0000022b8ba90000 - 0x0000022b8ba93000 	C:\Users\Administrator\.openjfx\cache\20+19\amd64\api-ms-win-core-errorhandling-l1-1-0.dll
0x0000022b8baa0000 - 0x0000022b8baa4000 	C:\Users\Administrator\.openjfx\cache\20+19\amd64\api-ms-win-core-file-l1-1-0.dll
0x0000022b8bab0000 - 0x0000022b8bab3000 	C:\Users\Administrator\.openjfx\cache\20+19\amd64\api-ms-win-core-file-l1-2-0.dll
0x0000022b8bac0000 - 0x0000022b8bac3000 	C:\Users\Administrator\.openjfx\cache\20+19\amd64\api-ms-win-core-file-l2-1-0.dll
0x0000022b8bad0000 - 0x0000022b8bad3000 	C:\Users\Administrator\.openjfx\cache\20+19\amd64\api-ms-win-core-handle-l1-1-0.dll
0x0000022b8bae0000 - 0x0000022b8bae3000 	C:\Users\Administrator\.openjfx\cache\20+19\amd64\api-ms-win-core-heap-l1-1-0.dll
0x0000022b8baf0000 - 0x0000022b8baf3000 	C:\Users\Administrator\.openjfx\cache\20+19\amd64\api-ms-win-core-interlocked-l1-1-0.dll
0x0000022b8bb00000 - 0x0000022b8bb03000 	C:\Users\Administrator\.openjfx\cache\20+19\amd64\api-ms-win-core-libraryloader-l1-1-0.dll
0x0000022b8bb10000 - 0x0000022b8bb13000 	C:\Users\Administrator\.openjfx\cache\20+19\amd64\api-ms-win-core-localization-l1-2-0.dll
0x0000022b8bb20000 - 0x0000022b8bb23000 	C:\Users\Administrator\.openjfx\cache\20+19\amd64\api-ms-win-core-memory-l1-1-0.dll
0x0000022b8bb30000 - 0x0000022b8bb33000 	C:\Users\Administrator\.openjfx\cache\20+19\amd64\api-ms-win-core-namedpipe-l1-1-0.dll
0x0000022b8bb40000 - 0x0000022b8bb43000 	C:\Users\Administrator\.openjfx\cache\20+19\amd64\api-ms-win-core-processenvironment-l1-1-0.dll
0x0000022b8bb50000 - 0x0000022b8bb53000 	C:\Users\Administrator\.openjfx\cache\20+19\amd64\api-ms-win-core-processthreads-l1-1-0.dll
0x0000022b8bb60000 - 0x0000022b8bb63000 	C:\Users\Administrator\.openjfx\cache\20+19\amd64\api-ms-win-core-processthreads-l1-1-1.dll
0x0000022b8bb70000 - 0x0000022b8bb73000 	C:\Users\Administrator\.openjfx\cache\20+19\amd64\api-ms-win-core-profile-l1-1-0.dll
0x0000022b8bb80000 - 0x0000022b8bb83000 	C:\Users\Administrator\.openjfx\cache\20+19\amd64\api-ms-win-core-rtlsupport-l1-1-0.dll
0x0000022b8bb90000 - 0x0000022b8bb93000 	C:\Users\Administrator\.openjfx\cache\20+19\amd64\api-ms-win-core-string-l1-1-0.dll
0x0000022b8bba0000 - 0x0000022b8bba3000 	C:\Users\Administrator\.openjfx\cache\20+19\amd64\api-ms-win-core-synch-l1-1-0.dll
0x0000022b8bbb0000 - 0x0000022b8bbb3000 	C:\Users\Administrator\.openjfx\cache\20+19\amd64\api-ms-win-core-synch-l1-2-0.dll
0x0000022b8bbc0000 - 0x0000022b8bbc3000 	C:\Users\Administrator\.openjfx\cache\20+19\amd64\api-ms-win-core-sysinfo-l1-1-0.dll
0x0000022b8bbd0000 - 0x0000022b8bbd3000 	C:\Users\Administrator\.openjfx\cache\20+19\amd64\api-ms-win-core-timezone-l1-1-0.dll
0x0000022b8bbe0000 - 0x0000022b8bbe3000 	C:\Users\Administrator\.openjfx\cache\20+19\amd64\api-ms-win-core-util-l1-1-0.dll
0x0000022b8bbf0000 - 0x0000022b8bbf3000 	C:\Users\Administrator\.openjfx\cache\20+19\amd64\api-ms-win-crt-conio-l1-1-0.dll
0x0000022b90800000 - 0x0000022b90804000 	C:\Users\Administrator\.openjfx\cache\20+19\amd64\api-ms-win-crt-convert-l1-1-0.dll
0x0000022b90810000 - 0x0000022b90813000 	C:\Users\Administrator\.openjfx\cache\20+19\amd64\api-ms-win-crt-environment-l1-1-0.dll
0x0000022b90820000 - 0x0000022b90823000 	C:\Users\Administrator\.openjfx\cache\20+19\amd64\api-ms-win-crt-filesystem-l1-1-0.dll
0x0000022b90830000 - 0x0000022b90833000 	C:\Users\Administrator\.openjfx\cache\20+19\amd64\api-ms-win-crt-heap-l1-1-0.dll
0x0000022b90840000 - 0x0000022b90843000 	C:\Users\Administrator\.openjfx\cache\20+19\amd64\api-ms-win-crt-locale-l1-1-0.dll
0x0000022b90850000 - 0x0000022b90855000 	C:\Users\Administrator\.openjfx\cache\20+19\amd64\api-ms-win-crt-math-l1-1-0.dll
0x0000022b90860000 - 0x0000022b90865000 	C:\Users\Administrator\.openjfx\cache\20+19\amd64\api-ms-win-crt-multibyte-l1-1-0.dll
0x0000022b90870000 - 0x0000022b90880000 	C:\Users\Administrator\.openjfx\cache\20+19\amd64\api-ms-win-crt-private-l1-1-0.dll
0x0000022b90880000 - 0x0000022b90883000 	C:\Users\Administrator\.openjfx\cache\20+19\amd64\api-ms-win-crt-process-l1-1-0.dll
0x0000022b90890000 - 0x0000022b90894000 	C:\Users\Administrator\.openjfx\cache\20+19\amd64\api-ms-win-crt-runtime-l1-1-0.dll
0x0000022b908a0000 - 0x0000022b908a4000 	C:\Users\Administrator\.openjfx\cache\20+19\amd64\api-ms-win-crt-stdio-l1-1-0.dll
0x0000022b908b0000 - 0x0000022b908b4000 	C:\Users\Administrator\.openjfx\cache\20+19\amd64\api-ms-win-crt-string-l1-1-0.dll
0x0000022b908c0000 - 0x0000022b908c3000 	C:\Users\Administrator\.openjfx\cache\20+19\amd64\api-ms-win-crt-time-l1-1-0.dll
0x0000022b908d0000 - 0x0000022b908d3000 	C:\Users\Administrator\.openjfx\cache\20+19\amd64\api-ms-win-crt-utility-l1-1-0.dll
0x00007ffeae8c0000 - 0x00007ffeae9bc000 	C:\Users\Administrator\.openjfx\cache\20+19\amd64\ucrtbase.dll
0x00007ffebc710000 - 0x00007ffebc72b000 	C:\Users\Administrator\.openjfx\cache\20+19\amd64\vcruntime140.dll
0x00007ffebc700000 - 0x00007ffebc70c000 	C:\Users\Administrator\.openjfx\cache\20+19\amd64\vcruntime140_1.dll
0x00007ffeae830000 - 0x00007ffeae8be000 	C:\Users\Administrator\.openjfx\cache\20+19\amd64\msvcp140.dll
0x00007ffebc6f0000 - 0x00007ffebc6f9000 	C:\Users\Administrator\.openjfx\cache\20+19\amd64\msvcp140_1.dll
0x00007ffeaedd0000 - 0x00007ffeaee00000 	C:\Users\Administrator\.openjfx\cache\20+19\amd64\msvcp140_2.dll
0x00007ffeae790000 - 0x00007ffeae7bf000 	C:\Users\Administrator\.openjfx\cache\20+19\amd64\prism_d3d.dll
0x00007ffe94290000 - 0x00007ffe94460000 	C:\Windows\system32\d3d9.dll
0x00007ffec0cf0000 - 0x00007ffec0d1f000 	C:\Windows\SYSTEM32\dwmapi.dll
0x00007ffec0c00000 - 0x00007ffec0c9e000 	C:\Windows\system32\uxtheme.dll
0x00007ffec2820000 - 0x00007ffec2838000 	C:\Windows\SYSTEM32\CRYPTSP.dll
0x00007ffec1f50000 - 0x00007ffec1f84000 	C:\Windows\system32\rsaenh.dll
0x00007ffec2840000 - 0x00007ffec284c000 	C:\Windows\SYSTEM32\CRYPTBASE.dll
0x00007ffeae740000 - 0x00007ffeae782000 	C:\Users\Administrator\.openjfx\cache\20+19\amd64\glass.dll
0x00007ffec4590000 - 0x00007ffec466a000 	C:\Windows\System32\COMDLG32.dll
0x00007ffec4da0000 - 0x00007ffec4ecb000 	C:\Windows\System32\ole32.dll
0x00007ffec4730000 - 0x00007ffec4844000 	C:\Windows\System32\MSCTF.dll
0x00007ffeb11e0000 - 0x00007ffeb121b000 	C:\Windows\SYSTEM32\dxcore.dll
0x00007ffec31b0000 - 0x00007ffec31fe000 	C:\Windows\System32\cfgmgr32.dll
0x00007ffec2350000 - 0x00007ffec241a000 	C:\Windows\SYSTEM32\DNSAPI.dll
0x00007ffec2310000 - 0x00007ffec234b000 	C:\Windows\SYSTEM32\IPHLPAPI.DLL
0x00007ffec5800000 - 0x00007ffec5808000 	C:\Windows\System32\NSI.dll
0x00007ffebbcd0000 - 0x00007ffebbcda000 	C:\Windows\System32\rasadhlp.dll
0x00007ffebc2e0000 - 0x00007ffebc360000 	C:\Windows\System32\fwpuclnt.dll
0x00007ffebc460000 - 0x00007ffebc469000 	C:\JAVA\amazon-corretto-19.0.2.7.1-windows-x64-jdk\jdk19.0.2_7\bin\management.dll
0x00007ffeb9b40000 - 0x00007ffeb9b4b000 	C:\JAVA\amazon-corretto-19.0.2.7.1-windows-x64-jdk\jdk19.0.2_7\bin\management_ext.dll
0x00007ffec4670000 - 0x00007ffec4678000 	C:\Windows\System32\PSAPI.DLL
0x00007ffebc6d0000 - 0x00007ffebc6e4000 	C:\Users\Administrator\.openjfx\cache\20+19\amd64\javafx_font.dll
0x00007ffeafc50000 - 0x00007ffeafecf000 	C:\Windows\SYSTEM32\dwrite.dll
0x00007ffec2e60000 - 0x00007ffec2e8e000 	C:\Windows\SYSTEM32\USERENV.dll
0x00007ffebd460000 - 0x00007ffebd477000 	C:\Windows\SYSTEM32\dhcpcsvc6.DLL
0x00007ffebd530000 - 0x00007ffebd54d000 	C:\Windows\SYSTEM32\dhcpcsvc.DLL
0x00007ffeae710000 - 0x00007ffeae73d000 	C:\Users\Administrator\.openjfx\cache\20+19\amd64\javafx_iio.dll
0x00007ffec4680000 - 0x00007ffec4729000 	C:\Windows\System32\clbcatq.dll
0x00007ffec0970000 - 0x00007ffec0b26000 	C:\Windows\SYSTEM32\WindowsCodecs.dll
0x00007ffebbe10000 - 0x00007ffebbe4e000 	C:\Windows\system32\dataexchange.dll
0x00007ffec0040000 - 0x00007ffec0224000 	C:\Windows\system32\dcomp.dll
0x00007ffebf1f0000 - 0x00007ffebf453000 	C:\Windows\system32\d3d11.dll
0x00007ffec1800000 - 0x00007ffec18f6000 	C:\Windows\system32\dxgi.dll
0x00007ffeb5d70000 - 0x00007ffeb5f73000 	C:\Windows\system32\twinapi.appcore.dll
0x00007ffebe080000 - 0x00007ffebe0b4000 	C:\Program Files\Common Files\Microsoft Shared\Ink\rtscom.dll
0x00007ffeb3cc0000 - 0x00007ffeb3db9000 	C:\Windows\SYSTEM32\textinputframework.dll

dbghelp: loaded successfully - version: 4.0.5 - missing functions: none
symbol engine: initialized successfully - sym options: 0x614 - pdb path: .;C:\JAVA\amazon-corretto-19.0.2.7.1-windows-x64-jdk\jdk19.0.2_7\bin;C:\Windows\SYSTEM32;C:\Windows\WinSxS\amd64_microsoft.windows.common-controls_6595b64144ccf1df_6.0.19041.4355_none_60b8b9eb71f62e16;C:\JAVA\amazon-corretto-19.0.2.7.1-windows-x64-jdk\jdk19.0.2_7\bin\server;C:\Users\Administrator\.openjfx\cache\20+19\amd64;C:\Windows\System32\DriverStore\FileRepository\nvmiwu.inf_amd64_7b11efeca48cd7d3;C:\Program Files\Common Files\Microsoft Shared\Ink

VM Arguments:
jvm_args: --module-path=C:\Users\Administrator\Desktop\ARCHIVES\openjfx-21.0.4_windows-x64_bin-sdk\javafx-sdk-21.0.4\lib --add-modules=javafx.controls,javafx.fxml,javafx.web,java.sql --module-path=C:\Users\Administrator\Desktop\ARCHIVES\openjfx-21.0.4_windows-x64_bin-sdk\javafx-sdk-21.0.4\lib --add-modules=javafx.controls,javafx.fxml,javafx.web,java.sql -Dfile.encoding=windows-1252 -Duser.country=US -Duser.language=en -Duser.variant --module-path=D:\WORKSPACE\JAVA\smpro\smpro-v2\build\libs\app-1.0-SNAPSHOT.jar;D:\WORKSPACE\JAVA\smpro\smpro-v2\build\classes\java\main;C:\JAVA\GRADLES\gradle-8.2-all\gradle-8.2\caches\modules-2\files-2.1\com.github.Dansoftowner\FXTaskbarProgressBar\v11.4\a38a3b1d1b537858a7f88ef956f9048a3099a45b\FXTaskbarProgressBar-v11.4.jar;C:\JAVA\GRADLES\gradle-8.2-all\gradle-8.2\caches\modules-2\files-2.1\org.openjfx\javafx-web\17.0.6\f4117256e602d41f484f2b9e5a74eeadc0a272eb\javafx-web-17.0.6-win.jar;C:\JAVA\GRADLES\gradle-8.2-all\gradle-8.2\caches\modules-2\files-2.1\org.openjfx\javafx-web\17.0.6\69293d257d088cd7f48a69a87afa59f4eb6461c6\javafx-web-17.0.6-linux.jar;C:\JAVA\GRADLES\gradle-8.2-all\gradle-8.2\caches\modules-2\files-2.1\org.openjfx\javafx-media\17.0.6\cc7e03817252ace41ece37ab29f193ba3fd0153e\javafx-media-17.0.6-win.jar;C:\JAVA\GRADLES\gradle-8.2-all\gradle-8.2\caches\modules-2\files-2.1\org.openjfx\javafx-media\17.0.6\5a496809cfebccf228a9cb1678b8cd51d986704b\javafx-media-17.0.6.jar;C:\JAVA\GRADLES\gradle-8.2-all\gradle-8.2\caches\modules-2\files-2.1\org.openjfx\javafx-media\17.0.6\a76bc115c1e43c4757466a1e128c2602db7e52f8\javafx-media-17.0.6-linux.jar;C:\JAVA\GRADLES\gradle-8.2-all\gradle-8.2\caches\modules-2\files-2.1\org.openjfx\javafx-swing\17.0.6\974e453fb9afac1fb6536a1c6c0edfc203959b8\javafx-swing-17.0.6-win.jar;C:\JAVA\GRADLES\gradle-8.2-all\gradle-8.2\caches\modules-2\files-2.1\org.openjfx\javafx-fxml\17.0.6\5724aedc415683e62eeab3a3875550aa814c84fd\javafx-fxml-17.0.6-win.jar;C:\JAVA\GRADLES\gradle-8.2-all\gradle-8.2\caches\modules-2\files-2.1\org.openjfx\javafx-fxml\17.0.6\c500ec44fd60e74a11021c71c0e6127dc31bc41d\javafx-fxml-17.0.6-linux.jar;C:\JAVA\GRADLES\gradle-8.2-all\gradle-8.2\caches\modules-2\files-2.1\io.github.mkpaz\atlantafx-base\2.0.1\51d2bfa35150921fe5b8b5e3c1a1bf78a6d57684\atlantafx-base-2.0.1.jar;C:\JAVA\GRADLES\gradle-8.2-all\gradle-8.2\caches\modules-2\files-2.1\org.openjfx\javafx-controls\20\f9a84d43adab2745f4999e7ff9a64f12dd563f1f\javafx-co-Djdk.module.main=smpro.app 
java_command: smpro.app/smpro.app.Entry
java_class_path (initial): D:\WORKSPACE\JAVA\smpro\smpro-v2\build\resources\main
Launcher Type: SUN_STANDARD

[Global flags]
     intx CICompilerCount                          = 3                                         {product} {ergonomic}
     uint ConcGCThreads                            = 1                                         {product} {ergonomic}
     uint G1ConcRefinementThreads                  = 4                                         {product} {ergonomic}
   size_t G1HeapRegionSize                         = 2097152                                   {product} {ergonomic}
    uintx GCDrainStackTargetSize                   = 64                                        {product} {ergonomic}
   size_t InitialHeapSize                          = 268435456                                 {product} {ergonomic}
   size_t MarkStackSize                            = 4194304                                   {product} {ergonomic}
   size_t MaxHeapSize                              = 4267704320                                {product} {ergonomic}
   size_t MaxNewSize                               = 2560622592                                {product} {ergonomic}
   size_t MinHeapDeltaBytes                        = 2097152                                   {product} {ergonomic}
   size_t MinHeapSize                              = 8388608                                   {product} {ergonomic}
    uintx NonNMethodCodeHeapSize                   = 5832780                                {pd product} {ergonomic}
    uintx NonProfiledCodeHeapSize                  = 122912730                              {pd product} {ergonomic}
    uintx ProfiledCodeHeapSize                     = 122912730                              {pd product} {ergonomic}
    uintx ReservedCodeCacheSize                    = 251658240                              {pd product} {ergonomic}
     bool SegmentedCodeCache                       = true                                      {product} {ergonomic}
   size_t SoftMaxHeapSize                          = 4267704320                             {manageable} {ergonomic}
     bool UseCompressedClassPointers               = true                           {product lp64_product} {ergonomic}
     bool UseCompressedOops                        = true                           {product lp64_product} {ergonomic}
     bool UseG1GC                                  = true                                      {product} {ergonomic}
     bool UseLargePagesIndividualAllocation        = false                                  {pd product} {ergonomic}

Logging:
Log output configuration:
 #0: stdout all=off uptime,level,tags foldmultilines=false
 #1: stderr all=off uptime,level,tags foldmultilines=false

Environment Variables:
JAVA_HOME=C:\JAVA\amazon-corretto-19.0.2.7.1-windows-x64-jdk\jdk19.0.2_7
PATH=C:\Windows\system32;C:\Windows;C:\Windows\System32\Wbem;C:\Windows\System32\WindowsPowerShell\v1.0\;C:\Windows\System32\OpenSSH\;C:\Program Files\Git\cmd;C:\Users\Administrator\AppData\Local\Programs\Python\Python39\Scripts\;C:\Users\Administrator\AppData\Local\Programs\Python\Python39\;C:\Users\Administrator\AppData\Local\Microsoft\WindowsApps;C:\Users\Administrator\AppData\Local\Programs\Microsoft VS Code\bin;C:\Program Files\JetBrains\PyCharm Community Edition 2024.1.4\bin;;C:\JAVA\GRADLES\gradle-8.2-all\gradle-8.2\bin;C:\JAVA\amazon-corretto-19.0.2.7.1-windows-x64-jdk\jdk19.0.2_7\bin;C:\Users\Administrator\AppData\Local\Programs\Python\Python39\Scripts;
USERNAME=Administrator
OS=Windows_NT
PROCESSOR_IDENTIFIER=Intel64 Family 6 Model 58 Stepping 9, GenuineIntel
TMP=C:\Users\ADMINI~1\AppData\Local\Temp
TEMP=C:\Users\ADMINI~1\AppData\Local\Temp



---------------  S Y S T E M  ---------------

OS:
 Windows 10 , 64 bit Build 19041 (10.0.19041.4717)
OS uptime: 2 days 7:41 hours

CPU: total 4 (initial active 4) (2 cores per cpu, 2 threads per core) family 6 model 58 stepping 9 microcode 0x21, cx8, cmov, fxsr, ht, mmx, sse, sse2, sse3, ssse3, sse4.1, sse4.2, popcnt, tsc, tscinvbit, avx, aes, erms, clmul, vzeroupper, clflush, rdtscp

Memory: 4k page, system-wide physical 16272M (8633M free)
TotalPageFile size 18704M (AvailPageFile size 9315M)
current process WorkingSet (physical memory assigned to process): 184M, peak: 239M
current process commit charge ("private bytes"): 251M, peak: 441M

vm_info: OpenJDK 64-Bit Server VM (19.0.2+7-FR) for windows-amd64 JRE (19.0.2+7-FR), built on Jan 13 2023 22:53:32 by "Administrator" with MS VC++ 15.9 (VS2017)

END.
