#
# A fatal error has been detected by the Java Runtime Environment:
#
#  EXCEPTION_ACCESS_VIOLATION (0xc0000005) at pc=0x00007ffeae6d6407, pid=1780, tid=8448
#
# JRE version: OpenJDK Runtime Environment Corretto-19.0.2.7.1 (19.0.2+7) (build 19.0.2+7-FR)
# Java VM: OpenJDK 64-Bit Server VM Corretto-19.0.2.7.1 (19.0.2+7-FR, mixed mode, sharing, tiered, compressed oops, compressed class ptrs, g1 gc, windows-amd64)
# Problematic frame:
# C  [glass.dll+0x26407]
#
# No core dump will be written. Minidumps are not enabled by default on client versions of Windows
#
# If you would like to submit a bug report, please visit:
#   https://github.com/corretto/corretto-19/issues/
#

---------------  S U M M A R Y ------------

Command Line: --module-path=C:\Users\Administrator\Desktop\ARCHIVES\openjfx-21.0.4_windows-x64_bin-sdk\javafx-sdk-21.0.4\lib --add-modules=javafx.controls,javafx.fxml,javafx.web,java.sql --module-path=C:\Users\Administrator\Desktop\ARCHIVES\openjfx-21.0.4_windows-x64_bin-sdk\javafx-sdk-21.0.4\lib --add-modules=javafx.controls,javafx.fxml,javafx.web,java.sql -Dfile.encoding=windows-1252 -Duser.country=US -Duser.language=en -Duser.variant --module-path=D:\WORKSPACE\JAVA\smpro\smpro-v2\build\libs\app-1.0-SNAPSHOT.jar;D:\WORKSPACE\JAVA\smpro\smpro-v2\build\classes\java\main;C:\JAVA\GRADLES\gradle-8.2-all\gradle-8.2\caches\modules-2\files-2.1\com.github.Dansoftowner\FXTaskbarProgressBar\v11.4\a38a3b1d1b537858a7f88ef956f9048a3099a45b\FXTaskbarProgressBar-v11.4.jar;C:\JAVA\GRADLES\gradle-8.2-all\gradle-8.2\caches\modules-2\files-2.1\org.openjfx\javafx-web\17.0.6\f4117256e602d41f484f2b9e5a74eeadc0a272eb\javafx-web-17.0.6-win.jar;C:\JAVA\GRADLES\gradle-8.2-all\gradle-8.2\caches\modules-2\files-2.1\org.openjfx\javafx-web\17.0.6\69293d257d088cd7f48a69a87afa59f4eb6461c6\javafx-web-17.0.6-linux.jar;C:\JAVA\GRADLES\gradle-8.2-all\gradle-8.2\caches\modules-2\files-2.1\org.openjfx\javafx-media\17.0.6\cc7e03817252ace41ece37ab29f193ba3fd0153e\javafx-media-17.0.6-win.jar;C:\JAVA\GRADLES\gradle-8.2-all\gradle-8.2\caches\modules-2\files-2.1\org.openjfx\javafx-media\17.0.6\5a496809cfebccf228a9cb1678b8cd51d986704b\javafx-media-17.0.6.jar;C:\JAVA\GRADLES\gradle-8.2-all\gradle-8.2\caches\modules-2\files-2.1\org.openjfx\javafx-media\17.0.6\a76bc115c1e43c4757466a1e128c2602db7e52f8\javafx-media-17.0.6-linux.jar;C:\JAVA\GRADLES\gradle-8.2-all\gradle-8.2\caches\modules-2\files-2.1\org.openjfx\javafx-swing\17.0.6\974e453fb9afac1fb6536a1c6c0edfc203959b8\javafx-swing-17.0.6-win.jar;C:\JAVA\GRADLES\gradle-8.2-all\gradle-8.2\caches\modules-2\files-2.1\org.openjfx\javafx-fxml\17.0.6\5724aedc415683e62eeab3a3875550aa814c84fd\javafx-fxml-17.0.6-win.jar;C:\JAVA\GRADLES\gradle-8.2-all\gradle-8.2\caches\modules-2\files-2.1\org.openjfx\javafx-fxml\17.0.6\c500ec44fd60e74a11021c71c0e6127dc31bc41d\javafx-fxml-17.0.6-linux.jar;C:\JAVA\GRADLES\gradle-8.2-all\gradle-8.2\caches\modules-2\files-2.1\io.github.mkpaz\atlantafx-base\2.0.1\51d2bfa35150921fe5b8b5e3c1a1bf78a6d57684\atlantafx-base-2.0.1.jar;C:\JAVA\GRADLES\gradle-8.2-all\gradle-8.2\caches\modules-2\files-2.1\org.openjfx\javafx-controls\20\f9a84d43adab2745f4999e7ff9a64f12dd563f1f\javafx-co-Djdk.module.main=smpro.app smpro.app/smpro.app.Entry

Host: Intel(R) Core(TM) i5-3230M CPU @ 2.60GHz, 4 cores, 15G,  Windows 10 , 64 bit Build 19041 (10.0.19041.4717)
Time: Wed Aug 28 04:17:22 2024 W. Central Africa Standard Time elapsed time: 51.045893 seconds (0d 0h 0m 51s)

---------------  T H R E A D  ---------------

Current thread (0x0000023e4fe8d120):  VMThread "VM Thread" [stack: 0x00000078a0700000,0x00000078a0800000] [id=8448]

Stack: [0x00000078a0700000,0x00000078a0800000],  sp=0x00000078a07ff1d0,  free space=1020k
Native frames: (J=compiled Java code, j=interpreted, Vv=VM code, C=native code)
C  [glass.dll+0x26407]


siginfo: EXCEPTION_ACCESS_VIOLATION (0xc0000005), reading address 0x0000000000000000


Registers:
RAX=0x0000000000000000, RBX=0x0000023e4fe98060, RCX=0x0000023e4fe8d120, RDX=0x00000078a07ff1d0
RSP=0x00000078a07ff1d0, RBP=0x0000023e5492dc68, RSI=0x0000023e5492dc40, RDI=0x000011ab36cec8f4
R8 =0x0000000000010002, R9 =0x000011ab36cec8f4, R10=0x0000000000008000, R11=0x00000078a07ff160
R12=0x00007ffeae6d3d40, R13=0x00007ffe583aff20, R14=0x00000078a07ff2c8, R15=0x0000023e5492dc40
RIP=0x00007ffeae6d6407, EFLAGS=0x0000000000010202


Register to memory mapping:

RIP=0x00007ffeae6d6407 glass.dll
RAX=0x0 is NULL
RBX=0x0000023e4fe98060 is a global jni handle
RCX=0x0000023e4fe8d120 points into unknown readable memory: 0x00007ffe581e34f8 | f8 34 1e 58 fe 7f 00 00
RDX=0x00000078a07ff1d0 points into unknown readable memory: 0x0000000000000000 | 00 00 00 00 00 00 00 00
RSP=0x00000078a07ff1d0 points into unknown readable memory: 0x0000000000000000 | 00 00 00 00 00 00 00 00
RBP=0x0000023e5492dc68 points into unknown readable memory: 0x000011ab36cec8f4 | f4 c8 ce 36 ab 11 00 00
RSI=0x0000023e5492dc40 points into unknown readable memory: 0x858011acc9242e27 | 27 2e 24 c9 ac 11 80 85
RDI=0x000011ab36cec8f4 is an unknown value
R8 =0x0000000000010002 is an unknown value
R9 =0x000011ab36cec8f4 is an unknown value
R10=0x0000000000008000 is an unknown value
R11=0x00000078a07ff160 points into unknown readable memory: 0x0000023e5492dc40 | 40 dc 92 54 3e 02 00 00
R12=0x00007ffeae6d3d40 glass.dll
R13=0x00007ffe583aff20 jvm.dll
R14=0x00000078a07ff2c8 points into unknown readable memory: 0x00000078a07ff2b0 | b0 f2 7f a0 78 00 00 00
R15=0x0000023e5492dc40 points into unknown readable memory: 0x858011acc9242e27 | 27 2e 24 c9 ac 11 80 85


Top of Stack: (sp=0x00000078a07ff1d0)
0x00000078a07ff1d0:   0000000000000000 0000023e5492dc40
0x00000078a07ff1e0:   00007ffe583aff20 00007ffeae6d3d40
0x00000078a07ff1f0:   0000023e5492dc48 00007ffec30c42d6
0x00000078a07ff200:   000011ab36cec8f4 0000023e00000000
0x00000078a07ff210:   0000023e5492dc68 0000023e5492dc40
0x00000078a07ff220:   fffffffffffffffe 0000000000000000
0x00000078a07ff230:   0000000000000001 00007ffeae6b0000
0x00000078a07ff240:   00000078a07ff2b8 00007ffec30c41fb
0x00000078a07ff250:   0000000000000000 00000078a07ff2c8
0x00000078a07ff260:   00000078a07ff5a0 00007ffec31a0e40
0x00000078a07ff270:   0000000000000001 00007ffec30c41b4
0x00000078a07ff280:   0000000000000000 0000000000000001
0x00000078a07ff290:   0000000000000000 00000078a07ff2b8
0x00000078a07ff2a0:   0000000000000001 00007ffeae6d3bcd
0x00000078a07ff2b0:   00007ffeae6e9f88 00007ffe00000002
0x00000078a07ff2c0:   0000000000000002 00000078a07ff2b0 

Instructions: (pc=0x00007ffeae6d6407)
0x00007ffeae6d6307:   8b 4d 58 e8 7d cf ff ff 48 8b 4d 60 e8 74 cf ff
0x00007ffeae6d6317:   ff 48 8b 95 80 00 00 00 48 8b 8d 18 01 00 00 e8
0x00007ffeae6d6327:   66 c4 ff ff 33 d2 33 c9 e8 bc e1 ff ff 90 48 89
0x00007ffeae6d6337:   54 24 10 55 48 83 ec 20 48 8b ea 48 b8 00 00 00
0x00007ffeae6d6347:   00 00 00 00 00 48 83 c4 20 5d c3 cc 40 55 48 8b
0x00007ffeae6d6357:   ea 48 8b 01 33 c9 81 38 05 00 00 c0 0f 94 c1 8b
0x00007ffeae6d6367:   c1 5d c3 cc 40 55 48 83 ec 20 48 8b ea 8a 4d 40
0x00007ffeae6d6377:   48 83 c4 20 5d e9 63 d3 ff ff cc 40 55 48 83 ec
0x00007ffeae6d6387:   20 48 8b ea 8a 4d 20 e8 51 d3 ff ff 90 48 83 c4
0x00007ffeae6d6397:   20 5d c3 cc 40 55 48 83 ec 20 48 8b ea 48 83 c4
0x00007ffeae6d63a7:   20 5d e9 b2 d1 ff ff cc 40 55 48 83 ec 30 48 8b
0x00007ffeae6d63b7:   ea 48 8b 01 8b 10 48 89 4c 24 28 89 54 24 20 4c
0x00007ffeae6d63c7:   8d 0d 53 d6 ff ff 4c 8b 45 70 8b 55 68 48 8b 4d
0x00007ffeae6d63d7:   60 e8 f3 d0 ff ff 90 48 83 c4 30 5d c3 cc cc cc
0x00007ffeae6d63e7:   cc cc cc cc cc cc cc cc cc 40 53 48 83 ec 20 48
0x00007ffeae6d63f7:   8b 1d 8b 35 01 00 48 85 db 74 16 e8 79 8b ff ff
0x00007ffeae6d6407:   4c 8b 00 48 8b d3 48 8b c8 41 ff 90 b0 00 00 00
0x00007ffeae6d6417:   90 48 83 c4 20 5b c3 cc cc 40 53 48 83 ec 20 48
0x00007ffeae6d6427:   8b 1d fb 36 01 00 48 85 db 74 57 b8 ff ff ff ff
0x00007ffeae6d6437:   f0 0f c1 43 10 83 f8 01 75 3d 48 85 db 74 38 48
0x00007ffeae6d6447:   8b 0b 48 85 c9 74 0d ff 15 54 0e 00 00 48 c7 03
0x00007ffeae6d6457:   00 00 00 00 48 8b 4b 08 48 85 c9 74 0d e8 23 ce
0x00007ffeae6d6467:   ff ff 48 c7 43 08 00 00 00 00 ba 18 00 00 00 48
0x00007ffeae6d6477:   8b cb e8 0e ce ff ff 48 c7 05 9f 36 01 00 00 00
0x00007ffeae6d6487:   00 00 48 83 c4 20 5b c3 cc 40 53 48 83 ec 20 48
0x00007ffeae6d6497:   8b 1d 6b 36 01 00 48 85 db 74 57 b8 ff ff ff ff
0x00007ffeae6d64a7:   f0 0f c1 43 10 83 f8 01 75 3d 48 85 db 74 38 48
0x00007ffeae6d64b7:   8b 0b 48 85 c9 74 0d ff 15 e4 0d 00 00 48 c7 03
0x00007ffeae6d64c7:   00 00 00 00 48 8b 4b 08 48 85 c9 74 0d e8 b3 cd
0x00007ffeae6d64d7:   ff ff 48 c7 43 08 00 00 00 00 ba 18 00 00 00 48
0x00007ffeae6d64e7:   8b cb e8 9e cd ff ff 48 c7 05 0f 36 01 00 00 00
0x00007ffeae6d64f7:   00 00 48 83 c4 20 5b c3 cc 40 53 48 83 ec 20 48 


Stack slot to memory mapping:
stack at sp + 0 slots: 0x0 is NULL
stack at sp + 1 slots: 0x0000023e5492dc40 points into unknown readable memory: 0x858011acc9242e27 | 27 2e 24 c9 ac 11 80 85
stack at sp + 2 slots: 0x00007ffe583aff20 jvm.dll
stack at sp + 3 slots: 0x00007ffeae6d3d40 glass.dll
stack at sp + 4 slots: 0x0000023e5492dc48 points into unknown readable memory: 0x000011ab36cec8f4 | f4 c8 ce 36 ab 11 00 00
stack at sp + 5 slots: 0x00007ffec30c42d6 ucrtbase.dll
stack at sp + 6 slots: 0x000011ab36cec8f4 is an unknown value
stack at sp + 7 slots: 0x0000023e00000000 is an unknown value

VM_Operation (0x00000078a1afb920): Exit, mode: safepoint, requested by thread 0x0000023e5495d1f0


---------------  P R O C E S S  ---------------

Threads class SMR info:
_java_thread_list=0x0000023e54405510, length=20, elements={
0x0000023e2d0af750, 0x0000023e4fea8de0, 0x0000023e4fea9bd0, 0x0000023e4feb0e20,
0x0000023e4feb1750, 0x0000023e4feb21c0, 0x0000023e4feb3de0, 0x0000023e4fecabb0,
0x0000023e4fecee20, 0x0000023e54107280, 0x0000023e542881d0, 0x0000023e547ce3b0,
0x0000023e54a45630, 0x0000023e5495d1f0, 0x0000023e59d61af0, 0x0000023e59deeb90,
0x0000023e5a2677b0, 0x0000023e542eeed0, 0x0000023e542edee0, 0x0000023e542efec0
}

Java Threads: ( => current thread )
  0x0000023e2d0af750 JavaThread "main" [_thread_blocked, id=10332, stack(0x00000078a0100000,0x00000078a0200000)]
  0x0000023e4fea8de0 JavaThread "Reference Handler" daemon [_thread_blocked, id=10732, stack(0x00000078a0800000,0x00000078a0900000)]
  0x0000023e4fea9bd0 JavaThread "Finalizer" daemon [_thread_blocked, id=9716, stack(0x00000078a0900000,0x00000078a0a00000)]
  0x0000023e4feb0e20 JavaThread "Attach Listener" daemon [_thread_blocked, id=9012, stack(0x00000078a0b00000,0x00000078a0c00000)]
  0x0000023e4feb1750 JavaThread "Service Thread" daemon [_thread_blocked, id=12004, stack(0x00000078a0c00000,0x00000078a0d00000)]
  0x0000023e4feb21c0 JavaThread "Monitor Deflation Thread" daemon [_thread_blocked, id=11868, stack(0x00000078a0d00000,0x00000078a0e00000)]
  0x0000023e4feb3de0 JavaThread "C2 CompilerThread0" daemon [_thread_blocked, id=10508, stack(0x00000078a0e00000,0x00000078a0f00000)]
  0x0000023e4fecabb0 JavaThread "C1 CompilerThread0" daemon [_thread_blocked, id=11156, stack(0x00000078a0f00000,0x00000078a1000000)]
  0x0000023e4fecee20 JavaThread "Sweeper thread" daemon [_thread_blocked, id=11448, stack(0x00000078a1000000,0x00000078a1100000)]
  0x0000023e54107280 JavaThread "Common-Cleaner" daemon [_thread_blocked, id=9112, stack(0x00000078a1200000,0x00000078a1300000)]
  0x0000023e542881d0 JavaThread "Notification Thread" daemon [_thread_blocked, id=5856, stack(0x00000078a1600000,0x00000078a1700000)]
  0x0000023e547ce3b0 JavaThread "QuantumRenderer-0" daemon [_thread_blocked, id=3400, stack(0x00000078a1800000,0x00000078a1900000)]
  0x0000023e54a45630 JavaThread "InvokeLaterDispatcher" daemon [_thread_blocked, id=10952, stack(0x00000078a1100000,0x00000078a1200000)]
  0x0000023e5495d1f0 JavaThread "JavaFX Application Thread" [_thread_blocked, id=9964, stack(0x00000078a1a00000,0x00000078a1b00000)]
  0x0000023e59d61af0 JavaThread "Thread-1" daemon [_thread_in_native, id=3436, stack(0x00000078a1c00000,0x00000078a1d00000)]
  0x0000023e59deeb90 JavaThread "JavaFX-Launcher" [_thread_blocked, id=8452, stack(0x00000078a1d00000,0x00000078a1e00000)]
  0x0000023e5a2677b0 JavaThread "PostgreSQL-JDBC-Cleaner" daemon [_thread_blocked, id=6380, stack(0x00000078a2000000,0x00000078a2100000)]
  0x0000023e542eeed0 JavaThread "Prism Font Disposer" daemon [_thread_blocked, id=10876, stack(0x00000078a1e00000,0x00000078a1f00000)]
  0x0000023e542edee0 JavaThread "Cleaner-0" daemon [_thread_blocked, id=10756, stack(0x00000078a2800000,0x00000078a2900000)]
  0x0000023e542efec0 JavaThread "Thread-3" [_thread_blocked, id=9180, stack(0x00000078a2a00000,0x00000078a2b00000)]

Other Threads:
=>0x0000023e4fe8d120 VMThread "VM Thread" [stack: 0x00000078a0700000,0x00000078a0800000] [id=8448]
  0x0000023e2d125bb0 WorkerThread "GC Thread#0" [stack: 0x00000078a0200000,0x00000078a0300000] [id=4132]
  0x0000023e54301be0 WorkerThread "GC Thread#1" [stack: 0x00000078a1300000,0x00000078a1400000] [id=5500]
  0x0000023e5410be70 WorkerThread "GC Thread#2" [stack: 0x00000078a1400000,0x00000078a1500000] [id=9748]
  0x0000023e54288940 WorkerThread "GC Thread#3" [stack: 0x00000078a1500000,0x00000078a1600000] [id=7304]
  0x0000023e2d136b00 ConcurrentGCThread "G1 Main Marker" terminated
  0x0000023e2d137cd0 WorkerThread "G1 Conc#0" [stack: 0x00000078a0400000,0x00000078a0500000] [id=10288]
  0x0000023e2d16e830 ConcurrentGCThread "G1 Refine#0" terminated
  0x0000023e4fd4a510 ConcurrentGCThread "G1 Service" terminated

Threads with active compile tasks:

VM state: at safepoint (shutting down)

VM Mutex/Monitor currently owned by a thread:  ([mutex/lock_event])
[0x0000023e2d0ab870] Threads_lock - owner thread: 0x0000023e4fe8d120
[0x0000023e2d0ab480] Heap_lock - owner thread: 0x0000023e5495d1f0

Heap address: 0x0000000701a00000, size: 4070 MB, Compressed Oops mode: Zero based, Oop shift amount: 3

CDS archive(s) mapped at: [0x0000000800000000-0x0000000800c40000-0x0000000800c40000), size 12845056, SharedBaseAddress: 0x0000000800000000, ArchiveRelocationMode: 0.
Compressed class space mapped at: 0x0000000801000000-0x0000000841000000, reserved size: 1073741824
Narrow klass base: 0x0000000800000000, Narrow klass shift: 0, Narrow klass range: 0x100000000

GC Precious Log:
 CardTable entry size: 512
 Card Set container configuration: InlinePtr #cards 4 size 8 Array Of Cards #cards 16 size 48 Howl #buckets 8 coarsen threshold 3686 Howl Bitmap #cards 512 size 80 coarsen threshold 460 Card regions per heap region 1 cards per card region 4096
 CPUs: 4 total, 4 available
 Memory: 16272M
 Large Page Support: Disabled
 NUMA Support: Disabled
 Compressed Oops: Enabled (Zero based)
 Heap Region Size: 2M
 Heap Min Capacity: 8M
 Heap Initial Capacity: 256M
 Heap Max Capacity: 4070M
 Pre-touch: Disabled
 Parallel Workers: 4
 Concurrent Workers: 1
 Concurrent Refinement Workers: 4
 Periodic GC: Disabled

Heap:
 garbage-first heap   total 75776K, used 33876K [0x0000000701a00000, 0x0000000800000000)
  region size 2048K, 17 young (34816K), 9 survivors (18432K)
 Metaspace       used 23157K, committed 23552K, reserved 1114112K
  class space    used 3261K, committed 3456K, reserved 1048576K

Heap Regions: E=young(eden), S=young(survivor), O=old, HS=humongous(starts), HC=humongous(continues), CS=collection set, F=free, OA=open archive, CA=closed archive, TAMS=top-at-mark-start (previous, next)
|   0|0x0000000701a00000, 0x0000000701c00000, 0x0000000701c00000|100%|HS|  |TAMS 0x0000000701a00000, 0x0000000701a00000| Complete 
|   1|0x0000000701c00000, 0x0000000701c00000, 0x0000000701e00000|  0%| F|  |TAMS 0x0000000701c00000, 0x0000000701c00000| Untracked 
|   2|0x0000000701e00000, 0x0000000701e00000, 0x0000000702000000|  0%| F|  |TAMS 0x0000000701e00000, 0x0000000701e00000| Untracked 
|   3|0x0000000702000000, 0x0000000702000000, 0x0000000702200000|  0%| F|  |TAMS 0x0000000702000000, 0x0000000702000000| Untracked 
|   4|0x0000000702200000, 0x0000000702200000, 0x0000000702400000|  0%| F|  |TAMS 0x0000000702200000, 0x0000000702200000| Untracked 
|   5|0x0000000702400000, 0x0000000702400000, 0x0000000702600000|  0%| F|  |TAMS 0x0000000702400000, 0x0000000702400000| Untracked 
|   6|0x0000000702600000, 0x0000000702600000, 0x0000000702800000|  0%| F|  |TAMS 0x0000000702600000, 0x0000000702600000| Untracked 
|   7|0x0000000702800000, 0x0000000702800000, 0x0000000702a00000|  0%| F|  |TAMS 0x0000000702800000, 0x0000000702800000| Untracked 
|   8|0x0000000702a00000, 0x0000000702a00000, 0x0000000702c00000|  0%| F|  |TAMS 0x0000000702a00000, 0x0000000702a00000| Untracked 
|   9|0x0000000702c00000, 0x0000000702c00000, 0x0000000702e00000|  0%| F|  |TAMS 0x0000000702c00000, 0x0000000702c00000| Untracked 
|  10|0x0000000702e00000, 0x0000000702e00000, 0x0000000703000000|  0%| F|  |TAMS 0x0000000702e00000, 0x0000000702e00000| Untracked 
|  11|0x0000000703000000, 0x0000000703000000, 0x0000000703200000|  0%| F|  |TAMS 0x0000000703000000, 0x0000000703000000| Untracked 
|  12|0x0000000703200000, 0x0000000703200000, 0x0000000703400000|  0%| F|  |TAMS 0x0000000703200000, 0x0000000703200000| Untracked 
|  13|0x0000000703400000, 0x0000000703400000, 0x0000000703600000|  0%| F|  |TAMS 0x0000000703400000, 0x0000000703400000| Untracked 
|  14|0x0000000703600000, 0x0000000703600000, 0x0000000703800000|  0%| F|  |TAMS 0x0000000703600000, 0x0000000703600000| Untracked 
|  15|0x0000000703800000, 0x0000000703800000, 0x0000000703a00000|  0%| F|  |TAMS 0x0000000703800000, 0x0000000703800000| Untracked 
|  16|0x0000000703a00000, 0x0000000703a00000, 0x0000000703c00000|  0%| F|  |TAMS 0x0000000703a00000, 0x0000000703a00000| Untracked 
|  17|0x0000000703c00000, 0x0000000703c00000, 0x0000000703e00000|  0%| F|  |TAMS 0x0000000703c00000, 0x0000000703c00000| Untracked 
|  18|0x0000000703e00000, 0x0000000703e00000, 0x0000000704000000|  0%| F|  |TAMS 0x0000000703e00000, 0x0000000703e00000| Untracked 
|  19|0x0000000704000000, 0x0000000704000000, 0x0000000704200000|  0%| F|  |TAMS 0x0000000704000000, 0x0000000704000000| Untracked 
|  20|0x0000000704200000, 0x000000070431df88, 0x0000000704400000| 55%| E|  |TAMS 0x0000000704200000, 0x0000000704200000| Complete 
|  21|0x0000000704400000, 0x0000000704600000, 0x0000000704600000|100%| E|CS|TAMS 0x0000000704400000, 0x0000000704400000| Complete 
|  22|0x0000000704600000, 0x0000000704800000, 0x0000000704800000|100%| E|CS|TAMS 0x0000000704600000, 0x0000000704600000| Complete 
|  23|0x0000000704800000, 0x0000000704a00000, 0x0000000704a00000|100%| E|CS|TAMS 0x0000000704800000, 0x0000000704800000| Complete 
|  24|0x0000000704a00000, 0x0000000704c00000, 0x0000000704c00000|100%| E|CS|TAMS 0x0000000704a00000, 0x0000000704a00000| Complete 
|  25|0x0000000704c00000, 0x0000000704e00000, 0x0000000704e00000|100%| E|CS|TAMS 0x0000000704c00000, 0x0000000704c00000| Complete 
|  69|0x000000070a400000, 0x000000070a5153c0, 0x000000070a600000| 54%| S|CS|TAMS 0x000000070a400000, 0x000000070a400000| Complete 
|  70|0x000000070a600000, 0x000000070a800000, 0x000000070a800000|100%| S|CS|TAMS 0x000000070a600000, 0x000000070a600000| Complete 
|  71|0x000000070a800000, 0x000000070aa00000, 0x000000070aa00000|100%| S|CS|TAMS 0x000000070a800000, 0x000000070a800000| Complete 
|  72|0x000000070aa00000, 0x000000070ac00000, 0x000000070ac00000|100%| S|CS|TAMS 0x000000070aa00000, 0x000000070aa00000| Complete 
|  73|0x000000070ac00000, 0x000000070ae00000, 0x000000070ae00000|100%| S|CS|TAMS 0x000000070ac00000, 0x000000070ac00000| Complete 
|  74|0x000000070ae00000, 0x000000070b000000, 0x000000070b000000|100%| S|CS|TAMS 0x000000070ae00000, 0x000000070ae00000| Complete 
|  75|0x000000070b000000, 0x000000070b200000, 0x000000070b200000|100%| S|CS|TAMS 0x000000070b000000, 0x000000070b000000| Complete 
|  76|0x000000070b200000, 0x000000070b400000, 0x000000070b400000|100%| S|CS|TAMS 0x000000070b200000, 0x000000070b200000| Complete 
|  77|0x000000070b400000, 0x000000070b600000, 0x000000070b600000|100%| S|CS|TAMS 0x000000070b400000, 0x000000070b400000| Complete 
| 126|0x0000000711600000, 0x0000000711800000, 0x0000000711800000|100%| E|CS|TAMS 0x0000000711600000, 0x0000000711600000| Complete 
| 127|0x0000000711800000, 0x0000000711a00000, 0x0000000711a00000|100%| E|CS|TAMS 0x0000000711800000, 0x0000000711800000| Complete 

Card table byte_map: [0x0000023e44a90000,0x0000023e45290000] _byte_map_base: 0x0000023e41283000

Marking Bits (Prev, Next): (CMBitMap*) 0x0000023e2d126220, (CMBitMap*) 0x0000023e2d1261e0
 Prev Bits: [0x0000023e49a30000, 0x0000023e4d9c8000)
 Next Bits: [0x0000023e45a90000, 0x0000023e49a28000)

Polling page: 0x0000023e2b240000

Metaspace:

Usage:
  Non-class:     19.43 MB used.
      Class:      3.19 MB used.
       Both:     22.61 MB used.

Virtual space:
  Non-class space:       64.00 MB reserved,      19.63 MB ( 31%) committed,  1 nodes.
      Class space:        1.00 GB reserved,       3.38 MB ( <1%) committed,  1 nodes.
             Both:        1.06 GB reserved,      23.00 MB (  2%) committed. 

Chunk freelists:
   Non-Class:  3.95 MB
       Class:  495.00 KB
        Both:  4.43 MB

MaxMetaspaceSize: unlimited
CompressedClassSpaceSize: 1.00 GB
Initial GC threshold: 21.00 MB
Current GC threshold: 35.13 MB
CDS: on
MetaspaceReclaimPolicy: balanced
 - commit_granule_bytes: 65536.
 - commit_granule_words: 8192.
 - virtual_space_node_default_size: 8388608.
 - enlarge_chunks_in_place: 1.
 - new_chunks_are_fully_committed: 0.
 - uncommit_free_chunks: 1.
 - use_allocation_guard: 0.


Internal statistics:

num_allocs_failed_limit: 3.
num_arena_births: 434.
num_arena_deaths: 0.
num_vsnodes_births: 2.
num_vsnodes_deaths: 0.
num_space_committed: 368.
num_space_uncommitted: 0.
num_chunks_returned_to_freelist: 3.
num_chunks_taken_from_freelist: 1158.
num_chunk_merges: 3.
num_chunk_splits: 823.
num_chunks_enlarged: 644.
num_inconsistent_stats: 0.

CodeHeap 'non-profiled nmethods': size=120000Kb used=1925Kb max_used=1925Kb free=118074Kb
 bounds [0x0000023e3cd60000, 0x0000023e3cfd0000, 0x0000023e44290000]
CodeHeap 'profiled nmethods': size=120000Kb used=9615Kb max_used=9615Kb free=110384Kb
 bounds [0x0000023e35290000, 0x0000023e35c00000, 0x0000023e3c7c0000]
CodeHeap 'non-nmethods': size=5760Kb used=1577Kb max_used=1604Kb free=4182Kb
 bounds [0x0000023e3c7c0000, 0x0000023e3ca30000, 0x0000023e3cd60000]
 total_blobs=5519 nmethods=4642 adapters=785
 compilation: enabled
              stopped_count=0, restarted_count=0
 full_count=0

Compilation events (20 events):
Event: 50.412 Thread 0x0000023e4fecabb0 4635       3       com.sun.javafx.font.LogicalFont::getLogicalFont (133 bytes)
Event: 50.413 Thread 0x0000023e4fecabb0 nmethod 4635 0x0000023e35beb890 code [0x0000023e35bebb20, 0x0000023e35bec6f8]
Event: 50.413 Thread 0x0000023e4fecabb0 4638       3       javafx.scene.layout.GridPane::getMargin (10 bytes)
Event: 50.414 Thread 0x0000023e4fecabb0 nmethod 4638 0x0000023e35becb10 code [0x0000023e35becd40, 0x0000023e35bed7b8]
Event: 50.414 Thread 0x0000023e4fecabb0 4637       3       javafx.scene.layout.GridPane::getNodeColumnEndConvertRemaining (29 bytes)
Event: 50.414 Thread 0x0000023e4fecabb0 nmethod 4637 0x0000023e35beda90 code [0x0000023e35bedd00, 0x0000023e35bee8a8]
Event: 50.414 Thread 0x0000023e4fecabb0 4636       3       javafx.scene.layout.Priority::max (40 bytes)
Event: 50.414 Thread 0x0000023e4fecabb0 nmethod 4636 0x0000023e35beec10 code [0x0000023e35beedc0, 0x0000023e35bef038]
Event: 50.414 Thread 0x0000023e4fecabb0 4639       3       com.sun.scenario.effect.impl.prism.PrEffectHelper::getGraphicsClipNoClone (40 bytes)
Event: 50.415 Thread 0x0000023e4fecabb0 nmethod 4639 0x0000023e35bef110 code [0x0000023e35bef2e0, 0x0000023e35bef808]
Event: 50.415 Thread 0x0000023e4fecabb0 4640  s    3       com.sun.scenario.effect.impl.Renderer::getPeerInstance (108 bytes)
Event: 50.417 Thread 0x0000023e4fecabb0 nmethod 4640 0x0000023e35befa10 code [0x0000023e35befe60, 0x0000023e35bf2228]
Event: 50.417 Thread 0x0000023e4fecabb0 4641       3       com.sun.scenario.effect.impl.prism.ps.PPSEffectPeer::filter (30 bytes)
Event: 50.417 Thread 0x0000023e4fecabb0 nmethod 4641 0x0000023e35bf2e10 code [0x0000023e35bf2fe0, 0x0000023e35bf34f8]
Event: 50.418 Thread 0x0000023e4fecabb0 4642       3       java.util.concurrent.ThreadPoolExecutor::runStateAtLeast (11 bytes)
Event: 50.418 Thread 0x0000023e4fecabb0 nmethod 4642 0x0000023e35bf3610 code [0x0000023e35bf37a0, 0x0000023e35bf38d8]
Event: 50.468 Thread 0x0000023e4fecabb0 4643       3       java.util.concurrent.ThreadPoolExecutor::isRunning (10 bytes)
Event: 50.471 Thread 0x0000023e4fecabb0 nmethod 4643 0x0000023e35bf3990 code [0x0000023e35bf3b20, 0x0000023e35bf3c58]
Event: 50.481 Thread 0x0000023e4feb3de0 4644       4       java.lang.StringUTF16::compress (20 bytes)
Event: 50.485 Thread 0x0000023e4feb3de0 nmethod 4644 0x0000023e3cf41290 code [0x0000023e3cf41420, 0x0000023e3cf41658]

GC Heap History (6 events):
Event: 0.378 GC heap before
{Heap before GC invocations=0 (full 0):
 garbage-first heap   total 262144K, used 10240K [0x0000000701a00000, 0x0000000800000000)
  region size 2048K, 6 young (12288K), 0 survivors (0K)
 Metaspace       used 809K, committed 960K, reserved 1114112K
  class space    used 60K, committed 128K, reserved 1048576K
}
Event: 0.381 GC heap after
{Heap after GC invocations=1 (full 0):
 garbage-first heap   total 262144K, used 875K [0x0000000701a00000, 0x0000000800000000)
  region size 2048K, 1 young (2048K), 1 survivors (2048K)
 Metaspace       used 809K, committed 960K, reserved 1114112K
  class space    used 60K, committed 128K, reserved 1048576K
}
Event: 0.858 GC heap before
{Heap before GC invocations=1 (full 0):
 garbage-first heap   total 262144K, used 19307K [0x0000000701a00000, 0x0000000800000000)
  region size 2048K, 11 young (22528K), 1 survivors (2048K)
 Metaspace       used 1002K, committed 1216K, reserved 1114112K
  class space    used 72K, committed 192K, reserved 1048576K
}
Event: 0.860 GC heap after
{Heap after GC invocations=2 (full 0):
 garbage-first heap   total 262144K, used 977K [0x0000000701a00000, 0x0000000800000000)
  region size 2048K, 1 young (2048K), 1 survivors (2048K)
 Metaspace       used 1002K, committed 1216K, reserved 1114112K
  class space    used 72K, committed 192K, reserved 1048576K
}
Event: 24.698 GC heap before
{Heap before GC invocations=2 (full 0):
 garbage-first heap   total 262144K, used 113617K [0x0000000701a00000, 0x0000000800000000)
  region size 2048K, 50 young (102400K), 1 survivors (2048K)
 Metaspace       used 21183K, committed 21504K, reserved 1114112K
  class space    used 3093K, committed 3264K, reserved 1048576K
}
Event: 24.722 GC heap after
{Heap after GC invocations=3 (full 0):
 garbage-first heap   total 262144K, used 17492K [0x0000000701a00000, 0x0000000800000000)
  region size 2048K, 9 young (18432K), 9 survivors (18432K)
 Metaspace       used 21183K, committed 21504K, reserved 1114112K
  class space    used 3093K, committed 3264K, reserved 1048576K
}

Dll operation events (20 events):
Event: 1.160 Loaded shared library C:\Users\Administrator\.openjfx\cache\20+19\amd64\api-ms-win-crt-private-l1-1-0.dll
Event: 1.163 Loaded shared library C:\Users\Administrator\.openjfx\cache\20+19\amd64\api-ms-win-crt-process-l1-1-0.dll
Event: 1.167 Loaded shared library C:\Users\Administrator\.openjfx\cache\20+19\amd64\api-ms-win-crt-runtime-l1-1-0.dll
Event: 1.170 Loaded shared library C:\Users\Administrator\.openjfx\cache\20+19\amd64\api-ms-win-crt-stdio-l1-1-0.dll
Event: 1.173 Loaded shared library C:\Users\Administrator\.openjfx\cache\20+19\amd64\api-ms-win-crt-string-l1-1-0.dll
Event: 1.176 Loaded shared library C:\Users\Administrator\.openjfx\cache\20+19\amd64\api-ms-win-crt-time-l1-1-0.dll
Event: 1.179 Loaded shared library C:\Users\Administrator\.openjfx\cache\20+19\amd64\api-ms-win-crt-utility-l1-1-0.dll
Event: 1.198 Loaded shared library C:\Users\Administrator\.openjfx\cache\20+19\amd64\ucrtbase.dll
Event: 1.203 Loaded shared library C:\Users\Administrator\.openjfx\cache\20+19\amd64\vcruntime140.dll
Event: 1.206 Loaded shared library C:\Users\Administrator\.openjfx\cache\20+19\amd64\vcruntime140_1.dll
Event: 1.215 Loaded shared library C:\Users\Administrator\.openjfx\cache\20+19\amd64\msvcp140.dll
Event: 1.218 Loaded shared library C:\Users\Administrator\.openjfx\cache\20+19\amd64\msvcp140_1.dll
Event: 1.224 Loaded shared library C:\Users\Administrator\.openjfx\cache\20+19\amd64\msvcp140_2.dll
Event: 1.304 Loaded shared library C:\Users\Administrator\.openjfx\cache\20+19\amd64\prism_d3d.dll
Event: 1.475 Loaded shared library C:\Users\Administrator\.openjfx\cache\20+19\amd64\glass.dll
Event: 1.629 Loaded shared library C:\JAVA\amazon-corretto-19.0.2.7.1-windows-x64-jdk\jdk19.0.2_7\bin\jimage.dll
Event: 11.843 Loaded shared library C:\JAVA\amazon-corretto-19.0.2.7.1-windows-x64-jdk\jdk19.0.2_7\bin\management.dll
Event: 11.847 Loaded shared library C:\JAVA\amazon-corretto-19.0.2.7.1-windows-x64-jdk\jdk19.0.2_7\bin\management_ext.dll
Event: 12.273 Loaded shared library C:\Users\Administrator\.openjfx\cache\20+19\amd64\javafx_font.dll
Event: 12.919 Loaded shared library C:\Users\Administrator\.openjfx\cache\20+19\amd64\javafx_iio.dll

Deoptimization events (20 events):
Event: 32.605 Thread 0x0000023e5495d1f0 DEOPT PACKING pc=0x0000023e3cf13b88 sp=0x00000078a1afce20
Event: 32.605 Thread 0x0000023e5495d1f0 DEOPT UNPACKING pc=0x0000023e3c826da3 sp=0x00000078a1afcd70 mode 2
Event: 48.879 Thread 0x0000023e547ce3b0 Uncommon trap: trap_request=0xffffff45 fr.pc=0x0000023e3cf30318 relative=0x0000000000000078
Event: 48.879 Thread 0x0000023e547ce3b0 Uncommon trap: reason=unstable_if action=reinterpret pc=0x0000023e3cf30318 method=java.lang.Math.round(F)I @ 23 c2
Event: 48.879 Thread 0x0000023e547ce3b0 DEOPT PACKING pc=0x0000023e3cf30318 sp=0x00000078a18fc340
Event: 48.879 Thread 0x0000023e547ce3b0 DEOPT UNPACKING pc=0x0000023e3c826da3 sp=0x00000078a18fc2b8 mode 2
Event: 48.883 Thread 0x0000023e547ce3b0 Uncommon trap: trap_request=0xffffff45 fr.pc=0x0000023e3cf31384 relative=0x00000000000001a4
Event: 48.883 Thread 0x0000023e547ce3b0 Uncommon trap: reason=unstable_if action=reinterpret pc=0x0000023e3cf31384 method=com.sun.javafx.geom.transform.AffineBase.updateState2D()V @ 33 c2
Event: 48.883 Thread 0x0000023e547ce3b0 DEOPT PACKING pc=0x0000023e3cf31384 sp=0x00000078a18fcb90
Event: 48.883 Thread 0x0000023e547ce3b0 DEOPT UNPACKING pc=0x0000023e3c826da3 sp=0x00000078a18fcb28 mode 2
Event: 49.589 Thread 0x0000023e5495d1f0 Uncommon trap: trap_request=0xffffff45 fr.pc=0x0000023e3cf29704 relative=0x00000000000003a4
Event: 49.589 Thread 0x0000023e5495d1f0 Uncommon trap: reason=unstable_if action=reinterpret pc=0x0000023e3cf29704 method=javafx.scene.Node$MiscProperties.isDisable()Z @ 4 c2
Event: 49.589 Thread 0x0000023e5495d1f0 DEOPT PACKING pc=0x0000023e3cf29704 sp=0x00000078a1afbb00
Event: 49.589 Thread 0x0000023e5495d1f0 DEOPT UNPACKING pc=0x0000023e3c826da3 sp=0x00000078a1afb9a0 mode 2
Event: 49.598 Thread 0x0000023e5495d1f0 DEOPT PACKING pc=0x0000023e3575a578 sp=0x00000078a1afab90
Event: 49.598 Thread 0x0000023e5495d1f0 DEOPT UNPACKING pc=0x0000023e3c827543 sp=0x00000078a1afa080 mode 0
Event: 49.603 Thread 0x0000023e5495d1f0 Uncommon trap: trap_request=0xffffff45 fr.pc=0x0000023e3cf1c3d0 relative=0x0000000000000090
Event: 49.603 Thread 0x0000023e5495d1f0 Uncommon trap: reason=unstable_if action=reinterpret pc=0x0000023e3cf1c3d0 method=java.lang.Math.max(DD)D @ 3 c2
Event: 49.603 Thread 0x0000023e5495d1f0 DEOPT PACKING pc=0x0000023e3cf1c3d0 sp=0x00000078a1afbda0
Event: 49.603 Thread 0x0000023e5495d1f0 DEOPT UNPACKING pc=0x0000023e3c826da3 sp=0x00000078a1afbd40 mode 2

Classes loaded (20 events):
Event: 24.562 Loading class java/util/EnumMap$ValueIterator
Event: 24.562 Loading class java/util/EnumMap$EnumMapIterator
Event: 24.562 Loading class java/util/EnumMap$EnumMapIterator done
Event: 24.562 Loading class java/util/EnumMap$ValueIterator done
Event: 24.637 Loading class java/nio/ShortBuffer
Event: 24.637 Loading class java/nio/ShortBuffer done
Event: 24.637 Loading class java/nio/DoubleBuffer
Event: 24.637 Loading class java/nio/DoubleBuffer done
Event: 24.648 Loading class java/nio/DirectFloatBufferU
Event: 24.649 Loading class java/nio/DirectFloatBufferU done
Event: 24.693 Loading class java/util/concurrent/ConcurrentLinkedQueue
Event: 24.693 Loading class java/util/concurrent/ConcurrentLinkedQueue done
Event: 24.694 Loading class java/util/concurrent/ConcurrentLinkedQueue$Node
Event: 24.694 Loading class java/util/concurrent/ConcurrentLinkedQueue$Node done
Event: 24.697 Loading class jdk/internal/ref/CleanerImpl$InnocuousThreadFactory
Event: 24.697 Loading class jdk/internal/ref/CleanerImpl$InnocuousThreadFactory done
Event: 24.739 Loading class sun/misc/Unsafe
Event: 24.739 Loading class sun/misc/Unsafe done
Event: 38.071 Loading class java/text/StringCharacterIterator
Event: 38.071 Loading class java/text/StringCharacterIterator done

Classes unloaded (0 events):
No events

Classes redefined (0 events):
No events

Internal exceptions (20 events):
Event: 23.843 Thread 0x0000023e5495d1f0 Exception <a 'java/lang/ClassNotFoundException'{0x000000070cc179a0}: com/sun/javafx/scene/control/skin/resources/controls> (0x000000070cc179a0) 
thrown [s\src\hotspot\share\prims\jni.cpp, line 536]
Event: 23.844 Thread 0x0000023e5495d1f0 Exception <a 'java/lang/ClassNotFoundException'{0x000000070cc25a20}: com/sun/javafx/scene/control/skin/resources/controls_en> (0x000000070cc25a20) 
thrown [s\src\hotspot\share\prims\jni.cpp, line 536]
Event: 23.845 Thread 0x0000023e5495d1f0 Exception <a 'java/lang/ClassNotFoundException'{0x000000070cc26fa0}: com/sun/javafx/scene/control/skin/resources/controls_en_US> (0x000000070cc26fa0) 
thrown [s\src\hotspot\share\prims\jni.cpp, line 536]
Event: 23.898 Thread 0x0000023e5495d1f0 Exception <a 'java/lang/NoSuchMethodError'{0x000000070cad01a0}: 'int java.lang.invoke.DirectMethodHandle$Holder.invokeSpecial(java.lang.Object, java.lang.Object, int)'> (0x000000070cad01a0) 
thrown [s\src\hotspot\share\interpreter\linkResolver.cpp, line 774]
Event: 23.946 Thread 0x0000023e5495d1f0 Exception <a 'java/io/FileNotFoundException'{0x000000070c82d7b0}> (0x000000070c82d7b0) 
thrown [s\src\hotspot\share\prims\jni.cpp, line 517]
Event: 23.947 Thread 0x0000023e5495d1f0 Exception <a 'java/io/FileNotFoundException'{0x000000070c82f8d0}> (0x000000070c82f8d0) 
thrown [s\src\hotspot\share\prims\jni.cpp, line 517]
Event: 23.948 Thread 0x0000023e5495d1f0 Exception <a 'java/io/FileNotFoundException'{0x000000070c834778}> (0x000000070c834778) 
thrown [s\src\hotspot\share\prims\jni.cpp, line 517]
Event: 23.948 Thread 0x0000023e5495d1f0 Exception <a 'java/io/FileNotFoundException'{0x000000070c836308}> (0x000000070c836308) 
thrown [s\src\hotspot\share\prims\jni.cpp, line 517]
Event: 23.960 Thread 0x0000023e5495d1f0 Exception <a 'java/io/FileNotFoundException'{0x000000070c92cc18}> (0x000000070c92cc18) 
thrown [s\src\hotspot\share\prims\jni.cpp, line 517]
Event: 23.961 Thread 0x0000023e5495d1f0 Exception <a 'java/io/FileNotFoundException'{0x000000070c92ec50}> (0x000000070c92ec50) 
thrown [s\src\hotspot\share\prims\jni.cpp, line 517]
Event: 23.961 Thread 0x0000023e5495d1f0 Exception <a 'java/io/FileNotFoundException'{0x000000070c9309a8}> (0x000000070c9309a8) 
thrown [s\src\hotspot\share\prims\jni.cpp, line 517]
Event: 24.325 Thread 0x0000023e5495d1f0 Implicit null exception at 0x0000023e3ce8ccef to 0x0000023e3ce8d4e4
Event: 24.602 Thread 0x0000023e547ce3b0 Exception <a 'java/lang/NoSuchMethodError'{0x000000070bbd1728}: 'java.lang.Object java.lang.invoke.DirectMethodHandle$Holder.invokeStaticInit(java.lang.Object, int)'> (0x000000070bbd1728) 
thrown [s\src\hotspot\share\interpreter\linkResolver.cpp, line 774]
Event: 26.012 Thread 0x0000023e5495d1f0 Exception <a 'java/lang/NoSuchMethodError'{0x0000000704d69850}: 'long java.lang.invoke.DirectMethodHandle$Holder.invokeStatic(java.lang.Object, java.lang.Object, java.lang.Object)'> (0x0000000704d69850) 
thrown [s\src\hotspot\share\interpreter\linkResolver.cpp, line 774]
Event: 26.012 Thread 0x0000023e5495d1f0 Exception <a 'java/lang/NoSuchMethodError'{0x0000000704d6d178}: 'long java.lang.invoke.DirectMethodHandle$Holder.invokeStaticInit(java.lang.Object, java.lang.Object, java.lang.Object)'> (0x0000000704d6d178) 
thrown [s\src\hotspot\share\interpreter\linkResolver.cpp, line 774]
Event: 26.014 Thread 0x0000023e5495d1f0 Exception <a 'java/lang/NoSuchMethodError'{0x0000000704d858c8}: 'java.lang.Object java.lang.invoke.DirectMethodHandle$Holder.newInvokeSpecial(java.lang.Object, java.lang.Object, long)'> (0x0000000704d858c8) 
thrown [s\src\hotspot\share\interpreter\linkResolver.cpp, line 774]
Event: 26.015 Thread 0x0000023e5495d1f0 Exception <a 'java/lang/NoSuchMethodError'{0x0000000704d89450}: 'java.lang.Object java.lang.invoke.Invokers$Holder.linkToTargetMethod(java.lang.Object, long, java.lang.Object)'> (0x0000000704d89450) 
thrown [s\src\hotspot\share\interpreter\linkResolver.cpp, line 774]
Event: 26.047 Thread 0x0000023e5495d1f0 Exception <a 'java/lang/NoSuchMethodError'{0x0000000704d9a3f8}: 'java.lang.Object java.lang.invoke.DirectMethodHandle$Holder.newInvokeSpecial(java.lang.Object, java.lang.Object, int, int, int, int, int, java.lang.Object)'> (0x0000000704d9a3f8) 
thrown [s\src\hotspot\share\interpreter\linkResolver.cpp, line 774]
Event: 26.049 Thread 0x0000023e5495d1f0 Exception <a 'java/lang/NoSuchMethodError'{0x0000000704dad690}: 'java.lang.Object java.lang.invoke.DirectMethodHandle$Holder.newInvokeSpecial(java.lang.Object, java.lang.Object, java.lang.Object, int, int, int, int, int)'> (0x0000000704dad690) 
thrown [s\src\hotspot\share\interpreter\linkResolver.cpp, line 774]
Event: 26.049 Thread 0x0000023e5495d1f0 Exception <a 'java/lang/NoSuchMethodError'{0x0000000704db51b0}: 'java.lang.Object java.lang.invoke.Invokers$Holder.linkToTargetMethod(java.lang.Object, java.lang.Object, int, int, int, int, int, java.lang.Object)'> (0x0000000704db51b0) 
thrown [s\src\hotspot\share\interpreter\linkResolver.cpp, line 774]

VM Operations (20 events):
Event: 38.213 Executing VM operation: Cleanup done
Event: 40.214 Executing VM operation: Cleanup
Event: 40.214 Executing VM operation: Cleanup done
Event: 42.214 Executing VM operation: Cleanup
Event: 42.214 Executing VM operation: Cleanup done
Event: 43.215 Executing VM operation: Cleanup
Event: 43.215 Executing VM operation: Cleanup done
Event: 44.215 Executing VM operation: Cleanup
Event: 44.215 Executing VM operation: Cleanup done
Event: 45.216 Executing VM operation: Cleanup
Event: 45.216 Executing VM operation: Cleanup done
Event: 46.217 Executing VM operation: Cleanup
Event: 46.217 Executing VM operation: Cleanup done
Event: 47.217 Executing VM operation: Cleanup
Event: 47.218 Executing VM operation: Cleanup done
Event: 48.218 Executing VM operation: Cleanup
Event: 48.218 Executing VM operation: Cleanup done
Event: 50.219 Executing VM operation: Cleanup
Event: 50.219 Executing VM operation: Cleanup done
Event: 50.500 Executing VM operation: Exit

Events (20 events):
Event: 1.635 Thread 0x0000023e59deeb90 Thread added: 0x0000023e59deeb90
Event: 1.666 Thread 0x0000023e4fec8fe0 Thread added: 0x0000023e4fec8fe0
Event: 2.122 Thread 0x0000023e4fec8fe0 Thread exited: 0x0000023e4fec8fe0
Event: 11.946 Thread 0x0000023e4feca090 Thread added: 0x0000023e4feca090
Event: 12.056 Thread 0x0000023e5a2677b0 Thread added: 0x0000023e5a2677b0
Event: 12.280 Thread 0x0000023e4feca090 Thread exited: 0x0000023e4feca090
Event: 12.744 Thread 0x0000023e542eeed0 Thread added: 0x0000023e542eeed0
Event: 13.146 Thread 0x0000023e4fecbc60 Thread added: 0x0000023e4fecbc60
Event: 18.408 Thread 0x0000023e4fecbc60 Thread exited: 0x0000023e4fecbc60
Event: 23.586 Thread 0x0000023e4fec8fe0 Thread added: 0x0000023e4fec8fe0
Event: 24.697 Thread 0x0000023e542edee0 Thread added: 0x0000023e542edee0
Event: 25.310 Thread 0x0000023e4fec8fe0 Thread exited: 0x0000023e4fec8fe0
Event: 30.389 Thread 0x0000023e4feca090 Thread added: 0x0000023e4feca090
Event: 30.915 Thread 0x0000023e4feca090 Thread exited: 0x0000023e4feca090
Event: 50.474 Thread 0x0000023e542ef970 Thread added: 0x0000023e542ef970
Event: 50.474 Thread 0x0000023e542ee980 Thread added: 0x0000023e542ee980
Event: 50.474 Thread 0x0000023e542efec0 Thread added: 0x0000023e542efec0
Event: 50.480 Thread 0x0000023e542ee980 Thread exited: 0x0000023e542ee980
Event: 50.485 Thread 0x0000023e542ef970 Thread exited: 0x0000023e542ef970
Event: 50.500 Thread 0x0000023e4fead3d0 Thread exited: 0x0000023e4fead3d0


Dynamic libraries:
0x00007ff74b4f0000 - 0x00007ff74b4fd000 	C:\JAVA\amazon-corretto-19.0.2.7.1-windows-x64-jdk\jdk19.0.2_7\bin\java.exe
0x00007ffec58d0000 - 0x00007ffec5ac8000 	C:\Windows\SYSTEM32\ntdll.dll
0x00007ffec3f20000 - 0x00007ffec3fe1000 	C:\Windows\System32\KERNEL32.DLL
0x00007ffec3400000 - 0x00007ffec36fd000 	C:\Windows\System32\KERNELBASE.dll
0x00007ffec30b0000 - 0x00007ffec31b0000 	C:\Windows\System32\ucrtbase.dll
0x00007ffebec30000 - 0x00007ffebec47000 	C:\JAVA\amazon-corretto-19.0.2.7.1-windows-x64-jdk\jdk19.0.2_7\bin\jli.dll
0x00007ffebc780000 - 0x00007ffebc795000 	C:\JAVA\amazon-corretto-19.0.2.7.1-windows-x64-jdk\jdk19.0.2_7\bin\VCRUNTIME140.dll
0x00007ffec4a30000 - 0x00007ffec4bcd000 	C:\Windows\System32\USER32.dll
0x00007ffec3320000 - 0x00007ffec3342000 	C:\Windows\System32\win32u.dll
0x00007ffec4560000 - 0x00007ffec458b000 	C:\Windows\System32\GDI32.dll
0x00007ffec3200000 - 0x00007ffec3317000 	C:\Windows\System32\gdi32full.dll
0x00007ffeb2ea0000 - 0x00007ffeb313a000 	C:\Windows\WinSxS\amd64_microsoft.windows.common-controls_6595b64144ccf1df_6.0.19041.4355_none_60b8b9eb71f62e16\COMCTL32.dll
0x00007ffec3860000 - 0x00007ffec38fd000 	C:\Windows\System32\msvcp_win.dll
0x00007ffec4d00000 - 0x00007ffec4d9e000 	C:\Windows\System32\msvcrt.dll
0x00007ffec4900000 - 0x00007ffec492f000 	C:\Windows\System32\IMM32.DLL
0x00007ffeaddb0000 - 0x00007ffeade4b000 	C:\JAVA\amazon-corretto-19.0.2.7.1-windows-x64-jdk\jdk19.0.2_7\bin\msvcp140.dll
0x00007ffe57780000 - 0x00007ffe58459000 	C:\JAVA\amazon-corretto-19.0.2.7.1-windows-x64-jdk\jdk19.0.2_7\bin\server\jvm.dll
0x00007ffec4350000 - 0x00007ffec4400000 	C:\Windows\System32\ADVAPI32.dll
0x00007ffec4400000 - 0x00007ffec44a0000 	C:\Windows\System32\sechost.dll
0x00007ffec4bd0000 - 0x00007ffec4cf3000 	C:\Windows\System32\RPCRT4.dll
0x00007ffec2f80000 - 0x00007ffec2fa7000 	C:\Windows\System32\bcrypt.dll
0x00007ffebdb00000 - 0x00007ffebdb09000 	C:\Windows\SYSTEM32\WSOCK32.dll
0x00007ffec5790000 - 0x00007ffec57fb000 	C:\Windows\System32\WS2_32.dll
0x00007ffeba240000 - 0x00007ffeba24a000 	C:\Windows\SYSTEM32\VERSION.dll
0x00007ffeb6520000 - 0x00007ffeb6547000 	C:\Windows\SYSTEM32\WINMM.dll
0x00007ffec0e00000 - 0x00007ffec0e12000 	C:\Windows\SYSTEM32\kernel.appcore.dll
0x00007ffebc770000 - 0x00007ffebc77a000 	C:\JAVA\amazon-corretto-19.0.2.7.1-windows-x64-jdk\jdk19.0.2_7\bin\jimage.dll
0x00007ffebc810000 - 0x00007ffebc9f4000 	C:\Windows\SYSTEM32\DBGHELP.DLL
0x00007ffebc7d0000 - 0x00007ffebc804000 	C:\Windows\SYSTEM32\dbgcore.DLL
0x00007ffec3020000 - 0x00007ffec30a2000 	C:\Windows\System32\bcryptPrimitives.dll
0x00007ffebc470000 - 0x00007ffebc496000 	C:\JAVA\amazon-corretto-19.0.2.7.1-windows-x64-jdk\jdk19.0.2_7\bin\java.dll
0x00007ffeadcd0000 - 0x00007ffeadda6000 	C:\JAVA\amazon-corretto-19.0.2.7.1-windows-x64-jdk\jdk19.0.2_7\bin\jsvml.dll
0x00007ffec4ef0000 - 0x00007ffec565f000 	C:\Windows\System32\SHELL32.dll
0x00007ffec1000000 - 0x00007ffec179f000 	C:\Windows\SYSTEM32\windows.storage.dll
0x00007ffec3ff0000 - 0x00007ffec4343000 	C:\Windows\System32\combase.dll
0x00007ffec28d0000 - 0x00007ffec28fe000 	C:\Windows\SYSTEM32\Wldp.dll
0x00007ffec5660000 - 0x00007ffec572d000 	C:\Windows\System32\OLEAUT32.dll
0x00007ffec4850000 - 0x00007ffec48fd000 	C:\Windows\System32\SHCORE.dll
0x00007ffec4930000 - 0x00007ffec4985000 	C:\Windows\System32\shlwapi.dll
0x00007ffec2eb0000 - 0x00007ffec2ed4000 	C:\Windows\SYSTEM32\profapi.dll
0x00007ffeb9ac0000 - 0x00007ffeb9ad3000 	C:\JAVA\amazon-corretto-19.0.2.7.1-windows-x64-jdk\jdk19.0.2_7\bin\net.dll
0x00007ffebd1f0000 - 0x00007ffebd2fd000 	C:\Windows\SYSTEM32\WINHTTP.dll
0x00007ffec2630000 - 0x00007ffec269a000 	C:\Windows\system32\mswsock.dll
0x00007ffeb5b10000 - 0x00007ffeb5b25000 	C:\JAVA\amazon-corretto-19.0.2.7.1-windows-x64-jdk\jdk19.0.2_7\bin\nio.dll
0x00007ffebc610000 - 0x00007ffebc628000 	C:\JAVA\amazon-corretto-19.0.2.7.1-windows-x64-jdk\jdk19.0.2_7\bin\zip.dll
0x0000023e2d020000 - 0x0000023e2d023000 	C:\Users\Administrator\.openjfx\cache\20+19\amd64\api-ms-win-core-console-l1-1-0.dll
0x0000023e2d030000 - 0x0000023e2d033000 	C:\Users\Administrator\.openjfx\cache\20+19\amd64\api-ms-win-core-console-l1-2-0.dll
0x0000023e2d040000 - 0x0000023e2d043000 	C:\Users\Administrator\.openjfx\cache\20+19\amd64\api-ms-win-core-datetime-l1-1-0.dll
0x0000023e2d050000 - 0x0000023e2d053000 	C:\Users\Administrator\.openjfx\cache\20+19\amd64\api-ms-win-core-debug-l1-1-0.dll
0x0000023e2d060000 - 0x0000023e2d063000 	C:\Users\Administrator\.openjfx\cache\20+19\amd64\api-ms-win-core-errorhandling-l1-1-0.dll
0x0000023e54c00000 - 0x0000023e54c04000 	C:\Users\Administrator\.openjfx\cache\20+19\amd64\api-ms-win-core-file-l1-1-0.dll
0x0000023e54c10000 - 0x0000023e54c13000 	C:\Users\Administrator\.openjfx\cache\20+19\amd64\api-ms-win-core-file-l1-2-0.dll
0x0000023e54c20000 - 0x0000023e54c23000 	C:\Users\Administrator\.openjfx\cache\20+19\amd64\api-ms-win-core-file-l2-1-0.dll
0x0000023e54c30000 - 0x0000023e54c33000 	C:\Users\Administrator\.openjfx\cache\20+19\amd64\api-ms-win-core-handle-l1-1-0.dll
0x0000023e54c40000 - 0x0000023e54c43000 	C:\Users\Administrator\.openjfx\cache\20+19\amd64\api-ms-win-core-heap-l1-1-0.dll
0x0000023e54c50000 - 0x0000023e54c53000 	C:\Users\Administrator\.openjfx\cache\20+19\amd64\api-ms-win-core-interlocked-l1-1-0.dll
0x0000023e54c60000 - 0x0000023e54c63000 	C:\Users\Administrator\.openjfx\cache\20+19\amd64\api-ms-win-core-libraryloader-l1-1-0.dll
0x0000023e54c70000 - 0x0000023e54c73000 	C:\Users\Administrator\.openjfx\cache\20+19\amd64\api-ms-win-core-localization-l1-2-0.dll
0x0000023e54c80000 - 0x0000023e54c83000 	C:\Users\Administrator\.openjfx\cache\20+19\amd64\api-ms-win-core-memory-l1-1-0.dll
0x0000023e54c90000 - 0x0000023e54c93000 	C:\Users\Administrator\.openjfx\cache\20+19\amd64\api-ms-win-core-namedpipe-l1-1-0.dll
0x0000023e54ca0000 - 0x0000023e54ca3000 	C:\Users\Administrator\.openjfx\cache\20+19\amd64\api-ms-win-core-processenvironment-l1-1-0.dll
0x0000023e54cb0000 - 0x0000023e54cb3000 	C:\Users\Administrator\.openjfx\cache\20+19\amd64\api-ms-win-core-processthreads-l1-1-0.dll
0x0000023e54cc0000 - 0x0000023e54cc3000 	C:\Users\Administrator\.openjfx\cache\20+19\amd64\api-ms-win-core-processthreads-l1-1-1.dll
0x0000023e54cd0000 - 0x0000023e54cd3000 	C:\Users\Administrator\.openjfx\cache\20+19\amd64\api-ms-win-core-profile-l1-1-0.dll
0x0000023e54ce0000 - 0x0000023e54ce3000 	C:\Users\Administrator\.openjfx\cache\20+19\amd64\api-ms-win-core-rtlsupport-l1-1-0.dll
0x0000023e54cf0000 - 0x0000023e54cf3000 	C:\Users\Administrator\.openjfx\cache\20+19\amd64\api-ms-win-core-string-l1-1-0.dll
0x0000023e54d00000 - 0x0000023e54d03000 	C:\Users\Administrator\.openjfx\cache\20+19\amd64\api-ms-win-core-synch-l1-1-0.dll
0x0000023e54d10000 - 0x0000023e54d13000 	C:\Users\Administrator\.openjfx\cache\20+19\amd64\api-ms-win-core-synch-l1-2-0.dll
0x0000023e54d20000 - 0x0000023e54d23000 	C:\Users\Administrator\.openjfx\cache\20+19\amd64\api-ms-win-core-sysinfo-l1-1-0.dll
0x0000023e54d30000 - 0x0000023e54d33000 	C:\Users\Administrator\.openjfx\cache\20+19\amd64\api-ms-win-core-timezone-l1-1-0.dll
0x0000023e54d40000 - 0x0000023e54d43000 	C:\Users\Administrator\.openjfx\cache\20+19\amd64\api-ms-win-core-util-l1-1-0.dll
0x0000023e54d50000 - 0x0000023e54d53000 	C:\Users\Administrator\.openjfx\cache\20+19\amd64\api-ms-win-crt-conio-l1-1-0.dll
0x0000023e54d60000 - 0x0000023e54d64000 	C:\Users\Administrator\.openjfx\cache\20+19\amd64\api-ms-win-crt-convert-l1-1-0.dll
0x0000023e54d70000 - 0x0000023e54d73000 	C:\Users\Administrator\.openjfx\cache\20+19\amd64\api-ms-win-crt-environment-l1-1-0.dll
0x0000023e54d80000 - 0x0000023e54d83000 	C:\Users\Administrator\.openjfx\cache\20+19\amd64\api-ms-win-crt-filesystem-l1-1-0.dll
0x0000023e54d90000 - 0x0000023e54d93000 	C:\Users\Administrator\.openjfx\cache\20+19\amd64\api-ms-win-crt-heap-l1-1-0.dll
0x0000023e54da0000 - 0x0000023e54da3000 	C:\Users\Administrator\.openjfx\cache\20+19\amd64\api-ms-win-crt-locale-l1-1-0.dll
0x0000023e54db0000 - 0x0000023e54db5000 	C:\Users\Administrator\.openjfx\cache\20+19\amd64\api-ms-win-crt-math-l1-1-0.dll
0x0000023e54dc0000 - 0x0000023e54dc5000 	C:\Users\Administrator\.openjfx\cache\20+19\amd64\api-ms-win-crt-multibyte-l1-1-0.dll
0x0000023e54dd0000 - 0x0000023e54de0000 	C:\Users\Administrator\.openjfx\cache\20+19\amd64\api-ms-win-crt-private-l1-1-0.dll
0x0000023e54de0000 - 0x0000023e54de3000 	C:\Users\Administrator\.openjfx\cache\20+19\amd64\api-ms-win-crt-process-l1-1-0.dll
0x0000023e54df0000 - 0x0000023e54df4000 	C:\Users\Administrator\.openjfx\cache\20+19\amd64\api-ms-win-crt-runtime-l1-1-0.dll
0x0000023e54e00000 - 0x0000023e54e04000 	C:\Users\Administrator\.openjfx\cache\20+19\amd64\api-ms-win-crt-stdio-l1-1-0.dll
0x0000023e54e10000 - 0x0000023e54e14000 	C:\Users\Administrator\.openjfx\cache\20+19\amd64\api-ms-win-crt-string-l1-1-0.dll
0x0000023e54e20000 - 0x0000023e54e23000 	C:\Users\Administrator\.openjfx\cache\20+19\amd64\api-ms-win-crt-time-l1-1-0.dll
0x0000023e54e30000 - 0x0000023e54e33000 	C:\Users\Administrator\.openjfx\cache\20+19\amd64\api-ms-win-crt-utility-l1-1-0.dll
0x00007ffeae590000 - 0x00007ffeae68c000 	C:\Users\Administrator\.openjfx\cache\20+19\amd64\ucrtbase.dll
0x00007ffebc6f0000 - 0x00007ffebc70b000 	C:\Users\Administrator\.openjfx\cache\20+19\amd64\vcruntime140.dll
0x00007ffebc6e0000 - 0x00007ffebc6ec000 	C:\Users\Administrator\.openjfx\cache\20+19\amd64\vcruntime140_1.dll
0x00007ffeae2b0000 - 0x00007ffeae33e000 	C:\Users\Administrator\.openjfx\cache\20+19\amd64\msvcp140.dll
0x00007ffeb5bf0000 - 0x00007ffeb5bf9000 	C:\Users\Administrator\.openjfx\cache\20+19\amd64\msvcp140_1.dll
0x00007ffeae790000 - 0x00007ffeae7c0000 	C:\Users\Administrator\.openjfx\cache\20+19\amd64\msvcp140_2.dll
0x00007ffeae700000 - 0x00007ffeae72f000 	C:\Users\Administrator\.openjfx\cache\20+19\amd64\prism_d3d.dll
0x00007ffe94290000 - 0x00007ffe94460000 	C:\Windows\system32\d3d9.dll
0x00007ffec0cf0000 - 0x00007ffec0d1f000 	C:\Windows\SYSTEM32\dwmapi.dll
0x00007ffec0c00000 - 0x00007ffec0c9e000 	C:\Windows\system32\uxtheme.dll
0x00007ffec2820000 - 0x00007ffec2838000 	C:\Windows\SYSTEM32\CRYPTSP.dll
0x00007ffec1f50000 - 0x00007ffec1f84000 	C:\Windows\system32\rsaenh.dll
0x00007ffec2840000 - 0x00007ffec284c000 	C:\Windows\SYSTEM32\CRYPTBASE.dll
0x00007ffeae6b0000 - 0x00007ffeae6f2000 	C:\Users\Administrator\.openjfx\cache\20+19\amd64\glass.dll
0x00007ffec4590000 - 0x00007ffec466a000 	C:\Windows\System32\COMDLG32.dll
0x00007ffec4da0000 - 0x00007ffec4ecb000 	C:\Windows\System32\ole32.dll
0x00007ffec4730000 - 0x00007ffec4844000 	C:\Windows\System32\MSCTF.dll
0x00007ffeb11e0000 - 0x00007ffeb121b000 	C:\Windows\SYSTEM32\dxcore.dll
0x00007ffec31b0000 - 0x00007ffec31fe000 	C:\Windows\System32\cfgmgr32.dll
0x00007ffec2350000 - 0x00007ffec241a000 	C:\Windows\SYSTEM32\DNSAPI.dll
0x00007ffec2310000 - 0x00007ffec234b000 	C:\Windows\SYSTEM32\IPHLPAPI.DLL
0x00007ffec5800000 - 0x00007ffec5808000 	C:\Windows\System32\NSI.dll
0x00007ffebbcd0000 - 0x00007ffebbcda000 	C:\Windows\System32\rasadhlp.dll
0x00007ffebc2e0000 - 0x00007ffebc360000 	C:\Windows\System32\fwpuclnt.dll
0x00007ffebc460000 - 0x00007ffebc469000 	C:\JAVA\amazon-corretto-19.0.2.7.1-windows-x64-jdk\jdk19.0.2_7\bin\management.dll
0x00007ffeb9b40000 - 0x00007ffeb9b4b000 	C:\JAVA\amazon-corretto-19.0.2.7.1-windows-x64-jdk\jdk19.0.2_7\bin\management_ext.dll
0x00007ffec4670000 - 0x00007ffec4678000 	C:\Windows\System32\PSAPI.DLL
0x00007ffebc710000 - 0x00007ffebc724000 	C:\Users\Administrator\.openjfx\cache\20+19\amd64\javafx_font.dll
0x00007ffeafc50000 - 0x00007ffeafecf000 	C:\Windows\SYSTEM32\dwrite.dll
0x00007ffec2e60000 - 0x00007ffec2e8e000 	C:\Windows\SYSTEM32\USERENV.dll
0x00007ffebd460000 - 0x00007ffebd477000 	C:\Windows\SYSTEM32\dhcpcsvc6.DLL
0x00007ffebd530000 - 0x00007ffebd54d000 	C:\Windows\SYSTEM32\dhcpcsvc.DLL
0x00007ffeae970000 - 0x00007ffeae99d000 	C:\Users\Administrator\.openjfx\cache\20+19\amd64\javafx_iio.dll
0x00007ffec4680000 - 0x00007ffec4729000 	C:\Windows\System32\clbcatq.dll
0x00007ffec0970000 - 0x00007ffec0b26000 	C:\Windows\SYSTEM32\WindowsCodecs.dll
0x00007ffebbe10000 - 0x00007ffebbe4e000 	C:\Windows\system32\dataexchange.dll
0x00007ffec0040000 - 0x00007ffec0224000 	C:\Windows\system32\dcomp.dll
0x00007ffebf1f0000 - 0x00007ffebf453000 	C:\Windows\system32\d3d11.dll
0x00007ffec1800000 - 0x00007ffec18f6000 	C:\Windows\system32\dxgi.dll
0x00007ffeb5d70000 - 0x00007ffeb5f73000 	C:\Windows\system32\twinapi.appcore.dll
0x00007ffebe080000 - 0x00007ffebe0b4000 	C:\Program Files\Common Files\Microsoft Shared\Ink\rtscom.dll
0x00007ffeb3cc0000 - 0x00007ffeb3db9000 	C:\Windows\SYSTEM32\textinputframework.dll

dbghelp: loaded successfully - version: 4.0.5 - missing functions: none
symbol engine: initialized successfully - sym options: 0x614 - pdb path: .;C:\JAVA\amazon-corretto-19.0.2.7.1-windows-x64-jdk\jdk19.0.2_7\bin;C:\Windows\SYSTEM32;C:\Windows\WinSxS\amd64_microsoft.windows.common-controls_6595b64144ccf1df_6.0.19041.4355_none_60b8b9eb71f62e16;C:\JAVA\amazon-corretto-19.0.2.7.1-windows-x64-jdk\jdk19.0.2_7\bin\server;C:\Users\Administrator\.openjfx\cache\20+19\amd64;C:\Windows\System32\DriverStore\FileRepository\nvmiwu.inf_amd64_7b11efeca48cd7d3;C:\Program Files\Common Files\Microsoft Shared\Ink

VM Arguments:
jvm_args: --module-path=C:\Users\Administrator\Desktop\ARCHIVES\openjfx-21.0.4_windows-x64_bin-sdk\javafx-sdk-21.0.4\lib --add-modules=javafx.controls,javafx.fxml,javafx.web,java.sql --module-path=C:\Users\Administrator\Desktop\ARCHIVES\openjfx-21.0.4_windows-x64_bin-sdk\javafx-sdk-21.0.4\lib --add-modules=javafx.controls,javafx.fxml,javafx.web,java.sql -Dfile.encoding=windows-1252 -Duser.country=US -Duser.language=en -Duser.variant --module-path=D:\WORKSPACE\JAVA\smpro\smpro-v2\build\libs\app-1.0-SNAPSHOT.jar;D:\WORKSPACE\JAVA\smpro\smpro-v2\build\classes\java\main;C:\JAVA\GRADLES\gradle-8.2-all\gradle-8.2\caches\modules-2\files-2.1\com.github.Dansoftowner\FXTaskbarProgressBar\v11.4\a38a3b1d1b537858a7f88ef956f9048a3099a45b\FXTaskbarProgressBar-v11.4.jar;C:\JAVA\GRADLES\gradle-8.2-all\gradle-8.2\caches\modules-2\files-2.1\org.openjfx\javafx-web\17.0.6\f4117256e602d41f484f2b9e5a74eeadc0a272eb\javafx-web-17.0.6-win.jar;C:\JAVA\GRADLES\gradle-8.2-all\gradle-8.2\caches\modules-2\files-2.1\org.openjfx\javafx-web\17.0.6\69293d257d088cd7f48a69a87afa59f4eb6461c6\javafx-web-17.0.6-linux.jar;C:\JAVA\GRADLES\gradle-8.2-all\gradle-8.2\caches\modules-2\files-2.1\org.openjfx\javafx-media\17.0.6\cc7e03817252ace41ece37ab29f193ba3fd0153e\javafx-media-17.0.6-win.jar;C:\JAVA\GRADLES\gradle-8.2-all\gradle-8.2\caches\modules-2\files-2.1\org.openjfx\javafx-media\17.0.6\5a496809cfebccf228a9cb1678b8cd51d986704b\javafx-media-17.0.6.jar;C:\JAVA\GRADLES\gradle-8.2-all\gradle-8.2\caches\modules-2\files-2.1\org.openjfx\javafx-media\17.0.6\a76bc115c1e43c4757466a1e128c2602db7e52f8\javafx-media-17.0.6-linux.jar;C:\JAVA\GRADLES\gradle-8.2-all\gradle-8.2\caches\modules-2\files-2.1\org.openjfx\javafx-swing\17.0.6\974e453fb9afac1fb6536a1c6c0edfc203959b8\javafx-swing-17.0.6-win.jar;C:\JAVA\GRADLES\gradle-8.2-all\gradle-8.2\caches\modules-2\files-2.1\org.openjfx\javafx-fxml\17.0.6\5724aedc415683e62eeab3a3875550aa814c84fd\javafx-fxml-17.0.6-win.jar;C:\JAVA\GRADLES\gradle-8.2-all\gradle-8.2\caches\modules-2\files-2.1\org.openjfx\javafx-fxml\17.0.6\c500ec44fd60e74a11021c71c0e6127dc31bc41d\javafx-fxml-17.0.6-linux.jar;C:\JAVA\GRADLES\gradle-8.2-all\gradle-8.2\caches\modules-2\files-2.1\io.github.mkpaz\atlantafx-base\2.0.1\51d2bfa35150921fe5b8b5e3c1a1bf78a6d57684\atlantafx-base-2.0.1.jar;C:\JAVA\GRADLES\gradle-8.2-all\gradle-8.2\caches\modules-2\files-2.1\org.openjfx\javafx-controls\20\f9a84d43adab2745f4999e7ff9a64f12dd563f1f\javafx-co-Djdk.module.main=smpro.app 
java_command: smpro.app/smpro.app.Entry
java_class_path (initial): D:\WORKSPACE\JAVA\smpro\smpro-v2\build\resources\main
Launcher Type: SUN_STANDARD

[Global flags]
     intx CICompilerCount                          = 3                                         {product} {ergonomic}
     uint ConcGCThreads                            = 1                                         {product} {ergonomic}
     uint G1ConcRefinementThreads                  = 4                                         {product} {ergonomic}
   size_t G1HeapRegionSize                         = 2097152                                   {product} {ergonomic}
    uintx GCDrainStackTargetSize                   = 64                                        {product} {ergonomic}
   size_t InitialHeapSize                          = 268435456                                 {product} {ergonomic}
   size_t MarkStackSize                            = 4194304                                   {product} {ergonomic}
   size_t MaxHeapSize                              = 4267704320                                {product} {ergonomic}
   size_t MaxNewSize                               = 2560622592                                {product} {ergonomic}
   size_t MinHeapDeltaBytes                        = 2097152                                   {product} {ergonomic}
   size_t MinHeapSize                              = 8388608                                   {product} {ergonomic}
    uintx NonNMethodCodeHeapSize                   = 5832780                                {pd product} {ergonomic}
    uintx NonProfiledCodeHeapSize                  = 122912730                              {pd product} {ergonomic}
    uintx ProfiledCodeHeapSize                     = 122912730                              {pd product} {ergonomic}
    uintx ReservedCodeCacheSize                    = 251658240                              {pd product} {ergonomic}
     bool SegmentedCodeCache                       = true                                      {product} {ergonomic}
   size_t SoftMaxHeapSize                          = 4267704320                             {manageable} {ergonomic}
     bool UseCompressedClassPointers               = true                           {product lp64_product} {ergonomic}
     bool UseCompressedOops                        = true                           {product lp64_product} {ergonomic}
     bool UseG1GC                                  = true                                      {product} {ergonomic}
     bool UseLargePagesIndividualAllocation        = false                                  {pd product} {ergonomic}

Logging:
Log output configuration:
 #0: stdout all=off uptime,level,tags foldmultilines=false
 #1: stderr all=off uptime,level,tags foldmultilines=false

Environment Variables:
JAVA_HOME=C:\JAVA\amazon-corretto-19.0.2.7.1-windows-x64-jdk\jdk19.0.2_7
PATH=C:\Windows\system32;C:\Windows;C:\Windows\System32\Wbem;C:\Windows\System32\WindowsPowerShell\v1.0\;C:\Windows\System32\OpenSSH\;C:\Program Files\Git\cmd;C:\Users\Administrator\AppData\Local\Programs\Python\Python39\Scripts\;C:\Users\Administrator\AppData\Local\Programs\Python\Python39\;C:\Users\Administrator\AppData\Local\Microsoft\WindowsApps;C:\Users\Administrator\AppData\Local\Programs\Microsoft VS Code\bin;C:\Program Files\JetBrains\PyCharm Community Edition 2024.1.4\bin;;C:\JAVA\GRADLES\gradle-8.2-all\gradle-8.2\bin;C:\JAVA\amazon-corretto-19.0.2.7.1-windows-x64-jdk\jdk19.0.2_7\bin;C:\Users\Administrator\AppData\Local\Programs\Python\Python39\Scripts;
USERNAME=Administrator
OS=Windows_NT
PROCESSOR_IDENTIFIER=Intel64 Family 6 Model 58 Stepping 9, GenuineIntel
TMP=C:\Users\ADMINI~1\AppData\Local\Temp
TEMP=C:\Users\ADMINI~1\AppData\Local\Temp



---------------  S Y S T E M  ---------------

OS:
 Windows 10 , 64 bit Build 19041 (10.0.19041.4717)
OS uptime: 3 days 6:31 hours

CPU: total 4 (initial active 4) (2 cores per cpu, 2 threads per core) family 6 model 58 stepping 9 microcode 0x21, cx8, cmov, fxsr, ht, mmx, sse, sse2, sse3, ssse3, sse4.1, sse4.2, popcnt, tsc, tscinvbit, avx, aes, erms, clmul, vzeroupper, clflush, rdtscp

Memory: 4k page, system-wide physical 16272M (7484M free)
TotalPageFile size 18704M (AvailPageFile size 7631M)
current process WorkingSet (physical memory assigned to process): 154M, peak: 251M
current process commit charge ("private bytes"): 241M, peak: 447M

vm_info: OpenJDK 64-Bit Server VM (19.0.2+7-FR) for windows-amd64 JRE (19.0.2+7-FR), built on Jan 13 2023 22:53:32 by "Administrator" with MS VC++ 15.9 (VS2017)

END.
