#
# A fatal error has been detected by the Java Runtime Environment:
#
#  EXCEPTION_ACCESS_VIOLATION (0xc0000005) at pc=0x00007ffeb5ab6407, pid=3532, tid=7460
#
# JRE version: OpenJDK Runtime Environment Corretto-19.0.2.7.1 (19.0.2+7) (build 19.0.2+7-FR)
# Java VM: OpenJDK 64-Bit Server VM Corretto-19.0.2.7.1 (19.0.2+7-FR, mixed mode, sharing, tiered, compressed oops, compressed class ptrs, g1 gc, windows-amd64)
# Problematic frame:
# C  [glass.dll+0x26407]
#
# No core dump will be written. Minidumps are not enabled by default on client versions of Windows
#
# If you would like to submit a bug report, please visit:
#   https://github.com/corretto/corretto-19/issues/
#

---------------  S U M M A R Y ------------

Command Line: --module-path=C:\Users\Administrator\Desktop\ARCHIVES\openjfx-21.0.4_windows-x64_bin-sdk\javafx-sdk-21.0.4\lib --add-modules=javafx.controls,javafx.fxml,javafx.web,java.sql --module-path=C:\Users\Administrator\Desktop\ARCHIVES\openjfx-21.0.4_windows-x64_bin-sdk\javafx-sdk-21.0.4\lib --add-modules=javafx.controls,javafx.fxml,javafx.web,java.sql -Dfile.encoding=windows-1252 -Duser.country=US -Duser.language=en -Duser.variant --module-path=D:\WORKSPACE\JAVA\smpro\smpro-v2\build\libs\app-1.0-SNAPSHOT.jar;D:\WORKSPACE\JAVA\smpro\smpro-v2\build\classes\java\main;C:\JAVA\GRADLES\gradle-8.2-all\gradle-8.2\caches\modules-2\files-2.1\com.github.Dansoftowner\FXTaskbarProgressBar\v11.4\a38a3b1d1b537858a7f88ef956f9048a3099a45b\FXTaskbarProgressBar-v11.4.jar;C:\JAVA\GRADLES\gradle-8.2-all\gradle-8.2\caches\modules-2\files-2.1\org.openjfx\javafx-web\17.0.6\f4117256e602d41f484f2b9e5a74eeadc0a272eb\javafx-web-17.0.6-win.jar;C:\JAVA\GRADLES\gradle-8.2-all\gradle-8.2\caches\modules-2\files-2.1\org.openjfx\javafx-web\17.0.6\69293d257d088cd7f48a69a87afa59f4eb6461c6\javafx-web-17.0.6-linux.jar;C:\JAVA\GRADLES\gradle-8.2-all\gradle-8.2\caches\modules-2\files-2.1\org.openjfx\javafx-media\17.0.6\cc7e03817252ace41ece37ab29f193ba3fd0153e\javafx-media-17.0.6-win.jar;C:\JAVA\GRADLES\gradle-8.2-all\gradle-8.2\caches\modules-2\files-2.1\org.openjfx\javafx-media\17.0.6\5a496809cfebccf228a9cb1678b8cd51d986704b\javafx-media-17.0.6.jar;C:\JAVA\GRADLES\gradle-8.2-all\gradle-8.2\caches\modules-2\files-2.1\org.openjfx\javafx-media\17.0.6\a76bc115c1e43c4757466a1e128c2602db7e52f8\javafx-media-17.0.6-linux.jar;C:\JAVA\GRADLES\gradle-8.2-all\gradle-8.2\caches\modules-2\files-2.1\org.openjfx\javafx-swing\17.0.6\974e453fb9afac1fb6536a1c6c0edfc203959b8\javafx-swing-17.0.6-win.jar;C:\JAVA\GRADLES\gradle-8.2-all\gradle-8.2\caches\modules-2\files-2.1\org.openjfx\javafx-fxml\17.0.6\5724aedc415683e62eeab3a3875550aa814c84fd\javafx-fxml-17.0.6-win.jar;C:\JAVA\GRADLES\gradle-8.2-all\gradle-8.2\caches\modules-2\files-2.1\org.openjfx\javafx-fxml\17.0.6\c500ec44fd60e74a11021c71c0e6127dc31bc41d\javafx-fxml-17.0.6-linux.jar;C:\JAVA\GRADLES\gradle-8.2-all\gradle-8.2\caches\modules-2\files-2.1\io.github.mkpaz\atlantafx-base\2.0.1\51d2bfa35150921fe5b8b5e3c1a1bf78a6d57684\atlantafx-base-2.0.1.jar;C:\JAVA\GRADLES\gradle-8.2-all\gradle-8.2\caches\modules-2\files-2.1\org.openjfx\javafx-controls\20\f9a84d43adab2745f4999e7ff9a64f12dd563f1f\javafx-co-Djdk.module.main=smpro.app smpro.app/smpro.app.Entry

Host: Intel(R) Core(TM) i5-3230M CPU @ 2.60GHz, 4 cores, 15G,  Windows 10 , 64 bit Build 19041 (10.0.19041.4717)
Time: Sun Aug 25 20:18:37 2024 W. Central Africa Standard Time elapsed time: 10.949506 seconds (0d 0h 0m 10s)

---------------  T H R E A D  ---------------

Current thread (0x00000217ead1c7f0):  VMThread "VM Thread" [stack: 0x00000037fa100000,0x00000037fa200000] [id=7460]

Stack: [0x00000037fa100000,0x00000037fa200000],  sp=0x00000037fa1fef50,  free space=1019k
Native frames: (J=compiled Java code, j=interpreted, Vv=VM code, C=native code)
C  [glass.dll+0x26407]


siginfo: EXCEPTION_ACCESS_VIOLATION (0xc0000005), reading address 0x0000000000000000


Registers:
RAX=0x0000000000000000, RBX=0x00000217ead2f7e0, RCX=0x00000217ead1c7f0, RDX=0x00000037fa1fef50
RSP=0x00000037fa1fef50, RBP=0x00000217ef8bb2a8, RSI=0x00000217ef8bb280, RDI=0x000066f72ca368b4
R8 =0x0000000000010002, R9 =0x000066f72ca368b4, R10=0x0000000000008000, R11=0x00000037fa1feee0
R12=0x00007ffeb5ab3d40, R13=0x00007ffe9f57ff20, R14=0x00000037fa1ff048, R15=0x00000217ef8bb280
RIP=0x00007ffeb5ab6407, EFLAGS=0x0000000000010206


Register to memory mapping:

RIP=0x00007ffeb5ab6407 glass.dll
RAX=0x0 is NULL
RBX=0x00000217ead2f7e0 is a global jni handle
RCX=0x00000217ead1c7f0 points into unknown readable memory: 0x00007ffe9f3b34f8 | f8 34 3b 9f fe 7f 00 00
RDX=0x00000037fa1fef50 points into unknown readable memory: 0x0000000000000000 | 00 00 00 00 00 00 00 00
RSP=0x00000037fa1fef50 points into unknown readable memory: 0x0000000000000000 | 00 00 00 00 00 00 00 00
RBP=0x00000217ef8bb2a8 points into unknown readable memory: 0x000066f72ca368b4 | b4 68 a3 2c f7 66 00 00
RSI=0x00000217ef8bb280 points into unknown readable memory: 0x858066f0d3483207 | 07 32 48 d3 f0 66 80 85
RDI=0x000066f72ca368b4 is an unknown value
R8 =0x0000000000010002 is an unknown value
R9 =0x000066f72ca368b4 is an unknown value
R10=0x0000000000008000 is an unknown value
R11=0x00000037fa1feee0 points into unknown readable memory: 0x00000217ef8bb280 | 80 b2 8b ef 17 02 00 00
R12=0x00007ffeb5ab3d40 glass.dll
R13=0x00007ffe9f57ff20 jvm.dll
R14=0x00000037fa1ff048 points into unknown readable memory: 0x00000037fa1ff030 | 30 f0 1f fa 37 00 00 00
R15=0x00000217ef8bb280 points into unknown readable memory: 0x858066f0d3483207 | 07 32 48 d3 f0 66 80 85


Top of Stack: (sp=0x00000037fa1fef50)
0x00000037fa1fef50:   0000000000000000 00000217ef8bb280
0x00000037fa1fef60:   00007ffe9f57ff20 00007ffeb5ab3d40
0x00000037fa1fef70:   00000217ef8bb288 00007ffec30c42d6
0x00000037fa1fef80:   000066f72ca368b4 0000021700000000
0x00000037fa1fef90:   00000217ef8bb2a8 00000217ef8bb280
0x00000037fa1fefa0:   fffffffffffffffe 0000000000000000
0x00000037fa1fefb0:   0000000000000001 00007ffeb5a90000
0x00000037fa1fefc0:   00000037fa1ff038 00007ffec30c41fb
0x00000037fa1fefd0:   0000000000000000 00000037fa1ff048
0x00000037fa1fefe0:   00000037fa1ff320 00007ffec31a0e40
0x00000037fa1feff0:   0000000000000001 00007ffec30c41b4
0x00000037fa1ff000:   0000000000000000 0000000000000001
0x00000037fa1ff010:   0000000000000000 00000037fa1ff038
0x00000037fa1ff020:   0000000000000001 00007ffeb5ab3bcd
0x00000037fa1ff030:   00007ffeb5ac9f88 00007ffe00000002
0x00000037fa1ff040:   0000000000000002 00000037fa1ff030 

Instructions: (pc=0x00007ffeb5ab6407)
0x00007ffeb5ab6307:   8b 4d 58 e8 7d cf ff ff 48 8b 4d 60 e8 74 cf ff
0x00007ffeb5ab6317:   ff 48 8b 95 80 00 00 00 48 8b 8d 18 01 00 00 e8
0x00007ffeb5ab6327:   66 c4 ff ff 33 d2 33 c9 e8 bc e1 ff ff 90 48 89
0x00007ffeb5ab6337:   54 24 10 55 48 83 ec 20 48 8b ea 48 b8 00 00 00
0x00007ffeb5ab6347:   00 00 00 00 00 48 83 c4 20 5d c3 cc 40 55 48 8b
0x00007ffeb5ab6357:   ea 48 8b 01 33 c9 81 38 05 00 00 c0 0f 94 c1 8b
0x00007ffeb5ab6367:   c1 5d c3 cc 40 55 48 83 ec 20 48 8b ea 8a 4d 40
0x00007ffeb5ab6377:   48 83 c4 20 5d e9 63 d3 ff ff cc 40 55 48 83 ec
0x00007ffeb5ab6387:   20 48 8b ea 8a 4d 20 e8 51 d3 ff ff 90 48 83 c4
0x00007ffeb5ab6397:   20 5d c3 cc 40 55 48 83 ec 20 48 8b ea 48 83 c4
0x00007ffeb5ab63a7:   20 5d e9 b2 d1 ff ff cc 40 55 48 83 ec 30 48 8b
0x00007ffeb5ab63b7:   ea 48 8b 01 8b 10 48 89 4c 24 28 89 54 24 20 4c
0x00007ffeb5ab63c7:   8d 0d 53 d6 ff ff 4c 8b 45 70 8b 55 68 48 8b 4d
0x00007ffeb5ab63d7:   60 e8 f3 d0 ff ff 90 48 83 c4 30 5d c3 cc cc cc
0x00007ffeb5ab63e7:   cc cc cc cc cc cc cc cc cc 40 53 48 83 ec 20 48
0x00007ffeb5ab63f7:   8b 1d 8b 35 01 00 48 85 db 74 16 e8 79 8b ff ff
0x00007ffeb5ab6407:   4c 8b 00 48 8b d3 48 8b c8 41 ff 90 b0 00 00 00
0x00007ffeb5ab6417:   90 48 83 c4 20 5b c3 cc cc 40 53 48 83 ec 20 48
0x00007ffeb5ab6427:   8b 1d fb 36 01 00 48 85 db 74 57 b8 ff ff ff ff
0x00007ffeb5ab6437:   f0 0f c1 43 10 83 f8 01 75 3d 48 85 db 74 38 48
0x00007ffeb5ab6447:   8b 0b 48 85 c9 74 0d ff 15 54 0e 00 00 48 c7 03
0x00007ffeb5ab6457:   00 00 00 00 48 8b 4b 08 48 85 c9 74 0d e8 23 ce
0x00007ffeb5ab6467:   ff ff 48 c7 43 08 00 00 00 00 ba 18 00 00 00 48
0x00007ffeb5ab6477:   8b cb e8 0e ce ff ff 48 c7 05 9f 36 01 00 00 00
0x00007ffeb5ab6487:   00 00 48 83 c4 20 5b c3 cc 40 53 48 83 ec 20 48
0x00007ffeb5ab6497:   8b 1d 6b 36 01 00 48 85 db 74 57 b8 ff ff ff ff
0x00007ffeb5ab64a7:   f0 0f c1 43 10 83 f8 01 75 3d 48 85 db 74 38 48
0x00007ffeb5ab64b7:   8b 0b 48 85 c9 74 0d ff 15 e4 0d 00 00 48 c7 03
0x00007ffeb5ab64c7:   00 00 00 00 48 8b 4b 08 48 85 c9 74 0d e8 b3 cd
0x00007ffeb5ab64d7:   ff ff 48 c7 43 08 00 00 00 00 ba 18 00 00 00 48
0x00007ffeb5ab64e7:   8b cb e8 9e cd ff ff 48 c7 05 0f 36 01 00 00 00
0x00007ffeb5ab64f7:   00 00 48 83 c4 20 5b c3 cc 40 53 48 83 ec 20 48 


Stack slot to memory mapping:
stack at sp + 0 slots: 0x0 is NULL
stack at sp + 1 slots: 0x00000217ef8bb280 points into unknown readable memory: 0x858066f0d3483207 | 07 32 48 d3 f0 66 80 85
stack at sp + 2 slots: 0x00007ffe9f57ff20 jvm.dll
stack at sp + 3 slots: 0x00007ffeb5ab3d40 glass.dll
stack at sp + 4 slots: 0x00000217ef8bb288 points into unknown readable memory: 0x000066f72ca368b4 | b4 68 a3 2c f7 66 00 00
stack at sp + 5 slots: 0x00007ffec30c42d6 ucrtbase.dll
stack at sp + 6 slots: 0x000066f72ca368b4 is an unknown value
stack at sp + 7 slots: 0x0000021700000000 is an unknown value

VM_Operation (0x00000037fb5fbe00): Exit, mode: safepoint, requested by thread 0x00000217c5dce850


---------------  P R O C E S S  ---------------

Threads class SMR info:
_java_thread_list=0x00000217f9861770, length=20, elements={
0x00000217c5fde8f0, 0x00000217ead37a80, 0x00000217ead3a880, 0x00000217ead3cfb0,
0x00000217ead40900, 0x00000217ead419d0, 0x00000217ead42be0, 0x00000217ead49f50,
0x00000217ead4d920, 0x00000217ead4bc30, 0x00000217ef0d1a20, 0x00000217ef31e900,
0x00000217ef5ea5f0, 0x00000217ef8d4dc0, 0x00000217c5dce850, 0x00000217ef8d2fe0,
0x00000217ef8d3eb0, 0x00000217f60e9b50, 0x00000217f679f060, 0x00000217f679eb10
}

Java Threads: ( => current thread )
  0x00000217c5fde8f0 JavaThread "main" [_thread_blocked, id=3860, stack(0x00000037f9b00000,0x00000037f9c00000)]
  0x00000217ead37a80 JavaThread "Reference Handler" daemon [_thread_blocked, id=5276, stack(0x00000037fa200000,0x00000037fa300000)]
  0x00000217ead3a880 JavaThread "Finalizer" daemon [_thread_blocked, id=244, stack(0x00000037fa300000,0x00000037fa400000)]
  0x00000217ead3cfb0 JavaThread "Signal Dispatcher" daemon [_thread_blocked, id=7564, stack(0x00000037fa400000,0x00000037fa500000)]
  0x00000217ead40900 JavaThread "Attach Listener" daemon [_thread_blocked, id=5704, stack(0x00000037fa500000,0x00000037fa600000)]
  0x00000217ead419d0 JavaThread "Service Thread" daemon [_thread_blocked, id=8008, stack(0x00000037fa600000,0x00000037fa700000)]
  0x00000217ead42be0 JavaThread "Monitor Deflation Thread" daemon [_thread_blocked, id=2952, stack(0x00000037fa700000,0x00000037fa800000)]
  0x00000217ead49f50 JavaThread "C2 CompilerThread0" daemon [_thread_blocked, id=6044, stack(0x00000037fa800000,0x00000037fa900000)]
  0x00000217ead4d920 JavaThread "C1 CompilerThread0" daemon [_thread_blocked, id=6232, stack(0x00000037fa900000,0x00000037faa00000)]
  0x00000217ead4bc30 JavaThread "Sweeper thread" daemon [_thread_blocked, id=1924, stack(0x00000037faa00000,0x00000037fab00000)]
  0x00000217ef0d1a20 JavaThread "Common-Cleaner" daemon [_thread_blocked, id=1916, stack(0x00000037fab00000,0x00000037fac00000)]
  0x00000217ef31e900 JavaThread "Notification Thread" daemon [_thread_blocked, id=4356, stack(0x00000037fb000000,0x00000037fb100000)]
  0x00000217ef5ea5f0 JavaThread "QuantumRenderer-0" daemon [_thread_blocked, id=2832, stack(0x00000037fb200000,0x00000037fb300000)]
  0x00000217ef8d4dc0 JavaThread "InvokeLaterDispatcher" daemon [_thread_blocked, id=7916, stack(0x00000037fb400000,0x00000037fb500000)]
  0x00000217c5dce850 JavaThread "JavaFX Application Thread" [_thread_blocked, id=5620, stack(0x00000037fb500000,0x00000037fb600000)]
  0x00000217ef8d2fe0 JavaThread "Thread-1" daemon [_thread_in_native, id=4680, stack(0x00000037fb600000,0x00000037fb700000)]
  0x00000217ef8d3eb0 JavaThread "JavaFX-Launcher" [_thread_blocked, id=2984, stack(0x00000037fb700000,0x00000037fb800000)]
  0x00000217f60e9b50 JavaThread "PostgreSQL-JDBC-Cleaner" daemon [_thread_blocked, id=3564, stack(0x00000037fba00000,0x00000037fbb00000)]
  0x00000217f679f060 JavaThread "Prism Font Disposer" daemon [_thread_blocked, id=5292, stack(0x00000037fbb00000,0x00000037fbc00000)]
  0x00000217f679eb10 JavaThread "Cleaner-0" daemon [_thread_blocked, id=5204, stack(0x00000037fc300000,0x00000037fc400000)]

Other Threads:
=>0x00000217ead1c7f0 VMThread "VM Thread" [stack: 0x00000037fa100000,0x00000037fa200000] [id=7460]
  0x00000217c6053c70 WorkerThread "GC Thread#0" [stack: 0x00000037f9c00000,0x00000037f9d00000] [id=4336]
  0x00000217ef3f7e10 WorkerThread "GC Thread#1" [stack: 0x00000037fad00000,0x00000037fae00000] [id=6540]
  0x00000217ef3f80e0 WorkerThread "GC Thread#2" [stack: 0x00000037fae00000,0x00000037faf00000] [id=964]
  0x00000217ef3f83b0 WorkerThread "GC Thread#3" [stack: 0x00000037faf00000,0x00000037fb000000] [id=1548]
  0x00000217c6064ad0 ConcurrentGCThread "G1 Main Marker" terminated
  0x00000217c6065bb0 WorkerThread "G1 Conc#0" [stack: 0x00000037f9e00000,0x00000037f9f00000] [id=3052]
  0x00000217c609e7a0 ConcurrentGCThread "G1 Refine#0" terminated
  0x00000217eabdb380 ConcurrentGCThread "G1 Service" terminated

Threads with active compile tasks:

VM state: at safepoint (shutting down)

VM Mutex/Monitor currently owned by a thread:  ([mutex/lock_event])
[0x00000217c5fdb4c0] Threads_lock - owner thread: 0x00000217ead1c7f0
[0x00000217c5fda7d0] Heap_lock - owner thread: 0x00000217c5dce850

Heap address: 0x0000000701a00000, size: 4070 MB, Compressed Oops mode: Zero based, Oop shift amount: 3

CDS archive(s) mapped at: [0x0000000800000000-0x0000000800c40000-0x0000000800c40000), size 12845056, SharedBaseAddress: 0x0000000800000000, ArchiveRelocationMode: 0.
Compressed class space mapped at: 0x0000000801000000-0x0000000841000000, reserved size: 1073741824
Narrow klass base: 0x0000000800000000, Narrow klass shift: 0, Narrow klass range: 0x100000000

GC Precious Log:
 CardTable entry size: 512
 Card Set container configuration: InlinePtr #cards 4 size 8 Array Of Cards #cards 16 size 48 Howl #buckets 8 coarsen threshold 3686 Howl Bitmap #cards 512 size 80 coarsen threshold 460 Card regions per heap region 1 cards per card region 4096
 CPUs: 4 total, 4 available
 Memory: 16272M
 Large Page Support: Disabled
 NUMA Support: Disabled
 Compressed Oops: Enabled (Zero based)
 Heap Region Size: 2M
 Heap Min Capacity: 8M
 Heap Initial Capacity: 256M
 Heap Max Capacity: 4070M
 Pre-touch: Disabled
 Parallel Workers: 4
 Concurrent Workers: 1
 Concurrent Refinement Workers: 4
 Periodic GC: Disabled

Heap:
 garbage-first heap   total 69632K, used 25166K [0x0000000701a00000, 0x0000000800000000)
  region size 2048K, 13 young (26624K), 9 survivors (18432K)
 Metaspace       used 21806K, committed 22208K, reserved 1114112K
  class space    used 3140K, committed 3328K, reserved 1048576K

Heap Regions: E=young(eden), S=young(survivor), O=old, HS=humongous(starts), HC=humongous(continues), CS=collection set, F=free, OA=open archive, CA=closed archive, TAMS=top-at-mark-start (previous, next)
|   0|0x0000000701a00000, 0x0000000701c00000, 0x0000000701c00000|100%|HS|  |TAMS 0x0000000701a00000, 0x0000000701a00000| Complete 
|   1|0x0000000701c00000, 0x0000000701c00000, 0x0000000701e00000|  0%| F|  |TAMS 0x0000000701c00000, 0x0000000701c00000| Untracked 
|   2|0x0000000701e00000, 0x0000000701e00000, 0x0000000702000000|  0%| F|  |TAMS 0x0000000701e00000, 0x0000000701e00000| Untracked 
|   3|0x0000000702000000, 0x0000000702000000, 0x0000000702200000|  0%| F|  |TAMS 0x0000000702000000, 0x0000000702000000| Untracked 
|   4|0x0000000702200000, 0x0000000702200000, 0x0000000702400000|  0%| F|  |TAMS 0x0000000702200000, 0x0000000702200000| Untracked 
|   5|0x0000000702400000, 0x0000000702400000, 0x0000000702600000|  0%| F|  |TAMS 0x0000000702400000, 0x0000000702400000| Untracked 
|   6|0x0000000702600000, 0x0000000702600000, 0x0000000702800000|  0%| F|  |TAMS 0x0000000702600000, 0x0000000702600000| Untracked 
|   7|0x0000000702800000, 0x0000000702800000, 0x0000000702a00000|  0%| F|  |TAMS 0x0000000702800000, 0x0000000702800000| Untracked 
|   8|0x0000000702a00000, 0x0000000702a00000, 0x0000000702c00000|  0%| F|  |TAMS 0x0000000702a00000, 0x0000000702a00000| Untracked 
|   9|0x0000000702c00000, 0x0000000702c00000, 0x0000000702e00000|  0%| F|  |TAMS 0x0000000702c00000, 0x0000000702c00000| Untracked 
|  10|0x0000000702e00000, 0x0000000702e00000, 0x0000000703000000|  0%| F|  |TAMS 0x0000000702e00000, 0x0000000702e00000| Untracked 
|  11|0x0000000703000000, 0x0000000703000000, 0x0000000703200000|  0%| F|  |TAMS 0x0000000703000000, 0x0000000703000000| Untracked 
|  12|0x0000000703200000, 0x0000000703200000, 0x0000000703400000|  0%| F|  |TAMS 0x0000000703200000, 0x0000000703200000| Untracked 
|  13|0x0000000703400000, 0x0000000703400000, 0x0000000703600000|  0%| F|  |TAMS 0x0000000703400000, 0x0000000703400000| Untracked 
|  14|0x0000000703600000, 0x0000000703600000, 0x0000000703800000|  0%| F|  |TAMS 0x0000000703600000, 0x0000000703600000| Untracked 
|  15|0x0000000703800000, 0x0000000703800000, 0x0000000703a00000|  0%| F|  |TAMS 0x0000000703800000, 0x0000000703800000| Untracked 
|  16|0x0000000703a00000, 0x0000000703a00000, 0x0000000703c00000|  0%| F|  |TAMS 0x0000000703a00000, 0x0000000703a00000| Untracked 
|  17|0x0000000703c00000, 0x0000000703c00000, 0x0000000703e00000|  0%| F|  |TAMS 0x0000000703c00000, 0x0000000703c00000| Untracked 
|  18|0x0000000703e00000, 0x0000000703e00000, 0x0000000704000000|  0%| F|  |TAMS 0x0000000703e00000, 0x0000000703e00000| Untracked 
|  19|0x0000000704000000, 0x0000000704000000, 0x0000000704200000|  0%| F|  |TAMS 0x0000000704000000, 0x0000000704000000| Untracked 
|  20|0x0000000704200000, 0x0000000704200000, 0x0000000704400000|  0%| F|  |TAMS 0x0000000704200000, 0x0000000704200000| Untracked 
|  21|0x0000000704400000, 0x00000007045842e8, 0x0000000704600000| 75%| E|  |TAMS 0x0000000704400000, 0x0000000704400000| Complete 
|  22|0x0000000704600000, 0x0000000704800000, 0x0000000704800000|100%| E|CS|TAMS 0x0000000704600000, 0x0000000704600000| Complete 
|  23|0x0000000704800000, 0x0000000704a00000, 0x0000000704a00000|100%| E|CS|TAMS 0x0000000704800000, 0x0000000704800000| Complete 
|  70|0x000000070a600000, 0x000000070a693b60, 0x000000070a800000| 28%| S|CS|TAMS 0x000000070a600000, 0x000000070a600000| Complete 
|  71|0x000000070a800000, 0x000000070aa00000, 0x000000070aa00000|100%| S|CS|TAMS 0x000000070a800000, 0x000000070a800000| Complete 
|  72|0x000000070aa00000, 0x000000070ac00000, 0x000000070ac00000|100%| S|CS|TAMS 0x000000070aa00000, 0x000000070aa00000| Complete 
|  73|0x000000070ac00000, 0x000000070ae00000, 0x000000070ae00000|100%| S|CS|TAMS 0x000000070ac00000, 0x000000070ac00000| Complete 
|  74|0x000000070ae00000, 0x000000070b000000, 0x000000070b000000|100%| S|CS|TAMS 0x000000070ae00000, 0x000000070ae00000| Complete 
|  75|0x000000070b000000, 0x000000070b200000, 0x000000070b200000|100%| S|CS|TAMS 0x000000070b000000, 0x000000070b000000| Complete 
|  76|0x000000070b200000, 0x000000070b400000, 0x000000070b400000|100%| S|CS|TAMS 0x000000070b200000, 0x000000070b200000| Complete 
|  77|0x000000070b400000, 0x000000070b600000, 0x000000070b600000|100%| S|CS|TAMS 0x000000070b400000, 0x000000070b400000| Complete 
|  78|0x000000070b600000, 0x000000070b800000, 0x000000070b800000|100%| S|CS|TAMS 0x000000070b600000, 0x000000070b600000| Complete 
| 127|0x0000000711800000, 0x0000000711a00000, 0x0000000711a00000|100%| E|CS|TAMS 0x0000000711800000, 0x0000000711800000| Complete 

Card table byte_map: [0x00000217df7c0000,0x00000217dffc0000] _byte_map_base: 0x00000217dbfb3000

Marking Bits (Prev, Next): (CMBitMap*) 0x00000217c60541f0, (CMBitMap*) 0x00000217c60541b0
 Prev Bits: [0x00000217e4760000, 0x00000217e86f8000)
 Next Bits: [0x00000217e07c0000, 0x00000217e4758000)

Polling page: 0x00000217c60a0000

Metaspace:

Usage:
  Non-class:     18.23 MB used.
      Class:      3.07 MB used.
       Both:     21.30 MB used.

Virtual space:
  Non-class space:       64.00 MB reserved,      18.44 MB ( 29%) committed,  1 nodes.
      Class space:        1.00 GB reserved,       3.25 MB ( <1%) committed,  1 nodes.
             Both:        1.06 GB reserved,      21.69 MB (  2%) committed. 

Chunk freelists:
   Non-Class:  1.47 MB
       Class:  612.00 KB
        Both:  2.07 MB

MaxMetaspaceSize: unlimited
CompressedClassSpaceSize: 1.00 GB
Initial GC threshold: 21.00 MB
Current GC threshold: 35.13 MB
CDS: on
MetaspaceReclaimPolicy: balanced
 - commit_granule_bytes: 65536.
 - commit_granule_words: 8192.
 - virtual_space_node_default_size: 8388608.
 - enlarge_chunks_in_place: 1.
 - new_chunks_are_fully_committed: 0.
 - uncommit_free_chunks: 1.
 - use_allocation_guard: 0.


Internal statistics:

num_allocs_failed_limit: 3.
num_arena_births: 432.
num_arena_deaths: 0.
num_vsnodes_births: 2.
num_vsnodes_deaths: 0.
num_space_committed: 347.
num_space_uncommitted: 0.
num_chunks_returned_to_freelist: 3.
num_chunks_taken_from_freelist: 1103.
num_chunk_merges: 3.
num_chunk_splits: 785.
num_chunks_enlarged: 602.
num_inconsistent_stats: 0.

CodeHeap 'non-profiled nmethods': size=120000Kb used=1664Kb max_used=1664Kb free=118336Kb
 bounds [0x00000217d7470000, 0x00000217d76e0000, 0x00000217de9a0000]
CodeHeap 'profiled nmethods': size=120000Kb used=7200Kb max_used=7200Kb free=112799Kb
 bounds [0x00000217cf9a0000, 0x00000217d00b0000, 0x00000217d6ed0000]
CodeHeap 'non-nmethods': size=5760Kb used=1558Kb max_used=1579Kb free=4201Kb
 bounds [0x00000217d6ed0000, 0x00000217d7140000, 0x00000217d7470000]
 total_blobs=4551 nmethods=3697 adapters=763
 compilation: enabled
              stopped_count=0, restarted_count=0
 full_count=0

Compilation events (20 events):
Event: 10.364 Thread 0x00000217ead4d920 nmethod 3690 0x00000217d760a810 code [0x00000217d760a9a0, 0x00000217d760aa58]
Event: 10.364 Thread 0x00000217ead4d920 3691       1       com.sun.javafx.geom.transform.BaseTransform::getMyz (2 bytes)
Event: 10.364 Thread 0x00000217ead4d920 nmethod 3691 0x00000217d760ab10 code [0x00000217d760aca0, 0x00000217d760ad58]
Event: 10.364 Thread 0x00000217ead4d920 3692       1       com.sun.javafx.geom.transform.BaseTransform::getMzx (2 bytes)
Event: 10.364 Thread 0x00000217ead4d920 nmethod 3692 0x00000217d760ae10 code [0x00000217d760afa0, 0x00000217d760b058]
Event: 10.364 Thread 0x00000217ead4d920 3693       1       com.sun.javafx.geom.transform.BaseTransform::getMzy (2 bytes)
Event: 10.364 Thread 0x00000217ead4d920 nmethod 3693 0x00000217d760b110 code [0x00000217d760b2a0, 0x00000217d760b358]
Event: 10.364 Thread 0x00000217ead4d920 3694       1       com.sun.javafx.geom.transform.BaseTransform::getMzz (2 bytes)
Event: 10.364 Thread 0x00000217ead4d920 nmethod 3694 0x00000217d760b410 code [0x00000217d760b5c0, 0x00000217d760b698]
Event: 10.367 Thread 0x00000217ead4d920 3695       3       com.sun.scenario.animation.shared.TimelineClipCore::playTo (353 bytes)
Event: 10.368 Thread 0x00000217ead4d920 nmethod 3695 0x00000217d00a5810 code [0x00000217d00a5ae0, 0x00000217d00a6cf8]
Event: 10.391 Thread 0x00000217ead49f50 nmethod 3675 0x00000217d760b710 code [0x00000217d760c400, 0x00000217d760e120]
Event: 10.391 Thread 0x00000217ead49f50 3677   !   4       java.util.AbstractList$Itr::next (46 bytes)
Event: 10.392 Thread 0x00000217ead49f50 nmethod 3677 0x00000217d760fb90 code [0x00000217d760fd20, 0x00000217d760fe68]
Event: 10.399 Thread 0x00000217ead4d920 3696       3       com.sun.javafx.event.EventDispatchChainImpl::insertFirst (42 bytes)
Event: 10.399 Thread 0x00000217ead4d920 nmethod 3696 0x00000217d00a7390 code [0x00000217d00a7540, 0x00000217d00a7818]
Event: 10.403 Thread 0x00000217ead4d920 3697       3       java.util.HashMap::clear (50 bytes)
Event: 10.404 Thread 0x00000217ead4d920 nmethod 3697 0x00000217d00a7910 code [0x00000217d00a7ac0, 0x00000217d00a7eb8]
Event: 10.404 Thread 0x00000217ead4d920 3698       3       java.lang.ref.Reference::clear (5 bytes)
Event: 10.404 Thread 0x00000217ead4d920 nmethod 3698 0x00000217d00a8010 code [0x00000217d00a81c0, 0x00000217d00a8308]

GC Heap History (6 events):
Event: 0.250 GC heap before
{Heap before GC invocations=0 (full 0):
 garbage-first heap   total 262144K, used 10240K [0x0000000701a00000, 0x0000000800000000)
  region size 2048K, 6 young (12288K), 0 survivors (0K)
 Metaspace       used 813K, committed 960K, reserved 1114112K
  class space    used 60K, committed 128K, reserved 1048576K
}
Event: 0.254 GC heap after
{Heap after GC invocations=1 (full 0):
 garbage-first heap   total 262144K, used 850K [0x0000000701a00000, 0x0000000800000000)
  region size 2048K, 1 young (2048K), 1 survivors (2048K)
 Metaspace       used 813K, committed 960K, reserved 1114112K
  class space    used 60K, committed 128K, reserved 1048576K
}
Event: 0.436 GC heap before
{Heap before GC invocations=1 (full 0):
 garbage-first heap   total 262144K, used 19282K [0x0000000701a00000, 0x0000000800000000)
  region size 2048K, 11 young (22528K), 1 survivors (2048K)
 Metaspace       used 1026K, committed 1216K, reserved 1114112K
  class space    used 76K, committed 192K, reserved 1048576K
}
Event: 0.438 GC heap after
{Heap after GC invocations=2 (full 0):
 garbage-first heap   total 262144K, used 1029K [0x0000000701a00000, 0x0000000800000000)
  region size 2048K, 1 young (2048K), 1 survivors (2048K)
 Metaspace       used 1026K, committed 1216K, reserved 1114112K
  class space    used 76K, committed 192K, reserved 1048576K
}
Event: 3.991 GC heap before
{Heap before GC invocations=2 (full 0):
 garbage-first heap   total 262144K, used 109573K [0x0000000701a00000, 0x0000000800000000)
  region size 2048K, 49 young (100352K), 1 survivors (2048K)
 Metaspace       used 21159K, committed 21504K, reserved 1114112K
  class space    used 3088K, committed 3264K, reserved 1048576K
}
Event: 4.012 GC heap after
{Heap after GC invocations=3 (full 0):
 garbage-first heap   total 262144K, used 16974K [0x0000000701a00000, 0x0000000800000000)
  region size 2048K, 9 young (18432K), 9 survivors (18432K)
 Metaspace       used 21159K, committed 21504K, reserved 1114112K
  class space    used 3088K, committed 3264K, reserved 1048576K
}

Dll operation events (20 events):
Event: 0.703 Loaded shared library C:\Users\Administrator\.openjfx\cache\20+19\amd64\api-ms-win-crt-private-l1-1-0.dll
Event: 0.706 Loaded shared library C:\Users\Administrator\.openjfx\cache\20+19\amd64\api-ms-win-crt-process-l1-1-0.dll
Event: 0.709 Loaded shared library C:\Users\Administrator\.openjfx\cache\20+19\amd64\api-ms-win-crt-runtime-l1-1-0.dll
Event: 0.712 Loaded shared library C:\Users\Administrator\.openjfx\cache\20+19\amd64\api-ms-win-crt-stdio-l1-1-0.dll
Event: 0.715 Loaded shared library C:\Users\Administrator\.openjfx\cache\20+19\amd64\api-ms-win-crt-string-l1-1-0.dll
Event: 0.717 Loaded shared library C:\Users\Administrator\.openjfx\cache\20+19\amd64\api-ms-win-crt-time-l1-1-0.dll
Event: 0.720 Loaded shared library C:\Users\Administrator\.openjfx\cache\20+19\amd64\api-ms-win-crt-utility-l1-1-0.dll
Event: 0.736 Loaded shared library C:\Users\Administrator\.openjfx\cache\20+19\amd64\ucrtbase.dll
Event: 0.741 Loaded shared library C:\Users\Administrator\.openjfx\cache\20+19\amd64\vcruntime140.dll
Event: 0.745 Loaded shared library C:\Users\Administrator\.openjfx\cache\20+19\amd64\vcruntime140_1.dll
Event: 0.754 Loaded shared library C:\Users\Administrator\.openjfx\cache\20+19\amd64\msvcp140.dll
Event: 0.757 Loaded shared library C:\Users\Administrator\.openjfx\cache\20+19\amd64\msvcp140_1.dll
Event: 0.762 Loaded shared library C:\Users\Administrator\.openjfx\cache\20+19\amd64\msvcp140_2.dll
Event: 0.803 Loaded shared library C:\Users\Administrator\.openjfx\cache\20+19\amd64\prism_d3d.dll
Event: 0.880 Loaded shared library C:\Users\Administrator\.openjfx\cache\20+19\amd64\glass.dll
Event: 1.034 Loaded shared library C:\JAVA\amazon-corretto-19.0.2.7.1-windows-x64-jdk\jdk19.0.2_7\bin\jimage.dll
Event: 1.219 Loaded shared library C:\JAVA\amazon-corretto-19.0.2.7.1-windows-x64-jdk\jdk19.0.2_7\bin\management.dll
Event: 1.222 Loaded shared library C:\JAVA\amazon-corretto-19.0.2.7.1-windows-x64-jdk\jdk19.0.2_7\bin\management_ext.dll
Event: 1.526 Loaded shared library C:\Users\Administrator\.openjfx\cache\20+19\amd64\javafx_font.dll
Event: 2.179 Loaded shared library C:\Users\Administrator\.openjfx\cache\20+19\amd64\javafx_iio.dll

Deoptimization events (20 events):
Event: 3.737 Thread 0x00000217c5dce850 Uncommon trap: trap_request=0xffffff45 fr.pc=0x00000217d7484418 relative=0x00000000000000f8
Event: 3.737 Thread 0x00000217c5dce850 Uncommon trap: reason=unstable_if action=reinterpret pc=0x00000217d7484418 method=java.lang.StringLatin1.lastIndexOf([BI[BII)I @ 86 c2
Event: 3.737 Thread 0x00000217c5dce850 DEOPT PACKING pc=0x00000217d7484418 sp=0x00000037fb5fc4d0
Event: 3.737 Thread 0x00000217c5dce850 DEOPT UNPACKING pc=0x00000217d6f36da3 sp=0x00000037fb5fc450 mode 2
Event: 3.819 Thread 0x00000217c5dce850 Uncommon trap: trap_request=0xffffffc6 fr.pc=0x00000217d75c45dc relative=0x000000000000135c
Event: 3.819 Thread 0x00000217c5dce850 Uncommon trap: reason=bimorphic_or_optimized_type_check action=maybe_recompile pc=0x00000217d75c45dc method=javafx.scene.CssStyleHelper.lookup(Ljavafx/css/Styleable;Ljavafx/css/CssMetaData;Lcom/sun/javafx/css/StyleMap;Ljava/util/Set;Ljavafx/css/Styleable;
Event: 3.819 Thread 0x00000217c5dce850 DEOPT PACKING pc=0x00000217d75c45dc sp=0x00000037fb5fc640
Event: 3.819 Thread 0x00000217c5dce850 DEOPT UNPACKING pc=0x00000217d6f36da3 sp=0x00000037fb5fc5d0 mode 2
Event: 4.018 Thread 0x00000217ef5ea5f0 Uncommon trap: trap_request=0xffffff45 fr.pc=0x00000217d759eabc relative=0x000000000000009c
Event: 4.018 Thread 0x00000217ef5ea5f0 Uncommon trap: reason=unstable_if action=reinterpret pc=0x00000217d759eabc method=java.lang.ref.ReferenceQueue.poll()Ljava/lang/ref/Reference; @ 4 c2
Event: 4.018 Thread 0x00000217ef5ea5f0 DEOPT PACKING pc=0x00000217d759eabc sp=0x00000037fb2fb220
Event: 4.018 Thread 0x00000217ef5ea5f0 DEOPT UNPACKING pc=0x00000217d6f36da3 sp=0x00000037fb2fb108 mode 2
Event: 4.018 Thread 0x00000217ef5ea5f0 Uncommon trap: trap_request=0xffffff45 fr.pc=0x00000217d751298c relative=0x000000000000006c
Event: 4.018 Thread 0x00000217ef5ea5f0 Uncommon trap: reason=unstable_if action=reinterpret pc=0x00000217d751298c method=java.lang.ref.ReferenceQueue.poll()Ljava/lang/ref/Reference; @ 4 c2
Event: 4.018 Thread 0x00000217ef5ea5f0 DEOPT PACKING pc=0x00000217d751298c sp=0x00000037fb2fb160
Event: 4.018 Thread 0x00000217ef5ea5f0 DEOPT UNPACKING pc=0x00000217d6f36da3 sp=0x00000037fb2fb0f0 mode 2
Event: 9.764 Thread 0x00000217c5dce850 Uncommon trap: trap_request=0xffffff45 fr.pc=0x00000217d75c44d8 relative=0x0000000000001258
Event: 9.764 Thread 0x00000217c5dce850 Uncommon trap: reason=unstable_if action=reinterpret pc=0x00000217d75c44d8 method=javafx.scene.CssStyleHelper.lookup(Ljavafx/css/Styleable;Ljavafx/css/CssMetaData;Lcom/sun/javafx/css/StyleMap;Ljava/util/Set;Ljavafx/css/Styleable;Lcom/sun/javafx/css/Calcul
Event: 9.764 Thread 0x00000217c5dce850 DEOPT PACKING pc=0x00000217d75c44d8 sp=0x00000037fb5fbce0
Event: 9.765 Thread 0x00000217c5dce850 DEOPT UNPACKING pc=0x00000217d6f36da3 sp=0x00000037fb5fbc70 mode 2

Classes loaded (20 events):
Event: 3.865 Loading class java/util/EnumMap$Values
Event: 3.865 Loading class java/util/EnumMap$Values done
Event: 3.865 Loading class java/util/EnumMap$ValueIterator
Event: 3.865 Loading class java/util/EnumMap$EnumMapIterator
Event: 3.865 Loading class java/util/EnumMap$EnumMapIterator done
Event: 3.865 Loading class java/util/EnumMap$ValueIterator done
Event: 3.936 Loading class java/nio/ShortBuffer
Event: 3.937 Loading class java/nio/ShortBuffer done
Event: 3.937 Loading class java/nio/DoubleBuffer
Event: 3.937 Loading class java/nio/DoubleBuffer done
Event: 3.946 Loading class java/nio/DirectFloatBufferU
Event: 3.946 Loading class java/nio/DirectFloatBufferU done
Event: 3.977 Loading class java/util/concurrent/ConcurrentLinkedQueue
Event: 3.977 Loading class java/util/concurrent/ConcurrentLinkedQueue done
Event: 3.977 Loading class java/util/concurrent/ConcurrentLinkedQueue$Node
Event: 3.977 Loading class java/util/concurrent/ConcurrentLinkedQueue$Node done
Event: 3.979 Loading class jdk/internal/ref/CleanerImpl$InnocuousThreadFactory
Event: 3.979 Loading class jdk/internal/ref/CleanerImpl$InnocuousThreadFactory done
Event: 3.986 Loading class sun/misc/Unsafe
Event: 3.986 Loading class sun/misc/Unsafe done

Classes unloaded (0 events):
No events

Classes redefined (0 events):
No events

Internal exceptions (20 events):
Event: 3.112 Thread 0x00000217c5dce850 Exception <a 'java/lang/NoSuchMethodError'{0x000000070d19e760}: 'void java.lang.invoke.DirectMethodHandle$Holder.invokeSpecial(java.lang.Object, java.lang.Object, java.lang.Object, java.lang.Object, java.lang.Object, java.lang.Object)'> (0x000000070d19e760) 
thrown [s\src\hotspot\share\interpreter\linkResolver.cpp, line 774]
Event: 3.144 Thread 0x00000217c5dce850 Exception <a 'java/lang/ClassNotFoundException'{0x000000070ce33d28}: com/sun/javafx/scene/control/skin/resources/controls> (0x000000070ce33d28) 
thrown [s\src\hotspot\share\prims\jni.cpp, line 536]
Event: 3.145 Thread 0x00000217c5dce850 Exception <a 'java/lang/ClassNotFoundException'{0x000000070ce41da8}: com/sun/javafx/scene/control/skin/resources/controls_en> (0x000000070ce41da8) 
thrown [s\src\hotspot\share\prims\jni.cpp, line 536]
Event: 3.145 Thread 0x00000217c5dce850 Exception <a 'java/lang/ClassNotFoundException'{0x000000070ce43328}: com/sun/javafx/scene/control/skin/resources/controls_en_US> (0x000000070ce43328) 
thrown [s\src\hotspot\share\prims\jni.cpp, line 536]
Event: 3.204 Thread 0x00000217c5dce850 Exception <a 'java/lang/NoSuchMethodError'{0x000000070cfedce0}: 'int java.lang.invoke.DirectMethodHandle$Holder.invokeSpecial(java.lang.Object, java.lang.Object, int)'> (0x000000070cfedce0) 
thrown [s\src\hotspot\share\interpreter\linkResolver.cpp, line 774]
Event: 3.255 Thread 0x00000217c5dce850 Exception <a 'java/io/FileNotFoundException'{0x000000070ca4b250}> (0x000000070ca4b250) 
thrown [s\src\hotspot\share\prims\jni.cpp, line 517]
Event: 3.255 Thread 0x00000217c5dce850 Exception <a 'java/io/FileNotFoundException'{0x000000070ca4d370}> (0x000000070ca4d370) 
thrown [s\src\hotspot\share\prims\jni.cpp, line 517]
Event: 3.256 Thread 0x00000217c5dce850 Exception <a 'java/io/FileNotFoundException'{0x000000070ca52218}> (0x000000070ca52218) 
thrown [s\src\hotspot\share\prims\jni.cpp, line 517]
Event: 3.256 Thread 0x00000217c5dce850 Exception <a 'java/io/FileNotFoundException'{0x000000070ca53da8}> (0x000000070ca53da8) 
thrown [s\src\hotspot\share\prims\jni.cpp, line 517]
Event: 3.267 Thread 0x00000217c5dce850 Exception <a 'java/io/FileNotFoundException'{0x000000070cb4ae28}> (0x000000070cb4ae28) 
thrown [s\src\hotspot\share\prims\jni.cpp, line 517]
Event: 3.268 Thread 0x00000217c5dce850 Exception <a 'java/io/FileNotFoundException'{0x000000070cb4ce60}> (0x000000070cb4ce60) 
thrown [s\src\hotspot\share\prims\jni.cpp, line 517]
Event: 3.268 Thread 0x00000217c5dce850 Exception <a 'java/io/FileNotFoundException'{0x000000070cb4ebb8}> (0x000000070cb4ebb8) 
thrown [s\src\hotspot\share\prims\jni.cpp, line 517]
Event: 3.902 Thread 0x00000217ef5ea5f0 Exception <a 'java/lang/NoSuchMethodError'{0x000000070bcd0fb0}: 'java.lang.Object java.lang.invoke.DirectMethodHandle$Holder.invokeStaticInit(java.lang.Object, int)'> (0x000000070bcd0fb0) 
thrown [s\src\hotspot\share\interpreter\linkResolver.cpp, line 774]
Event: 5.367 Thread 0x00000217c5dce850 Exception <a 'java/lang/NoSuchMethodError'{0x0000000704659f10}: 'long java.lang.invoke.DirectMethodHandle$Holder.invokeStatic(java.lang.Object, java.lang.Object, java.lang.Object)'> (0x0000000704659f10) 
thrown [s\src\hotspot\share\interpreter\linkResolver.cpp, line 774]
Event: 5.367 Thread 0x00000217c5dce850 Exception <a 'java/lang/NoSuchMethodError'{0x000000070465d838}: 'long java.lang.invoke.DirectMethodHandle$Holder.invokeStaticInit(java.lang.Object, java.lang.Object, java.lang.Object)'> (0x000000070465d838) 
thrown [s\src\hotspot\share\interpreter\linkResolver.cpp, line 774]
Event: 5.370 Thread 0x00000217c5dce850 Exception <a 'java/lang/NoSuchMethodError'{0x0000000704675f88}: 'java.lang.Object java.lang.invoke.DirectMethodHandle$Holder.newInvokeSpecial(java.lang.Object, java.lang.Object, long)'> (0x0000000704675f88) 
thrown [s\src\hotspot\share\interpreter\linkResolver.cpp, line 774]
Event: 5.370 Thread 0x00000217c5dce850 Exception <a 'java/lang/NoSuchMethodError'{0x0000000704679b10}: 'java.lang.Object java.lang.invoke.Invokers$Holder.linkToTargetMethod(java.lang.Object, long, java.lang.Object)'> (0x0000000704679b10) 
thrown [s\src\hotspot\share\interpreter\linkResolver.cpp, line 774]
Event: 10.351 Thread 0x00000217c5dce850 Exception <a 'java/lang/NoSuchMethodError'{0x00000007044220f8}: 'java.lang.Object java.lang.invoke.DirectMethodHandle$Holder.newInvokeSpecial(java.lang.Object, java.lang.Object, int, int, int, int, int, java.lang.Object)'> (0x00000007044220f8) 
thrown [s\src\hotspot\share\interpreter\linkResolver.cpp, line 774]
Event: 10.353 Thread 0x00000217c5dce850 Exception <a 'java/lang/NoSuchMethodError'{0x0000000704435390}: 'java.lang.Object java.lang.invoke.DirectMethodHandle$Holder.newInvokeSpecial(java.lang.Object, java.lang.Object, java.lang.Object, int, int, int, int, int)'> (0x0000000704435390) 
thrown [s\src\hotspot\share\interpreter\linkResolver.cpp, line 774]
Event: 10.354 Thread 0x00000217c5dce850 Exception <a 'java/lang/NoSuchMethodError'{0x000000070443ceb0}: 'java.lang.Object java.lang.invoke.Invokers$Holder.linkToTargetMethod(java.lang.Object, java.lang.Object, int, int, int, int, int, java.lang.Object)'> (0x000000070443ceb0) 
thrown [s\src\hotspot\share\interpreter\linkResolver.cpp, line 774]

VM Operations (20 events):
Event: 3.680 Executing VM operation: ICBufferFull done
Event: 3.813 Executing VM operation: HandshakeAllThreads
Event: 3.813 Executing VM operation: HandshakeAllThreads done
Event: 3.990 Executing VM operation: CollectForMetadataAllocation
Event: 4.012 Executing VM operation: CollectForMetadataAllocation done
Event: 4.025 Executing VM operation: G1PauseRemark
Event: 4.027 Executing VM operation: G1PauseRemark done
Event: 4.027 Executing VM operation: G1PauseCleanup
Event: 4.030 Executing VM operation: G1PauseCleanup done
Event: 6.031 Executing VM operation: Cleanup
Event: 6.031 Executing VM operation: Cleanup done
Event: 8.032 Executing VM operation: Cleanup
Event: 8.032 Executing VM operation: Cleanup done
Event: 9.032 Executing VM operation: Cleanup
Event: 9.032 Executing VM operation: Cleanup done
Event: 10.033 Executing VM operation: Cleanup
Event: 10.033 Executing VM operation: Cleanup done
Event: 10.135 Executing VM operation: HandshakeAllThreads
Event: 10.135 Executing VM operation: HandshakeAllThreads done
Event: 10.434 Executing VM operation: Exit

Events (20 events):
Event: 0.473 Thread 0x00000217ef31e900 Thread added: 0x00000217ef31e900
Event: 0.793 Thread 0x00000217ef5ea5f0 Thread added: 0x00000217ef5ea5f0
Event: 0.882 Thread 0x00000217ef8d4dc0 Thread added: 0x00000217ef8d4dc0
Event: 0.886 Thread 0x00000217c5dce850 Thread added: 0x00000217c5dce850
Event: 0.898 Thread 0x00000217ef0f7d80 Thread exited: 0x00000217ef0f7d80
Event: 1.030 Thread 0x00000217ef8d2fe0 Thread added: 0x00000217ef8d2fe0
Event: 1.041 Thread 0x00000217ef8d3eb0 Thread added: 0x00000217ef8d3eb0
Event: 1.174 Thread 0x00000217f60c96f0 Thread added: 0x00000217f60c96f0
Event: 1.382 Thread 0x00000217f60e9b50 Thread added: 0x00000217f60e9b50
Event: 2.057 Thread 0x00000217f679f060 Thread added: 0x00000217f679f060
Event: 2.162 Thread 0x00000217f60c96f0 Thread exited: 0x00000217f60c96f0
Event: 2.427 Thread 0x00000217f68d19a0 Thread added: 0x00000217f68d19a0
Event: 3.979 Thread 0x00000217f679eb10 Thread added: 0x00000217f679eb10
Event: 4.286 Thread 0x00000217f68d19a0 Thread exited: 0x00000217f68d19a0
Event: 10.406 Thread 0x00000217f679c090 Thread added: 0x00000217f679c090
Event: 10.406 Thread 0x00000217f679d080 Thread added: 0x00000217f679d080
Event: 10.406 Thread 0x00000217f679c5e0 Thread added: 0x00000217f679c5e0
Event: 10.419 Thread 0x00000217f679d080 Thread exited: 0x00000217f679d080
Event: 10.419 Thread 0x00000217f679c5e0 Thread exited: 0x00000217f679c5e0
Event: 10.435 Thread 0x00000217f679c090 Thread exited: 0x00000217f679c090


Dynamic libraries:
0x00007ff74b4f0000 - 0x00007ff74b4fd000 	C:\JAVA\amazon-corretto-19.0.2.7.1-windows-x64-jdk\jdk19.0.2_7\bin\java.exe
0x00007ffec58d0000 - 0x00007ffec5ac8000 	C:\Windows\SYSTEM32\ntdll.dll
0x00007ffec3f20000 - 0x00007ffec3fe1000 	C:\Windows\System32\KERNEL32.DLL
0x00007ffec3400000 - 0x00007ffec36fd000 	C:\Windows\System32\KERNELBASE.dll
0x00007ffec30b0000 - 0x00007ffec31b0000 	C:\Windows\System32\ucrtbase.dll
0x00007ffeb9a40000 - 0x00007ffeb9a57000 	C:\JAVA\amazon-corretto-19.0.2.7.1-windows-x64-jdk\jdk19.0.2_7\bin\jli.dll
0x00007ffeb9a60000 - 0x00007ffeb9a75000 	C:\JAVA\amazon-corretto-19.0.2.7.1-windows-x64-jdk\jdk19.0.2_7\bin\VCRUNTIME140.dll
0x00007ffec4a30000 - 0x00007ffec4bcd000 	C:\Windows\System32\USER32.dll
0x00007ffec3320000 - 0x00007ffec3342000 	C:\Windows\System32\win32u.dll
0x00007ffeb2ea0000 - 0x00007ffeb313a000 	C:\Windows\WinSxS\amd64_microsoft.windows.common-controls_6595b64144ccf1df_6.0.19041.4355_none_60b8b9eb71f62e16\COMCTL32.dll
0x00007ffec4560000 - 0x00007ffec458b000 	C:\Windows\System32\GDI32.dll
0x00007ffec4d00000 - 0x00007ffec4d9e000 	C:\Windows\System32\msvcrt.dll
0x00007ffec3200000 - 0x00007ffec3317000 	C:\Windows\System32\gdi32full.dll
0x00007ffec3860000 - 0x00007ffec38fd000 	C:\Windows\System32\msvcp_win.dll
0x00007ffec4900000 - 0x00007ffec492f000 	C:\Windows\System32\IMM32.DLL
0x00007ffeb5b70000 - 0x00007ffeb5c0b000 	C:\JAVA\amazon-corretto-19.0.2.7.1-windows-x64-jdk\jdk19.0.2_7\bin\msvcp140.dll
0x00007ffe9e950000 - 0x00007ffe9f629000 	C:\JAVA\amazon-corretto-19.0.2.7.1-windows-x64-jdk\jdk19.0.2_7\bin\server\jvm.dll
0x00007ffec4350000 - 0x00007ffec4400000 	C:\Windows\System32\ADVAPI32.dll
0x00007ffec4400000 - 0x00007ffec44a0000 	C:\Windows\System32\sechost.dll
0x00007ffec4bd0000 - 0x00007ffec4cf3000 	C:\Windows\System32\RPCRT4.dll
0x00007ffec2f80000 - 0x00007ffec2fa7000 	C:\Windows\System32\bcrypt.dll
0x00007ffebdb00000 - 0x00007ffebdb09000 	C:\Windows\SYSTEM32\WSOCK32.dll
0x00007ffeb6520000 - 0x00007ffeb6547000 	C:\Windows\SYSTEM32\WINMM.dll
0x00007ffeba240000 - 0x00007ffeba24a000 	C:\Windows\SYSTEM32\VERSION.dll
0x00007ffec5790000 - 0x00007ffec57fb000 	C:\Windows\System32\WS2_32.dll
0x00007ffec0e00000 - 0x00007ffec0e12000 	C:\Windows\SYSTEM32\kernel.appcore.dll
0x00007ffeb9ae0000 - 0x00007ffeb9aea000 	C:\JAVA\amazon-corretto-19.0.2.7.1-windows-x64-jdk\jdk19.0.2_7\bin\jimage.dll
0x00007ffebc810000 - 0x00007ffebc9f4000 	C:\Windows\SYSTEM32\DBGHELP.DLL
0x00007ffebc7d0000 - 0x00007ffebc804000 	C:\Windows\SYSTEM32\dbgcore.DLL
0x00007ffec3020000 - 0x00007ffec30a2000 	C:\Windows\System32\bcryptPrimitives.dll
0x00007ffeb5b40000 - 0x00007ffeb5b66000 	C:\JAVA\amazon-corretto-19.0.2.7.1-windows-x64-jdk\jdk19.0.2_7\bin\java.dll
0x00007ffeab9e0000 - 0x00007ffeabab6000 	C:\JAVA\amazon-corretto-19.0.2.7.1-windows-x64-jdk\jdk19.0.2_7\bin\jsvml.dll
0x00007ffec4ef0000 - 0x00007ffec565f000 	C:\Windows\System32\SHELL32.dll
0x00007ffec1000000 - 0x00007ffec179f000 	C:\Windows\SYSTEM32\windows.storage.dll
0x00007ffec3ff0000 - 0x00007ffec4343000 	C:\Windows\System32\combase.dll
0x00007ffec28d0000 - 0x00007ffec28fe000 	C:\Windows\SYSTEM32\Wldp.dll
0x00007ffec5660000 - 0x00007ffec572d000 	C:\Windows\System32\OLEAUT32.dll
0x00007ffec4850000 - 0x00007ffec48fd000 	C:\Windows\System32\SHCORE.dll
0x00007ffec4930000 - 0x00007ffec4985000 	C:\Windows\System32\shlwapi.dll
0x00007ffec2eb0000 - 0x00007ffec2ed4000 	C:\Windows\SYSTEM32\profapi.dll
0x00007ffeb5b20000 - 0x00007ffeb5b33000 	C:\JAVA\amazon-corretto-19.0.2.7.1-windows-x64-jdk\jdk19.0.2_7\bin\net.dll
0x00007ffebd1f0000 - 0x00007ffebd2fd000 	C:\Windows\SYSTEM32\WINHTTP.dll
0x00007ffec2630000 - 0x00007ffec269a000 	C:\Windows\system32\mswsock.dll
0x00007ffeb5b00000 - 0x00007ffeb5b15000 	C:\JAVA\amazon-corretto-19.0.2.7.1-windows-x64-jdk\jdk19.0.2_7\bin\nio.dll
0x00007ffeb64e0000 - 0x00007ffeb64f8000 	C:\JAVA\amazon-corretto-19.0.2.7.1-windows-x64-jdk\jdk19.0.2_7\bin\zip.dll
0x00000217eaea0000 - 0x00000217eaea3000 	C:\Users\Administrator\.openjfx\cache\20+19\amd64\api-ms-win-core-console-l1-1-0.dll
0x00000217eaeb0000 - 0x00000217eaeb3000 	C:\Users\Administrator\.openjfx\cache\20+19\amd64\api-ms-win-core-console-l1-2-0.dll
0x00000217eaec0000 - 0x00000217eaec3000 	C:\Users\Administrator\.openjfx\cache\20+19\amd64\api-ms-win-core-datetime-l1-1-0.dll
0x00000217eaed0000 - 0x00000217eaed3000 	C:\Users\Administrator\.openjfx\cache\20+19\amd64\api-ms-win-core-debug-l1-1-0.dll
0x00000217eaee0000 - 0x00000217eaee3000 	C:\Users\Administrator\.openjfx\cache\20+19\amd64\api-ms-win-core-errorhandling-l1-1-0.dll
0x00000217eaef0000 - 0x00000217eaef4000 	C:\Users\Administrator\.openjfx\cache\20+19\amd64\api-ms-win-core-file-l1-1-0.dll
0x00000217eaf00000 - 0x00000217eaf03000 	C:\Users\Administrator\.openjfx\cache\20+19\amd64\api-ms-win-core-file-l1-2-0.dll
0x00000217eaf10000 - 0x00000217eaf13000 	C:\Users\Administrator\.openjfx\cache\20+19\amd64\api-ms-win-core-file-l2-1-0.dll
0x00000217eaf20000 - 0x00000217eaf23000 	C:\Users\Administrator\.openjfx\cache\20+19\amd64\api-ms-win-core-handle-l1-1-0.dll
0x00000217eaf30000 - 0x00000217eaf33000 	C:\Users\Administrator\.openjfx\cache\20+19\amd64\api-ms-win-core-heap-l1-1-0.dll
0x00000217eaf40000 - 0x00000217eaf43000 	C:\Users\Administrator\.openjfx\cache\20+19\amd64\api-ms-win-core-interlocked-l1-1-0.dll
0x00000217eaf50000 - 0x00000217eaf53000 	C:\Users\Administrator\.openjfx\cache\20+19\amd64\api-ms-win-core-libraryloader-l1-1-0.dll
0x00000217eaf60000 - 0x00000217eaf63000 	C:\Users\Administrator\.openjfx\cache\20+19\amd64\api-ms-win-core-localization-l1-2-0.dll
0x00000217eaf70000 - 0x00000217eaf73000 	C:\Users\Administrator\.openjfx\cache\20+19\amd64\api-ms-win-core-memory-l1-1-0.dll
0x00000217eaf80000 - 0x00000217eaf83000 	C:\Users\Administrator\.openjfx\cache\20+19\amd64\api-ms-win-core-namedpipe-l1-1-0.dll
0x00000217eaf90000 - 0x00000217eaf93000 	C:\Users\Administrator\.openjfx\cache\20+19\amd64\api-ms-win-core-processenvironment-l1-1-0.dll
0x00000217eafa0000 - 0x00000217eafa3000 	C:\Users\Administrator\.openjfx\cache\20+19\amd64\api-ms-win-core-processthreads-l1-1-0.dll
0x00000217eafb0000 - 0x00000217eafb3000 	C:\Users\Administrator\.openjfx\cache\20+19\amd64\api-ms-win-core-processthreads-l1-1-1.dll
0x00000217eafc0000 - 0x00000217eafc3000 	C:\Users\Administrator\.openjfx\cache\20+19\amd64\api-ms-win-core-profile-l1-1-0.dll
0x00000217eafd0000 - 0x00000217eafd3000 	C:\Users\Administrator\.openjfx\cache\20+19\amd64\api-ms-win-core-rtlsupport-l1-1-0.dll
0x00000217eafe0000 - 0x00000217eafe3000 	C:\Users\Administrator\.openjfx\cache\20+19\amd64\api-ms-win-core-string-l1-1-0.dll
0x00000217eaff0000 - 0x00000217eaff3000 	C:\Users\Administrator\.openjfx\cache\20+19\amd64\api-ms-win-core-synch-l1-1-0.dll
0x00000217efc00000 - 0x00000217efc03000 	C:\Users\Administrator\.openjfx\cache\20+19\amd64\api-ms-win-core-synch-l1-2-0.dll
0x00000217efc10000 - 0x00000217efc13000 	C:\Users\Administrator\.openjfx\cache\20+19\amd64\api-ms-win-core-sysinfo-l1-1-0.dll
0x00000217efc20000 - 0x00000217efc23000 	C:\Users\Administrator\.openjfx\cache\20+19\amd64\api-ms-win-core-timezone-l1-1-0.dll
0x00000217efc30000 - 0x00000217efc33000 	C:\Users\Administrator\.openjfx\cache\20+19\amd64\api-ms-win-core-util-l1-1-0.dll
0x00000217efc40000 - 0x00000217efc43000 	C:\Users\Administrator\.openjfx\cache\20+19\amd64\api-ms-win-crt-conio-l1-1-0.dll
0x00000217efc50000 - 0x00000217efc54000 	C:\Users\Administrator\.openjfx\cache\20+19\amd64\api-ms-win-crt-convert-l1-1-0.dll
0x00000217efc60000 - 0x00000217efc63000 	C:\Users\Administrator\.openjfx\cache\20+19\amd64\api-ms-win-crt-environment-l1-1-0.dll
0x00000217efc70000 - 0x00000217efc73000 	C:\Users\Administrator\.openjfx\cache\20+19\amd64\api-ms-win-crt-filesystem-l1-1-0.dll
0x00000217efc80000 - 0x00000217efc83000 	C:\Users\Administrator\.openjfx\cache\20+19\amd64\api-ms-win-crt-heap-l1-1-0.dll
0x00000217efc90000 - 0x00000217efc93000 	C:\Users\Administrator\.openjfx\cache\20+19\amd64\api-ms-win-crt-locale-l1-1-0.dll
0x00000217efca0000 - 0x00000217efca5000 	C:\Users\Administrator\.openjfx\cache\20+19\amd64\api-ms-win-crt-math-l1-1-0.dll
0x00000217efcb0000 - 0x00000217efcb5000 	C:\Users\Administrator\.openjfx\cache\20+19\amd64\api-ms-win-crt-multibyte-l1-1-0.dll
0x00000217efcc0000 - 0x00000217efcd0000 	C:\Users\Administrator\.openjfx\cache\20+19\amd64\api-ms-win-crt-private-l1-1-0.dll
0x00000217efcd0000 - 0x00000217efcd3000 	C:\Users\Administrator\.openjfx\cache\20+19\amd64\api-ms-win-crt-process-l1-1-0.dll
0x00000217efce0000 - 0x00000217efce4000 	C:\Users\Administrator\.openjfx\cache\20+19\amd64\api-ms-win-crt-runtime-l1-1-0.dll
0x00000217efcf0000 - 0x00000217efcf4000 	C:\Users\Administrator\.openjfx\cache\20+19\amd64\api-ms-win-crt-stdio-l1-1-0.dll
0x00000217efd00000 - 0x00000217efd04000 	C:\Users\Administrator\.openjfx\cache\20+19\amd64\api-ms-win-crt-string-l1-1-0.dll
0x00000217efd10000 - 0x00000217efd13000 	C:\Users\Administrator\.openjfx\cache\20+19\amd64\api-ms-win-crt-time-l1-1-0.dll
0x00000217efd20000 - 0x00000217efd23000 	C:\Users\Administrator\.openjfx\cache\20+19\amd64\api-ms-win-crt-utility-l1-1-0.dll
0x00007ffeab8e0000 - 0x00007ffeab9dc000 	C:\Users\Administrator\.openjfx\cache\20+19\amd64\ucrtbase.dll
0x00007ffebbf80000 - 0x00007ffebbf9b000 	C:\Users\Administrator\.openjfx\cache\20+19\amd64\vcruntime140.dll
0x00007ffeb9b40000 - 0x00007ffeb9b4c000 	C:\Users\Administrator\.openjfx\cache\20+19\amd64\vcruntime140_1.dll
0x00007ffeaf6f0000 - 0x00007ffeaf77e000 	C:\Users\Administrator\.openjfx\cache\20+19\amd64\msvcp140.dll
0x00007ffeb9b30000 - 0x00007ffeb9b39000 	C:\Users\Administrator\.openjfx\cache\20+19\amd64\msvcp140_1.dll
0x00007ffeb9b00000 - 0x00007ffeb9b30000 	C:\Users\Administrator\.openjfx\cache\20+19\amd64\msvcp140_2.dll
0x00007ffeb9a90000 - 0x00007ffeb9abf000 	C:\Users\Administrator\.openjfx\cache\20+19\amd64\prism_d3d.dll
0x00007ffe94290000 - 0x00007ffe94460000 	C:\Windows\system32\d3d9.dll
0x00007ffec0cf0000 - 0x00007ffec0d1f000 	C:\Windows\SYSTEM32\dwmapi.dll
0x00007ffec0c00000 - 0x00007ffec0c9e000 	C:\Windows\system32\uxtheme.dll
0x00007ffec3700000 - 0x00007ffec385e000 	C:\Windows\System32\crypt32.dll
0x00007ffec2fb0000 - 0x00007ffec3019000 	C:\Windows\System32\WINTRUST.DLL
0x00007ffec2ac0000 - 0x00007ffec2ad2000 	C:\Windows\SYSTEM32\MSASN1.dll
0x00007ffec4ed0000 - 0x00007ffec4eed000 	C:\Windows\System32\imagehlp.dll
0x00007ffec2820000 - 0x00007ffec2838000 	C:\Windows\SYSTEM32\CRYPTSP.dll
0x00007ffec1f50000 - 0x00007ffec1f84000 	C:\Windows\system32\rsaenh.dll
0x00007ffec2840000 - 0x00007ffec284c000 	C:\Windows\SYSTEM32\CRYPTBASE.dll
0x00007ffeb5a90000 - 0x00007ffeb5ad2000 	C:\Users\Administrator\.openjfx\cache\20+19\amd64\glass.dll
0x00007ffec4590000 - 0x00007ffec466a000 	C:\Windows\System32\COMDLG32.dll
0x00007ffec4da0000 - 0x00007ffec4ecb000 	C:\Windows\System32\ole32.dll
0x00007ffec4730000 - 0x00007ffec4844000 	C:\Windows\System32\MSCTF.dll
0x00007ffeb11e0000 - 0x00007ffeb121b000 	C:\Windows\SYSTEM32\dxcore.dll
0x00007ffec31b0000 - 0x00007ffec31fe000 	C:\Windows\System32\cfgmgr32.dll
0x00007ffec2350000 - 0x00007ffec241a000 	C:\Windows\SYSTEM32\DNSAPI.dll
0x00007ffec2310000 - 0x00007ffec234b000 	C:\Windows\SYSTEM32\IPHLPAPI.DLL
0x00007ffec5800000 - 0x00007ffec5808000 	C:\Windows\System32\NSI.dll
0x00007ffebbcd0000 - 0x00007ffebbcda000 	C:\Windows\System32\rasadhlp.dll
0x00007ffebc2e0000 - 0x00007ffebc360000 	C:\Windows\System32\fwpuclnt.dll
0x00007ffeb6550000 - 0x00007ffeb6559000 	C:\JAVA\amazon-corretto-19.0.2.7.1-windows-x64-jdk\jdk19.0.2_7\bin\management.dll
0x00007ffeb5d10000 - 0x00007ffeb5d1b000 	C:\JAVA\amazon-corretto-19.0.2.7.1-windows-x64-jdk\jdk19.0.2_7\bin\management_ext.dll
0x00007ffec4670000 - 0x00007ffec4678000 	C:\Windows\System32\PSAPI.DLL
0x00007ffeb5870000 - 0x00007ffeb5884000 	C:\Users\Administrator\.openjfx\cache\20+19\amd64\javafx_font.dll
0x00007ffeafc50000 - 0x00007ffeafecf000 	C:\Windows\SYSTEM32\dwrite.dll
0x00007ffec2e60000 - 0x00007ffec2e8e000 	C:\Windows\SYSTEM32\USERENV.dll
0x00007ffebd460000 - 0x00007ffebd477000 	C:\Windows\SYSTEM32\dhcpcsvc6.DLL
0x00007ffebd530000 - 0x00007ffebd54d000 	C:\Windows\SYSTEM32\dhcpcsvc.DLL
0x00007ffeb4830000 - 0x00007ffeb485d000 	C:\Users\Administrator\.openjfx\cache\20+19\amd64\javafx_iio.dll
0x00007ffec4680000 - 0x00007ffec4729000 	C:\Windows\System32\clbcatq.dll
0x00007ffec0970000 - 0x00007ffec0b26000 	C:\Windows\SYSTEM32\WindowsCodecs.dll
0x00007ffebbe10000 - 0x00007ffebbe4e000 	C:\Windows\system32\dataexchange.dll
0x00007ffec0040000 - 0x00007ffec0224000 	C:\Windows\system32\dcomp.dll
0x00007ffebf1f0000 - 0x00007ffebf453000 	C:\Windows\system32\d3d11.dll

dbghelp: loaded successfully - version: 4.0.5 - missing functions: none
symbol engine: initialized successfully - sym options: 0x614 - pdb path: .;C:\JAVA\amazon-corretto-19.0.2.7.1-windows-x64-jdk\jdk19.0.2_7\bin;C:\Windows\SYSTEM32;C:\Windows\WinSxS\amd64_microsoft.windows.common-controls_6595b64144ccf1df_6.0.19041.4355_none_60b8b9eb71f62e16;C:\JAVA\amazon-corretto-19.0.2.7.1-windows-x64-jdk\jdk19.0.2_7\bin\server;C:\Users\Administrator\.openjfx\cache\20+19\amd64;C:\Windows\System32\DriverStore\FileRepository\nvmiwu.inf_amd64_7b11efeca48cd7d3;C:\Program Files\Common Files\Microsoft Shared\Ink

VM Arguments:
jvm_args: --module-path=C:\Users\Administrator\Desktop\ARCHIVES\openjfx-21.0.4_windows-x64_bin-sdk\javafx-sdk-21.0.4\lib --add-modules=javafx.controls,javafx.fxml,javafx.web,java.sql --module-path=C:\Users\Administrator\Desktop\ARCHIVES\openjfx-21.0.4_windows-x64_bin-sdk\javafx-sdk-21.0.4\lib --add-modules=javafx.controls,javafx.fxml,javafx.web,java.sql -Dfile.encoding=windows-1252 -Duser.country=US -Duser.language=en -Duser.variant --module-path=D:\WORKSPACE\JAVA\smpro\smpro-v2\build\libs\app-1.0-SNAPSHOT.jar;D:\WORKSPACE\JAVA\smpro\smpro-v2\build\classes\java\main;C:\JAVA\GRADLES\gradle-8.2-all\gradle-8.2\caches\modules-2\files-2.1\com.github.Dansoftowner\FXTaskbarProgressBar\v11.4\a38a3b1d1b537858a7f88ef956f9048a3099a45b\FXTaskbarProgressBar-v11.4.jar;C:\JAVA\GRADLES\gradle-8.2-all\gradle-8.2\caches\modules-2\files-2.1\org.openjfx\javafx-web\17.0.6\f4117256e602d41f484f2b9e5a74eeadc0a272eb\javafx-web-17.0.6-win.jar;C:\JAVA\GRADLES\gradle-8.2-all\gradle-8.2\caches\modules-2\files-2.1\org.openjfx\javafx-web\17.0.6\69293d257d088cd7f48a69a87afa59f4eb6461c6\javafx-web-17.0.6-linux.jar;C:\JAVA\GRADLES\gradle-8.2-all\gradle-8.2\caches\modules-2\files-2.1\org.openjfx\javafx-media\17.0.6\cc7e03817252ace41ece37ab29f193ba3fd0153e\javafx-media-17.0.6-win.jar;C:\JAVA\GRADLES\gradle-8.2-all\gradle-8.2\caches\modules-2\files-2.1\org.openjfx\javafx-media\17.0.6\5a496809cfebccf228a9cb1678b8cd51d986704b\javafx-media-17.0.6.jar;C:\JAVA\GRADLES\gradle-8.2-all\gradle-8.2\caches\modules-2\files-2.1\org.openjfx\javafx-media\17.0.6\a76bc115c1e43c4757466a1e128c2602db7e52f8\javafx-media-17.0.6-linux.jar;C:\JAVA\GRADLES\gradle-8.2-all\gradle-8.2\caches\modules-2\files-2.1\org.openjfx\javafx-swing\17.0.6\974e453fb9afac1fb6536a1c6c0edfc203959b8\javafx-swing-17.0.6-win.jar;C:\JAVA\GRADLES\gradle-8.2-all\gradle-8.2\caches\modules-2\files-2.1\org.openjfx\javafx-fxml\17.0.6\5724aedc415683e62eeab3a3875550aa814c84fd\javafx-fxml-17.0.6-win.jar;C:\JAVA\GRADLES\gradle-8.2-all\gradle-8.2\caches\modules-2\files-2.1\org.openjfx\javafx-fxml\17.0.6\c500ec44fd60e74a11021c71c0e6127dc31bc41d\javafx-fxml-17.0.6-linux.jar;C:\JAVA\GRADLES\gradle-8.2-all\gradle-8.2\caches\modules-2\files-2.1\io.github.mkpaz\atlantafx-base\2.0.1\51d2bfa35150921fe5b8b5e3c1a1bf78a6d57684\atlantafx-base-2.0.1.jar;C:\JAVA\GRADLES\gradle-8.2-all\gradle-8.2\caches\modules-2\files-2.1\org.openjfx\javafx-controls\20\f9a84d43adab2745f4999e7ff9a64f12dd563f1f\javafx-co-Djdk.module.main=smpro.app 
java_command: smpro.app/smpro.app.Entry
java_class_path (initial): D:\WORKSPACE\JAVA\smpro\smpro-v2\build\resources\main
Launcher Type: SUN_STANDARD

[Global flags]
     intx CICompilerCount                          = 3                                         {product} {ergonomic}
     uint ConcGCThreads                            = 1                                         {product} {ergonomic}
     uint G1ConcRefinementThreads                  = 4                                         {product} {ergonomic}
   size_t G1HeapRegionSize                         = 2097152                                   {product} {ergonomic}
    uintx GCDrainStackTargetSize                   = 64                                        {product} {ergonomic}
   size_t InitialHeapSize                          = 268435456                                 {product} {ergonomic}
   size_t MarkStackSize                            = 4194304                                   {product} {ergonomic}
   size_t MaxHeapSize                              = 4267704320                                {product} {ergonomic}
   size_t MaxNewSize                               = 2560622592                                {product} {ergonomic}
   size_t MinHeapDeltaBytes                        = 2097152                                   {product} {ergonomic}
   size_t MinHeapSize                              = 8388608                                   {product} {ergonomic}
    uintx NonNMethodCodeHeapSize                   = 5832780                                {pd product} {ergonomic}
    uintx NonProfiledCodeHeapSize                  = 122912730                              {pd product} {ergonomic}
    uintx ProfiledCodeHeapSize                     = 122912730                              {pd product} {ergonomic}
    uintx ReservedCodeCacheSize                    = 251658240                              {pd product} {ergonomic}
     bool SegmentedCodeCache                       = true                                      {product} {ergonomic}
   size_t SoftMaxHeapSize                          = 4267704320                             {manageable} {ergonomic}
     bool UseCompressedClassPointers               = true                           {product lp64_product} {ergonomic}
     bool UseCompressedOops                        = true                           {product lp64_product} {ergonomic}
     bool UseG1GC                                  = true                                      {product} {ergonomic}
     bool UseLargePagesIndividualAllocation        = false                                  {pd product} {ergonomic}

Logging:
Log output configuration:
 #0: stdout all=off uptime,level,tags foldmultilines=false
 #1: stderr all=off uptime,level,tags foldmultilines=false

Environment Variables:
JAVA_HOME=C:\JAVA\amazon-corretto-19.0.2.7.1-windows-x64-jdk\jdk19.0.2_7
PATH=C:\Windows\system32;C:\Windows;C:\Windows\System32\Wbem;C:\Windows\System32\WindowsPowerShell\v1.0\;C:\Windows\System32\OpenSSH\;C:\Program Files\Git\cmd;C:\Users\Administrator\AppData\Local\Programs\Python\Python39\Scripts\;C:\Users\Administrator\AppData\Local\Programs\Python\Python39\;C:\Users\Administrator\AppData\Local\Microsoft\WindowsApps;C:\Users\Administrator\AppData\Local\Programs\Microsoft VS Code\bin;C:\Program Files\JetBrains\PyCharm Community Edition 2024.1.4\bin;;C:\JAVA\GRADLES\gradle-8.2-all\gradle-8.2\bin;C:\JAVA\amazon-corretto-19.0.2.7.1-windows-x64-jdk\jdk19.0.2_7\bin;C:\Users\Administrator\AppData\Local\Programs\Python\Python39\Scripts;
USERNAME=Administrator
OS=Windows_NT
PROCESSOR_IDENTIFIER=Intel64 Family 6 Model 58 Stepping 9, GenuineIntel
TMP=C:\Users\ADMINI~1\AppData\Local\Temp
TEMP=C:\Users\ADMINI~1\AppData\Local\Temp



---------------  S Y S T E M  ---------------

OS:
 Windows 10 , 64 bit Build 19041 (10.0.19041.4717)
OS uptime: 0 days 22:32 hours

CPU: total 4 (initial active 4) (2 cores per cpu, 2 threads per core) family 6 model 58 stepping 9 microcode 0x21, cx8, cmov, fxsr, ht, mmx, sse, sse2, sse3, ssse3, sse4.1, sse4.2, popcnt, tsc, tscinvbit, avx, aes, erms, clmul, vzeroupper, clflush, rdtscp

Memory: 4k page, system-wide physical 16272M (9142M free)
TotalPageFile size 18704M (AvailPageFile size 10883M)
current process WorkingSet (physical memory assigned to process): 137M, peak: 241M
current process commit charge ("private bytes"): 226M, peak: 441M

vm_info: OpenJDK 64-Bit Server VM (19.0.2+7-FR) for windows-amd64 JRE (19.0.2+7-FR), built on Jan 13 2023 22:53:32 by "Administrator" with MS VC++ 15.9 (VS2017)

END.
