#
# A fatal error has been detected by the Java Runtime Environment:
#
#  EXCEPTION_ACCESS_VIOLATION (0xc0000005) at pc=0x00007ffeae886407, pid=5944, tid=11068
#
# JRE version: OpenJDK Runtime Environment Corretto-19.0.2.7.1 (19.0.2+7) (build 19.0.2+7-FR)
# Java VM: OpenJDK 64-Bit Server VM Corretto-19.0.2.7.1 (19.0.2+7-FR, mixed mode, sharing, tiered, compressed oops, compressed class ptrs, g1 gc, windows-amd64)
# Problematic frame:
# C  [glass.dll+0x26407]
#
# No core dump will be written. Minidumps are not enabled by default on client versions of Windows
#
# If you would like to submit a bug report, please visit:
#   https://github.com/corretto/corretto-19/issues/
#

---------------  S U M M A R Y ------------

Command Line: --module-path=C:\Users\Administrator\Desktop\ARCHIVES\openjfx-21.0.4_windows-x64_bin-sdk\javafx-sdk-21.0.4\lib --add-modules=javafx.controls,javafx.fxml,javafx.web,java.sql --module-path=C:\Users\Administrator\Desktop\ARCHIVES\openjfx-21.0.4_windows-x64_bin-sdk\javafx-sdk-21.0.4\lib --add-modules=javafx.controls,javafx.fxml,javafx.web,java.sql -Dfile.encoding=windows-1252 -Duser.country=US -Duser.language=en -Duser.variant --module-path=D:\WORKSPACE\JAVA\smpro\smpro-v2\build\libs\app-1.0-SNAPSHOT.jar;D:\WORKSPACE\JAVA\smpro\smpro-v2\build\classes\java\main;C:\JAVA\GRADLES\gradle-8.2-all\gradle-8.2\caches\modules-2\files-2.1\com.github.Dansoftowner\FXTaskbarProgressBar\v11.4\a38a3b1d1b537858a7f88ef956f9048a3099a45b\FXTaskbarProgressBar-v11.4.jar;C:\JAVA\GRADLES\gradle-8.2-all\gradle-8.2\caches\modules-2\files-2.1\org.openjfx\javafx-web\17.0.6\f4117256e602d41f484f2b9e5a74eeadc0a272eb\javafx-web-17.0.6-win.jar;C:\JAVA\GRADLES\gradle-8.2-all\gradle-8.2\caches\modules-2\files-2.1\org.openjfx\javafx-web\17.0.6\69293d257d088cd7f48a69a87afa59f4eb6461c6\javafx-web-17.0.6-linux.jar;C:\JAVA\GRADLES\gradle-8.2-all\gradle-8.2\caches\modules-2\files-2.1\org.openjfx\javafx-media\17.0.6\cc7e03817252ace41ece37ab29f193ba3fd0153e\javafx-media-17.0.6-win.jar;C:\JAVA\GRADLES\gradle-8.2-all\gradle-8.2\caches\modules-2\files-2.1\org.openjfx\javafx-media\17.0.6\5a496809cfebccf228a9cb1678b8cd51d986704b\javafx-media-17.0.6.jar;C:\JAVA\GRADLES\gradle-8.2-all\gradle-8.2\caches\modules-2\files-2.1\org.openjfx\javafx-media\17.0.6\a76bc115c1e43c4757466a1e128c2602db7e52f8\javafx-media-17.0.6-linux.jar;C:\JAVA\GRADLES\gradle-8.2-all\gradle-8.2\caches\modules-2\files-2.1\org.openjfx\javafx-swing\17.0.6\974e453fb9afac1fb6536a1c6c0edfc203959b8\javafx-swing-17.0.6-win.jar;C:\JAVA\GRADLES\gradle-8.2-all\gradle-8.2\caches\modules-2\files-2.1\org.openjfx\javafx-fxml\17.0.6\5724aedc415683e62eeab3a3875550aa814c84fd\javafx-fxml-17.0.6-win.jar;C:\JAVA\GRADLES\gradle-8.2-all\gradle-8.2\caches\modules-2\files-2.1\org.openjfx\javafx-fxml\17.0.6\c500ec44fd60e74a11021c71c0e6127dc31bc41d\javafx-fxml-17.0.6-linux.jar;C:\JAVA\GRADLES\gradle-8.2-all\gradle-8.2\caches\modules-2\files-2.1\io.github.mkpaz\atlantafx-base\2.0.1\51d2bfa35150921fe5b8b5e3c1a1bf78a6d57684\atlantafx-base-2.0.1.jar;C:\JAVA\GRADLES\gradle-8.2-all\gradle-8.2\caches\modules-2\files-2.1\org.openjfx\javafx-controls\20\f9a84d43adab2745f4999e7ff9a64f12dd563f1f\javafx-co-Djdk.module.main=smpro.app smpro.app/smpro.app.Entry

Host: Intel(R) Core(TM) i5-3230M CPU @ 2.60GHz, 4 cores, 15G,  Windows 10 , 64 bit Build 19041 (10.0.19041.4717)
Time: Tue Aug 27 23:06:34 2024 W. Central Africa Standard Time elapsed time: 7.438290 seconds (0d 0h 0m 7s)

---------------  T H R E A D  ---------------

Current thread (0x0000022831263240):  VMThread "VM Thread" [stack: 0x000000ea8ec00000,0x000000ea8ed00000] [id=11068]

Stack: [0x000000ea8ec00000,0x000000ea8ed00000],  sp=0x000000ea8ecff070,  free space=1020k
Native frames: (J=compiled Java code, j=interpreted, Vv=VM code, C=native code)
C  [glass.dll+0x26407]


siginfo: EXCEPTION_ACCESS_VIOLATION (0xc0000005), reading address 0x0000000000000000


Registers:
RAX=0x0000000000000000, RBX=0x0000022831275aa0, RCX=0x0000022831263240, RDX=0x000000ea8ecff070
RSP=0x000000ea8ecff070, RBP=0x000002280c38e658, RSI=0x000002280c38e630, RDI=0x000002c08626537b
R8 =0x0000000000010002, R9 =0x000002c08626537b, R10=0x0000000000008000, R11=0x000000ea8ecff000
R12=0x00007ffeae883d40, R13=0x00007ffe583aff20, R14=0x000000ea8ecff168, R15=0x000002280c38e630
RIP=0x00007ffeae886407, EFLAGS=0x0000000000010202


Register to memory mapping:

RIP=0x00007ffeae886407 glass.dll
RAX=0x0 is NULL
RBX=0x0000022831275aa0 is a global jni handle
RCX=0x0000022831263240 points into unknown readable memory: 0x00007ffe581e34f8 | f8 34 1e 58 fe 7f 00 00
RDX=0x000000ea8ecff070 points into unknown readable memory: 0x0000000000000000 | 00 00 00 00 00 00 00 00
RSP=0x000000ea8ecff070 points into unknown readable memory: 0x0000000000000000 | 00 00 00 00 00 00 00 00
RBP=0x000002280c38e658 points into unknown readable memory: 0x000002c08626537b | 7b 53 26 86 c0 02 00 00
RSI=0x000002280c38e630 points into unknown readable memory: 0xc000013f735212b9 | b9 12 52 73 3f 01 00 c0
RDI=0x000002c08626537b is an unknown value
R8 =0x0000000000010002 is an unknown value
R9 =0x000002c08626537b is an unknown value
R10=0x0000000000008000 is an unknown value
R11=0x000000ea8ecff000 points into unknown readable memory: 0x000002280c38e630 | 30 e6 38 0c 28 02 00 00
R12=0x00007ffeae883d40 glass.dll
R13=0x00007ffe583aff20 jvm.dll
R14=0x000000ea8ecff168 points into unknown readable memory: 0x000000ea8ecff150 | 50 f1 cf 8e ea 00 00 00
R15=0x000002280c38e630 points into unknown readable memory: 0xc000013f735212b9 | b9 12 52 73 3f 01 00 c0


Top of Stack: (sp=0x000000ea8ecff070)
0x000000ea8ecff070:   0000000000000000 000002280c38e630
0x000000ea8ecff080:   00007ffe583aff20 00007ffeae883d40
0x000000ea8ecff090:   000002280c38e638 00007ffec30c42d6
0x000000ea8ecff0a0:   000002c08626537b 0000022800000000
0x000000ea8ecff0b0:   000002280c38e658 000002280c38e630
0x000000ea8ecff0c0:   fffffffffffffffe 0000000000000000
0x000000ea8ecff0d0:   0000000000000001 00007ffeae860000
0x000000ea8ecff0e0:   000000ea8ecff158 00007ffec30c41fb
0x000000ea8ecff0f0:   0000000000000000 000000ea8ecff168
0x000000ea8ecff100:   000000ea8ecff440 00007ffec31a0e40
0x000000ea8ecff110:   0000000000000001 00007ffec30c41b4
0x000000ea8ecff120:   0000000000000000 0000000000000001
0x000000ea8ecff130:   0000000000000000 000000ea8ecff158
0x000000ea8ecff140:   0000000000000001 00007ffeae883bcd
0x000000ea8ecff150:   00007ffeae899f88 00007ffe00000002
0x000000ea8ecff160:   0000000000000002 000000ea8ecff150 

Instructions: (pc=0x00007ffeae886407)
0x00007ffeae886307:   8b 4d 58 e8 7d cf ff ff 48 8b 4d 60 e8 74 cf ff
0x00007ffeae886317:   ff 48 8b 95 80 00 00 00 48 8b 8d 18 01 00 00 e8
0x00007ffeae886327:   66 c4 ff ff 33 d2 33 c9 e8 bc e1 ff ff 90 48 89
0x00007ffeae886337:   54 24 10 55 48 83 ec 20 48 8b ea 48 b8 00 00 00
0x00007ffeae886347:   00 00 00 00 00 48 83 c4 20 5d c3 cc 40 55 48 8b
0x00007ffeae886357:   ea 48 8b 01 33 c9 81 38 05 00 00 c0 0f 94 c1 8b
0x00007ffeae886367:   c1 5d c3 cc 40 55 48 83 ec 20 48 8b ea 8a 4d 40
0x00007ffeae886377:   48 83 c4 20 5d e9 63 d3 ff ff cc 40 55 48 83 ec
0x00007ffeae886387:   20 48 8b ea 8a 4d 20 e8 51 d3 ff ff 90 48 83 c4
0x00007ffeae886397:   20 5d c3 cc 40 55 48 83 ec 20 48 8b ea 48 83 c4
0x00007ffeae8863a7:   20 5d e9 b2 d1 ff ff cc 40 55 48 83 ec 30 48 8b
0x00007ffeae8863b7:   ea 48 8b 01 8b 10 48 89 4c 24 28 89 54 24 20 4c
0x00007ffeae8863c7:   8d 0d 53 d6 ff ff 4c 8b 45 70 8b 55 68 48 8b 4d
0x00007ffeae8863d7:   60 e8 f3 d0 ff ff 90 48 83 c4 30 5d c3 cc cc cc
0x00007ffeae8863e7:   cc cc cc cc cc cc cc cc cc 40 53 48 83 ec 20 48
0x00007ffeae8863f7:   8b 1d 8b 35 01 00 48 85 db 74 16 e8 79 8b ff ff
0x00007ffeae886407:   4c 8b 00 48 8b d3 48 8b c8 41 ff 90 b0 00 00 00
0x00007ffeae886417:   90 48 83 c4 20 5b c3 cc cc 40 53 48 83 ec 20 48
0x00007ffeae886427:   8b 1d fb 36 01 00 48 85 db 74 57 b8 ff ff ff ff
0x00007ffeae886437:   f0 0f c1 43 10 83 f8 01 75 3d 48 85 db 74 38 48
0x00007ffeae886447:   8b 0b 48 85 c9 74 0d ff 15 54 0e 00 00 48 c7 03
0x00007ffeae886457:   00 00 00 00 48 8b 4b 08 48 85 c9 74 0d e8 23 ce
0x00007ffeae886467:   ff ff 48 c7 43 08 00 00 00 00 ba 18 00 00 00 48
0x00007ffeae886477:   8b cb e8 0e ce ff ff 48 c7 05 9f 36 01 00 00 00
0x00007ffeae886487:   00 00 48 83 c4 20 5b c3 cc 40 53 48 83 ec 20 48
0x00007ffeae886497:   8b 1d 6b 36 01 00 48 85 db 74 57 b8 ff ff ff ff
0x00007ffeae8864a7:   f0 0f c1 43 10 83 f8 01 75 3d 48 85 db 74 38 48
0x00007ffeae8864b7:   8b 0b 48 85 c9 74 0d ff 15 e4 0d 00 00 48 c7 03
0x00007ffeae8864c7:   00 00 00 00 48 8b 4b 08 48 85 c9 74 0d e8 b3 cd
0x00007ffeae8864d7:   ff ff 48 c7 43 08 00 00 00 00 ba 18 00 00 00 48
0x00007ffeae8864e7:   8b cb e8 9e cd ff ff 48 c7 05 0f 36 01 00 00 00
0x00007ffeae8864f7:   00 00 48 83 c4 20 5b c3 cc 40 53 48 83 ec 20 48 


Stack slot to memory mapping:
stack at sp + 0 slots: 0x0 is NULL
stack at sp + 1 slots: 0x000002280c38e630 points into unknown readable memory: 0xc000013f735212b9 | b9 12 52 73 3f 01 00 c0
stack at sp + 2 slots: 0x00007ffe583aff20 jvm.dll
stack at sp + 3 slots: 0x00007ffeae883d40 glass.dll
stack at sp + 4 slots: 0x000002280c38e638 points into unknown readable memory: 0x000002c08626537b | 7b 53 26 86 c0 02 00 00
stack at sp + 5 slots: 0x00007ffec30c42d6 ucrtbase.dll
stack at sp + 6 slots: 0x000002c08626537b is an unknown value
stack at sp + 7 slots: 0x0000022800000000 is an unknown value

VM_Operation (0x000000ea900fbf70): Exit, mode: safepoint, requested by thread 0x0000022835c332b0


---------------  P R O C E S S  ---------------

Threads class SMR info:
_java_thread_list=0x000002283f3e8120, length=20, elements={
0x000002280c525620, 0x0000022831281d40, 0x0000022831282b30, 0x0000022831286330,
0x0000022831289d80, 0x000002283128a6b0, 0x000002283128bff0, 0x0000022831292870,
0x00000228312931e0, 0x000002283129e940, 0x00000228354cb910, 0x000002283595cd30,
0x0000022835c029c0, 0x0000022835c4a500, 0x0000022835c332b0, 0x000002283e5a7bc0,
0x000002283e557ee0, 0x000002283ed195a0, 0x000002283ed19050, 0x000002283ed19af0
}

Java Threads: ( => current thread )
  0x000002280c525620 JavaThread "main" [_thread_blocked, id=12056, stack(0x000000ea8e600000,0x000000ea8e700000)]
  0x0000022831281d40 JavaThread "Reference Handler" daemon [_thread_blocked, id=8800, stack(0x000000ea8ed00000,0x000000ea8ee00000)]
  0x0000022831282b30 JavaThread "Finalizer" daemon [_thread_blocked, id=8232, stack(0x000000ea8ee00000,0x000000ea8ef00000)]
  0x0000022831286330 JavaThread "Signal Dispatcher" daemon [_thread_blocked, id=4744, stack(0x000000ea8ef00000,0x000000ea8f000000)]
  0x0000022831289d80 JavaThread "Attach Listener" daemon [_thread_blocked, id=11844, stack(0x000000ea8f000000,0x000000ea8f100000)]
  0x000002283128a6b0 JavaThread "Service Thread" daemon [_thread_blocked, id=10156, stack(0x000000ea8f100000,0x000000ea8f200000)]
  0x000002283128bff0 JavaThread "Monitor Deflation Thread" daemon [_thread_blocked, id=11628, stack(0x000000ea8f200000,0x000000ea8f300000)]
  0x0000022831292870 JavaThread "C2 CompilerThread0" daemon [_thread_blocked, id=1208, stack(0x000000ea8f300000,0x000000ea8f400000)]
  0x00000228312931e0 JavaThread "C1 CompilerThread0" daemon [_thread_blocked, id=9168, stack(0x000000ea8f400000,0x000000ea8f500000)]
  0x000002283129e940 JavaThread "Sweeper thread" daemon [_thread_blocked, id=7452, stack(0x000000ea8f500000,0x000000ea8f600000)]
  0x00000228354cb910 JavaThread "Common-Cleaner" daemon [_thread_blocked, id=11240, stack(0x000000ea8f600000,0x000000ea8f700000)]
  0x000002283595cd30 JavaThread "Notification Thread" daemon [_thread_blocked, id=8976, stack(0x000000ea8fb00000,0x000000ea8fc00000)]
  0x0000022835c029c0 JavaThread "QuantumRenderer-0" daemon [_thread_blocked, id=10928, stack(0x000000ea8fd00000,0x000000ea8fe00000)]
  0x0000022835c4a500 JavaThread "InvokeLaterDispatcher" daemon [_thread_blocked, id=11824, stack(0x000000ea8ff00000,0x000000ea90000000)]
  0x0000022835c332b0 JavaThread "JavaFX Application Thread" [_thread_blocked, id=8212, stack(0x000000ea90000000,0x000000ea90100000)]
  0x000002283e5a7bc0 JavaThread "Thread-1" daemon [_thread_in_native, id=10216, stack(0x000000ea8f700000,0x000000ea8f800000)]
  0x000002283e557ee0 JavaThread "JavaFX-Launcher" [_thread_blocked, id=2320, stack(0x000000ea90200000,0x000000ea90300000)]
  0x000002283ed195a0 JavaThread "PostgreSQL-JDBC-Cleaner" daemon [_thread_blocked, id=10972, stack(0x000000ea90500000,0x000000ea90600000)]
  0x000002283ed19050 JavaThread "Prism Font Disposer" daemon [_thread_blocked, id=1008, stack(0x000000ea90600000,0x000000ea90700000)]
  0x000002283ed19af0 JavaThread "Cleaner-0" daemon [_thread_blocked, id=9752, stack(0x000000ea90d00000,0x000000ea90e00000)]

Other Threads:
=>0x0000022831263240 VMThread "VM Thread" [stack: 0x000000ea8ec00000,0x000000ea8ed00000] [id=11068]
  0x000002280c599650 WorkerThread "GC Thread#0" [stack: 0x000000ea8e700000,0x000000ea8e800000] [id=11392]
  0x0000022835542c10 WorkerThread "GC Thread#1" [stack: 0x000000ea8f800000,0x000000ea8f900000] [id=5132]
  0x00000228356989f0 WorkerThread "GC Thread#2" [stack: 0x000000ea8f900000,0x000000ea8fa00000] [id=7628]
  0x0000022835698cc0 WorkerThread "GC Thread#3" [stack: 0x000000ea8fa00000,0x000000ea8fb00000] [id=8912]
  0x000002280c5aa4b0 ConcurrentGCThread "G1 Main Marker" terminated
  0x000002280c5ab590 WorkerThread "G1 Conc#0" [stack: 0x000000ea8e900000,0x000000ea8ea00000] [id=4500]
  0x000002280c5de8c0 ConcurrentGCThread "G1 Refine#0" terminated
  0x0000022831120540 ConcurrentGCThread "G1 Service" terminated

Threads with active compile tasks:

VM state: at safepoint (shutting down)

VM Mutex/Monitor currently owned by a thread:  ([mutex/lock_event])
[0x000002280c521c30] Threads_lock - owner thread: 0x0000022831263240
[0x000002280c5218d0] Heap_lock - owner thread: 0x0000022835c332b0

Heap address: 0x0000000701a00000, size: 4070 MB, Compressed Oops mode: Zero based, Oop shift amount: 3

CDS archive(s) mapped at: [0x0000000800000000-0x0000000800c40000-0x0000000800c40000), size 12845056, SharedBaseAddress: 0x0000000800000000, ArchiveRelocationMode: 0.
Compressed class space mapped at: 0x0000000801000000-0x0000000841000000, reserved size: 1073741824
Narrow klass base: 0x0000000800000000, Narrow klass shift: 0, Narrow klass range: 0x100000000

GC Precious Log:
 CardTable entry size: 512
 Card Set container configuration: InlinePtr #cards 4 size 8 Array Of Cards #cards 16 size 48 Howl #buckets 8 coarsen threshold 3686 Howl Bitmap #cards 512 size 80 coarsen threshold 460 Card regions per heap region 1 cards per card region 4096
 CPUs: 4 total, 4 available
 Memory: 16272M
 Large Page Support: Disabled
 NUMA Support: Disabled
 Compressed Oops: Enabled (Zero based)
 Heap Region Size: 2M
 Heap Min Capacity: 8M
 Heap Initial Capacity: 256M
 Heap Max Capacity: 4070M
 Pre-touch: Disabled
 Parallel Workers: 4
 Concurrent Workers: 1
 Concurrent Refinement Workers: 4
 Periodic GC: Disabled

Heap:
 garbage-first heap   total 75776K, used 23496K [0x0000000701a00000, 0x0000000800000000)
  region size 2048K, 12 young (24576K), 9 survivors (18432K)
 Metaspace       used 21807K, committed 22144K, reserved 1114112K
  class space    used 3149K, committed 3328K, reserved 1048576K

Heap Regions: E=young(eden), S=young(survivor), O=old, HS=humongous(starts), HC=humongous(continues), CS=collection set, F=free, OA=open archive, CA=closed archive, TAMS=top-at-mark-start (previous, next)
|   0|0x0000000701a00000, 0x0000000701c00000, 0x0000000701c00000|100%|HS|  |TAMS 0x0000000701a00000, 0x0000000701a00000| Complete 
|   1|0x0000000701c00000, 0x0000000701c00000, 0x0000000701e00000|  0%| F|  |TAMS 0x0000000701c00000, 0x0000000701c00000| Untracked 
|   2|0x0000000701e00000, 0x0000000701e00000, 0x0000000702000000|  0%| F|  |TAMS 0x0000000701e00000, 0x0000000701e00000| Untracked 
|   3|0x0000000702000000, 0x0000000702000000, 0x0000000702200000|  0%| F|  |TAMS 0x0000000702000000, 0x0000000702000000| Untracked 
|   4|0x0000000702200000, 0x0000000702200000, 0x0000000702400000|  0%| F|  |TAMS 0x0000000702200000, 0x0000000702200000| Untracked 
|   5|0x0000000702400000, 0x0000000702400000, 0x0000000702600000|  0%| F|  |TAMS 0x0000000702400000, 0x0000000702400000| Untracked 
|   6|0x0000000702600000, 0x0000000702600000, 0x0000000702800000|  0%| F|  |TAMS 0x0000000702600000, 0x0000000702600000| Untracked 
|   7|0x0000000702800000, 0x0000000702800000, 0x0000000702a00000|  0%| F|  |TAMS 0x0000000702800000, 0x0000000702800000| Untracked 
|   8|0x0000000702a00000, 0x0000000702a00000, 0x0000000702c00000|  0%| F|  |TAMS 0x0000000702a00000, 0x0000000702a00000| Untracked 
|   9|0x0000000702c00000, 0x0000000702c00000, 0x0000000702e00000|  0%| F|  |TAMS 0x0000000702c00000, 0x0000000702c00000| Untracked 
|  10|0x0000000702e00000, 0x0000000702e00000, 0x0000000703000000|  0%| F|  |TAMS 0x0000000702e00000, 0x0000000702e00000| Untracked 
|  11|0x0000000703000000, 0x0000000703000000, 0x0000000703200000|  0%| F|  |TAMS 0x0000000703000000, 0x0000000703000000| Untracked 
|  12|0x0000000703200000, 0x0000000703200000, 0x0000000703400000|  0%| F|  |TAMS 0x0000000703200000, 0x0000000703200000| Untracked 
|  13|0x0000000703400000, 0x0000000703400000, 0x0000000703600000|  0%| F|  |TAMS 0x0000000703400000, 0x0000000703400000| Untracked 
|  14|0x0000000703600000, 0x0000000703600000, 0x0000000703800000|  0%| F|  |TAMS 0x0000000703600000, 0x0000000703600000| Untracked 
|  15|0x0000000703800000, 0x0000000703800000, 0x0000000703a00000|  0%| F|  |TAMS 0x0000000703800000, 0x0000000703800000| Untracked 
|  16|0x0000000703a00000, 0x0000000703a00000, 0x0000000703c00000|  0%| F|  |TAMS 0x0000000703a00000, 0x0000000703a00000| Untracked 
|  17|0x0000000703c00000, 0x0000000703c00000, 0x0000000703e00000|  0%| F|  |TAMS 0x0000000703c00000, 0x0000000703c00000| Untracked 
|  18|0x0000000703e00000, 0x0000000703e00000, 0x0000000704000000|  0%| F|  |TAMS 0x0000000703e00000, 0x0000000703e00000| Untracked 
|  19|0x0000000704000000, 0x0000000704000000, 0x0000000704200000|  0%| F|  |TAMS 0x0000000704000000, 0x0000000704000000| Untracked 
|  20|0x0000000704200000, 0x0000000704200000, 0x0000000704400000|  0%| F|  |TAMS 0x0000000704200000, 0x0000000704200000| Untracked 
|  21|0x0000000704400000, 0x0000000704400000, 0x0000000704600000|  0%| F|  |TAMS 0x0000000704400000, 0x0000000704400000| Untracked 
|  22|0x0000000704600000, 0x0000000704600000, 0x0000000704800000|  0%| F|  |TAMS 0x0000000704600000, 0x0000000704600000| Untracked 
|  23|0x0000000704800000, 0x0000000704800000, 0x0000000704a00000|  0%| F|  |TAMS 0x0000000704800000, 0x0000000704800000| Untracked 
|  24|0x0000000704a00000, 0x0000000704a00000, 0x0000000704c00000|  0%| F|  |TAMS 0x0000000704a00000, 0x0000000704a00000| Untracked 
|  25|0x0000000704c00000, 0x0000000704e00000, 0x0000000704e00000|100%| E|  |TAMS 0x0000000704c00000, 0x0000000704c00000| Complete 
|  71|0x000000070a800000, 0x000000070a8f2210, 0x000000070aa00000| 47%| S|CS|TAMS 0x000000070a800000, 0x000000070a800000| Complete 
|  72|0x000000070aa00000, 0x000000070ac00000, 0x000000070ac00000|100%| S|CS|TAMS 0x000000070aa00000, 0x000000070aa00000| Complete 
|  73|0x000000070ac00000, 0x000000070ae00000, 0x000000070ae00000|100%| S|CS|TAMS 0x000000070ac00000, 0x000000070ac00000| Complete 
|  74|0x000000070ae00000, 0x000000070b000000, 0x000000070b000000|100%| S|CS|TAMS 0x000000070ae00000, 0x000000070ae00000| Complete 
|  75|0x000000070b000000, 0x000000070b200000, 0x000000070b200000|100%| S|CS|TAMS 0x000000070b000000, 0x000000070b000000| Complete 
|  76|0x000000070b200000, 0x000000070b400000, 0x000000070b400000|100%| S|CS|TAMS 0x000000070b200000, 0x000000070b200000| Complete 
|  77|0x000000070b400000, 0x000000070b600000, 0x000000070b600000|100%| S|CS|TAMS 0x000000070b400000, 0x000000070b400000| Complete 
|  78|0x000000070b600000, 0x000000070b800000, 0x000000070b800000|100%| S|CS|TAMS 0x000000070b600000, 0x000000070b600000| Complete 
|  79|0x000000070b800000, 0x000000070ba00000, 0x000000070ba00000|100%| S|CS|TAMS 0x000000070b800000, 0x000000070b800000| Complete 
| 126|0x0000000711600000, 0x0000000711800000, 0x0000000711800000|100%| E|CS|TAMS 0x0000000711600000, 0x0000000711600000| Complete 
| 127|0x0000000711800000, 0x0000000711a00000, 0x0000000711a00000|100%| E|CS|TAMS 0x0000000711800000, 0x0000000711800000| Complete 

Card table byte_map: [0x0000022825d00000,0x0000022826500000] _byte_map_base: 0x00000228224f3000

Marking Bits (Prev, Next): (CMBitMap*) 0x000002280c599bd0, (CMBitMap*) 0x000002280c599b90
 Prev Bits: [0x000002282aca0000, 0x000002282ec38000)
 Next Bits: [0x0000022826d00000, 0x000002282ac98000)

Polling page: 0x000002280c5e0000

Metaspace:

Usage:
  Non-class:     18.22 MB used.
      Class:      3.08 MB used.
       Both:     21.30 MB used.

Virtual space:
  Non-class space:       64.00 MB reserved,      18.38 MB ( 29%) committed,  1 nodes.
      Class space:        1.00 GB reserved,       3.25 MB ( <1%) committed,  1 nodes.
             Both:        1.06 GB reserved,      21.63 MB (  2%) committed. 

Chunk freelists:
   Non-Class:  1.56 MB
       Class:  608.00 KB
        Both:  2.16 MB

MaxMetaspaceSize: unlimited
CompressedClassSpaceSize: 1.00 GB
Initial GC threshold: 21.00 MB
Current GC threshold: 35.13 MB
CDS: on
MetaspaceReclaimPolicy: balanced
 - commit_granule_bytes: 65536.
 - commit_granule_words: 8192.
 - virtual_space_node_default_size: 8388608.
 - enlarge_chunks_in_place: 1.
 - new_chunks_are_fully_committed: 0.
 - uncommit_free_chunks: 1.
 - use_allocation_guard: 0.


Internal statistics:

num_allocs_failed_limit: 3.
num_arena_births: 416.
num_arena_deaths: 0.
num_vsnodes_births: 2.
num_vsnodes_deaths: 0.
num_space_committed: 346.
num_space_uncommitted: 0.
num_chunks_returned_to_freelist: 3.
num_chunks_taken_from_freelist: 1101.
num_chunk_merges: 3.
num_chunk_splits: 776.
num_chunks_enlarged: 592.
num_inconsistent_stats: 0.

CodeHeap 'non-profiled nmethods': size=120000Kb used=1655Kb max_used=1655Kb free=118344Kb
 bounds [0x000002281d9b0000, 0x000002281dc20000, 0x0000022824ee0000]
CodeHeap 'profiled nmethods': size=120000Kb used=7046Kb max_used=7046Kb free=112953Kb
 bounds [0x0000022815ee0000, 0x00000228165d0000, 0x000002281d410000]
CodeHeap 'non-nmethods': size=5760Kb used=1555Kb max_used=1578Kb free=4204Kb
 bounds [0x000002281d410000, 0x000002281d680000, 0x000002281d9b0000]
 total_blobs=4414 nmethods=3564 adapters=759
 compilation: enabled
              stopped_count=0, restarted_count=0
 full_count=0

Compilation events (20 events):
Event: 6.804 Thread 0x0000022831292870 nmethod 3555 0x000002281db4c890 code [0x000002281db4ca20, 0x000002281db4cc68]
Event: 6.821 Thread 0x00000228312931e0 nmethod 3556 0x00000228165ac410 code [0x00000228165ad880, 0x00000228165bb0d8]
Event: 6.821 Thread 0x00000228312931e0 3561       3       com.sun.javafx.geom.transform.AffineBase::isTranslateOrIdentity (22 bytes)
Event: 6.822 Thread 0x00000228312931e0 nmethod 3561 0x00000228165bff90 code [0x00000228165c0160, 0x00000228165c05f8]
Event: 6.822 Thread 0x00000228312931e0 3559       3       com.sun.javafx.geom.transform.AffineBase::getType (33 bytes)
Event: 6.822 Thread 0x00000228312931e0 nmethod 3559 0x00000228165c0710 code [0x00000228165c08c0, 0x00000228165c0bd8]
Event: 6.822 Thread 0x00000228312931e0 3560       3       javafx.scene.layout.Border::isEmpty (30 bytes)
Event: 6.822 Thread 0x00000228312931e0 nmethod 3560 0x00000228165c0c90 code [0x00000228165c0e60, 0x00000228165c1198]
Event: 6.822 Thread 0x00000228312931e0 3557       1       com.sun.javafx.sg.prism.NGRegion::updateFillCorners (6 bytes)
Event: 6.823 Thread 0x00000228312931e0 nmethod 3557 0x000002281db4ce10 code [0x000002281db4cfa0, 0x000002281db4d0b8]
Event: 6.823 Thread 0x00000228312931e0 3558       1       com.sun.javafx.sg.prism.NGRegion::updateStrokeCorners (6 bytes)
Event: 6.823 Thread 0x00000228312931e0 nmethod 3558 0x000002281db4d110 code [0x000002281db4d2a0, 0x000002281db4d3b8]
Event: 6.823 Thread 0x00000228312931e0 3562       1       javafx.scene.layout.BackgroundFill::getFill (5 bytes)
Event: 6.823 Thread 0x00000228312931e0 nmethod 3562 0x000002281db4d410 code [0x000002281db4d5a0, 0x000002281db4d678]
Event: 6.823 Thread 0x00000228312931e0 3563       1       javafx.scene.layout.Background::getImages (5 bytes)
Event: 6.823 Thread 0x00000228312931e0 nmethod 3563 0x000002281db4d710 code [0x000002281db4d8a0, 0x000002281db4d978]
Event: 6.837 Thread 0x0000022831292870 3564       4       java.util.Objects::checkIndex (7 bytes)
Event: 6.837 Thread 0x00000228312931e0 3565       3       java.util.ArrayList::fastRemove (44 bytes)
Event: 6.838 Thread 0x00000228312931e0 nmethod 3565 0x00000228165c1290 code [0x00000228165c1460, 0x00000228165c1868]
Event: 6.838 Thread 0x0000022831292870 nmethod 3564 0x000002281db4da10 code [0x000002281db4dba0, 0x000002281db4dc38]

GC Heap History (6 events):
Event: 0.341 GC heap before
{Heap before GC invocations=0 (full 0):
 garbage-first heap   total 262144K, used 10240K [0x0000000701a00000, 0x0000000800000000)
  region size 2048K, 6 young (12288K), 0 survivors (0K)
 Metaspace       used 825K, committed 960K, reserved 1114112K
  class space    used 60K, committed 128K, reserved 1048576K
}
Event: 0.345 GC heap after
{Heap after GC invocations=1 (full 0):
 garbage-first heap   total 262144K, used 811K [0x0000000701a00000, 0x0000000800000000)
  region size 2048K, 1 young (2048K), 1 survivors (2048K)
 Metaspace       used 825K, committed 960K, reserved 1114112K
  class space    used 60K, committed 128K, reserved 1048576K
}
Event: 0.598 GC heap before
{Heap before GC invocations=1 (full 0):
 garbage-first heap   total 262144K, used 19243K [0x0000000701a00000, 0x0000000800000000)
  region size 2048K, 11 young (22528K), 1 survivors (2048K)
 Metaspace       used 1027K, committed 1216K, reserved 1114112K
  class space    used 76K, committed 192K, reserved 1048576K
}
Event: 0.599 GC heap after
{Heap after GC invocations=2 (full 0):
 garbage-first heap   total 262144K, used 1013K [0x0000000701a00000, 0x0000000800000000)
  region size 2048K, 1 young (2048K), 1 survivors (2048K)
 Metaspace       used 1027K, committed 1216K, reserved 1114112K
  class space    used 76K, committed 192K, reserved 1048576K
}
Event: 4.330 GC heap before
{Heap before GC invocations=2 (full 0):
 garbage-first heap   total 262144K, used 107509K [0x0000000701a00000, 0x0000000800000000)
  region size 2048K, 48 young (98304K), 1 survivors (2048K)
 Metaspace       used 21187K, committed 21504K, reserved 1114112K
  class space    used 3097K, committed 3264K, reserved 1048576K
}
Event: 4.352 GC heap after
{Heap after GC invocations=3 (full 0):
 garbage-first heap   total 262144K, used 17352K [0x0000000701a00000, 0x0000000800000000)
  region size 2048K, 9 young (18432K), 9 survivors (18432K)
 Metaspace       used 21187K, committed 21504K, reserved 1114112K
  class space    used 3097K, committed 3264K, reserved 1048576K
}

Dll operation events (20 events):
Event: 0.846 Loaded shared library C:\Users\Administrator\.openjfx\cache\20+19\amd64\api-ms-win-crt-private-l1-1-0.dll
Event: 0.849 Loaded shared library C:\Users\Administrator\.openjfx\cache\20+19\amd64\api-ms-win-crt-process-l1-1-0.dll
Event: 0.852 Loaded shared library C:\Users\Administrator\.openjfx\cache\20+19\amd64\api-ms-win-crt-runtime-l1-1-0.dll
Event: 0.855 Loaded shared library C:\Users\Administrator\.openjfx\cache\20+19\amd64\api-ms-win-crt-stdio-l1-1-0.dll
Event: 0.858 Loaded shared library C:\Users\Administrator\.openjfx\cache\20+19\amd64\api-ms-win-crt-string-l1-1-0.dll
Event: 0.861 Loaded shared library C:\Users\Administrator\.openjfx\cache\20+19\amd64\api-ms-win-crt-time-l1-1-0.dll
Event: 0.864 Loaded shared library C:\Users\Administrator\.openjfx\cache\20+19\amd64\api-ms-win-crt-utility-l1-1-0.dll
Event: 0.881 Loaded shared library C:\Users\Administrator\.openjfx\cache\20+19\amd64\ucrtbase.dll
Event: 0.885 Loaded shared library C:\Users\Administrator\.openjfx\cache\20+19\amd64\vcruntime140.dll
Event: 0.888 Loaded shared library C:\Users\Administrator\.openjfx\cache\20+19\amd64\vcruntime140_1.dll
Event: 0.898 Loaded shared library C:\Users\Administrator\.openjfx\cache\20+19\amd64\msvcp140.dll
Event: 0.901 Loaded shared library C:\Users\Administrator\.openjfx\cache\20+19\amd64\msvcp140_1.dll
Event: 0.906 Loaded shared library C:\Users\Administrator\.openjfx\cache\20+19\amd64\msvcp140_2.dll
Event: 0.947 Loaded shared library C:\Users\Administrator\.openjfx\cache\20+19\amd64\prism_d3d.dll
Event: 1.021 Loaded shared library C:\Users\Administrator\.openjfx\cache\20+19\amd64\glass.dll
Event: 1.179 Loaded shared library C:\JAVA\amazon-corretto-19.0.2.7.1-windows-x64-jdk\jdk19.0.2_7\bin\jimage.dll
Event: 1.356 Loaded shared library C:\JAVA\amazon-corretto-19.0.2.7.1-windows-x64-jdk\jdk19.0.2_7\bin\management.dll
Event: 1.360 Loaded shared library C:\JAVA\amazon-corretto-19.0.2.7.1-windows-x64-jdk\jdk19.0.2_7\bin\management_ext.dll
Event: 1.637 Loaded shared library C:\Users\Administrator\.openjfx\cache\20+19\amd64\javafx_font.dll
Event: 2.409 Loaded shared library C:\Users\Administrator\.openjfx\cache\20+19\amd64\javafx_iio.dll

Deoptimization events (20 events):
Event: 4.207 Thread 0x0000022835c332b0 DEOPT PACKING pc=0x000002281db1d248 sp=0x000000ea900fd030
Event: 4.207 Thread 0x0000022835c332b0 DEOPT UNPACKING pc=0x000002281d476da3 sp=0x000000ea900fcfc0 mode 2
Event: 4.207 Thread 0x0000022835c332b0 Uncommon trap: trap_request=0xffffffc6 fr.pc=0x000002281db1d248 relative=0x0000000000000088
Event: 4.207 Thread 0x0000022835c332b0 Uncommon trap: reason=bimorphic_or_optimized_type_check action=maybe_recompile pc=0x000002281db1d248 method=javafx.beans.property.DoublePropertyBase.get()D @ 23 c2
Event: 4.207 Thread 0x0000022835c332b0 DEOPT PACKING pc=0x000002281db1d248 sp=0x000000ea900fcb70
Event: 4.207 Thread 0x0000022835c332b0 DEOPT UNPACKING pc=0x000002281d476da3 sp=0x000000ea900fcb00 mode 2
Event: 4.373 Thread 0x0000022835c029c0 Uncommon trap: trap_request=0xffffff45 fr.pc=0x000002281da87f3c relative=0x000000000000009c
Event: 4.373 Thread 0x0000022835c029c0 Uncommon trap: reason=unstable_if action=reinterpret pc=0x000002281da87f3c method=java.lang.ref.ReferenceQueue.poll()Ljava/lang/ref/Reference; @ 4 c2
Event: 4.373 Thread 0x0000022835c029c0 DEOPT PACKING pc=0x000002281da87f3c sp=0x000000ea8fdfa930
Event: 4.373 Thread 0x0000022835c029c0 DEOPT UNPACKING pc=0x000002281d476da3 sp=0x000000ea8fdfa818 mode 2
Event: 4.373 Thread 0x0000022835c029c0 Uncommon trap: trap_request=0xffffff45 fr.pc=0x000002281da4dd8c relative=0x000000000000006c
Event: 4.373 Thread 0x0000022835c029c0 Uncommon trap: reason=unstable_if action=reinterpret pc=0x000002281da4dd8c method=java.lang.ref.ReferenceQueue.poll()Ljava/lang/ref/Reference; @ 4 c2
Event: 4.373 Thread 0x0000022835c029c0 DEOPT PACKING pc=0x000002281da4dd8c sp=0x000000ea8fdfa870
Event: 4.373 Thread 0x0000022835c029c0 DEOPT UNPACKING pc=0x000002281d476da3 sp=0x000000ea8fdfa800 mode 2
Event: 6.173 Thread 0x0000022835c332b0 DEOPT PACKING pc=0x000002281639e6f8 sp=0x000000ea900fbd90
Event: 6.173 Thread 0x0000022835c332b0 DEOPT UNPACKING pc=0x000002281d477543 sp=0x000000ea900fb280 mode 0
Event: 6.174 Thread 0x0000022835c332b0 Uncommon trap: trap_request=0xffffff45 fr.pc=0x000002281db0760c relative=0x000000000000148c
Event: 6.174 Thread 0x0000022835c332b0 Uncommon trap: reason=unstable_if action=reinterpret pc=0x000002281db0760c method=javafx.scene.CssStyleHelper.lookup(Ljavafx/css/Styleable;Ljavafx/css/CssMetaData;Lcom/sun/javafx/css/StyleMap;Ljava/util/Set;Ljavafx/css/Styleable;Lcom/sun/javafx/css/Calcul
Event: 6.174 Thread 0x0000022835c332b0 DEOPT PACKING pc=0x000002281db0760c sp=0x000000ea900fbf10
Event: 6.174 Thread 0x0000022835c332b0 DEOPT UNPACKING pc=0x000002281d476da3 sp=0x000000ea900fbea0 mode 2

Classes loaded (20 events):
Event: 4.229 Loading class java/util/EnumMap$Values
Event: 4.229 Loading class java/util/EnumMap$Values done
Event: 4.229 Loading class java/util/EnumMap$ValueIterator
Event: 4.229 Loading class java/util/EnumMap$EnumMapIterator
Event: 4.229 Loading class java/util/EnumMap$EnumMapIterator done
Event: 4.229 Loading class java/util/EnumMap$ValueIterator done
Event: 4.280 Loading class java/nio/ShortBuffer
Event: 4.280 Loading class java/nio/ShortBuffer done
Event: 4.280 Loading class java/nio/DoubleBuffer
Event: 4.280 Loading class java/nio/DoubleBuffer done
Event: 4.288 Loading class java/nio/DirectFloatBufferU
Event: 4.289 Loading class java/nio/DirectFloatBufferU done
Event: 4.323 Loading class java/util/concurrent/ConcurrentLinkedQueue
Event: 4.324 Loading class java/util/concurrent/ConcurrentLinkedQueue done
Event: 4.324 Loading class java/util/concurrent/ConcurrentLinkedQueue$Node
Event: 4.324 Loading class java/util/concurrent/ConcurrentLinkedQueue$Node done
Event: 4.326 Loading class jdk/internal/ref/CleanerImpl$InnocuousThreadFactory
Event: 4.326 Loading class jdk/internal/ref/CleanerImpl$InnocuousThreadFactory done
Event: 4.377 Loading class sun/misc/Unsafe
Event: 4.378 Loading class sun/misc/Unsafe done

Classes unloaded (0 events):
No events

Classes redefined (0 events):
No events

Internal exceptions (20 events):
Event: 3.362 Thread 0x0000022835c332b0 Exception <a 'java/lang/NoSuchMethodError'{0x000000070d349e70}: 'java.lang.Object java.lang.invoke.DirectMethodHandle$Holder.invokeInterface(java.lang.Object, java.lang.Object, java.lang.Object)'> (0x000000070d349e70) 
thrown [s\src\hotspot\share\interpreter\linkResolver.cpp, line 774]
Event: 3.362 Thread 0x0000022835c332b0 Exception <a 'java/lang/IncompatibleClassChangeError'{0x000000070d34d540}: Found class java.lang.Object, but interface was expected> (0x000000070d34d540) 
thrown [s\src\hotspot\share\interpreter\linkResolver.cpp, line 841]
Event: 3.441 Thread 0x0000022835c332b0 Exception <a 'java/lang/NoSuchMethodError'{0x000000070d1385d0}: 'void java.lang.invoke.DirectMethodHandle$Holder.invokeSpecial(java.lang.Object, java.lang.Object, java.lang.Object, java.lang.Object, java.lang.Object, java.lang.Object)'> (0x000000070d1385d0) 
thrown [s\src\hotspot\share\interpreter\linkResolver.cpp, line 774]
Event: 3.468 Thread 0x0000022835c332b0 Exception <a 'java/lang/ClassNotFoundException'{0x000000070d1cd250}: com/sun/javafx/scene/control/skin/resources/controls> (0x000000070d1cd250) 
thrown [s\src\hotspot\share\prims\jni.cpp, line 536]
Event: 3.469 Thread 0x0000022835c332b0 Exception <a 'java/lang/ClassNotFoundException'{0x000000070d1db2d0}: com/sun/javafx/scene/control/skin/resources/controls_en> (0x000000070d1db2d0) 
thrown [s\src\hotspot\share\prims\jni.cpp, line 536]
Event: 3.470 Thread 0x0000022835c332b0 Exception <a 'java/lang/ClassNotFoundException'{0x000000070d1dc850}: com/sun/javafx/scene/control/skin/resources/controls_en_US> (0x000000070d1dc850) 
thrown [s\src\hotspot\share\prims\jni.cpp, line 536]
Event: 3.525 Thread 0x0000022835c332b0 Exception <a 'java/lang/NoSuchMethodError'{0x000000070cf87808}: 'int java.lang.invoke.DirectMethodHandle$Holder.invokeSpecial(java.lang.Object, java.lang.Object, int)'> (0x000000070cf87808) 
thrown [s\src\hotspot\share\interpreter\linkResolver.cpp, line 774]
Event: 3.574 Thread 0x0000022835c332b0 Exception <a 'java/io/FileNotFoundException'{0x000000070cce83a0}> (0x000000070cce83a0) 
thrown [s\src\hotspot\share\prims\jni.cpp, line 517]
Event: 3.574 Thread 0x0000022835c332b0 Exception <a 'java/io/FileNotFoundException'{0x000000070ccea4c0}> (0x000000070ccea4c0) 
thrown [s\src\hotspot\share\prims\jni.cpp, line 517]
Event: 3.575 Thread 0x0000022835c332b0 Exception <a 'java/io/FileNotFoundException'{0x000000070ccef368}> (0x000000070ccef368) 
thrown [s\src\hotspot\share\prims\jni.cpp, line 517]
Event: 3.576 Thread 0x0000022835c332b0 Exception <a 'java/io/FileNotFoundException'{0x000000070ccf0ef8}> (0x000000070ccf0ef8) 
thrown [s\src\hotspot\share\prims\jni.cpp, line 517]
Event: 3.587 Thread 0x0000022835c332b0 Exception <a 'java/io/FileNotFoundException'{0x000000070cdea840}> (0x000000070cdea840) 
thrown [s\src\hotspot\share\prims\jni.cpp, line 517]
Event: 3.588 Thread 0x0000022835c332b0 Exception <a 'java/io/FileNotFoundException'{0x000000070cdec878}> (0x000000070cdec878) 
thrown [s\src\hotspot\share\prims\jni.cpp, line 517]
Event: 3.588 Thread 0x0000022835c332b0 Exception <a 'java/io/FileNotFoundException'{0x000000070cdee5d0}> (0x000000070cdee5d0) 
thrown [s\src\hotspot\share\prims\jni.cpp, line 517]
Event: 3.987 Thread 0x0000022835c332b0 Implicit null exception at 0x000002281daf346f to 0x000002281daf3c34
Event: 4.253 Thread 0x0000022835c029c0 Exception <a 'java/lang/NoSuchMethodError'{0x000000070bfd2710}: 'java.lang.Object java.lang.invoke.DirectMethodHandle$Holder.invokeStaticInit(java.lang.Object, int)'> (0x000000070bfd2710) 
thrown [s\src\hotspot\share\interpreter\linkResolver.cpp, line 774]
Event: 6.192 Thread 0x0000022835c332b0 Exception <a 'java/lang/NoSuchMethodError'{0x0000000711875c70}: 'long java.lang.invoke.DirectMethodHandle$Holder.invokeStatic(java.lang.Object, java.lang.Object, java.lang.Object)'> (0x0000000711875c70) 
thrown [s\src\hotspot\share\interpreter\linkResolver.cpp, line 774]
Event: 6.193 Thread 0x0000022835c332b0 Exception <a 'java/lang/NoSuchMethodError'{0x0000000711879598}: 'long java.lang.invoke.DirectMethodHandle$Holder.invokeStaticInit(java.lang.Object, java.lang.Object, java.lang.Object)'> (0x0000000711879598) 
thrown [s\src\hotspot\share\interpreter\linkResolver.cpp, line 774]
Event: 6.195 Thread 0x0000022835c332b0 Exception <a 'java/lang/NoSuchMethodError'{0x0000000711891ce8}: 'java.lang.Object java.lang.invoke.DirectMethodHandle$Holder.newInvokeSpecial(java.lang.Object, java.lang.Object, long)'> (0x0000000711891ce8) 
thrown [s\src\hotspot\share\interpreter\linkResolver.cpp, line 774]
Event: 6.195 Thread 0x0000022835c332b0 Exception <a 'java/lang/NoSuchMethodError'{0x0000000711895870}: 'java.lang.Object java.lang.invoke.Invokers$Holder.linkToTargetMethod(java.lang.Object, long, java.lang.Object)'> (0x0000000711895870) 
thrown [s\src\hotspot\share\interpreter\linkResolver.cpp, line 774]

VM Operations (20 events):
Event: 2.963 Executing VM operation: ICBufferFull done
Event: 3.645 Executing VM operation: ICBufferFull
Event: 3.645 Executing VM operation: ICBufferFull done
Event: 4.094 Executing VM operation: ICBufferFull
Event: 4.095 Executing VM operation: ICBufferFull done
Event: 4.186 Executing VM operation: HandshakeAllThreads
Event: 4.186 Executing VM operation: HandshakeAllThreads done
Event: 4.329 Executing VM operation: CollectForMetadataAllocation
Event: 4.352 Executing VM operation: CollectForMetadataAllocation done
Event: 4.367 Executing VM operation: G1PauseRemark
Event: 4.369 Executing VM operation: G1PauseRemark done
Event: 4.369 Executing VM operation: G1PauseCleanup
Event: 4.376 Executing VM operation: G1PauseCleanup done
Event: 5.376 Executing VM operation: Cleanup
Event: 5.376 Executing VM operation: Cleanup done
Event: 6.437 Executing VM operation: HandshakeAllThreads
Event: 6.437 Executing VM operation: HandshakeAllThreads done
Event: 6.437 Executing VM operation: Cleanup
Event: 6.437 Executing VM operation: Cleanup done
Event: 6.890 Executing VM operation: Exit

Events (20 events):
Event: 0.635 Thread 0x000002283595cd30 Thread added: 0x000002283595cd30
Event: 0.936 Thread 0x0000022835c029c0 Thread added: 0x0000022835c029c0
Event: 1.023 Thread 0x0000022835c4a500 Thread added: 0x0000022835c4a500
Event: 1.028 Thread 0x0000022835c332b0 Thread added: 0x0000022835c332b0
Event: 1.132 Thread 0x0000022835592fc0 Thread exited: 0x0000022835592fc0
Event: 1.175 Thread 0x000002283e5a7bc0 Thread added: 0x000002283e5a7bc0
Event: 1.187 Thread 0x000002283e557ee0 Thread added: 0x000002283e557ee0
Event: 1.427 Thread 0x000002283e7743d0 Thread added: 0x000002283e7743d0
Event: 1.498 Thread 0x000002283ed195a0 Thread added: 0x000002283ed195a0
Event: 2.240 Thread 0x000002283ed19050 Thread added: 0x000002283ed19050
Event: 2.279 Thread 0x000002283e7743d0 Thread exited: 0x000002283e7743d0
Event: 2.700 Thread 0x000002283f728890 Thread added: 0x000002283f728890
Event: 4.326 Thread 0x000002283ed19af0 Thread added: 0x000002283ed19af0
Event: 4.371 Thread 0x000002283f728890 Thread exited: 0x000002283f728890
Event: 6.840 Thread 0x000002283ed185b0 Thread added: 0x000002283ed185b0
Event: 6.840 Thread 0x000002283ed1a040 Thread added: 0x000002283ed1a040
Event: 6.840 Thread 0x000002283ed18060 Thread added: 0x000002283ed18060
Event: 6.857 Thread 0x000002283ed1a040 Thread exited: 0x000002283ed1a040
Event: 6.859 Thread 0x000002283ed18060 Thread exited: 0x000002283ed18060
Event: 6.890 Thread 0x000002283ed185b0 Thread exited: 0x000002283ed185b0


Dynamic libraries:
0x00007ff74b4f0000 - 0x00007ff74b4fd000 	C:\JAVA\amazon-corretto-19.0.2.7.1-windows-x64-jdk\jdk19.0.2_7\bin\java.exe
0x00007ffec58d0000 - 0x00007ffec5ac8000 	C:\Windows\SYSTEM32\ntdll.dll
0x00007ffec3f20000 - 0x00007ffec3fe1000 	C:\Windows\System32\KERNEL32.DLL
0x00007ffec3400000 - 0x00007ffec36fd000 	C:\Windows\System32\KERNELBASE.dll
0x00007ffec30b0000 - 0x00007ffec31b0000 	C:\Windows\System32\ucrtbase.dll
0x00007ffebc780000 - 0x00007ffebc795000 	C:\JAVA\amazon-corretto-19.0.2.7.1-windows-x64-jdk\jdk19.0.2_7\bin\VCRUNTIME140.dll
0x00007ffebec30000 - 0x00007ffebec47000 	C:\JAVA\amazon-corretto-19.0.2.7.1-windows-x64-jdk\jdk19.0.2_7\bin\jli.dll
0x00007ffec4a30000 - 0x00007ffec4bcd000 	C:\Windows\System32\USER32.dll
0x00007ffeb2ea0000 - 0x00007ffeb313a000 	C:\Windows\WinSxS\amd64_microsoft.windows.common-controls_6595b64144ccf1df_6.0.19041.4355_none_60b8b9eb71f62e16\COMCTL32.dll
0x00007ffec3320000 - 0x00007ffec3342000 	C:\Windows\System32\win32u.dll
0x00007ffec4d00000 - 0x00007ffec4d9e000 	C:\Windows\System32\msvcrt.dll
0x00007ffec4560000 - 0x00007ffec458b000 	C:\Windows\System32\GDI32.dll
0x00007ffec3200000 - 0x00007ffec3317000 	C:\Windows\System32\gdi32full.dll
0x00007ffec3860000 - 0x00007ffec38fd000 	C:\Windows\System32\msvcp_win.dll
0x00007ffec4900000 - 0x00007ffec492f000 	C:\Windows\System32\IMM32.DLL
0x00007ffeaddb0000 - 0x00007ffeade4b000 	C:\JAVA\amazon-corretto-19.0.2.7.1-windows-x64-jdk\jdk19.0.2_7\bin\msvcp140.dll
0x00007ffe57780000 - 0x00007ffe58459000 	C:\JAVA\amazon-corretto-19.0.2.7.1-windows-x64-jdk\jdk19.0.2_7\bin\server\jvm.dll
0x00007ffec4350000 - 0x00007ffec4400000 	C:\Windows\System32\ADVAPI32.dll
0x00007ffec4400000 - 0x00007ffec44a0000 	C:\Windows\System32\sechost.dll
0x00007ffec4bd0000 - 0x00007ffec4cf3000 	C:\Windows\System32\RPCRT4.dll
0x00007ffec2f80000 - 0x00007ffec2fa7000 	C:\Windows\System32\bcrypt.dll
0x00007ffeb6520000 - 0x00007ffeb6547000 	C:\Windows\SYSTEM32\WINMM.dll
0x00007ffebdb00000 - 0x00007ffebdb09000 	C:\Windows\SYSTEM32\WSOCK32.dll
0x00007ffeba240000 - 0x00007ffeba24a000 	C:\Windows\SYSTEM32\VERSION.dll
0x00007ffec5790000 - 0x00007ffec57fb000 	C:\Windows\System32\WS2_32.dll
0x00007ffec0e00000 - 0x00007ffec0e12000 	C:\Windows\SYSTEM32\kernel.appcore.dll
0x00007ffebc770000 - 0x00007ffebc77a000 	C:\JAVA\amazon-corretto-19.0.2.7.1-windows-x64-jdk\jdk19.0.2_7\bin\jimage.dll
0x00007ffebc810000 - 0x00007ffebc9f4000 	C:\Windows\SYSTEM32\DBGHELP.DLL
0x00007ffebc7d0000 - 0x00007ffebc804000 	C:\Windows\SYSTEM32\dbgcore.DLL
0x00007ffec3020000 - 0x00007ffec30a2000 	C:\Windows\System32\bcryptPrimitives.dll
0x00007ffebc470000 - 0x00007ffebc496000 	C:\JAVA\amazon-corretto-19.0.2.7.1-windows-x64-jdk\jdk19.0.2_7\bin\java.dll
0x00007ffeadcd0000 - 0x00007ffeadda6000 	C:\JAVA\amazon-corretto-19.0.2.7.1-windows-x64-jdk\jdk19.0.2_7\bin\jsvml.dll
0x00007ffec4ef0000 - 0x00007ffec565f000 	C:\Windows\System32\SHELL32.dll
0x00007ffec1000000 - 0x00007ffec179f000 	C:\Windows\SYSTEM32\windows.storage.dll
0x00007ffec3ff0000 - 0x00007ffec4343000 	C:\Windows\System32\combase.dll
0x00007ffec28d0000 - 0x00007ffec28fe000 	C:\Windows\SYSTEM32\Wldp.dll
0x00007ffec5660000 - 0x00007ffec572d000 	C:\Windows\System32\OLEAUT32.dll
0x00007ffec4850000 - 0x00007ffec48fd000 	C:\Windows\System32\SHCORE.dll
0x00007ffec4930000 - 0x00007ffec4985000 	C:\Windows\System32\shlwapi.dll
0x00007ffec2eb0000 - 0x00007ffec2ed4000 	C:\Windows\SYSTEM32\profapi.dll
0x00007ffeb9ac0000 - 0x00007ffeb9ad3000 	C:\JAVA\amazon-corretto-19.0.2.7.1-windows-x64-jdk\jdk19.0.2_7\bin\net.dll
0x00007ffebd1f0000 - 0x00007ffebd2fd000 	C:\Windows\SYSTEM32\WINHTTP.dll
0x00007ffec2630000 - 0x00007ffec269a000 	C:\Windows\system32\mswsock.dll
0x00007ffeb5b10000 - 0x00007ffeb5b25000 	C:\JAVA\amazon-corretto-19.0.2.7.1-windows-x64-jdk\jdk19.0.2_7\bin\nio.dll
0x00007ffebc610000 - 0x00007ffebc628000 	C:\JAVA\amazon-corretto-19.0.2.7.1-windows-x64-jdk\jdk19.0.2_7\bin\zip.dll
0x00000228313e0000 - 0x00000228313e3000 	C:\Users\Administrator\.openjfx\cache\20+19\amd64\api-ms-win-core-console-l1-1-0.dll
0x00000228313f0000 - 0x00000228313f3000 	C:\Users\Administrator\.openjfx\cache\20+19\amd64\api-ms-win-core-console-l1-2-0.dll
0x0000022836000000 - 0x0000022836003000 	C:\Users\Administrator\.openjfx\cache\20+19\amd64\api-ms-win-core-datetime-l1-1-0.dll
0x0000022836010000 - 0x0000022836013000 	C:\Users\Administrator\.openjfx\cache\20+19\amd64\api-ms-win-core-debug-l1-1-0.dll
0x0000022836020000 - 0x0000022836023000 	C:\Users\Administrator\.openjfx\cache\20+19\amd64\api-ms-win-core-errorhandling-l1-1-0.dll
0x0000022836030000 - 0x0000022836034000 	C:\Users\Administrator\.openjfx\cache\20+19\amd64\api-ms-win-core-file-l1-1-0.dll
0x0000022836040000 - 0x0000022836043000 	C:\Users\Administrator\.openjfx\cache\20+19\amd64\api-ms-win-core-file-l1-2-0.dll
0x0000022836050000 - 0x0000022836053000 	C:\Users\Administrator\.openjfx\cache\20+19\amd64\api-ms-win-core-file-l2-1-0.dll
0x0000022836060000 - 0x0000022836063000 	C:\Users\Administrator\.openjfx\cache\20+19\amd64\api-ms-win-core-handle-l1-1-0.dll
0x0000022836070000 - 0x0000022836073000 	C:\Users\Administrator\.openjfx\cache\20+19\amd64\api-ms-win-core-heap-l1-1-0.dll
0x0000022836080000 - 0x0000022836083000 	C:\Users\Administrator\.openjfx\cache\20+19\amd64\api-ms-win-core-interlocked-l1-1-0.dll
0x0000022836090000 - 0x0000022836093000 	C:\Users\Administrator\.openjfx\cache\20+19\amd64\api-ms-win-core-libraryloader-l1-1-0.dll
0x00000228360a0000 - 0x00000228360a3000 	C:\Users\Administrator\.openjfx\cache\20+19\amd64\api-ms-win-core-localization-l1-2-0.dll
0x00000228360b0000 - 0x00000228360b3000 	C:\Users\Administrator\.openjfx\cache\20+19\amd64\api-ms-win-core-memory-l1-1-0.dll
0x00000228360c0000 - 0x00000228360c3000 	C:\Users\Administrator\.openjfx\cache\20+19\amd64\api-ms-win-core-namedpipe-l1-1-0.dll
0x00000228360d0000 - 0x00000228360d3000 	C:\Users\Administrator\.openjfx\cache\20+19\amd64\api-ms-win-core-processenvironment-l1-1-0.dll
0x00000228360e0000 - 0x00000228360e3000 	C:\Users\Administrator\.openjfx\cache\20+19\amd64\api-ms-win-core-processthreads-l1-1-0.dll
0x00000228360f0000 - 0x00000228360f3000 	C:\Users\Administrator\.openjfx\cache\20+19\amd64\api-ms-win-core-processthreads-l1-1-1.dll
0x0000022836100000 - 0x0000022836103000 	C:\Users\Administrator\.openjfx\cache\20+19\amd64\api-ms-win-core-profile-l1-1-0.dll
0x0000022836110000 - 0x0000022836113000 	C:\Users\Administrator\.openjfx\cache\20+19\amd64\api-ms-win-core-rtlsupport-l1-1-0.dll
0x0000022836120000 - 0x0000022836123000 	C:\Users\Administrator\.openjfx\cache\20+19\amd64\api-ms-win-core-string-l1-1-0.dll
0x0000022836130000 - 0x0000022836133000 	C:\Users\Administrator\.openjfx\cache\20+19\amd64\api-ms-win-core-synch-l1-1-0.dll
0x0000022836140000 - 0x0000022836143000 	C:\Users\Administrator\.openjfx\cache\20+19\amd64\api-ms-win-core-synch-l1-2-0.dll
0x0000022836150000 - 0x0000022836153000 	C:\Users\Administrator\.openjfx\cache\20+19\amd64\api-ms-win-core-sysinfo-l1-1-0.dll
0x0000022836160000 - 0x0000022836163000 	C:\Users\Administrator\.openjfx\cache\20+19\amd64\api-ms-win-core-timezone-l1-1-0.dll
0x0000022836170000 - 0x0000022836173000 	C:\Users\Administrator\.openjfx\cache\20+19\amd64\api-ms-win-core-util-l1-1-0.dll
0x0000022836180000 - 0x0000022836183000 	C:\Users\Administrator\.openjfx\cache\20+19\amd64\api-ms-win-crt-conio-l1-1-0.dll
0x0000022836190000 - 0x0000022836194000 	C:\Users\Administrator\.openjfx\cache\20+19\amd64\api-ms-win-crt-convert-l1-1-0.dll
0x00000228361a0000 - 0x00000228361a3000 	C:\Users\Administrator\.openjfx\cache\20+19\amd64\api-ms-win-crt-environment-l1-1-0.dll
0x00000228361b0000 - 0x00000228361b3000 	C:\Users\Administrator\.openjfx\cache\20+19\amd64\api-ms-win-crt-filesystem-l1-1-0.dll
0x00000228361c0000 - 0x00000228361c3000 	C:\Users\Administrator\.openjfx\cache\20+19\amd64\api-ms-win-crt-heap-l1-1-0.dll
0x00000228361d0000 - 0x00000228361d3000 	C:\Users\Administrator\.openjfx\cache\20+19\amd64\api-ms-win-crt-locale-l1-1-0.dll
0x00000228361e0000 - 0x00000228361e5000 	C:\Users\Administrator\.openjfx\cache\20+19\amd64\api-ms-win-crt-math-l1-1-0.dll
0x00000228361f0000 - 0x00000228361f5000 	C:\Users\Administrator\.openjfx\cache\20+19\amd64\api-ms-win-crt-multibyte-l1-1-0.dll
0x0000022836200000 - 0x0000022836210000 	C:\Users\Administrator\.openjfx\cache\20+19\amd64\api-ms-win-crt-private-l1-1-0.dll
0x0000022836210000 - 0x0000022836213000 	C:\Users\Administrator\.openjfx\cache\20+19\amd64\api-ms-win-crt-process-l1-1-0.dll
0x0000022836220000 - 0x0000022836224000 	C:\Users\Administrator\.openjfx\cache\20+19\amd64\api-ms-win-crt-runtime-l1-1-0.dll
0x0000022836230000 - 0x0000022836234000 	C:\Users\Administrator\.openjfx\cache\20+19\amd64\api-ms-win-crt-stdio-l1-1-0.dll
0x0000022836240000 - 0x0000022836244000 	C:\Users\Administrator\.openjfx\cache\20+19\amd64\api-ms-win-crt-string-l1-1-0.dll
0x0000022836250000 - 0x0000022836253000 	C:\Users\Administrator\.openjfx\cache\20+19\amd64\api-ms-win-crt-time-l1-1-0.dll
0x0000022836260000 - 0x0000022836263000 	C:\Users\Administrator\.openjfx\cache\20+19\amd64\api-ms-win-crt-utility-l1-1-0.dll
0x00007ffeae630000 - 0x00007ffeae72c000 	C:\Users\Administrator\.openjfx\cache\20+19\amd64\ucrtbase.dll
0x00007ffebc710000 - 0x00007ffebc72b000 	C:\Users\Administrator\.openjfx\cache\20+19\amd64\vcruntime140.dll
0x00007ffebcdf0000 - 0x00007ffebcdfc000 	C:\Users\Administrator\.openjfx\cache\20+19\amd64\vcruntime140_1.dll
0x00007ffeae910000 - 0x00007ffeae99e000 	C:\Users\Administrator\.openjfx\cache\20+19\amd64\msvcp140.dll
0x00007ffebc700000 - 0x00007ffebc709000 	C:\Users\Administrator\.openjfx\cache\20+19\amd64\msvcp140_1.dll
0x00007ffeb5be0000 - 0x00007ffeb5c10000 	C:\Users\Administrator\.openjfx\cache\20+19\amd64\msvcp140_2.dll
0x00007ffeb5920000 - 0x00007ffeb594f000 	C:\Users\Administrator\.openjfx\cache\20+19\amd64\prism_d3d.dll
0x00007ffe94290000 - 0x00007ffe94460000 	C:\Windows\system32\d3d9.dll
0x00007ffec0cf0000 - 0x00007ffec0d1f000 	C:\Windows\SYSTEM32\dwmapi.dll
0x00007ffec0c00000 - 0x00007ffec0c9e000 	C:\Windows\system32\uxtheme.dll
0x00007ffec3700000 - 0x00007ffec385e000 	C:\Windows\System32\crypt32.dll
0x00007ffec2fb0000 - 0x00007ffec3019000 	C:\Windows\System32\WINTRUST.DLL
0x00007ffec2ac0000 - 0x00007ffec2ad2000 	C:\Windows\SYSTEM32\MSASN1.dll
0x00007ffec4ed0000 - 0x00007ffec4eed000 	C:\Windows\System32\imagehlp.dll
0x00007ffec2820000 - 0x00007ffec2838000 	C:\Windows\SYSTEM32\CRYPTSP.dll
0x00007ffec1f50000 - 0x00007ffec1f84000 	C:\Windows\system32\rsaenh.dll
0x00007ffec2840000 - 0x00007ffec284c000 	C:\Windows\SYSTEM32\CRYPTBASE.dll
0x00007ffeae860000 - 0x00007ffeae8a2000 	C:\Users\Administrator\.openjfx\cache\20+19\amd64\glass.dll
0x00007ffec4590000 - 0x00007ffec466a000 	C:\Windows\System32\COMDLG32.dll
0x00007ffec4da0000 - 0x00007ffec4ecb000 	C:\Windows\System32\ole32.dll
0x00007ffec4730000 - 0x00007ffec4844000 	C:\Windows\System32\MSCTF.dll
0x00007ffeb11e0000 - 0x00007ffeb121b000 	C:\Windows\SYSTEM32\dxcore.dll
0x00007ffec31b0000 - 0x00007ffec31fe000 	C:\Windows\System32\cfgmgr32.dll
0x00007ffec2350000 - 0x00007ffec241a000 	C:\Windows\SYSTEM32\DNSAPI.dll
0x00007ffec2310000 - 0x00007ffec234b000 	C:\Windows\SYSTEM32\IPHLPAPI.DLL
0x00007ffec5800000 - 0x00007ffec5808000 	C:\Windows\System32\NSI.dll
0x00007ffebbcd0000 - 0x00007ffebbcda000 	C:\Windows\System32\rasadhlp.dll
0x00007ffebc2e0000 - 0x00007ffebc360000 	C:\Windows\System32\fwpuclnt.dll
0x00007ffebc460000 - 0x00007ffebc469000 	C:\JAVA\amazon-corretto-19.0.2.7.1-windows-x64-jdk\jdk19.0.2_7\bin\management.dll
0x00007ffeb9b40000 - 0x00007ffeb9b4b000 	C:\JAVA\amazon-corretto-19.0.2.7.1-windows-x64-jdk\jdk19.0.2_7\bin\management_ext.dll
0x00007ffec4670000 - 0x00007ffec4678000 	C:\Windows\System32\PSAPI.DLL
0x00007ffebc6e0000 - 0x00007ffebc6f4000 	C:\Users\Administrator\.openjfx\cache\20+19\amd64\javafx_font.dll
0x00007ffeafc50000 - 0x00007ffeafecf000 	C:\Windows\SYSTEM32\dwrite.dll
0x00007ffec2e60000 - 0x00007ffec2e8e000 	C:\Windows\SYSTEM32\USERENV.dll
0x00007ffebd460000 - 0x00007ffebd477000 	C:\Windows\SYSTEM32\dhcpcsvc6.DLL
0x00007ffebd530000 - 0x00007ffebd54d000 	C:\Windows\SYSTEM32\dhcpcsvc.DLL
0x00007ffeb58f0000 - 0x00007ffeb591d000 	C:\Users\Administrator\.openjfx\cache\20+19\amd64\javafx_iio.dll
0x00007ffec4680000 - 0x00007ffec4729000 	C:\Windows\System32\clbcatq.dll
0x00007ffec0970000 - 0x00007ffec0b26000 	C:\Windows\SYSTEM32\WindowsCodecs.dll
0x00007ffebbe10000 - 0x00007ffebbe4e000 	C:\Windows\system32\dataexchange.dll
0x00007ffebf1f0000 - 0x00007ffebf453000 	C:\Windows\system32\d3d11.dll
0x00007ffec0040000 - 0x00007ffec0224000 	C:\Windows\system32\dcomp.dll

dbghelp: loaded successfully - version: 4.0.5 - missing functions: none
symbol engine: initialized successfully - sym options: 0x614 - pdb path: .;C:\JAVA\amazon-corretto-19.0.2.7.1-windows-x64-jdk\jdk19.0.2_7\bin;C:\Windows\SYSTEM32;C:\Windows\WinSxS\amd64_microsoft.windows.common-controls_6595b64144ccf1df_6.0.19041.4355_none_60b8b9eb71f62e16;C:\JAVA\amazon-corretto-19.0.2.7.1-windows-x64-jdk\jdk19.0.2_7\bin\server;C:\Users\Administrator\.openjfx\cache\20+19\amd64;C:\Windows\System32\DriverStore\FileRepository\nvmiwu.inf_amd64_7b11efeca48cd7d3;C:\Program Files\Common Files\Microsoft Shared\Ink

VM Arguments:
jvm_args: --module-path=C:\Users\Administrator\Desktop\ARCHIVES\openjfx-21.0.4_windows-x64_bin-sdk\javafx-sdk-21.0.4\lib --add-modules=javafx.controls,javafx.fxml,javafx.web,java.sql --module-path=C:\Users\Administrator\Desktop\ARCHIVES\openjfx-21.0.4_windows-x64_bin-sdk\javafx-sdk-21.0.4\lib --add-modules=javafx.controls,javafx.fxml,javafx.web,java.sql -Dfile.encoding=windows-1252 -Duser.country=US -Duser.language=en -Duser.variant --module-path=D:\WORKSPACE\JAVA\smpro\smpro-v2\build\libs\app-1.0-SNAPSHOT.jar;D:\WORKSPACE\JAVA\smpro\smpro-v2\build\classes\java\main;C:\JAVA\GRADLES\gradle-8.2-all\gradle-8.2\caches\modules-2\files-2.1\com.github.Dansoftowner\FXTaskbarProgressBar\v11.4\a38a3b1d1b537858a7f88ef956f9048a3099a45b\FXTaskbarProgressBar-v11.4.jar;C:\JAVA\GRADLES\gradle-8.2-all\gradle-8.2\caches\modules-2\files-2.1\org.openjfx\javafx-web\17.0.6\f4117256e602d41f484f2b9e5a74eeadc0a272eb\javafx-web-17.0.6-win.jar;C:\JAVA\GRADLES\gradle-8.2-all\gradle-8.2\caches\modules-2\files-2.1\org.openjfx\javafx-web\17.0.6\69293d257d088cd7f48a69a87afa59f4eb6461c6\javafx-web-17.0.6-linux.jar;C:\JAVA\GRADLES\gradle-8.2-all\gradle-8.2\caches\modules-2\files-2.1\org.openjfx\javafx-media\17.0.6\cc7e03817252ace41ece37ab29f193ba3fd0153e\javafx-media-17.0.6-win.jar;C:\JAVA\GRADLES\gradle-8.2-all\gradle-8.2\caches\modules-2\files-2.1\org.openjfx\javafx-media\17.0.6\5a496809cfebccf228a9cb1678b8cd51d986704b\javafx-media-17.0.6.jar;C:\JAVA\GRADLES\gradle-8.2-all\gradle-8.2\caches\modules-2\files-2.1\org.openjfx\javafx-media\17.0.6\a76bc115c1e43c4757466a1e128c2602db7e52f8\javafx-media-17.0.6-linux.jar;C:\JAVA\GRADLES\gradle-8.2-all\gradle-8.2\caches\modules-2\files-2.1\org.openjfx\javafx-swing\17.0.6\974e453fb9afac1fb6536a1c6c0edfc203959b8\javafx-swing-17.0.6-win.jar;C:\JAVA\GRADLES\gradle-8.2-all\gradle-8.2\caches\modules-2\files-2.1\org.openjfx\javafx-fxml\17.0.6\5724aedc415683e62eeab3a3875550aa814c84fd\javafx-fxml-17.0.6-win.jar;C:\JAVA\GRADLES\gradle-8.2-all\gradle-8.2\caches\modules-2\files-2.1\org.openjfx\javafx-fxml\17.0.6\c500ec44fd60e74a11021c71c0e6127dc31bc41d\javafx-fxml-17.0.6-linux.jar;C:\JAVA\GRADLES\gradle-8.2-all\gradle-8.2\caches\modules-2\files-2.1\io.github.mkpaz\atlantafx-base\2.0.1\51d2bfa35150921fe5b8b5e3c1a1bf78a6d57684\atlantafx-base-2.0.1.jar;C:\JAVA\GRADLES\gradle-8.2-all\gradle-8.2\caches\modules-2\files-2.1\org.openjfx\javafx-controls\20\f9a84d43adab2745f4999e7ff9a64f12dd563f1f\javafx-co-Djdk.module.main=smpro.app 
java_command: smpro.app/smpro.app.Entry
java_class_path (initial): D:\WORKSPACE\JAVA\smpro\smpro-v2\build\resources\main
Launcher Type: SUN_STANDARD

[Global flags]
     intx CICompilerCount                          = 3                                         {product} {ergonomic}
     uint ConcGCThreads                            = 1                                         {product} {ergonomic}
     uint G1ConcRefinementThreads                  = 4                                         {product} {ergonomic}
   size_t G1HeapRegionSize                         = 2097152                                   {product} {ergonomic}
    uintx GCDrainStackTargetSize                   = 64                                        {product} {ergonomic}
   size_t InitialHeapSize                          = 268435456                                 {product} {ergonomic}
   size_t MarkStackSize                            = 4194304                                   {product} {ergonomic}
   size_t MaxHeapSize                              = 4267704320                                {product} {ergonomic}
   size_t MaxNewSize                               = 2560622592                                {product} {ergonomic}
   size_t MinHeapDeltaBytes                        = 2097152                                   {product} {ergonomic}
   size_t MinHeapSize                              = 8388608                                   {product} {ergonomic}
    uintx NonNMethodCodeHeapSize                   = 5832780                                {pd product} {ergonomic}
    uintx NonProfiledCodeHeapSize                  = 122912730                              {pd product} {ergonomic}
    uintx ProfiledCodeHeapSize                     = 122912730                              {pd product} {ergonomic}
    uintx ReservedCodeCacheSize                    = 251658240                              {pd product} {ergonomic}
     bool SegmentedCodeCache                       = true                                      {product} {ergonomic}
   size_t SoftMaxHeapSize                          = 4267704320                             {manageable} {ergonomic}
     bool UseCompressedClassPointers               = true                           {product lp64_product} {ergonomic}
     bool UseCompressedOops                        = true                           {product lp64_product} {ergonomic}
     bool UseG1GC                                  = true                                      {product} {ergonomic}
     bool UseLargePagesIndividualAllocation        = false                                  {pd product} {ergonomic}

Logging:
Log output configuration:
 #0: stdout all=off uptime,level,tags foldmultilines=false
 #1: stderr all=off uptime,level,tags foldmultilines=false

Environment Variables:
JAVA_HOME=C:\JAVA\amazon-corretto-19.0.2.7.1-windows-x64-jdk\jdk19.0.2_7
PATH=C:\Windows\system32;C:\Windows;C:\Windows\System32\Wbem;C:\Windows\System32\WindowsPowerShell\v1.0\;C:\Windows\System32\OpenSSH\;C:\Program Files\Git\cmd;C:\Users\Administrator\AppData\Local\Programs\Python\Python39\Scripts\;C:\Users\Administrator\AppData\Local\Programs\Python\Python39\;C:\Users\Administrator\AppData\Local\Microsoft\WindowsApps;C:\Users\Administrator\AppData\Local\Programs\Microsoft VS Code\bin;C:\Program Files\JetBrains\PyCharm Community Edition 2024.1.4\bin;;C:\JAVA\GRADLES\gradle-8.2-all\gradle-8.2\bin;C:\JAVA\amazon-corretto-19.0.2.7.1-windows-x64-jdk\jdk19.0.2_7\bin;C:\Users\Administrator\AppData\Local\Programs\Python\Python39\Scripts;
USERNAME=Administrator
OS=Windows_NT
PROCESSOR_IDENTIFIER=Intel64 Family 6 Model 58 Stepping 9, GenuineIntel
TMP=C:\Users\ADMINI~1\AppData\Local\Temp
TEMP=C:\Users\ADMINI~1\AppData\Local\Temp



---------------  S Y S T E M  ---------------

OS:
 Windows 10 , 64 bit Build 19041 (10.0.19041.4717)
OS uptime: 3 days 1:20 hours

CPU: total 4 (initial active 4) (2 cores per cpu, 2 threads per core) family 6 model 58 stepping 9 microcode 0x21, cx8, cmov, fxsr, ht, mmx, sse, sse2, sse3, ssse3, sse4.1, sse4.2, popcnt, tsc, tscinvbit, avx, aes, erms, clmul, vzeroupper, clflush, rdtscp

Memory: 4k page, system-wide physical 16272M (8393M free)
TotalPageFile size 18704M (AvailPageFile size 9205M)
current process WorkingSet (physical memory assigned to process): 138M, peak: 242M
current process commit charge ("private bytes"): 233M, peak: 443M

vm_info: OpenJDK 64-Bit Server VM (19.0.2+7-FR) for windows-amd64 JRE (19.0.2+7-FR), built on Jan 13 2023 22:53:32 by "Administrator" with MS VC++ 15.9 (VS2017)

END.
