#
# A fatal error has been detected by the Java Runtime Environment:
#
#  EXCEPTION_ACCESS_VIOLATION (0xc0000005) at pc=0x00007ffeb7b36407, pid=9436, tid=5024
#
# JRE version: OpenJDK Runtime Environment Corretto-19.0.2.7.1 (19.0.2+7) (build 19.0.2+7-FR)
# Java VM: OpenJDK 64-Bit Server VM Corretto-19.0.2.7.1 (19.0.2+7-FR, mixed mode, sharing, tiered, compressed oops, compressed class ptrs, g1 gc, windows-amd64)
# Problematic frame:
# C  [glass.dll+0x26407]
#
# No core dump will be written. Minidumps are not enabled by default on client versions of Windows
#
# If you would like to submit a bug report, please visit:
#   https://github.com/corretto/corretto-19/issues/
#

---------------  S U M M A R Y ------------

Command Line: --module-path=C:\Users\Administrator\Desktop\ARCHIVES\openjfx-21.0.4_windows-x64_bin-sdk\javafx-sdk-21.0.4\lib --add-modules=javafx.controls,javafx.fxml,javafx.web,java.sql --module-path=C:\Users\Administrator\Desktop\ARCHIVES\openjfx-21.0.4_windows-x64_bin-sdk\javafx-sdk-21.0.4\lib --add-modules=javafx.controls,javafx.fxml,javafx.web,java.sql -Dfile.encoding=windows-1252 -Duser.country=US -Duser.language=en -Duser.variant --module-path=D:\WORKSPACE\JAVA\smpro\smpro-v2\build\libs\app-1.0-SNAPSHOT.jar;D:\WORKSPACE\JAVA\smpro\smpro-v2\build\classes\java\main;C:\JAVA\GRADLES\gradle-8.2-all\gradle-8.2\caches\modules-2\files-2.1\com.github.Dansoftowner\FXTaskbarProgressBar\v11.4\a38a3b1d1b537858a7f88ef956f9048a3099a45b\FXTaskbarProgressBar-v11.4.jar;C:\JAVA\GRADLES\gradle-8.2-all\gradle-8.2\caches\modules-2\files-2.1\org.openjfx\javafx-web\17.0.6\f4117256e602d41f484f2b9e5a74eeadc0a272eb\javafx-web-17.0.6-win.jar;C:\JAVA\GRADLES\gradle-8.2-all\gradle-8.2\caches\modules-2\files-2.1\org.openjfx\javafx-web\17.0.6\69293d257d088cd7f48a69a87afa59f4eb6461c6\javafx-web-17.0.6-linux.jar;C:\JAVA\GRADLES\gradle-8.2-all\gradle-8.2\caches\modules-2\files-2.1\org.openjfx\javafx-media\17.0.6\cc7e03817252ace41ece37ab29f193ba3fd0153e\javafx-media-17.0.6-win.jar;C:\JAVA\GRADLES\gradle-8.2-all\gradle-8.2\caches\modules-2\files-2.1\org.openjfx\javafx-media\17.0.6\5a496809cfebccf228a9cb1678b8cd51d986704b\javafx-media-17.0.6.jar;C:\JAVA\GRADLES\gradle-8.2-all\gradle-8.2\caches\modules-2\files-2.1\org.openjfx\javafx-media\17.0.6\a76bc115c1e43c4757466a1e128c2602db7e52f8\javafx-media-17.0.6-linux.jar;C:\JAVA\GRADLES\gradle-8.2-all\gradle-8.2\caches\modules-2\files-2.1\org.openjfx\javafx-swing\17.0.6\974e453fb9afac1fb6536a1c6c0edfc203959b8\javafx-swing-17.0.6-win.jar;C:\JAVA\GRADLES\gradle-8.2-all\gradle-8.2\caches\modules-2\files-2.1\org.openjfx\javafx-fxml\17.0.6\5724aedc415683e62eeab3a3875550aa814c84fd\javafx-fxml-17.0.6-win.jar;C:\JAVA\GRADLES\gradle-8.2-all\gradle-8.2\caches\modules-2\files-2.1\org.openjfx\javafx-fxml\17.0.6\c500ec44fd60e74a11021c71c0e6127dc31bc41d\javafx-fxml-17.0.6-linux.jar;C:\JAVA\GRADLES\gradle-8.2-all\gradle-8.2\caches\modules-2\files-2.1\io.github.mkpaz\atlantafx-base\2.0.1\51d2bfa35150921fe5b8b5e3c1a1bf78a6d57684\atlantafx-base-2.0.1.jar;C:\JAVA\GRADLES\gradle-8.2-all\gradle-8.2\caches\modules-2\files-2.1\org.openjfx\javafx-controls\20\f9a84d43adab2745f4999e7ff9a64f12dd563f1f\javafx-co-Djdk.module.main=smpro.app smpro.app/smpro.app.Entry

Host: Intel(R) Core(TM) i5-3230M CPU @ 2.60GHz, 4 cores, 15G,  Windows 10 , 64 bit Build 19041 (10.0.19041.4597)
Time: Fri Aug 23 22:26:19 2024 W. Central Africa Standard Time elapsed time: 6.563908 seconds (0d 0h 0m 6s)

---------------  T H R E A D  ---------------

Current thread (0x000001867f5865c0):  VMThread "VM Thread" [stack: 0x000000173ec00000,0x000000173ed00000] [id=5024]

Stack: [0x000000173ec00000,0x000000173ed00000],  sp=0x000000173ecff0c0,  free space=1020k
Native frames: (J=compiled Java code, j=interpreted, Vv=VM code, C=native code)
C  [glass.dll+0x26407]


siginfo: EXCEPTION_ACCESS_VIOLATION (0xc0000005), reading address 0x0000000000000000


Registers:
RAX=0x0000000000000000, RBX=0x000001867f58f8a0, RCX=0x000001867f5865c0, RDX=0x000000173ecff0c0
RSP=0x000000173ecff0c0, RBP=0x00000186199d5de8, RSI=0x00000186199d5dc0, RDI=0x0000f7edf4389991
R8 =0x0000000000010002, R9 =0x0000f7edf4389991, R10=0x0000000000008000, R11=0x000000173ecff050
R12=0x00007ffeb7b33d40, R13=0x00007ffe8030ff20, R14=0x000000173ecff1b8, R15=0x00000186199d5dc0
RIP=0x00007ffeb7b36407, EFLAGS=0x0000000000010206


Register to memory mapping:

RIP=0x00007ffeb7b36407 glass.dll
RAX=0x0 is NULL
RBX=0x000001867f58f8a0 is a global jni handle
RCX=0x000001867f5865c0 points into unknown readable memory: 0x00007ffe801434f8 | f8 34 14 80 fe 7f 00 00
RDX=0x000000173ecff0c0 points into unknown readable memory: 0x0000000000000000 | 00 00 00 00 00 00 00 00
RSP=0x000000173ecff0c0 points into unknown readable memory: 0x0000000000000000 | 00 00 00 00 00 00 00 00
RBP=0x00000186199d5de8 points into unknown readable memory: 0x0000f7edf4389991 | 91 99 38 f4 ed f7 00 00
RSI=0x00000186199d5dc0 points into unknown readable memory: 0xfffd988b84889991 | 91 99 88 84 8b 98 fd ff
RDI=0x0000f7edf4389991 is an unknown value
R8 =0x0000000000010002 is an unknown value
R9 =0x0000f7edf4389991 is an unknown value
R10=0x0000000000008000 is an unknown value
R11=0x000000173ecff050 points into unknown readable memory: 0x00000186199d5dc0 | c0 5d 9d 19 86 01 00 00
R12=0x00007ffeb7b33d40 glass.dll
R13=0x00007ffe8030ff20 jvm.dll
R14=0x000000173ecff1b8 points into unknown readable memory: 0x000000173ecff1a0 | a0 f1 cf 3e 17 00 00 00
R15=0x00000186199d5dc0 points into unknown readable memory: 0xfffd988b84889991 | 91 99 88 84 8b 98 fd ff


Top of Stack: (sp=0x000000173ecff0c0)
0x000000173ecff0c0:   0000000000000000 00000186199d5dc0
0x000000173ecff0d0:   00007ffe8030ff20 00007ffeb7b33d40
0x000000173ecff0e0:   00000186199d5dc8 00007ffece3942d6
0x000000173ecff0f0:   0000f7edf4389991 0000018600000000
0x000000173ecff100:   00000186199d5de8 00000186199d5dc0
0x000000173ecff110:   fffffffffffffffe 0000000000000000
0x000000173ecff120:   0000000000000001 00007ffeb7b10000
0x000000173ecff130:   000000173ecff1a8 00007ffece3941fb
0x000000173ecff140:   0000000000000000 000000173ecff1b8
0x000000173ecff150:   000000173ecff490 00007ffece470e40
0x000000173ecff160:   0000000000000001 00007ffece3941b4
0x000000173ecff170:   0000000000000000 0000000000000001
0x000000173ecff180:   0000000000000000 000000173ecff1a8
0x000000173ecff190:   0000000000000001 00007ffeb7b33bcd
0x000000173ecff1a0:   00007ffeb7b49f88 00007ffe00000002
0x000000173ecff1b0:   0000000000000002 000000173ecff1a0 

Instructions: (pc=0x00007ffeb7b36407)
0x00007ffeb7b36307:   8b 4d 58 e8 7d cf ff ff 48 8b 4d 60 e8 74 cf ff
0x00007ffeb7b36317:   ff 48 8b 95 80 00 00 00 48 8b 8d 18 01 00 00 e8
0x00007ffeb7b36327:   66 c4 ff ff 33 d2 33 c9 e8 bc e1 ff ff 90 48 89
0x00007ffeb7b36337:   54 24 10 55 48 83 ec 20 48 8b ea 48 b8 00 00 00
0x00007ffeb7b36347:   00 00 00 00 00 48 83 c4 20 5d c3 cc 40 55 48 8b
0x00007ffeb7b36357:   ea 48 8b 01 33 c9 81 38 05 00 00 c0 0f 94 c1 8b
0x00007ffeb7b36367:   c1 5d c3 cc 40 55 48 83 ec 20 48 8b ea 8a 4d 40
0x00007ffeb7b36377:   48 83 c4 20 5d e9 63 d3 ff ff cc 40 55 48 83 ec
0x00007ffeb7b36387:   20 48 8b ea 8a 4d 20 e8 51 d3 ff ff 90 48 83 c4
0x00007ffeb7b36397:   20 5d c3 cc 40 55 48 83 ec 20 48 8b ea 48 83 c4
0x00007ffeb7b363a7:   20 5d e9 b2 d1 ff ff cc 40 55 48 83 ec 30 48 8b
0x00007ffeb7b363b7:   ea 48 8b 01 8b 10 48 89 4c 24 28 89 54 24 20 4c
0x00007ffeb7b363c7:   8d 0d 53 d6 ff ff 4c 8b 45 70 8b 55 68 48 8b 4d
0x00007ffeb7b363d7:   60 e8 f3 d0 ff ff 90 48 83 c4 30 5d c3 cc cc cc
0x00007ffeb7b363e7:   cc cc cc cc cc cc cc cc cc 40 53 48 83 ec 20 48
0x00007ffeb7b363f7:   8b 1d 8b 35 01 00 48 85 db 74 16 e8 79 8b ff ff
0x00007ffeb7b36407:   4c 8b 00 48 8b d3 48 8b c8 41 ff 90 b0 00 00 00
0x00007ffeb7b36417:   90 48 83 c4 20 5b c3 cc cc 40 53 48 83 ec 20 48
0x00007ffeb7b36427:   8b 1d fb 36 01 00 48 85 db 74 57 b8 ff ff ff ff
0x00007ffeb7b36437:   f0 0f c1 43 10 83 f8 01 75 3d 48 85 db 74 38 48
0x00007ffeb7b36447:   8b 0b 48 85 c9 74 0d ff 15 54 0e 00 00 48 c7 03
0x00007ffeb7b36457:   00 00 00 00 48 8b 4b 08 48 85 c9 74 0d e8 23 ce
0x00007ffeb7b36467:   ff ff 48 c7 43 08 00 00 00 00 ba 18 00 00 00 48
0x00007ffeb7b36477:   8b cb e8 0e ce ff ff 48 c7 05 9f 36 01 00 00 00
0x00007ffeb7b36487:   00 00 48 83 c4 20 5b c3 cc 40 53 48 83 ec 20 48
0x00007ffeb7b36497:   8b 1d 6b 36 01 00 48 85 db 74 57 b8 ff ff ff ff
0x00007ffeb7b364a7:   f0 0f c1 43 10 83 f8 01 75 3d 48 85 db 74 38 48
0x00007ffeb7b364b7:   8b 0b 48 85 c9 74 0d ff 15 e4 0d 00 00 48 c7 03
0x00007ffeb7b364c7:   00 00 00 00 48 8b 4b 08 48 85 c9 74 0d e8 b3 cd
0x00007ffeb7b364d7:   ff ff 48 c7 43 08 00 00 00 00 ba 18 00 00 00 48
0x00007ffeb7b364e7:   8b cb e8 9e cd ff ff 48 c7 05 0f 36 01 00 00 00
0x00007ffeb7b364f7:   00 00 48 83 c4 20 5b c3 cc 40 53 48 83 ec 20 48 


Stack slot to memory mapping:
stack at sp + 0 slots: 0x0 is NULL
stack at sp + 1 slots: 0x00000186199d5dc0 points into unknown readable memory: 0xfffd988b84889991 | 91 99 88 84 8b 98 fd ff
stack at sp + 2 slots: 0x00007ffe8030ff20 jvm.dll
stack at sp + 3 slots: 0x00007ffeb7b33d40 glass.dll
stack at sp + 4 slots: 0x00000186199d5dc8 points into unknown readable memory: 0x0000f7edf4389991 | 91 99 38 f4 ed f7 00 00
stack at sp + 5 slots: 0x00007ffece3942d6 ucrtbase.dll
stack at sp + 6 slots: 0x0000f7edf4389991 is an unknown value
stack at sp + 7 slots: 0x0000018600000000 points into unknown readable memory: 0x0000000000000009 | 09 00 00 00 00 00 00 00

VM_Operation (0x000000173fffb8f0): Exit, mode: safepoint, requested by thread 0x0000018619a98420


---------------  P R O C E S S  ---------------

Threads class SMR info:
_java_thread_list=0x000001861fcb13d0, length=20, elements={
0x0000018671931c30, 0x000001867f5a1da0, 0x000001867f5a4ba0, 0x000001867f5a88b0,
0x000001867f5aa1f0, 0x000001867f5aaf30, 0x000001867f5ab9a0, 0x000001867f5b2190,
0x000001867f5bab10, 0x00000186191124a0, 0x000001861920b240, 0x000001861958ff60,
0x000001861977fd80, 0x0000018619230ca0, 0x0000018619a98420, 0x000001861ee50dd0,
0x000001861ee51650, 0x000001861f784510, 0x000001861f785500, 0x00000186234c7fd0
}

Java Threads: ( => current thread )
  0x0000018671931c30 JavaThread "main" [_thread_blocked, id=4452, stack(0x000000173e600000,0x000000173e700000)]
  0x000001867f5a1da0 JavaThread "Reference Handler" daemon [_thread_blocked, id=7212, stack(0x000000173ed00000,0x000000173ee00000)]
  0x000001867f5a4ba0 JavaThread "Finalizer" daemon [_thread_blocked, id=10180, stack(0x000000173ee00000,0x000000173ef00000)]
  0x000001867f5a88b0 JavaThread "Signal Dispatcher" daemon [_thread_blocked, id=3020, stack(0x000000173ef00000,0x000000173f000000)]
  0x000001867f5aa1f0 JavaThread "Attach Listener" daemon [_thread_blocked, id=7864, stack(0x000000173f000000,0x000000173f100000)]
  0x000001867f5aaf30 JavaThread "Service Thread" daemon [_thread_blocked, id=8932, stack(0x000000173f100000,0x000000173f200000)]
  0x000001867f5ab9a0 JavaThread "Monitor Deflation Thread" daemon [_thread_blocked, id=9960, stack(0x000000173f200000,0x000000173f300000)]
  0x000001867f5b2190 JavaThread "C2 CompilerThread0" daemon [_thread_blocked, id=6532, stack(0x000000173f300000,0x000000173f400000)]
  0x000001867f5bab10 JavaThread "C1 CompilerThread0" daemon [_thread_blocked, id=7876, stack(0x000000173f400000,0x000000173f500000)]
  0x00000186191124a0 JavaThread "Sweeper thread" daemon [_thread_blocked, id=9300, stack(0x000000173f500000,0x000000173f600000)]
  0x000001861920b240 JavaThread "Common-Cleaner" daemon [_thread_blocked, id=2592, stack(0x000000173f600000,0x000000173f700000)]
  0x000001861958ff60 JavaThread "Notification Thread" daemon [_thread_blocked, id=8552, stack(0x000000173fb00000,0x000000173fc00000)]
  0x000001861977fd80 JavaThread "QuantumRenderer-0" daemon [_thread_blocked, id=5864, stack(0x000000173fd00000,0x000000173fe00000)]
  0x0000018619230ca0 JavaThread "InvokeLaterDispatcher" daemon [_thread_blocked, id=5320, stack(0x000000173f700000,0x000000173f800000)]
  0x0000018619a98420 JavaThread "JavaFX Application Thread" [_thread_blocked, id=8348, stack(0x000000173ff00000,0x0000001740000000)]
  0x000001861ee50dd0 JavaThread "Thread-1" daemon [_thread_in_native, id=4212, stack(0x0000001740100000,0x0000001740200000)]
  0x000001861ee51650 JavaThread "JavaFX-Launcher" [_thread_blocked, id=2084, stack(0x0000001740200000,0x0000001740300000)]
  0x000001861f784510 JavaThread "PostgreSQL-JDBC-Cleaner" daemon [_thread_blocked, id=8292, stack(0x0000001740500000,0x0000001740600000)]
  0x000001861f785500 JavaThread "Prism Font Disposer" daemon [_thread_blocked, id=7196, stack(0x0000001740600000,0x0000001740700000)]
  0x00000186234c7fd0 JavaThread "Cleaner-0" daemon [_thread_blocked, id=9092, stack(0x0000001740d20000,0x0000001740e20000)]

Other Threads:
=>0x000001867f5865c0 VMThread "VM Thread" [stack: 0x000000173ec00000,0x000000173ed00000] [id=5024]
  0x00000186719a69e0 WorkerThread "GC Thread#0" [stack: 0x000000173e700000,0x000000173e800000] [id=6928]
  0x0000018619438360 WorkerThread "GC Thread#1" [stack: 0x000000173f800000,0x000000173f900000] [id=7664]
  0x00000186192b1320 WorkerThread "GC Thread#2" [stack: 0x000000173f900000,0x000000173fa00000] [id=8568]
  0x00000186193a25f0 WorkerThread "GC Thread#3" [stack: 0x000000173fa00000,0x000000173fb00000] [id=8988]
  0x00000186719b8850 ConcurrentGCThread "G1 Main Marker" terminated
  0x00000186719b9930 WorkerThread "G1 Conc#0" [stack: 0x000000173e900000,0x000000173ea00000] [id=8576]
  0x000001867f443080 ConcurrentGCThread "G1 Refine#0" terminated
  0x000001867f4439d0 ConcurrentGCThread "G1 Service" terminated

Threads with active compile tasks:

VM state: at safepoint (shutting down)

VM Mutex/Monitor currently owned by a thread:  ([mutex/lock_event])
[0x000001867192e6e0] Threads_lock - owner thread: 0x000001867f5865c0
[0x000001867192dba0] Heap_lock - owner thread: 0x0000018619a98420

Heap address: 0x0000000701a00000, size: 4070 MB, Compressed Oops mode: Zero based, Oop shift amount: 3

CDS archive(s) mapped at: [0x0000000800000000-0x0000000800c40000-0x0000000800c40000), size 12845056, SharedBaseAddress: 0x0000000800000000, ArchiveRelocationMode: 0.
Compressed class space mapped at: 0x0000000801000000-0x0000000841000000, reserved size: 1073741824
Narrow klass base: 0x0000000800000000, Narrow klass shift: 0, Narrow klass range: 0x100000000

GC Precious Log:
 CardTable entry size: 512
 Card Set container configuration: InlinePtr #cards 4 size 8 Array Of Cards #cards 16 size 48 Howl #buckets 8 coarsen threshold 3686 Howl Bitmap #cards 512 size 80 coarsen threshold 460 Card regions per heap region 1 cards per card region 4096
 CPUs: 4 total, 4 available
 Memory: 16272M
 Large Page Support: Disabled
 NUMA Support: Disabled
 Compressed Oops: Enabled (Zero based)
 Heap Region Size: 2M
 Heap Min Capacity: 8M
 Heap Initial Capacity: 256M
 Heap Max Capacity: 4070M
 Pre-touch: Disabled
 Parallel Workers: 4
 Concurrent Workers: 1
 Concurrent Refinement Workers: 4
 Periodic GC: Disabled

Heap:
 garbage-first heap   total 75776K, used 25612K [0x0000000701a00000, 0x0000000800000000)
  region size 2048K, 13 young (26624K), 9 survivors (18432K)
 Metaspace       used 21607K, committed 21952K, reserved 1114112K
  class space    used 3129K, committed 3328K, reserved 1048576K

Heap Regions: E=young(eden), S=young(survivor), O=old, HS=humongous(starts), HC=humongous(continues), CS=collection set, F=free, OA=open archive, CA=closed archive, TAMS=top-at-mark-start (previous, next)
|   0|0x0000000701a00000, 0x0000000701c00000, 0x0000000701c00000|100%|HS|  |TAMS 0x0000000701a00000, 0x0000000701a00000| Complete 
|   1|0x0000000701c00000, 0x0000000701c00000, 0x0000000701e00000|  0%| F|  |TAMS 0x0000000701c00000, 0x0000000701c00000| Untracked 
|   2|0x0000000701e00000, 0x0000000701e00000, 0x0000000702000000|  0%| F|  |TAMS 0x0000000701e00000, 0x0000000701e00000| Untracked 
|   3|0x0000000702000000, 0x0000000702000000, 0x0000000702200000|  0%| F|  |TAMS 0x0000000702000000, 0x0000000702000000| Untracked 
|   4|0x0000000702200000, 0x0000000702200000, 0x0000000702400000|  0%| F|  |TAMS 0x0000000702200000, 0x0000000702200000| Untracked 
|   5|0x0000000702400000, 0x0000000702400000, 0x0000000702600000|  0%| F|  |TAMS 0x0000000702400000, 0x0000000702400000| Untracked 
|   6|0x0000000702600000, 0x0000000702600000, 0x0000000702800000|  0%| F|  |TAMS 0x0000000702600000, 0x0000000702600000| Untracked 
|   7|0x0000000702800000, 0x0000000702800000, 0x0000000702a00000|  0%| F|  |TAMS 0x0000000702800000, 0x0000000702800000| Untracked 
|   8|0x0000000702a00000, 0x0000000702a00000, 0x0000000702c00000|  0%| F|  |TAMS 0x0000000702a00000, 0x0000000702a00000| Untracked 
|   9|0x0000000702c00000, 0x0000000702c00000, 0x0000000702e00000|  0%| F|  |TAMS 0x0000000702c00000, 0x0000000702c00000| Untracked 
|  10|0x0000000702e00000, 0x0000000702e00000, 0x0000000703000000|  0%| F|  |TAMS 0x0000000702e00000, 0x0000000702e00000| Untracked 
|  11|0x0000000703000000, 0x0000000703000000, 0x0000000703200000|  0%| F|  |TAMS 0x0000000703000000, 0x0000000703000000| Untracked 
|  12|0x0000000703200000, 0x0000000703200000, 0x0000000703400000|  0%| F|  |TAMS 0x0000000703200000, 0x0000000703200000| Untracked 
|  13|0x0000000703400000, 0x0000000703400000, 0x0000000703600000|  0%| F|  |TAMS 0x0000000703400000, 0x0000000703400000| Untracked 
|  14|0x0000000703600000, 0x0000000703600000, 0x0000000703800000|  0%| F|  |TAMS 0x0000000703600000, 0x0000000703600000| Untracked 
|  15|0x0000000703800000, 0x0000000703800000, 0x0000000703a00000|  0%| F|  |TAMS 0x0000000703800000, 0x0000000703800000| Untracked 
|  16|0x0000000703a00000, 0x0000000703a00000, 0x0000000703c00000|  0%| F|  |TAMS 0x0000000703a00000, 0x0000000703a00000| Untracked 
|  17|0x0000000703c00000, 0x0000000703c00000, 0x0000000703e00000|  0%| F|  |TAMS 0x0000000703c00000, 0x0000000703c00000| Untracked 
|  18|0x0000000703e00000, 0x0000000703e00000, 0x0000000704000000|  0%| F|  |TAMS 0x0000000703e00000, 0x0000000703e00000| Untracked 
|  19|0x0000000704000000, 0x0000000704000000, 0x0000000704200000|  0%| F|  |TAMS 0x0000000704000000, 0x0000000704000000| Untracked 
|  20|0x0000000704200000, 0x0000000704200000, 0x0000000704400000|  0%| F|  |TAMS 0x0000000704200000, 0x0000000704200000| Untracked 
|  21|0x0000000704400000, 0x0000000704400000, 0x0000000704600000|  0%| F|  |TAMS 0x0000000704400000, 0x0000000704400000| Untracked 
|  22|0x0000000704600000, 0x0000000704600000, 0x0000000704800000|  0%| F|  |TAMS 0x0000000704600000, 0x0000000704600000| Untracked 
|  23|0x0000000704800000, 0x0000000704800000, 0x0000000704a00000|  0%| F|  |TAMS 0x0000000704800000, 0x0000000704800000| Untracked 
|  24|0x0000000704a00000, 0x0000000704a637f8, 0x0000000704c00000| 19%| E|  |TAMS 0x0000000704a00000, 0x0000000704a00000| Complete 
|  25|0x0000000704c00000, 0x0000000704e00000, 0x0000000704e00000|100%| E|CS|TAMS 0x0000000704c00000, 0x0000000704c00000| Complete 
|  70|0x000000070a600000, 0x000000070a703080, 0x000000070a800000| 50%| S|CS|TAMS 0x000000070a600000, 0x000000070a600000| Complete 
|  71|0x000000070a800000, 0x000000070aa00000, 0x000000070aa00000|100%| S|CS|TAMS 0x000000070a800000, 0x000000070a800000| Complete 
|  72|0x000000070aa00000, 0x000000070ac00000, 0x000000070ac00000|100%| S|CS|TAMS 0x000000070aa00000, 0x000000070aa00000| Complete 
|  73|0x000000070ac00000, 0x000000070ae00000, 0x000000070ae00000|100%| S|CS|TAMS 0x000000070ac00000, 0x000000070ac00000| Complete 
|  74|0x000000070ae00000, 0x000000070b000000, 0x000000070b000000|100%| S|CS|TAMS 0x000000070ae00000, 0x000000070ae00000| Complete 
|  75|0x000000070b000000, 0x000000070b200000, 0x000000070b200000|100%| S|CS|TAMS 0x000000070b000000, 0x000000070b000000| Complete 
|  76|0x000000070b200000, 0x000000070b400000, 0x000000070b400000|100%| S|CS|TAMS 0x000000070b200000, 0x000000070b200000| Complete 
|  77|0x000000070b400000, 0x000000070b600000, 0x000000070b600000|100%| S|CS|TAMS 0x000000070b400000, 0x000000070b400000| Complete 
|  78|0x000000070b600000, 0x000000070b800000, 0x000000070b800000|100%| S|CS|TAMS 0x000000070b600000, 0x000000070b600000| Complete 
| 126|0x0000000711600000, 0x0000000711800000, 0x0000000711800000|100%| E|CS|TAMS 0x0000000711600000, 0x0000000711600000| Complete 
| 127|0x0000000711800000, 0x0000000711a00000, 0x0000000711a00000|100%| E|CS|TAMS 0x0000000711800000, 0x0000000711800000| Complete 

Card table byte_map: [0x000001867a310000,0x000001867ab10000] _byte_map_base: 0x0000018676b03000

Marking Bits (Prev, Next): (CMBitMap*) 0x00000186719a7f70, (CMBitMap*) 0x00000186719a7f30
 Prev Bits: [0x000001860f000000, 0x0000018612f98000)
 Next Bits: [0x000001867b310000, 0x000001867f2a8000)

Polling page: 0x000001866f900000

Metaspace:

Usage:
  Non-class:     18.05 MB used.
      Class:      3.06 MB used.
       Both:     21.10 MB used.

Virtual space:
  Non-class space:       64.00 MB reserved,      18.19 MB ( 28%) committed,  1 nodes.
      Class space:        1.00 GB reserved,       3.25 MB ( <1%) committed,  1 nodes.
             Both:        1.06 GB reserved,      21.44 MB (  2%) committed. 

Chunk freelists:
   Non-Class:  1.63 MB
       Class:  620.00 KB
        Both:  2.23 MB

MaxMetaspaceSize: unlimited
CompressedClassSpaceSize: 1.00 GB
Initial GC threshold: 21.00 MB
Current GC threshold: 35.25 MB
CDS: on
MetaspaceReclaimPolicy: balanced
 - commit_granule_bytes: 65536.
 - commit_granule_words: 8192.
 - virtual_space_node_default_size: 8388608.
 - enlarge_chunks_in_place: 1.
 - new_chunks_are_fully_committed: 0.
 - uncommit_free_chunks: 1.
 - use_allocation_guard: 0.


Internal statistics:

num_allocs_failed_limit: 3.
num_arena_births: 416.
num_arena_deaths: 0.
num_vsnodes_births: 2.
num_vsnodes_deaths: 0.
num_space_committed: 343.
num_space_uncommitted: 0.
num_chunks_returned_to_freelist: 3.
num_chunks_taken_from_freelist: 1076.
num_chunk_merges: 3.
num_chunk_splits: 770.
num_chunks_enlarged: 595.
num_inconsistent_stats: 0.

CodeHeap 'non-profiled nmethods': size=120000Kb used=1657Kb max_used=1657Kb free=118342Kb
 bounds [0x0000018607ad0000, 0x0000018607d40000, 0x000001860f000000]
CodeHeap 'profiled nmethods': size=120000Kb used=6864Kb max_used=6864Kb free=113135Kb
 bounds [0x0000018600000000, 0x00000186006c0000, 0x0000018607530000]
CodeHeap 'non-nmethods': size=5760Kb used=1557Kb max_used=1581Kb free=4202Kb
 bounds [0x0000018607530000, 0x00000186077a0000, 0x0000018607ad0000]
 total_blobs=4339 nmethods=3489 adapters=759
 compilation: enabled
              stopped_count=0, restarted_count=0
 full_count=0

Compilation events (20 events):
Event: 5.903 Thread 0x000001867f5bab10 3480       3       com.sun.scenario.effect.impl.prism.ps.PPSDrawable::getMaxContentWidth (10 bytes)
Event: 5.904 Thread 0x000001867f5bab10 nmethod 3480 0x00000186006afd10 code [0x00000186006afec0, 0x00000186006b00b8]
Event: 5.904 Thread 0x000001867f5bab10 3481       3       com.sun.scenario.effect.impl.prism.ps.PPSDrawable::getMaxContentHeight (10 bytes)
Event: 5.904 Thread 0x000001867f5bab10 nmethod 3481 0x00000186006b0190 code [0x00000186006b0340, 0x00000186006b0538]
Event: 5.904 Thread 0x000001867f5bab10 3483       3       com.sun.prism.impl.ps.BaseShaderContext::setTexture (52 bytes)
Event: 5.904 Thread 0x000001867f5bab10 nmethod 3483 0x00000186006b0610 code [0x00000186006b0820, 0x00000186006b1078]
Event: 5.904 Thread 0x000001867f5bab10 3482       1       com.sun.prism.impl.BaseGraphics::getExtraAlpha (5 bytes)
Event: 5.904 Thread 0x000001867f5bab10 nmethod 3482 0x0000018607c6de90 code [0x0000018607c6e020, 0x0000018607c6e0f8]
Event: 5.955 Thread 0x000001867f5bab10 3484       3       java.security.AccessController::checkContext (49 bytes)
Event: 5.955 Thread 0x000001867f5bab10 nmethod 3484 0x00000186006b1390 code [0x00000186006b1540, 0x00000186006b1718]
Event: 5.955 Thread 0x000001867f5bab10 3485       3       java.security.AccessController::doPrivileged (17 bytes)
Event: 5.955 Thread 0x000001867f5bab10 nmethod 3485 0x00000186006b1810 code [0x00000186006b1a00, 0x00000186006b1db8]
Event: 5.956 Thread 0x000001867f5bab10 3487       3       java.util.Collections$UnmodifiableCollection::contains (11 bytes)
Event: 5.956 Thread 0x000001867f5bab10 nmethod 3487 0x00000186006b1f90 code [0x00000186006b2140, 0x00000186006b2328]
Event: 5.976 Thread 0x000001867f5bab10 3488       3       sun.invoke.util.VerifyAccess::isModuleAccessible (97 bytes)
Event: 5.977 Thread 0x000001867f5bab10 nmethod 3488 0x00000186006b2410 code [0x00000186006b26e0, 0x00000186006b33e8]
Event: 5.978 Thread 0x000001867f5bab10 3489       3       java.util.HashMap$Values::iterator (12 bytes)
Event: 5.978 Thread 0x000001867f5bab10 nmethod 3489 0x00000186006b3890 code [0x00000186006b3a40, 0x00000186006b3c48]
Event: 5.978 Thread 0x000001867f5bab10 3490       3       java.util.HashMap$ValueIterator::<init> (6 bytes)
Event: 5.978 Thread 0x000001867f5bab10 nmethod 3490 0x00000186006b3d10 code [0x00000186006b3ec0, 0x00000186006b4008]

GC Heap History (6 events):
Event: 0.309 GC heap before
{Heap before GC invocations=0 (full 0):
 garbage-first heap   total 262144K, used 12288K [0x0000000701a00000, 0x0000000800000000)
  region size 2048K, 6 young (12288K), 0 survivors (0K)
 Metaspace       used 815K, committed 960K, reserved 1114112K
  class space    used 60K, committed 128K, reserved 1048576K
}
Event: 0.312 GC heap after
{Heap after GC invocations=1 (full 0):
 garbage-first heap   total 262144K, used 875K [0x0000000701a00000, 0x0000000800000000)
  region size 2048K, 1 young (2048K), 1 survivors (2048K)
 Metaspace       used 815K, committed 960K, reserved 1114112K
  class space    used 60K, committed 128K, reserved 1048576K
}
Event: 0.504 GC heap before
{Heap before GC invocations=1 (full 0):
 garbage-first heap   total 262144K, used 21355K [0x0000000701a00000, 0x0000000800000000)
  region size 2048K, 11 young (22528K), 1 survivors (2048K)
 Metaspace       used 1032K, committed 1216K, reserved 1114112K
  class space    used 76K, committed 192K, reserved 1048576K
}
Event: 0.506 GC heap after
{Heap after GC invocations=2 (full 0):
 garbage-first heap   total 262144K, used 1047K [0x0000000701a00000, 0x0000000800000000)
  region size 2048K, 1 young (2048K), 1 survivors (2048K)
 Metaspace       used 1032K, committed 1216K, reserved 1114112K
  class space    used 76K, committed 192K, reserved 1048576K
}
Event: 4.313 GC heap before
{Heap before GC invocations=2 (full 0):
 garbage-first heap   total 262144K, used 111639K [0x0000000701a00000, 0x0000000800000000)
  region size 2048K, 49 young (100352K), 1 survivors (2048K)
 Metaspace       used 21161K, committed 21504K, reserved 1114112K
  class space    used 3085K, committed 3264K, reserved 1048576K
}
Event: 4.335 GC heap after
{Heap after GC invocations=3 (full 0):
 garbage-first heap   total 262144K, used 17420K [0x0000000701a00000, 0x0000000800000000)
  region size 2048K, 9 young (18432K), 9 survivors (18432K)
 Metaspace       used 21161K, committed 21504K, reserved 1114112K
  class space    used 3085K, committed 3264K, reserved 1048576K
}

Dll operation events (20 events):
Event: 0.784 Loaded shared library C:\Users\Administrator\.openjfx\cache\20+19\amd64\api-ms-win-crt-private-l1-1-0.dll
Event: 0.787 Loaded shared library C:\Users\Administrator\.openjfx\cache\20+19\amd64\api-ms-win-crt-process-l1-1-0.dll
Event: 0.790 Loaded shared library C:\Users\Administrator\.openjfx\cache\20+19\amd64\api-ms-win-crt-runtime-l1-1-0.dll
Event: 0.793 Loaded shared library C:\Users\Administrator\.openjfx\cache\20+19\amd64\api-ms-win-crt-stdio-l1-1-0.dll
Event: 0.796 Loaded shared library C:\Users\Administrator\.openjfx\cache\20+19\amd64\api-ms-win-crt-string-l1-1-0.dll
Event: 0.799 Loaded shared library C:\Users\Administrator\.openjfx\cache\20+19\amd64\api-ms-win-crt-time-l1-1-0.dll
Event: 0.802 Loaded shared library C:\Users\Administrator\.openjfx\cache\20+19\amd64\api-ms-win-crt-utility-l1-1-0.dll
Event: 0.820 Loaded shared library C:\Users\Administrator\.openjfx\cache\20+19\amd64\ucrtbase.dll
Event: 0.824 Loaded shared library C:\Users\Administrator\.openjfx\cache\20+19\amd64\vcruntime140.dll
Event: 0.828 Loaded shared library C:\Users\Administrator\.openjfx\cache\20+19\amd64\vcruntime140_1.dll
Event: 0.839 Loaded shared library C:\Users\Administrator\.openjfx\cache\20+19\amd64\msvcp140.dll
Event: 0.843 Loaded shared library C:\Users\Administrator\.openjfx\cache\20+19\amd64\msvcp140_1.dll
Event: 0.848 Loaded shared library C:\Users\Administrator\.openjfx\cache\20+19\amd64\msvcp140_2.dll
Event: 0.890 Loaded shared library C:\Users\Administrator\.openjfx\cache\20+19\amd64\prism_d3d.dll
Event: 0.978 Loaded shared library C:\Users\Administrator\.openjfx\cache\20+19\amd64\glass.dll
Event: 1.150 Loaded shared library C:\JAVA\amazon-corretto-19.0.2.7.1-windows-x64-jdk\jdk19.0.2_7\bin\jimage.dll
Event: 1.349 Loaded shared library C:\JAVA\amazon-corretto-19.0.2.7.1-windows-x64-jdk\jdk19.0.2_7\bin\management.dll
Event: 1.352 Loaded shared library C:\JAVA\amazon-corretto-19.0.2.7.1-windows-x64-jdk\jdk19.0.2_7\bin\management_ext.dll
Event: 1.690 Loaded shared library C:\Users\Administrator\.openjfx\cache\20+19\amd64\javafx_font.dll
Event: 2.436 Loaded shared library C:\Users\Administrator\.openjfx\cache\20+19\amd64\javafx_iio.dll

Deoptimization events (20 events):
Event: 4.189 Thread 0x000001861977fd80 Uncommon trap: trap_request=0xffffff45 fr.pc=0x0000018607c40240 relative=0x00000000000006c0
Event: 4.189 Thread 0x000001861977fd80 Uncommon trap: reason=unstable_if action=reinterpret pc=0x0000018607c40240 method=java.io.BufferedInputStream.read1([BII)I @ 22 c2
Event: 4.189 Thread 0x000001861977fd80 DEOPT PACKING pc=0x0000018607c40240 sp=0x000000173fdfd9c0
Event: 4.189 Thread 0x000001861977fd80 DEOPT UNPACKING pc=0x0000018607596da3 sp=0x000000173fdfd888 mode 2
Event: 4.190 Thread 0x000001861977fd80 Uncommon trap: trap_request=0xffffff45 fr.pc=0x0000018607c3d2ec relative=0x000000000000014c
Event: 4.190 Thread 0x000001861977fd80 Uncommon trap: reason=unstable_if action=reinterpret pc=0x0000018607c3d2ec method=java.io.BufferedInputStream.read1([BII)I @ 60 c2
Event: 4.190 Thread 0x000001861977fd80 DEOPT PACKING pc=0x0000018607c3d2ec sp=0x000000173fdfd8c0
Event: 4.190 Thread 0x000001861977fd80 DEOPT UNPACKING pc=0x0000018607596da3 sp=0x000000173fdfd860 mode 2
Event: 4.341 Thread 0x000001861977fd80 Uncommon trap: trap_request=0xffffff45 fr.pc=0x0000018607c03fbc relative=0x000000000000009c
Event: 4.341 Thread 0x000001861977fd80 Uncommon trap: reason=unstable_if action=reinterpret pc=0x0000018607c03fbc method=java.lang.ref.ReferenceQueue.poll()Ljava/lang/ref/Reference; @ 4 c2
Event: 4.341 Thread 0x000001861977fd80 DEOPT PACKING pc=0x0000018607c03fbc sp=0x000000173fdfac10
Event: 4.341 Thread 0x000001861977fd80 DEOPT UNPACKING pc=0x0000018607596da3 sp=0x000000173fdfaaf8 mode 2
Event: 4.341 Thread 0x000001861977fd80 Uncommon trap: trap_request=0xffffff45 fr.pc=0x0000018607b7540c relative=0x000000000000006c
Event: 4.341 Thread 0x000001861977fd80 Uncommon trap: reason=unstable_if action=reinterpret pc=0x0000018607b7540c method=java.lang.ref.ReferenceQueue.poll()Ljava/lang/ref/Reference; @ 4 c2
Event: 4.341 Thread 0x000001861977fd80 DEOPT PACKING pc=0x0000018607b7540c sp=0x000000173fdfab50
Event: 4.341 Thread 0x000001861977fd80 DEOPT UNPACKING pc=0x0000018607596da3 sp=0x000000173fdfaae0 mode 2
Event: 5.339 Thread 0x0000018619a98420 Uncommon trap: trap_request=0xffffff45 fr.pc=0x0000018607c33d14 relative=0x00000000000009f4
Event: 5.339 Thread 0x0000018619a98420 Uncommon trap: reason=unstable_if action=reinterpret pc=0x0000018607c33d14 method=javafx.scene.CssStyleHelper.lookup(Ljavafx/css/Styleable;Ljavafx/css/CssMetaData;Lcom/sun/javafx/css/StyleMap;Ljava/util/Set;Ljavafx/css/Styleable;Lcom/sun/javafx/css/Calcul
Event: 5.339 Thread 0x0000018619a98420 DEOPT PACKING pc=0x0000018607c33d14 sp=0x000000173fffb860
Event: 5.339 Thread 0x0000018619a98420 DEOPT UNPACKING pc=0x0000018607596da3 sp=0x000000173fffb7f0 mode 2

Classes loaded (20 events):
Event: 4.239 Loading class java/nio/ShortBuffer
Event: 4.240 Loading class java/nio/ShortBuffer done
Event: 4.240 Loading class java/nio/DoubleBuffer
Event: 4.240 Loading class java/nio/DoubleBuffer done
Event: 4.251 Loading class java/nio/DirectFloatBufferU
Event: 4.251 Loading class java/nio/DirectFloatBufferU done
Event: 4.296 Loading class java/util/concurrent/ConcurrentLinkedQueue
Event: 4.296 Loading class java/util/concurrent/ConcurrentLinkedQueue done
Event: 4.296 Loading class java/util/concurrent/ConcurrentLinkedQueue$Node
Event: 4.296 Loading class java/util/concurrent/ConcurrentLinkedQueue$Node done
Event: 4.298 Loading class jdk/internal/ref/CleanerImpl$InnocuousThreadFactory
Event: 4.299 Loading class jdk/internal/ref/CleanerImpl$InnocuousThreadFactory done
Event: 4.306 Loading class sun/misc/Unsafe
Event: 4.306 Loading class sun/misc/Unsafe done
Event: 5.184 Loading class java/util/EnumMap$Values
Event: 5.184 Loading class java/util/EnumMap$Values done
Event: 5.184 Loading class java/util/EnumMap$ValueIterator
Event: 5.184 Loading class java/util/EnumMap$EnumMapIterator
Event: 5.184 Loading class java/util/EnumMap$EnumMapIterator done
Event: 5.184 Loading class java/util/EnumMap$ValueIterator done

Classes unloaded (0 events):
No events

Classes redefined (0 events):
No events

Internal exceptions (20 events):
Event: 3.310 Thread 0x0000018619a98420 Exception <a 'java/lang/NoSuchMethodError'{0x000000070d3945f0}: 'java.lang.Object java.lang.invoke.DirectMethodHandle$Holder.invokeInterface(java.lang.Object, java.lang.Object, java.lang.Object)'> (0x000000070d3945f0) 
thrown [s\src\hotspot\share\interpreter\linkResolver.cpp, line 774]
Event: 3.311 Thread 0x0000018619a98420 Exception <a 'java/lang/IncompatibleClassChangeError'{0x000000070d397cc0}: Found class java.lang.Object, but interface was expected> (0x000000070d397cc0) 
thrown [s\src\hotspot\share\interpreter\linkResolver.cpp, line 841]
Event: 3.391 Thread 0x0000018619a98420 Exception <a 'java/lang/NoSuchMethodError'{0x000000070d181820}: 'void java.lang.invoke.DirectMethodHandle$Holder.invokeSpecial(java.lang.Object, java.lang.Object, java.lang.Object, java.lang.Object, java.lang.Object, java.lang.Object)'> (0x000000070d181820) 
thrown [s\src\hotspot\share\interpreter\linkResolver.cpp, line 774]
Event: 3.414 Thread 0x0000018619a98420 Exception <a 'java/lang/ClassNotFoundException'{0x000000070ce179a0}: com/sun/javafx/scene/control/skin/resources/controls> (0x000000070ce179a0) 
thrown [s\src\hotspot\share\prims\jni.cpp, line 536]
Event: 3.415 Thread 0x0000018619a98420 Exception <a 'java/lang/ClassNotFoundException'{0x000000070ce25a20}: com/sun/javafx/scene/control/skin/resources/controls_en> (0x000000070ce25a20) 
thrown [s\src\hotspot\share\prims\jni.cpp, line 536]
Event: 3.416 Thread 0x0000018619a98420 Exception <a 'java/lang/ClassNotFoundException'{0x000000070ce26fa0}: com/sun/javafx/scene/control/skin/resources/controls_en_US> (0x000000070ce26fa0) 
thrown [s\src\hotspot\share\prims\jni.cpp, line 536]
Event: 3.474 Thread 0x0000018619a98420 Exception <a 'java/lang/NoSuchMethodError'{0x000000070cfd21b0}: 'int java.lang.invoke.DirectMethodHandle$Holder.invokeSpecial(java.lang.Object, java.lang.Object, int)'> (0x000000070cfd21b0) 
thrown [s\src\hotspot\share\interpreter\linkResolver.cpp, line 774]
Event: 3.483 Thread 0x0000018619a98420 Implicit null exception at 0x0000018607be97a8 to 0x0000018607be9fe8
Event: 3.532 Thread 0x0000018619a98420 Exception <a 'java/io/FileNotFoundException'{0x000000070cd2f3a8}> (0x000000070cd2f3a8) 
thrown [s\src\hotspot\share\prims\jni.cpp, line 517]
Event: 3.533 Thread 0x0000018619a98420 Exception <a 'java/io/FileNotFoundException'{0x000000070cd314c8}> (0x000000070cd314c8) 
thrown [s\src\hotspot\share\prims\jni.cpp, line 517]
Event: 3.534 Thread 0x0000018619a98420 Exception <a 'java/io/FileNotFoundException'{0x000000070cd36370}> (0x000000070cd36370) 
thrown [s\src\hotspot\share\prims\jni.cpp, line 517]
Event: 3.534 Thread 0x0000018619a98420 Exception <a 'java/io/FileNotFoundException'{0x000000070cd37f00}> (0x000000070cd37f00) 
thrown [s\src\hotspot\share\prims\jni.cpp, line 517]
Event: 3.546 Thread 0x0000018619a98420 Exception <a 'java/io/FileNotFoundException'{0x000000070ca2e7b0}> (0x000000070ca2e7b0) 
thrown [s\src\hotspot\share\prims\jni.cpp, line 517]
Event: 3.546 Thread 0x0000018619a98420 Exception <a 'java/io/FileNotFoundException'{0x000000070ca307e8}> (0x000000070ca307e8) 
thrown [s\src\hotspot\share\prims\jni.cpp, line 517]
Event: 3.547 Thread 0x0000018619a98420 Exception <a 'java/io/FileNotFoundException'{0x000000070ca32540}> (0x000000070ca32540) 
thrown [s\src\hotspot\share\prims\jni.cpp, line 517]
Event: 4.202 Thread 0x000001861977fd80 Exception <a 'java/lang/NoSuchMethodError'{0x000000070bcd0fb0}: 'java.lang.Object java.lang.invoke.DirectMethodHandle$Holder.invokeStaticInit(java.lang.Object, int)'> (0x000000070bcd0fb0) 
thrown [s\src\hotspot\share\interpreter\linkResolver.cpp, line 774]
Event: 5.359 Thread 0x0000018619a98420 Exception <a 'java/lang/NoSuchMethodError'{0x0000000704c6bd90}: 'long java.lang.invoke.DirectMethodHandle$Holder.invokeStatic(java.lang.Object, java.lang.Object, java.lang.Object)'> (0x0000000704c6bd90) 
thrown [s\src\hotspot\share\interpreter\linkResolver.cpp, line 774]
Event: 5.360 Thread 0x0000018619a98420 Exception <a 'java/lang/NoSuchMethodError'{0x0000000704c6f6b8}: 'long java.lang.invoke.DirectMethodHandle$Holder.invokeStaticInit(java.lang.Object, java.lang.Object, java.lang.Object)'> (0x0000000704c6f6b8) 
thrown [s\src\hotspot\share\interpreter\linkResolver.cpp, line 774]
Event: 5.364 Thread 0x0000018619a98420 Exception <a 'java/lang/NoSuchMethodError'{0x0000000704c87e08}: 'java.lang.Object java.lang.invoke.DirectMethodHandle$Holder.newInvokeSpecial(java.lang.Object, java.lang.Object, long)'> (0x0000000704c87e08) 
thrown [s\src\hotspot\share\interpreter\linkResolver.cpp, line 774]
Event: 5.364 Thread 0x0000018619a98420 Exception <a 'java/lang/NoSuchMethodError'{0x0000000704c8b990}: 'java.lang.Object java.lang.invoke.Invokers$Holder.linkToTargetMethod(java.lang.Object, long, java.lang.Object)'> (0x0000000704c8b990) 
thrown [s\src\hotspot\share\interpreter\linkResolver.cpp, line 774]

VM Operations (20 events):
Event: 2.328 Executing VM operation: ICBufferFull done
Event: 2.384 Executing VM operation: HandshakeAllThreads
Event: 2.384 Executing VM operation: HandshakeAllThreads done
Event: 2.921 Executing VM operation: ICBufferFull
Event: 2.921 Executing VM operation: ICBufferFull done
Event: 3.590 Executing VM operation: ICBufferFull
Event: 3.590 Executing VM operation: ICBufferFull done
Event: 3.966 Executing VM operation: ICBufferFull
Event: 3.966 Executing VM operation: ICBufferFull done
Event: 4.115 Executing VM operation: HandshakeAllThreads
Event: 4.115 Executing VM operation: HandshakeAllThreads done
Event: 4.313 Executing VM operation: CollectForMetadataAllocation
Event: 4.336 Executing VM operation: CollectForMetadataAllocation done
Event: 4.349 Executing VM operation: G1PauseRemark
Event: 4.352 Executing VM operation: G1PauseRemark done
Event: 4.352 Executing VM operation: G1PauseCleanup
Event: 4.356 Executing VM operation: G1PauseCleanup done
Event: 5.357 Executing VM operation: Cleanup
Event: 5.357 Executing VM operation: Cleanup done
Event: 5.990 Executing VM operation: Exit

Events (20 events):
Event: 0.086 Thread 0x000001861920b240 Thread added: 0x000001861920b240
Event: 0.202 Thread 0x0000018619230ca0 Thread added: 0x0000018619230ca0
Event: 0.547 Thread 0x000001861958ff60 Thread added: 0x000001861958ff60
Event: 0.881 Thread 0x000001861977fd80 Thread added: 0x000001861977fd80
Event: 0.954 Thread 0x0000018619230ca0 Thread exited: 0x0000018619230ca0
Event: 0.981 Thread 0x0000018619230ca0 Thread added: 0x0000018619230ca0
Event: 0.986 Thread 0x0000018619a98420 Thread added: 0x0000018619a98420
Event: 1.148 Thread 0x000001861ee50dd0 Thread added: 0x000001861ee50dd0
Event: 1.157 Thread 0x000001861ee51650 Thread added: 0x000001861ee51650
Event: 1.196 Thread 0x000001861ee8d960 Thread added: 0x000001861ee8d960
Event: 1.538 Thread 0x000001861f784510 Thread added: 0x000001861f784510
Event: 2.298 Thread 0x000001861f785500 Thread added: 0x000001861f785500
Event: 4.213 Thread 0x000001861ee8d960 Thread exited: 0x000001861ee8d960
Event: 4.299 Thread 0x00000186234c7fd0 Thread added: 0x00000186234c7fd0
Event: 5.963 Thread 0x00000186234c5ff0 Thread added: 0x00000186234c5ff0
Event: 5.963 Thread 0x00000186234c9fb0 Thread added: 0x00000186234c9fb0
Event: 5.963 Thread 0x00000186234ca500 Thread added: 0x00000186234ca500
Event: 5.976 Thread 0x00000186234ca500 Thread exited: 0x00000186234ca500
Event: 5.977 Thread 0x00000186234c9fb0 Thread exited: 0x00000186234c9fb0
Event: 5.990 Thread 0x00000186234c5ff0 Thread exited: 0x00000186234c5ff0


Dynamic libraries:
0x00007ff665710000 - 0x00007ff66571d000 	C:\JAVA\amazon-corretto-19.0.2.7.1-windows-x64-jdk\jdk19.0.2_7\bin\java.exe
0x00007ffed0450000 - 0x00007ffed0648000 	C:\Windows\SYSTEM32\ntdll.dll
0x00007ffecfcf0000 - 0x00007ffecfdb1000 	C:\Windows\System32\KERNEL32.DLL
0x00007ffecdbe0000 - 0x00007ffecded6000 	C:\Windows\System32\KERNELBASE.dll
0x00007ffece380000 - 0x00007ffece480000 	C:\Windows\System32\ucrtbase.dll
0x00007ffec4510000 - 0x00007ffec4525000 	C:\JAVA\amazon-corretto-19.0.2.7.1-windows-x64-jdk\jdk19.0.2_7\bin\VCRUNTIME140.dll
0x00007ffec4530000 - 0x00007ffec4547000 	C:\JAVA\amazon-corretto-19.0.2.7.1-windows-x64-jdk\jdk19.0.2_7\bin\jli.dll
0x00007ffecf7a0000 - 0x00007ffecf93f000 	C:\Windows\System32\USER32.dll
0x00007ffec3ad0000 - 0x00007ffec3d6a000 	C:\Windows\WinSxS\amd64_microsoft.windows.common-controls_6595b64144ccf1df_6.0.19041.4355_none_60b8b9eb71f62e16\COMCTL32.dll
0x00007ffecdb00000 - 0x00007ffecdb22000 	C:\Windows\System32\win32u.dll
0x00007ffece5a0000 - 0x00007ffece63e000 	C:\Windows\System32\msvcrt.dll
0x00007ffecf510000 - 0x00007ffecf53b000 	C:\Windows\System32\GDI32.dll
0x00007ffecdf10000 - 0x00007ffece027000 	C:\Windows\System32\gdi32full.dll
0x00007ffece180000 - 0x00007ffece21d000 	C:\Windows\System32\msvcp_win.dll
0x00007ffece570000 - 0x00007ffece59f000 	C:\Windows\System32\IMM32.DLL
0x00007ffeb6320000 - 0x00007ffeb63bb000 	C:\JAVA\amazon-corretto-19.0.2.7.1-windows-x64-jdk\jdk19.0.2_7\bin\msvcp140.dll
0x00007ffe7f6e0000 - 0x00007ffe803b9000 	C:\JAVA\amazon-corretto-19.0.2.7.1-windows-x64-jdk\jdk19.0.2_7\bin\server\jvm.dll
0x00007ffecfc40000 - 0x00007ffecfcf0000 	C:\Windows\System32\ADVAPI32.dll
0x00007ffecfba0000 - 0x00007ffecfc40000 	C:\Windows\System32\sechost.dll
0x00007ffecfa70000 - 0x00007ffecfb93000 	C:\Windows\System32\RPCRT4.dll
0x00007ffecdee0000 - 0x00007ffecdf07000 	C:\Windows\System32\bcrypt.dll
0x00007ffebc160000 - 0x00007ffebc169000 	C:\Windows\SYSTEM32\WSOCK32.dll
0x00007ffec8050000 - 0x00007ffec8077000 	C:\Windows\SYSTEM32\WINMM.dll
0x00007ffecf730000 - 0x00007ffecf79b000 	C:\Windows\System32\WS2_32.dll
0x00007ffec8030000 - 0x00007ffec803a000 	C:\Windows\SYSTEM32\VERSION.dll
0x00007ffecb980000 - 0x00007ffecb992000 	C:\Windows\SYSTEM32\kernel.appcore.dll
0x00007ffec93d0000 - 0x00007ffec93da000 	C:\JAVA\amazon-corretto-19.0.2.7.1-windows-x64-jdk\jdk19.0.2_7\bin\jimage.dll
0x00007ffec0e50000 - 0x00007ffec1034000 	C:\Windows\SYSTEM32\DBGHELP.DLL
0x00007ffec0e10000 - 0x00007ffec0e44000 	C:\Windows\SYSTEM32\dbgcore.DLL
0x00007ffece030000 - 0x00007ffece0b2000 	C:\Windows\System32\bcryptPrimitives.dll
0x00007ffec4590000 - 0x00007ffec45b6000 	C:\JAVA\amazon-corretto-19.0.2.7.1-windows-x64-jdk\jdk19.0.2_7\bin\java.dll
0x00007ffebc1b0000 - 0x00007ffebc286000 	C:\JAVA\amazon-corretto-19.0.2.7.1-windows-x64-jdk\jdk19.0.2_7\bin\jsvml.dll
0x00007ffeceba0000 - 0x00007ffecf30c000 	C:\Windows\System32\SHELL32.dll
0x00007ffecbb80000 - 0x00007ffecc31e000 	C:\Windows\SYSTEM32\windows.storage.dll
0x00007ffecfdc0000 - 0x00007ffed0113000 	C:\Windows\System32\combase.dll
0x00007ffecd520000 - 0x00007ffecd54e000 	C:\Windows\SYSTEM32\Wldp.dll
0x00007ffecf9a0000 - 0x00007ffecfa6d000 	C:\Windows\System32\OLEAUT32.dll
0x00007ffecf620000 - 0x00007ffecf6cd000 	C:\Windows\System32\SHCORE.dll
0x00007ffecf540000 - 0x00007ffecf595000 	C:\Windows\System32\shlwapi.dll
0x00007ffecda30000 - 0x00007ffecda54000 	C:\Windows\SYSTEM32\profapi.dll
0x00007ffec4570000 - 0x00007ffec4583000 	C:\JAVA\amazon-corretto-19.0.2.7.1-windows-x64-jdk\jdk19.0.2_7\bin\net.dll
0x00007ffec4990000 - 0x00007ffec4a9a000 	C:\Windows\SYSTEM32\WINHTTP.dll
0x00007ffecd280000 - 0x00007ffecd2ea000 	C:\Windows\system32\mswsock.dll
0x00007ffec4550000 - 0x00007ffec4565000 	C:\JAVA\amazon-corretto-19.0.2.7.1-windows-x64-jdk\jdk19.0.2_7\bin\nio.dll
0x00007ffec46a0000 - 0x00007ffec46b8000 	C:\JAVA\amazon-corretto-19.0.2.7.1-windows-x64-jdk\jdk19.0.2_7\bin\zip.dll
0x0000018614fb0000 - 0x0000018614fb3000 	C:\Users\Administrator\.openjfx\cache\20+19\amd64\api-ms-win-core-console-l1-1-0.dll
0x0000018614fc0000 - 0x0000018614fc3000 	C:\Users\Administrator\.openjfx\cache\20+19\amd64\api-ms-win-core-console-l1-2-0.dll
0x0000018614fd0000 - 0x0000018614fd3000 	C:\Users\Administrator\.openjfx\cache\20+19\amd64\api-ms-win-core-datetime-l1-1-0.dll
0x0000018614fe0000 - 0x0000018614fe3000 	C:\Users\Administrator\.openjfx\cache\20+19\amd64\api-ms-win-core-debug-l1-1-0.dll
0x0000018614ff0000 - 0x0000018614ff3000 	C:\Users\Administrator\.openjfx\cache\20+19\amd64\api-ms-win-core-errorhandling-l1-1-0.dll
0x0000018619d00000 - 0x0000018619d04000 	C:\Users\Administrator\.openjfx\cache\20+19\amd64\api-ms-win-core-file-l1-1-0.dll
0x0000018619d10000 - 0x0000018619d13000 	C:\Users\Administrator\.openjfx\cache\20+19\amd64\api-ms-win-core-file-l1-2-0.dll
0x0000018619d20000 - 0x0000018619d23000 	C:\Users\Administrator\.openjfx\cache\20+19\amd64\api-ms-win-core-file-l2-1-0.dll
0x0000018619d30000 - 0x0000018619d33000 	C:\Users\Administrator\.openjfx\cache\20+19\amd64\api-ms-win-core-handle-l1-1-0.dll
0x0000018619d40000 - 0x0000018619d43000 	C:\Users\Administrator\.openjfx\cache\20+19\amd64\api-ms-win-core-heap-l1-1-0.dll
0x0000018619d50000 - 0x0000018619d53000 	C:\Users\Administrator\.openjfx\cache\20+19\amd64\api-ms-win-core-interlocked-l1-1-0.dll
0x0000018619d60000 - 0x0000018619d63000 	C:\Users\Administrator\.openjfx\cache\20+19\amd64\api-ms-win-core-libraryloader-l1-1-0.dll
0x0000018619d70000 - 0x0000018619d73000 	C:\Users\Administrator\.openjfx\cache\20+19\amd64\api-ms-win-core-localization-l1-2-0.dll
0x0000018619d80000 - 0x0000018619d83000 	C:\Users\Administrator\.openjfx\cache\20+19\amd64\api-ms-win-core-memory-l1-1-0.dll
0x0000018619d90000 - 0x0000018619d93000 	C:\Users\Administrator\.openjfx\cache\20+19\amd64\api-ms-win-core-namedpipe-l1-1-0.dll
0x0000018619da0000 - 0x0000018619da3000 	C:\Users\Administrator\.openjfx\cache\20+19\amd64\api-ms-win-core-processenvironment-l1-1-0.dll
0x0000018619db0000 - 0x0000018619db3000 	C:\Users\Administrator\.openjfx\cache\20+19\amd64\api-ms-win-core-processthreads-l1-1-0.dll
0x0000018619dc0000 - 0x0000018619dc3000 	C:\Users\Administrator\.openjfx\cache\20+19\amd64\api-ms-win-core-processthreads-l1-1-1.dll
0x0000018619dd0000 - 0x0000018619dd3000 	C:\Users\Administrator\.openjfx\cache\20+19\amd64\api-ms-win-core-profile-l1-1-0.dll
0x0000018619de0000 - 0x0000018619de3000 	C:\Users\Administrator\.openjfx\cache\20+19\amd64\api-ms-win-core-rtlsupport-l1-1-0.dll
0x0000018619df0000 - 0x0000018619df3000 	C:\Users\Administrator\.openjfx\cache\20+19\amd64\api-ms-win-core-string-l1-1-0.dll
0x0000018619e00000 - 0x0000018619e03000 	C:\Users\Administrator\.openjfx\cache\20+19\amd64\api-ms-win-core-synch-l1-1-0.dll
0x0000018619e10000 - 0x0000018619e13000 	C:\Users\Administrator\.openjfx\cache\20+19\amd64\api-ms-win-core-synch-l1-2-0.dll
0x0000018619e20000 - 0x0000018619e23000 	C:\Users\Administrator\.openjfx\cache\20+19\amd64\api-ms-win-core-sysinfo-l1-1-0.dll
0x0000018619e30000 - 0x0000018619e33000 	C:\Users\Administrator\.openjfx\cache\20+19\amd64\api-ms-win-core-timezone-l1-1-0.dll
0x0000018619e40000 - 0x0000018619e43000 	C:\Users\Administrator\.openjfx\cache\20+19\amd64\api-ms-win-core-util-l1-1-0.dll
0x0000018619e50000 - 0x0000018619e53000 	C:\Users\Administrator\.openjfx\cache\20+19\amd64\api-ms-win-crt-conio-l1-1-0.dll
0x0000018619e60000 - 0x0000018619e64000 	C:\Users\Administrator\.openjfx\cache\20+19\amd64\api-ms-win-crt-convert-l1-1-0.dll
0x0000018619e70000 - 0x0000018619e73000 	C:\Users\Administrator\.openjfx\cache\20+19\amd64\api-ms-win-crt-environment-l1-1-0.dll
0x0000018619e80000 - 0x0000018619e83000 	C:\Users\Administrator\.openjfx\cache\20+19\amd64\api-ms-win-crt-filesystem-l1-1-0.dll
0x0000018619e90000 - 0x0000018619e93000 	C:\Users\Administrator\.openjfx\cache\20+19\amd64\api-ms-win-crt-heap-l1-1-0.dll
0x0000018619ea0000 - 0x0000018619ea3000 	C:\Users\Administrator\.openjfx\cache\20+19\amd64\api-ms-win-crt-locale-l1-1-0.dll
0x0000018619eb0000 - 0x0000018619eb5000 	C:\Users\Administrator\.openjfx\cache\20+19\amd64\api-ms-win-crt-math-l1-1-0.dll
0x0000018619ec0000 - 0x0000018619ec5000 	C:\Users\Administrator\.openjfx\cache\20+19\amd64\api-ms-win-crt-multibyte-l1-1-0.dll
0x0000018619ed0000 - 0x0000018619ee0000 	C:\Users\Administrator\.openjfx\cache\20+19\amd64\api-ms-win-crt-private-l1-1-0.dll
0x0000018619ee0000 - 0x0000018619ee3000 	C:\Users\Administrator\.openjfx\cache\20+19\amd64\api-ms-win-crt-process-l1-1-0.dll
0x0000018619ef0000 - 0x0000018619ef4000 	C:\Users\Administrator\.openjfx\cache\20+19\amd64\api-ms-win-crt-runtime-l1-1-0.dll
0x0000018619f00000 - 0x0000018619f04000 	C:\Users\Administrator\.openjfx\cache\20+19\amd64\api-ms-win-crt-stdio-l1-1-0.dll
0x0000018619f10000 - 0x0000018619f14000 	C:\Users\Administrator\.openjfx\cache\20+19\amd64\api-ms-win-crt-string-l1-1-0.dll
0x0000018619f20000 - 0x0000018619f23000 	C:\Users\Administrator\.openjfx\cache\20+19\amd64\api-ms-win-crt-time-l1-1-0.dll
0x0000018619f30000 - 0x0000018619f33000 	C:\Users\Administrator\.openjfx\cache\20+19\amd64\api-ms-win-crt-utility-l1-1-0.dll
0x00007ffea9300000 - 0x00007ffea93fc000 	C:\Users\Administrator\.openjfx\cache\20+19\amd64\ucrtbase.dll
0x00007ffec0c60000 - 0x00007ffec0c7b000 	C:\Users\Administrator\.openjfx\cache\20+19\amd64\vcruntime140.dll
0x00007ffec22e0000 - 0x00007ffec22ec000 	C:\Users\Administrator\.openjfx\cache\20+19\amd64\vcruntime140_1.dll
0x00007ffea9800000 - 0x00007ffea988e000 	C:\Users\Administrator\.openjfx\cache\20+19\amd64\msvcp140.dll
0x00007ffec1e70000 - 0x00007ffec1e79000 	C:\Users\Administrator\.openjfx\cache\20+19\amd64\msvcp140_1.dll
0x00007ffebd8f0000 - 0x00007ffebd920000 	C:\Users\Administrator\.openjfx\cache\20+19\amd64\msvcp140_2.dll
0x00007ffeb7f30000 - 0x00007ffeb7f5f000 	C:\Users\Administrator\.openjfx\cache\20+19\amd64\prism_d3d.dll
0x00007ffea66c0000 - 0x00007ffea6890000 	C:\Windows\system32\d3d9.dll
0x00007ffecb590000 - 0x00007ffecb5bf000 	C:\Windows\SYSTEM32\dwmapi.dll
0x00007ffecb4a0000 - 0x00007ffecb53e000 	C:\Windows\system32\uxtheme.dll
0x00007ffece220000 - 0x00007ffece37e000 	C:\Windows\System32\crypt32.dll
0x00007ffece110000 - 0x00007ffece179000 	C:\Windows\System32\WINTRUST.DLL
0x00007ffecd6b0000 - 0x00007ffecd6c2000 	C:\Windows\SYSTEM32\MSASN1.dll
0x00007ffecf310000 - 0x00007ffecf32d000 	C:\Windows\System32\imagehlp.dll
0x00007ffecd470000 - 0x00007ffecd488000 	C:\Windows\SYSTEM32\CRYPTSP.dll
0x00007ffeccb30000 - 0x00007ffeccb64000 	C:\Windows\system32\rsaenh.dll
0x00007ffecd490000 - 0x00007ffecd49c000 	C:\Windows\SYSTEM32\CRYPTBASE.dll
0x00007ffeb7b10000 - 0x00007ffeb7b52000 	C:\Users\Administrator\.openjfx\cache\20+19\amd64\glass.dll
0x00007ffeceab0000 - 0x00007ffeceb8a000 	C:\Windows\System32\COMDLG32.dll
0x00007ffecf3e0000 - 0x00007ffecf50b000 	C:\Windows\System32\ole32.dll
0x00007ffed02d0000 - 0x00007ffed03e4000 	C:\Windows\System32\MSCTF.dll
0x00007ffec6010000 - 0x00007ffec604b000 	C:\Windows\SYSTEM32\dxcore.dll
0x00007ffece0c0000 - 0x00007ffece10e000 	C:\Windows\System32\cfgmgr32.dll
0x00007ffeccf50000 - 0x00007ffecd01a000 	C:\Windows\SYSTEM32\DNSAPI.dll
0x00007ffeccf10000 - 0x00007ffeccf4b000 	C:\Windows\SYSTEM32\IPHLPAPI.DLL
0x00007ffed0400000 - 0x00007ffed0408000 	C:\Windows\System32\NSI.dll
0x00007ffec2e30000 - 0x00007ffec2e3a000 	C:\Windows\System32\rasadhlp.dll
0x00007ffec2fc0000 - 0x00007ffec3040000 	C:\Windows\System32\fwpuclnt.dll
0x00007ffec44f0000 - 0x00007ffec44f9000 	C:\JAVA\amazon-corretto-19.0.2.7.1-windows-x64-jdk\jdk19.0.2_7\bin\management.dll
0x00007ffec2320000 - 0x00007ffec232b000 	C:\JAVA\amazon-corretto-19.0.2.7.1-windows-x64-jdk\jdk19.0.2_7\bin\management_ext.dll
0x00007ffed03f0000 - 0x00007ffed03f8000 	C:\Windows\System32\PSAPI.DLL
0x00007ffec0c40000 - 0x00007ffec0c54000 	C:\Users\Administrator\.openjfx\cache\20+19\amd64\javafx_font.dll
0x00007ffebe590000 - 0x00007ffebe80f000 	C:\Windows\SYSTEM32\dwrite.dll
0x00007ffecd9e0000 - 0x00007ffecda0e000 	C:\Windows\SYSTEM32\USERENV.dll
0x00007ffec4c40000 - 0x00007ffec4c57000 	C:\Windows\SYSTEM32\dhcpcsvc6.DLL
0x00007ffec4d40000 - 0x00007ffec4d5d000 	C:\Windows\SYSTEM32\dhcpcsvc.DLL
0x00007ffeb7f00000 - 0x00007ffeb7f2d000 	C:\Users\Administrator\.openjfx\cache\20+19\amd64\javafx_iio.dll
0x00007ffecf330000 - 0x00007ffecf3d9000 	C:\Windows\System32\clbcatq.dll
0x00007ffecb2e0000 - 0x00007ffecb496000 	C:\Windows\SYSTEM32\WindowsCodecs.dll
0x00007ffeb1900000 - 0x00007ffeb193e000 	C:\Windows\system32\dataexchange.dll
0x00007ffeca5f0000 - 0x00007ffeca7d4000 	C:\Windows\system32\dcomp.dll
0x00007ffec9dc0000 - 0x00007ffeca023000 	C:\Windows\system32\d3d11.dll

dbghelp: loaded successfully - version: 4.0.5 - missing functions: none
symbol engine: initialized successfully - sym options: 0x614 - pdb path: .;C:\JAVA\amazon-corretto-19.0.2.7.1-windows-x64-jdk\jdk19.0.2_7\bin;C:\Windows\SYSTEM32;C:\Windows\WinSxS\amd64_microsoft.windows.common-controls_6595b64144ccf1df_6.0.19041.4355_none_60b8b9eb71f62e16;C:\JAVA\amazon-corretto-19.0.2.7.1-windows-x64-jdk\jdk19.0.2_7\bin\server;C:\Users\Administrator\.openjfx\cache\20+19\amd64;C:\Windows\System32\DriverStore\FileRepository\nvmiwu.inf_amd64_7b11efeca48cd7d3;C:\Program Files\Common Files\Microsoft Shared\Ink

VM Arguments:
jvm_args: --module-path=C:\Users\Administrator\Desktop\ARCHIVES\openjfx-21.0.4_windows-x64_bin-sdk\javafx-sdk-21.0.4\lib --add-modules=javafx.controls,javafx.fxml,javafx.web,java.sql --module-path=C:\Users\Administrator\Desktop\ARCHIVES\openjfx-21.0.4_windows-x64_bin-sdk\javafx-sdk-21.0.4\lib --add-modules=javafx.controls,javafx.fxml,javafx.web,java.sql -Dfile.encoding=windows-1252 -Duser.country=US -Duser.language=en -Duser.variant --module-path=D:\WORKSPACE\JAVA\smpro\smpro-v2\build\libs\app-1.0-SNAPSHOT.jar;D:\WORKSPACE\JAVA\smpro\smpro-v2\build\classes\java\main;C:\JAVA\GRADLES\gradle-8.2-all\gradle-8.2\caches\modules-2\files-2.1\com.github.Dansoftowner\FXTaskbarProgressBar\v11.4\a38a3b1d1b537858a7f88ef956f9048a3099a45b\FXTaskbarProgressBar-v11.4.jar;C:\JAVA\GRADLES\gradle-8.2-all\gradle-8.2\caches\modules-2\files-2.1\org.openjfx\javafx-web\17.0.6\f4117256e602d41f484f2b9e5a74eeadc0a272eb\javafx-web-17.0.6-win.jar;C:\JAVA\GRADLES\gradle-8.2-all\gradle-8.2\caches\modules-2\files-2.1\org.openjfx\javafx-web\17.0.6\69293d257d088cd7f48a69a87afa59f4eb6461c6\javafx-web-17.0.6-linux.jar;C:\JAVA\GRADLES\gradle-8.2-all\gradle-8.2\caches\modules-2\files-2.1\org.openjfx\javafx-media\17.0.6\cc7e03817252ace41ece37ab29f193ba3fd0153e\javafx-media-17.0.6-win.jar;C:\JAVA\GRADLES\gradle-8.2-all\gradle-8.2\caches\modules-2\files-2.1\org.openjfx\javafx-media\17.0.6\5a496809cfebccf228a9cb1678b8cd51d986704b\javafx-media-17.0.6.jar;C:\JAVA\GRADLES\gradle-8.2-all\gradle-8.2\caches\modules-2\files-2.1\org.openjfx\javafx-media\17.0.6\a76bc115c1e43c4757466a1e128c2602db7e52f8\javafx-media-17.0.6-linux.jar;C:\JAVA\GRADLES\gradle-8.2-all\gradle-8.2\caches\modules-2\files-2.1\org.openjfx\javafx-swing\17.0.6\974e453fb9afac1fb6536a1c6c0edfc203959b8\javafx-swing-17.0.6-win.jar;C:\JAVA\GRADLES\gradle-8.2-all\gradle-8.2\caches\modules-2\files-2.1\org.openjfx\javafx-fxml\17.0.6\5724aedc415683e62eeab3a3875550aa814c84fd\javafx-fxml-17.0.6-win.jar;C:\JAVA\GRADLES\gradle-8.2-all\gradle-8.2\caches\modules-2\files-2.1\org.openjfx\javafx-fxml\17.0.6\c500ec44fd60e74a11021c71c0e6127dc31bc41d\javafx-fxml-17.0.6-linux.jar;C:\JAVA\GRADLES\gradle-8.2-all\gradle-8.2\caches\modules-2\files-2.1\io.github.mkpaz\atlantafx-base\2.0.1\51d2bfa35150921fe5b8b5e3c1a1bf78a6d57684\atlantafx-base-2.0.1.jar;C:\JAVA\GRADLES\gradle-8.2-all\gradle-8.2\caches\modules-2\files-2.1\org.openjfx\javafx-controls\20\f9a84d43adab2745f4999e7ff9a64f12dd563f1f\javafx-co-Djdk.module.main=smpro.app 
java_command: smpro.app/smpro.app.Entry
java_class_path (initial): D:\WORKSPACE\JAVA\smpro\smpro-v2\build\resources\main
Launcher Type: SUN_STANDARD

[Global flags]
     intx CICompilerCount                          = 3                                         {product} {ergonomic}
     uint ConcGCThreads                            = 1                                         {product} {ergonomic}
     uint G1ConcRefinementThreads                  = 4                                         {product} {ergonomic}
   size_t G1HeapRegionSize                         = 2097152                                   {product} {ergonomic}
    uintx GCDrainStackTargetSize                   = 64                                        {product} {ergonomic}
   size_t InitialHeapSize                          = 268435456                                 {product} {ergonomic}
   size_t MarkStackSize                            = 4194304                                   {product} {ergonomic}
   size_t MaxHeapSize                              = 4267704320                                {product} {ergonomic}
   size_t MaxNewSize                               = 2560622592                                {product} {ergonomic}
   size_t MinHeapDeltaBytes                        = 2097152                                   {product} {ergonomic}
   size_t MinHeapSize                              = 8388608                                   {product} {ergonomic}
    uintx NonNMethodCodeHeapSize                   = 5832780                                {pd product} {ergonomic}
    uintx NonProfiledCodeHeapSize                  = 122912730                              {pd product} {ergonomic}
    uintx ProfiledCodeHeapSize                     = 122912730                              {pd product} {ergonomic}
    uintx ReservedCodeCacheSize                    = 251658240                              {pd product} {ergonomic}
     bool SegmentedCodeCache                       = true                                      {product} {ergonomic}
   size_t SoftMaxHeapSize                          = 4267704320                             {manageable} {ergonomic}
     bool UseCompressedClassPointers               = true                           {product lp64_product} {ergonomic}
     bool UseCompressedOops                        = true                           {product lp64_product} {ergonomic}
     bool UseG1GC                                  = true                                      {product} {ergonomic}
     bool UseLargePagesIndividualAllocation        = false                                  {pd product} {ergonomic}

Logging:
Log output configuration:
 #0: stdout all=off uptime,level,tags foldmultilines=false
 #1: stderr all=off uptime,level,tags foldmultilines=false

Environment Variables:
JAVA_HOME=C:\JAVA\amazon-corretto-19.0.2.7.1-windows-x64-jdk\jdk19.0.2_7
PATH=C:\Windows\system32;C:\Windows;C:\Windows\System32\Wbem;C:\Windows\System32\WindowsPowerShell\v1.0\;C:\Windows\System32\OpenSSH\;C:\Program Files\Git\cmd;C:\Users\Administrator\AppData\Local\Programs\Python\Python39\Scripts\;C:\Users\Administrator\AppData\Local\Programs\Python\Python39\;C:\Users\Administrator\AppData\Local\Microsoft\WindowsApps;C:\Users\Administrator\AppData\Local\Programs\Microsoft VS Code\bin;C:\Program Files\JetBrains\PyCharm Community Edition 2024.1.4\bin;;C:\JAVA\GRADLES\gradle-8.2-all\gradle-8.2\bin;C:\JAVA\amazon-corretto-19.0.2.7.1-windows-x64-jdk\jdk19.0.2_7\bin;C:\Users\Administrator\AppData\Local\Programs\Python\Python39\Scripts;
USERNAME=Administrator
OS=Windows_NT
PROCESSOR_IDENTIFIER=Intel64 Family 6 Model 58 Stepping 9, GenuineIntel
TMP=C:\Users\ADMINI~1\AppData\Local\Temp
TEMP=C:\Users\ADMINI~1\AppData\Local\Temp



---------------  S Y S T E M  ---------------

OS:
 Windows 10 , 64 bit Build 19041 (10.0.19041.4597)
OS uptime: 1 days 7:42 hours

CPU: total 4 (initial active 4) (2 cores per cpu, 2 threads per core) family 6 model 58 stepping 9 microcode 0x21, cx8, cmov, fxsr, ht, mmx, sse, sse2, sse3, ssse3, sse4.1, sse4.2, popcnt, tsc, tscinvbit, avx, aes, erms, clmul, vzeroupper, clflush, rdtscp

Memory: 4k page, system-wide physical 16272M (8286M free)
TotalPageFile size 18704M (AvailPageFile size 8900M)
current process WorkingSet (physical memory assigned to process): 131M, peak: 240M
current process commit charge ("private bytes"): 224M, peak: 440M

vm_info: OpenJDK 64-Bit Server VM (19.0.2+7-FR) for windows-amd64 JRE (19.0.2+7-FR), built on Jan 13 2023 22:53:32 by "Administrator" with MS VC++ 15.9 (VS2017)

END.
